t =     0.0500
           x          rho            u            p
    -1.00000      5.99924     19.59750    460.89400
    -0.99800      5.99924     19.59750    460.89400
    -0.99600      5.99924     19.59750    460.89400
    -0.99399      5.99924     19.59750    460.89400
    -0.99199      5.99924     19.59750    460.89400
    -0.98999      5.99924     19.59750    460.89400
    -0.98799      5.99924     19.59750    460.89400
    -0.98599      5.99924     19.59750    460.89400
    -0.98398      5.99924     19.59750    460.89400
    -0.98198      5.99924     19.59750    460.89400
    -0.97998      5.99924     19.59750    460.89400
    -0.97798      5.99924     19.59750    460.89400
    -0.97598      5.99924     19.59750    460.89400
    -0.97397      5.99924     19.59750    460.89400
    -0.97197      5.99924     19.59750    460.89400
    -0.96997      5.99924     19.59750    460.89400
    -0.96797      5.99924     19.59750    460.89400
    -0.96597      5.99924     19.59750    460.89400
    -0.96396      5.99924     19.59750    460.89400
    -0.96196      5.99924     19.59750    460.89400
    -0.95996      5.99924     19.59750    460.89400
    -0.95796      5.99924     19.59750    460.89400
    -0.95596      5.99924     19.59750    460.89400
    -0.95395      5.99924     19.59750    460.89400
    -0.95195      5.99924     19.59750    460.89400
    -0.94995      5.99924     19.59750    460.89400
    -0.94795      5.99924     19.59750    460.89400
    -0.94595      5.99924     19.59750    460.89400
    -0.94394      5.99924     19.59750    460.89400
    -0.94194      5.99924     19.59750    460.89400
    -0.93994      5.99924     19.59750    460.89400
    -0.93794      5.99924     19.59750    460.89400
    -0.93594      5.99924     19.59750    460.89400
    -0.93393      5.99924     19.59750    460.89400
    -0.93193      5.99924     19.59750    460.89400
    -0.92993      5.99924     19.59750    460.89400
    -0.92793      5.99924     19.59750    460.89400
    -0.92593      5.99924     19.59750    460.89400
    -0.92392      5.99924     19.59750    460.89400
    -0.92192      5.99924     19.59750    460.89400
    -0.91992      5.99924     19.59750    460.89400
    -0.91792      5.99924     19.59750    460.89400
    -0.91592      5.99924     19.59750    460.89400
    -0.91391      5.99924     19.59750    460.89400
    -0.91191      5.99924     19.59750    460.89400
    -0.90991      5.99924     19.59750    460.89400
    -0.90791      5.99924     19.59750    460.89400
    -0.90591      5.99924     19.59750    460.89400
    -0.90390      5.99924     19.59750    460.89400
    -0.90190      5.99924     19.59750    460.89400
    -0.89990      5.99924     19.59750    460.89400
    -0.89790      5.99924     19.59750    460.89400
    -0.89590      5.99924     19.59750    460.89400
    -0.89389      5.99924     19.59750    460.89400
    -0.89189      5.99924     19.59750    460.89400
    -0.88989      5.99924     19.59750    460.89400
    -0.88789      5.99924     19.59750    460.89400
    -0.88589      5.99924     19.59750    460.89400
    -0.88388      5.99924     19.59750    460.89400
    -0.88188      5.99924     19.59750    460.89400
    -0.87988      5.99924     19.59750    460.89400
    -0.87788      5.99924     19.59750    460.89400
    -0.87588      5.99924     19.59750    460.89400
    -0.87387      5.99924     19.59750    460.89400
    -0.87187      5.99924     19.59750    460.89400
    -0.86987      5.99924     19.59750    460.89400
    -0.86787      5.99924     19.59750    460.89400
    -0.86587      5.99924     19.59750    460.89400
    -0.86386      5.99924     19.59750    460.89400
    -0.86186      5.99924     19.59750    460.89400
    -0.85986      5.99924     19.59750    460.89400
    -0.85786      5.99924     19.59750    460.89400
    -0.85586      5.99924     19.59750    460.89400
    -0.85385      5.99924     19.59750    460.89400
    -0.85185      5.99924     19.59750    460.89400
    -0.84985      5.99924     19.59750    460.89400
    -0.84785      5.99924     19.59750    460.89400
    -0.84585      5.99924     19.59750    460.89400
    -0.84384      5.99924     19.59750    460.89400
    -0.84184      5.99924     19.59750    460.89400
    -0.83984      5.99924     19.59750    460.89400
    -0.83784      5.99924     19.59750    460.89400
    -0.83584      5.99924     19.59750    460.89400
    -0.83383      5.99924     19.59750    460.89400
    -0.83183      5.99924     19.59750    460.89400
    -0.82983      5.99924     19.59750    460.89400
    -0.82783      5.99924     19.59750    460.89400
    -0.82583      5.99924     19.59750    460.89400
    -0.82382      5.99924     19.59750    460.89400
    -0.82182      5.99924     19.59750    460.89400
    -0.81982      5.99924     19.59750    460.89400
    -0.81782      5.99924     19.59750    460.89400
    -0.81582      5.99924     19.59750    460.89400
    -0.81381      5.99924     19.59750    460.89400
    -0.81181      5.99924     19.59750    460.89400
    -0.80981      5.99924     19.59750    460.89400
    -0.80781      5.99924     19.59750    460.89400
    -0.80581      5.99924     19.59750    460.89400
    -0.80380      5.99924     19.59750    460.89400
    -0.80180      5.99924     19.59750    460.89400
    -0.79980      5.99924     19.59750    460.89400
    -0.79780      5.99924     19.59750    460.89400
    -0.79580      5.99924     19.59750    460.89400
    -0.79379      5.99924     19.59750    460.89400
    -0.79179      5.99924     19.59750    460.89400
    -0.78979      5.99924     19.59750    460.89400
    -0.78779      5.99924     19.59750    460.89400
    -0.78579      5.99924     19.59750    460.89400
    -0.78378      5.99924     19.59750    460.89400
    -0.78178      5.99924     19.59750    460.89400
    -0.77978      5.99924     19.59750    460.89400
    -0.77778      5.99924     19.59750    460.89400
    -0.77578      5.99924     19.59750    460.89400
    -0.77377      5.99924     19.59750    460.89400
    -0.77177      5.99924     19.59750    460.89400
    -0.76977      5.99924     19.59750    460.89400
    -0.76777      5.99924     19.59750    460.89400
    -0.76577      5.99924     19.59750    460.89400
    -0.76376      5.99924     19.59750    460.89400
    -0.76176      5.99924     19.59750    460.89400
    -0.75976      5.99924     19.59750    460.89400
    -0.75776      5.99924     19.59750    460.89400
    -0.75576      5.99924     19.59750    460.89400
    -0.75375      5.99924     19.59750    460.89400
    -0.75175      5.99924     19.59750    460.89400
    -0.74975      5.99924     19.59750    460.89400
    -0.74775      5.99924     19.59750    460.89400
    -0.74575      5.99924     19.59750    460.89400
    -0.74374      5.99924     19.59750    460.89400
    -0.74174      5.99924     19.59750    460.89400
    -0.73974      5.99924     19.59750    460.89400
    -0.73774      5.99924     19.59750    460.89400
    -0.73574      5.99924     19.59750    460.89400
    -0.73373      5.99924     19.59750    460.89400
    -0.73173      5.99924     19.59750    460.89400
    -0.72973      5.99924     19.59750    460.89400
    -0.72773      5.99924     19.59750    460.89400
    -0.72573      5.99924     19.59750    460.89400
    -0.72372      5.99924     19.59750    460.89400
    -0.72172      5.99924     19.59750    460.89400
    -0.71972      5.99924     19.59750    460.89400
    -0.71772      5.99924     19.59750    460.89400
    -0.71572      5.99924     19.59750    460.89400
    -0.71371      5.99924     19.59750    460.89400
    -0.71171      5.99924     19.59750    460.89400
    -0.70971      5.99924     19.59750    460.89400
    -0.70771      5.99924     19.59750    460.89400
    -0.70571      5.99924     19.59750    460.89400
    -0.70370      5.99924     19.59750    460.89400
    -0.70170      5.99924     19.59750    460.89400
    -0.69970      5.99924     19.59750    460.89400
    -0.69770      5.99924     19.59750    460.89400
    -0.69570      5.99924     19.59750    460.89400
    -0.69369      5.99924     19.59750    460.89400
    -0.69169      5.99924     19.59750    460.89400
    -0.68969      5.99924     19.59750    460.89400
    -0.68769      5.99924     19.59750    460.89400
    -0.68569      5.99924     19.59750    460.89400
    -0.68368      5.99924     19.59750    460.89400
    -0.68168      5.99924     19.59750    460.89400
    -0.67968      5.99924     19.59750    460.89400
    -0.67768      5.99924     19.59750    460.89400
    -0.67568      5.99924     19.59750    460.89400
    -0.67367      5.99924     19.59750    460.89400
    -0.67167      5.99924     19.59750    460.89400
    -0.66967      5.99924     19.59750    460.89400
    -0.66767      5.99924     19.59750    460.89400
    -0.66567      5.99924     19.59750    460.89400
    -0.66366      5.99924     19.59750    460.89400
    -0.66166      5.99924     19.59750    460.89400
    -0.65966      5.99924     19.59750    460.89400
    -0.65766      5.99924     19.59750    460.89400
    -0.65566      5.99924     19.59750    460.89400
    -0.65365      5.99924     19.59750    460.89400
    -0.65165      5.99924     19.59750    460.89400
    -0.64965      5.99924     19.59750    460.89400
    -0.64765      5.99924     19.59750    460.89400
    -0.64565      5.99924     19.59750    460.89400
    -0.64364      5.99924     19.59750    460.89400
    -0.64164      5.99924     19.59750    460.89400
    -0.63964      5.99924     19.59750    460.89400
    -0.63764      5.99924     19.59750    460.89400
    -0.63564      5.99924     19.59750    460.89400
    -0.63363      5.99924     19.59750    460.89400
    -0.63163      5.99924     19.59750    460.89400
    -0.62963      5.99924     19.59750    460.89400
    -0.62763      5.99924     19.59750    460.89400
    -0.62563      5.99924     19.59750    460.89400
    -0.62362      5.99924     19.59750    460.89400
    -0.62162      5.99924     19.59750    460.89400
    -0.61962      5.99924     19.59750    460.89400
    -0.61762      5.99924     19.59750    460.89400
    -0.61562      5.99924     19.59750    460.89400
    -0.61361      5.99924     19.59750    460.89400
    -0.61161      5.99924     19.59750    460.89400
    -0.60961      5.99924     19.59750    460.89400
    -0.60761      5.99924     19.59750    460.89400
    -0.60561      5.99924     19.59750    460.89400
    -0.60360      5.99924     19.59750    460.89400
    -0.60160      5.99924     19.59750    460.89400
    -0.59960      5.99924     19.59750    460.89400
    -0.59760      5.99924     19.59750    460.89400
    -0.59560      5.99924     19.59750    460.89400
    -0.59359      5.99924     19.59750    460.89400
    -0.59159      5.99924     19.59750    460.89400
    -0.58959      5.99924     19.59750    460.89400
    -0.58759      5.99924     19.59750    460.89400
    -0.58559      5.99924     19.59750    460.89400
    -0.58358      5.99924     19.59750    460.89400
    -0.58158      5.99924     19.59750    460.89400
    -0.57958      5.99924     19.59750    460.89400
    -0.57758      5.99924     19.59750    460.89400
    -0.57558      5.99924     19.59750    460.89400
    -0.57357      5.99924     19.59750    460.89400
    -0.57157      5.99924     19.59750    460.89400
    -0.56957      5.99924     19.59750    460.89400
    -0.56757      5.99924     19.59750    460.89400
    -0.56557      5.99924     19.59750    460.89400
    -0.56356      5.99924     19.59750    460.89400
    -0.56156      5.99924     19.59750    460.89400
    -0.55956      5.99924     19.59750    460.89400
    -0.55756      5.99924     19.59750    460.89400
    -0.55556      5.99924     19.59750    460.89400
    -0.55355      5.99924     19.59750    460.89400
    -0.55155      5.99924     19.59750    460.89400
    -0.54955      5.99924     19.59750    460.89400
    -0.54755      5.99924     19.59750    460.89400
    -0.54555      5.99924     19.59750    460.89400
    -0.54354      5.99924     19.59750    460.89400
    -0.54154      5.99924     19.59750    460.89400
    -0.53954      5.99924     19.59750    460.89400
    -0.53754      5.99924     19.59750    460.89400
    -0.53554      5.99924     19.59750    460.89400
    -0.53353      5.99924     19.59750    460.89400
    -0.53153      5.99924     19.59750    460.89400
    -0.52953      5.99924     19.59750    460.89400
    -0.52753      5.99924     19.59750    460.89400
    -0.52553      5.99924     19.59750    460.89400
    -0.52352      5.99924     19.59750    460.89400
    -0.52152      5.99924     19.59750    460.89400
    -0.51952      5.99924     19.59750    460.89400
    -0.51752      5.99924     19.59750    460.89400
    -0.51552      5.99924     19.59750    460.89400
    -0.51351      5.99924     19.59750    460.89400
    -0.51151      5.99924     19.59750    460.89400
    -0.50951      5.99924     19.59750    460.89400
    -0.50751      5.99924     19.59750    460.89400
    -0.50551      5.99924     19.59750    460.89400
    -0.50350      5.99924     19.59750    460.89400
    -0.50150      5.99924     19.59750    460.89400
    -0.49950      5.99924     19.59750    460.89400
    -0.49750      5.99924     19.59750    460.89400
    -0.49550      5.99924     19.59750    460.89400
    -0.49349      5.99924     19.59750    460.89400
    -0.49149      5.99924     19.59750    460.89400
    -0.48949      5.99924     19.59750    460.89400
    -0.48749      5.99924     19.59750    460.89400
    -0.48549      5.99924     19.59750    460.89400
    -0.48348      5.99924     19.59750    460.89400
    -0.48148      5.99924     19.59750    460.89400
    -0.47948      5.99924     19.59750    460.89400
    -0.47748      5.99924     19.59750    460.89400
    -0.47548      5.99924     19.59750    460.89400
    -0.47347      5.99924     19.59750    460.89400
    -0.47147      5.99924     19.59750    460.89400
    -0.46947      5.99924     19.59750    460.89400
    -0.46747      5.99924     19.59750    460.89400
    -0.46547      5.99924     19.59750    460.89400
    -0.46346      5.99924     19.59750    460.89400
    -0.46146      5.99924     19.59750    460.89400
    -0.45946      5.99924     19.59750    460.89400
    -0.45746      5.99924     19.59750    460.89400
    -0.45546      5.99924     19.59750    460.89400
    -0.45345      5.99924     19.59750    460.89400
    -0.45145      5.99924     19.59750    460.89400
    -0.44945      5.99924     19.59750    460.89400
    -0.44745      5.99924     19.59750    460.89400
    -0.44545      5.99924     19.59750    460.89400
    -0.44344      5.99924     19.59750    460.89400
    -0.44144      5.99924     19.59750    460.89400
    -0.43944      5.99924     19.59750    460.89400
    -0.43744      5.99924     19.59750    460.89400
    -0.43544      5.99924     19.59750    460.89400
    -0.43343      5.99924     19.59750    460.89400
    -0.43143      5.99924     19.59750    460.89400
    -0.42943      5.99924     19.59750    460.89400
    -0.42743      5.99924     19.59750    460.89400
    -0.42543      5.99924     19.59750    460.89400
    -0.42342      5.99924     19.59750    460.89400
    -0.42142      5.99924     19.59750    460.89400
    -0.41942      5.99924     19.59750    460.89400
    -0.41742      5.99924     19.59750    460.89400
    -0.41542      5.99924     19.59750    460.89400
    -0.41341      5.99924     19.59750    460.89400
    -0.41141      5.99924     19.59750    460.89400
    -0.40941      5.99924     19.59750    460.89400
    -0.40741      5.99924     19.59750    460.89400
    -0.40541      5.99924     19.59750    460.89400
    -0.40340      5.99924     19.59750    460.89400
    -0.40140      5.99924     19.59750    460.89400
    -0.39940      5.99924     19.59750    460.89400
    -0.39740      5.99924     19.59750    460.89400
    -0.39540      5.99924     19.59750    460.89400
    -0.39339      5.99924     19.59750    460.89400
    -0.39139      5.99924     19.59750    460.89400
    -0.38939      5.99924     19.59750    460.89400
    -0.38739      5.99924     19.59750    460.89400
    -0.38539      5.99924     19.59750    460.89400
    -0.38338      5.99924     19.59750    460.89400
    -0.38138      5.99924     19.59750    460.89400
    -0.37938      5.99924     19.59750    460.89400
    -0.37738      5.99924     19.59750    460.89400
    -0.37538      5.99924     19.59750    460.89400
    -0.37337      5.99924     19.59750    460.89400
    -0.37137      5.99924     19.59750    460.89400
    -0.36937      5.99924     19.59750    460.89400
    -0.36737      5.99924     19.59750    460.89400
    -0.36537      5.99924     19.59750    460.89400
    -0.36336      5.99924     19.59750    460.89400
    -0.36136      5.99924     19.59750    460.89400
    -0.35936      5.99924     19.59750    460.89400
    -0.35736      5.99924     19.59750    460.89400
    -0.35536      5.99924     19.59750    460.89400
    -0.35335      5.99924     19.59750    460.89400
    -0.35135      5.99924     19.59750    460.89400
    -0.34935      5.99924     19.59750    460.89400
    -0.34735      5.99924     19.59750    460.89400
    -0.34535      5.99924     19.59750    460.89400
    -0.34334      5.99924     19.59750    460.89400
    -0.34134      5.99924     19.59750    460.89400
    -0.33934      5.99924     19.59750    460.89400
    -0.33734      5.99924     19.59750    460.89400
    -0.33534      5.99924     19.59750    460.89400
    -0.33333      5.99924     19.59750    460.89400
    -0.33133      5.99924     19.59750    460.89400
    -0.32933      5.99924     19.59750    460.89400
    -0.32733      5.99924     19.59750    460.89400
    -0.32533      5.99924     19.59750    460.89400
    -0.32332      5.99924     19.59750    460.89400
    -0.32132      5.99924     19.59750    460.89400
    -0.31932      5.99924     19.59750    460.89400
    -0.31732      5.99924     19.59750    460.89400
    -0.31532      5.99924     19.59750    460.89400
    -0.31331      5.99924     19.59750    460.89400
    -0.31131      5.99924     19.59750    460.89400
    -0.30931      5.99924     19.59750    460.89400
    -0.30731      5.99924     19.59750    460.89400
    -0.30531      5.99924     19.59750    460.89400
    -0.30330      5.99924     19.59750    460.89400
    -0.30130      5.99924     19.59750    460.89400
    -0.29930      5.99924     19.59750    460.89400
    -0.29730      5.99924     19.59750    460.89400
    -0.29530      5.99924     19.59750    460.89400
    -0.29329      5.99924     19.59750    460.89400
    -0.29129      5.99924     19.59750    460.89400
    -0.28929      5.99924     19.59750    460.89400
    -0.28729      5.99924     19.59750    460.89400
    -0.28529      5.99924     19.59750    460.89400
    -0.28328      5.99924     19.59750    460.89400
    -0.28128      5.99924     19.59750    460.89400
    -0.27928      5.99924     19.59750    460.89400
    -0.27728      5.99924     19.59750    460.89400
    -0.27528      5.99924     19.59750    460.89400
    -0.27327      5.99924     19.59750    460.89400
    -0.27127      5.99924     19.59750    460.89400
    -0.26927      5.99924     19.59750    460.89400
    -0.26727      5.99924     19.59750    460.89400
    -0.26527      5.99924     19.59750    460.89400
    -0.26326      5.99924     19.59750    460.89400
    -0.26126      5.99924     19.59750    460.89400
    -0.25926      5.99924     19.59750    460.89400
    -0.25726      5.99924     19.59750    460.89400
    -0.25526      5.99924     19.59750    460.89400
    -0.25325      5.99924     19.59750    460.89400
    -0.25125      5.99924     19.59750    460.89400
    -0.24925      5.99924     19.59750    460.89400
    -0.24725      5.99924     19.59750    460.89400
    -0.24525      5.99924     19.59750    460.89400
    -0.24324      5.99924     19.59750    460.89400
    -0.24124      5.99924     19.59750    460.89400
    -0.23924      5.99924     19.59750    460.89400
    -0.23724      5.99924     19.59750    460.89400
    -0.23524      5.99924     19.59750    460.89400
    -0.23323      5.99924     19.59750    460.89400
    -0.23123      5.99924     19.59750    460.89400
    -0.22923      5.99924     19.59750    460.89400
    -0.22723      5.99924     19.59750    460.89400
    -0.22523      5.99924     19.59750    460.89400
    -0.22322      5.99924     19.59750    460.89400
    -0.22122      5.99924     19.59750    460.89400
    -0.21922      5.99924     19.59750    460.89400
    -0.21722      5.99924     19.59750    460.89400
    -0.21522      5.99924     19.59750    460.89400
    -0.21321      5.99924     19.59750    460.89400
    -0.21121      5.99924     19.59750    460.89400
    -0.20921      5.99924     19.59750    460.89400
    -0.20721      5.99924     19.59750    460.89400
    -0.20521      5.99924     19.59750    460.89400
    -0.20320      5.99924     19.59750    460.89400
    -0.20120      5.99924     19.59750    460.89400
    -0.19920      5.99924     19.59750    460.89400
    -0.19720      5.99924     19.59750    460.89400
    -0.19520      5.99924     19.59750    460.89400
    -0.19319      5.99924     19.59750    460.89400
    -0.19119      5.99924     19.59750    460.89400
    -0.18919      5.99924     19.59750    460.89400
    -0.18719      5.99924     19.59750    460.89400
    -0.18519      5.99924     19.59750    460.89400
    -0.18318      5.99924     19.59750    460.89400
    -0.18118      5.99924     19.59750    460.89400
    -0.17918      5.99924     19.59750    460.89400
    -0.17718      5.99924     19.59750    460.89400
    -0.17518      5.99924     19.59750    460.89400
    -0.17317      5.99924     19.59750    460.89400
    -0.17117      5.99924     19.59750    460.89400
    -0.16917      5.99924     19.59750    460.89400
    -0.16717      5.99924     19.59750    460.89400
    -0.16517      5.99924     19.59750    460.89400
    -0.16316      5.99924     19.59750    460.89400
    -0.16116      5.99924     19.59750    460.89400
    -0.15916      5.99924     19.59750    460.89400
    -0.15716      5.99924     19.59750    460.89400
    -0.15516      5.99924     19.59750    460.89400
    -0.15315      5.99924     19.59750    460.89400
    -0.15115      5.99924     19.59750    460.89400
    -0.14915      5.99924     19.59750    460.89400
    -0.14715      5.99924     19.59750    460.89400
    -0.14515      5.99924     19.59750    460.89400
    -0.14314      5.99924     19.59750    460.89400
    -0.14114      5.99924     19.59750    460.89400
    -0.13914      5.99924     19.59750    460.89400
    -0.13714      5.99924     19.59750    460.89400
    -0.13514      5.99924     19.59750    460.89400
    -0.13313      5.99924     19.59750    460.89400
    -0.13113      5.99924     19.59750    460.89400
    -0.12913      5.99924     19.59750    460.89400
    -0.12713      5.99924     19.59750    460.89400
    -0.12513      5.99924     19.59750    460.89400
    -0.12312      5.99924     19.59750    460.89400
    -0.12112      5.99924     19.59750    460.89400
    -0.11912      5.99924     19.59750    460.89400
    -0.11712      5.99924     19.59750    460.89400
    -0.11512      5.99924     19.59750    460.89400
    -0.11311      5.99924     19.59750    460.89400
    -0.11111      5.99924     19.59750    460.89400
    -0.10911      5.99924     19.59750    460.89400
    -0.10711      5.99924     19.59750    460.89400
    -0.10511      5.99924     19.59750    460.89400
    -0.10310      5.99924     19.59750    460.89400
    -0.10110      5.99924     19.59750    460.89400
    -0.09910      5.99924     19.59750    460.89400
    -0.09710      5.99924     19.59750    460.89400
    -0.09510      5.99924     19.59750    460.89400
    -0.09309      5.99924     19.59750    460.89400
    -0.09109      5.99924     19.59750    460.89400
    -0.08909      5.99924     19.59750    460.89400
    -0.08709      5.99924     19.59750    460.89400
    -0.08509      5.99924     19.59750    460.89400
    -0.08308      5.99924     19.59750    460.89400
    -0.08108      5.99924     19.59750    460.89400
    -0.07908      5.99924     19.59750    460.89400
    -0.07708      5.99924     19.59750    460.89400
    -0.07508      5.99924     19.59750    460.89400
    -0.07307      5.99924     19.59750    460.89400
    -0.07107      5.99924     19.59750    460.89400
    -0.06907      5.99924     19.59750    460.89400
    -0.06707      5.99924     19.59750    460.89400
    -0.06507      5.99924     19.59750    460.89400
    -0.06306      5.99924     19.59750    460.89400
    -0.06106      5.99924     19.59750    460.89400
    -0.05906      5.99924     19.59750    460.89400
    -0.05706      5.99924     19.59750    460.89400
    -0.05506      5.99924     19.59750    460.89400
    -0.05305      5.99924     19.59750    460.89400
    -0.05105      5.99924     19.59750    460.89400
    -0.04905      5.99924     19.59750    460.89400
    -0.04705      5.99924     19.59750    460.89400
    -0.04505      5.99924     19.59750    460.89400
    -0.04304      5.99924     19.59750    460.89400
    -0.04104      5.99924     19.59750    460.89400
    -0.03904      5.99924     19.59750    460.89400
    -0.03704      5.99924     19.59750    460.89400
    -0.03504      5.99924     19.59750    460.89400
    -0.03303      5.99924     19.59750    460.89400
    -0.03103      5.99924     19.59750    460.89400
    -0.02903      5.99924     19.59750    460.89400
    -0.02703      5.99924     19.59750    460.89400
    -0.02503      5.99924     19.59750    460.89400
    -0.02302      5.99924     19.59750    460.89400
    -0.02102      5.99924     19.59750    460.89400
    -0.01902      5.99924     19.59750    460.89400
    -0.01702      5.99924     19.59750    460.89400
    -0.01502      5.99924     19.59750    460.89400
    -0.01301      5.99924     19.59750    460.89400
    -0.01101      5.99924     19.59750    460.89400
    -0.00901      5.99924     19.59750    460.89400
    -0.00701      5.99924     19.59750    460.89400
    -0.00501      5.99924     19.59750    460.89400
    -0.00300      5.99924     19.59750    460.89400
    -0.00100      5.99924     19.59750    460.89400
     0.00100      5.99924     19.59750    460.89400
     0.00300      5.99924     19.59750    460.89400
     0.00501      5.99924     19.59750    460.89400
     0.00701      5.99924     19.59750    460.89400
     0.00901      5.99924     19.59750    460.89400
     0.01101      5.99924     19.59750    460.89400
     0.01301      5.99924     19.59750    460.89400
     0.01502      5.99924     19.59750    460.89400
     0.01702      5.99924     19.59750    460.89400
     0.01902      5.99924     19.59750    460.89400
     0.02102      5.99924     19.59750    460.89400
     0.02302      5.99924     19.59750    460.89400
     0.02503      5.99924     19.59750    460.89400
     0.02703      5.99924     19.59750    460.89400
     0.02903      5.99924     19.59750    460.89400
     0.03103      5.99924     19.59750    460.89400
     0.03303      5.99924     19.59750    460.89400
     0.03504      5.99924     19.59750    460.89400
     0.03704      5.99924     19.59750    460.89400
     0.03904      5.99924     19.59750    460.89400
     0.04104     14.28234      8.68978   1691.64493
     0.04304     14.28234      8.68978   1691.64493
     0.04505     14.28234      8.68978   1691.64493
     0.04705     14.28234      8.68978   1691.64493
     0.04905     14.28234      8.68978   1691.64493
     0.05105     14.28234      8.68978   1691.64493
     0.05305     14.28234      8.68978   1691.64493
     0.05506     14.28234      8.68978   1691.64493
     0.05706     14.28234      8.68978   1691.64493
     0.05906     14.28234      8.68978   1691.64493
     0.06106     14.28234      8.68978   1691.64493
     0.06306     14.28234      8.68978   1691.64493
     0.06507     14.28234      8.68978   1691.64493
     0.06707     14.28234      8.68978   1691.64493
     0.06907     14.28234      8.68978   1691.64493
     0.07107     14.28234      8.68978   1691.64493
     0.07307     14.28234      8.68978   1691.64493
     0.07508     14.28234      8.68978   1691.64493
     0.07708     14.28234      8.68978   1691.64493
     0.07908     14.28234      8.68978   1691.64493
     0.08108     14.28234      8.68978   1691.64493
     0.08308     14.28234      8.68978   1691.64493
     0.08509     14.28234      8.68978   1691.64493
     0.08709     14.28234      8.68978   1691.64493
     0.08909     14.28234      8.68978   1691.64493
     0.09109     14.28234      8.68978   1691.64493
     0.09309     14.28234      8.68978   1691.64493
     0.09510     14.28234      8.68978   1691.64493
     0.09710     14.28234      8.68978   1691.64493
     0.09910     14.28234      8.68978   1691.64493
     0.10110     14.28234      8.68978   1691.64493
     0.10310     14.28234      8.68978   1691.64493
     0.10511     14.28234      8.68978   1691.64493
     0.10711     14.28234      8.68978   1691.64493
     0.10911     14.28234      8.68978   1691.64493
     0.11111     14.28234      8.68978   1691.64493
     0.11311     14.28234      8.68978   1691.64493
     0.11512     14.28234      8.68978   1691.64493
     0.11712     14.28234      8.68978   1691.64493
     0.11912     14.28234      8.68978   1691.64493
     0.12112     14.28234      8.68978   1691.64493
     0.12312     14.28234      8.68978   1691.64493
     0.12513     14.28234      8.68978   1691.64493
     0.12713     14.28234      8.68978   1691.64493
     0.12913     14.28234      8.68978   1691.64493
     0.13113     14.28234      8.68978   1691.64493
     0.13313     14.28234      8.68978   1691.64493
     0.13514     14.28234      8.68978   1691.64493
     0.13714     14.28234      8.68978   1691.64493
     0.13914     14.28234      8.68978   1691.64493
     0.14114     14.28234      8.68978   1691.64493
     0.14314     14.28234      8.68978   1691.64493
     0.14515     14.28234      8.68978   1691.64493
     0.14715     14.28234      8.68978   1691.64493
     0.14915     14.28234      8.68978   1691.64493
     0.15115     14.28234      8.68978   1691.64493
     0.15315     14.28234      8.68978   1691.64493
     0.15516     14.28234      8.68978   1691.64493
     0.15716     14.28234      8.68978   1691.64493
     0.15916     14.28234      8.68978   1691.64493
     0.16116     14.28234      8.68978   1691.64493
     0.16316     14.28234      8.68978   1691.64493
     0.16517     14.28234      8.68978   1691.64493
     0.16717     14.28234      8.68978   1691.64493
     0.16917     14.28234      8.68978   1691.64493
     0.17117     14.28234      8.68978   1691.64493
     0.17317     14.28234      8.68978   1691.64493
     0.17518     14.28234      8.68978   1691.64493
     0.17718     14.28234      8.68978   1691.64493
     0.17918     14.28234      8.68978   1691.64493
     0.18118     14.28234      8.68978   1691.64493
     0.18318     14.28234      8.68978   1691.64493
     0.18519     14.28234      8.68978   1691.64493
     0.18719     14.28234      8.68978   1691.64493
     0.18919     14.28234      8.68978   1691.64493
     0.19119     14.28234      8.68978   1691.64493
     0.19319     14.28234      8.68978   1691.64493
     0.19520     14.28234      8.68978   1691.64493
     0.19720     14.28234      8.68978   1691.64493
     0.19920     14.28234      8.68978   1691.64493
     0.20120     14.28234      8.68978   1691.64493
     0.20320     14.28234      8.68978   1691.64493
     0.20521     14.28234      8.68978   1691.64493
     0.20721     14.28234      8.68978   1691.64493
     0.20921     14.28234      8.68978   1691.64493
     0.21121     14.28234      8.68978   1691.64493
     0.21321     14.28234      8.68978   1691.64493
     0.21522     14.28234      8.68978   1691.64493
     0.21722     14.28234      8.68978   1691.64493
     0.21922     14.28234      8.68978   1691.64493
     0.22122     14.28234      8.68978   1691.64493
     0.22322     14.28234      8.68978   1691.64493
     0.22523     14.28234      8.68978   1691.64493
     0.22723     14.28234      8.68978   1691.64493
     0.22923     14.28234      8.68978   1691.64493
     0.23123     14.28234      8.68978   1691.64493
     0.23323     14.28234      8.68978   1691.64493
     0.23524     14.28234      8.68978   1691.64493
     0.23724     14.28234      8.68978   1691.64493
     0.23924     14.28234      8.68978   1691.64493
     0.24124     14.28234      8.68978   1691.64493
     0.24324     14.28234      8.68978   1691.64493
     0.24525     14.28234      8.68978   1691.64493
     0.24725     14.28234      8.68978   1691.64493
     0.24925     14.28234      8.68978   1691.64493
     0.25125     14.28234      8.68978   1691.64493
     0.25325     14.28234      8.68978   1691.64493
     0.25526     14.28234      8.68978   1691.64493
     0.25726     14.28234      8.68978   1691.64493
     0.25926     14.28234      8.68978   1691.64493
     0.26126     14.28234      8.68978   1691.64493
     0.26326     14.28234      8.68978   1691.64493
     0.26527     14.28234      8.68978   1691.64493
     0.26727     14.28234      8.68978   1691.64493
     0.26927     14.28234      8.68978   1691.64493
     0.27127     14.28234      8.68978   1691.64493
     0.27327     14.28234      8.68978   1691.64493
     0.27528     14.28234      8.68978   1691.64493
     0.27728     14.28234      8.68978   1691.64493
     0.27928     14.28234      8.68978   1691.64493
     0.28128     14.28234      8.68978   1691.64493
     0.28328     14.28234      8.68978   1691.64493
     0.28529     14.28234      8.68978   1691.64493
     0.28729     14.28234      8.68978   1691.64493
     0.28929     14.28234      8.68978   1691.64493
     0.29129     14.28234      8.68978   1691.64493
     0.29329     14.28234      8.68978   1691.64493
     0.29530     14.28234      8.68978   1691.64493
     0.29730     14.28234      8.68978   1691.64493
     0.29930     14.28234      8.68978   1691.64493
     0.30130     14.28234      8.68978   1691.64493
     0.30330     14.28234      8.68978   1691.64493
     0.30531     14.28234      8.68978   1691.64493
     0.30731     14.28234      8.68978   1691.64493
     0.30931     14.28234      8.68978   1691.64493
     0.31131     14.28234      8.68978   1691.64493
     0.31331     14.28234      8.68978   1691.64493
     0.31532     14.28234      8.68978   1691.64493
     0.31732     14.28234      8.68978   1691.64493
     0.31932     14.28234      8.68978   1691.64493
     0.32132     14.28234      8.68978   1691.64493
     0.32332     14.28234      8.68978   1691.64493
     0.32533     14.28234      8.68978   1691.64493
     0.32733     14.28234      8.68978   1691.64493
     0.32933     14.28234      8.68978   1691.64493
     0.33133     14.28234      8.68978   1691.64493
     0.33333     14.28234      8.68978   1691.64493
     0.33534     14.28234      8.68978   1691.64493
     0.33734     14.28234      8.68978   1691.64493
     0.33934     14.28234      8.68978   1691.64493
     0.34134     14.28234      8.68978   1691.64493
     0.34334     14.28234      8.68978   1691.64493
     0.34535     14.28234      8.68978   1691.64493
     0.34735     14.28234      8.68978   1691.64493
     0.34935     14.28234      8.68978   1691.64493
     0.35135     14.28234      8.68978   1691.64493
     0.35335     14.28234      8.68978   1691.64493
     0.35536     14.28234      8.68978   1691.64493
     0.35736     14.28234      8.68978   1691.64493
     0.35936     14.28234      8.68978   1691.64493
     0.36136     14.28234      8.68978   1691.64493
     0.36336     14.28234      8.68978   1691.64493
     0.36537     14.28234      8.68978   1691.64493
     0.36737     14.28234      8.68978   1691.64493
     0.36937     14.28234      8.68978   1691.64493
     0.37137     14.28234      8.68978   1691.64493
     0.37337     14.28234      8.68978   1691.64493
     0.37538     14.28234      8.68978   1691.64493
     0.37738     14.28234      8.68978   1691.64493
     0.37938     14.28234      8.68978   1691.64493
     0.38138     14.28234      8.68978   1691.64493
     0.38338     14.28234      8.68978   1691.64493
     0.38539     14.28234      8.68978   1691.64493
     0.38739     14.28234      8.68978   1691.64493
     0.38939     14.28234      8.68978   1691.64493
     0.39139     14.28234      8.68978   1691.64493
     0.39339     14.28234      8.68978   1691.64493
     0.39540     14.28234      8.68978   1691.64493
     0.39740     14.28234      8.68978   1691.64493
     0.39940     14.28234      8.68978   1691.64493
     0.40140     14.28234      8.68978   1691.64493
     0.40340     14.28234      8.68978   1691.64493
     0.40541     14.28234      8.68978   1691.64493
     0.40741     14.28234      8.68978   1691.64493
     0.40941     14.28234      8.68978   1691.64493
     0.41141     14.28234      8.68978   1691.64493
     0.41341     14.28234      8.68978   1691.64493
     0.41542     14.28234      8.68978   1691.64493
     0.41742     14.28234      8.68978   1691.64493
     0.41942     14.28234      8.68978   1691.64493
     0.42142     14.28234      8.68978   1691.64493
     0.42342     14.28234      8.68978   1691.64493
     0.42543     14.28234      8.68978   1691.64493
     0.42743     14.28234      8.68978   1691.64493
     0.42943     14.28234      8.68978   1691.64493
     0.43143     14.28234      8.68978   1691.64493
     0.43343     14.28234      8.68978   1691.64493
     0.43544     31.04260      8.68978   1691.64493
     0.43744     31.04260      8.68978   1691.64493
     0.43944     31.04260      8.68978   1691.64493
     0.44144     31.04260      8.68978   1691.64493
     0.44344     31.04260      8.68978   1691.64493
     0.44545     31.04260      8.68978   1691.64493
     0.44745     31.04260      8.68978   1691.64493
     0.44945     31.04260      8.68978   1691.64493
     0.45145     31.04260      8.68978   1691.64493
     0.45345     31.04260      8.68978   1691.64493
     0.45546     31.04260      8.68978   1691.64493
     0.45746     31.04260      8.68978   1691.64493
     0.45946     31.04260      8.68978   1691.64493
     0.46146     31.04260      8.68978   1691.64493
     0.46346     31.04260      8.68978   1691.64493
     0.46547     31.04260      8.68978   1691.64493
     0.46747     31.04260      8.68978   1691.64493
     0.46947     31.04260      8.68978   1691.64493
     0.47147     31.04260      8.68978   1691.64493
     0.47347     31.04260      8.68978   1691.64493
     0.47548     31.04260      8.68978   1691.64493
     0.47748     31.04260      8.68978   1691.64493
     0.47948     31.04260      8.68978   1691.64493
     0.48148     31.04260      8.68978   1691.64493
     0.48348     31.04260      8.68978   1691.64493
     0.48549     31.04260      8.68978   1691.64493
     0.48749     31.04260      8.68978   1691.64493
     0.48949     31.04260      8.68978   1691.64493
     0.49149     31.04260      8.68978   1691.64493
     0.49349     31.04260      8.68978   1691.64493
     0.49550     31.04260      8.68978   1691.64493
     0.49750     31.04260      8.68978   1691.64493
     0.49950     31.04260      8.68978   1691.64493
     0.50150     31.04260      8.68978   1691.64493
     0.50350     31.04260      8.68978   1691.64493
     0.50551     31.04260      8.68978   1691.64493
     0.50751     31.04260      8.68978   1691.64493
     0.50951     31.04260      8.68978   1691.64493
     0.51151     31.04260      8.68978   1691.64493
     0.51351     31.04260      8.68978   1691.64493
     0.51552     31.04260      8.68978   1691.64493
     0.51752     31.04260      8.68978   1691.64493
     0.51952     31.04260      8.68978   1691.64493
     0.52152     31.04260      8.68978   1691.64493
     0.52352     31.04260      8.68978   1691.64493
     0.52553     31.04260      8.68978   1691.64493
     0.52753     31.04260      8.68978   1691.64493
     0.52953     31.04260      8.68978   1691.64493
     0.53153     31.04260      8.68978   1691.64493
     0.53353     31.04260      8.68978   1691.64493
     0.53554     31.04260      8.68978   1691.64493
     0.53754     31.04260      8.68978   1691.64493
     0.53954     31.04260      8.68978   1691.64493
     0.54154     31.04260      8.68978   1691.64493
     0.54354     31.04260      8.68978   1691.64493
     0.54555     31.04260      8.68978   1691.64493
     0.54755     31.04260      8.68978   1691.64493
     0.54955     31.04260      8.68978   1691.64493
     0.55155     31.04260      8.68978   1691.64493
     0.55355     31.04260      8.68978   1691.64493
     0.55556     31.04260      8.68978   1691.64493
     0.55756     31.04260      8.68978   1691.64493
     0.55956     31.04260      8.68978   1691.64493
     0.56156     31.04260      8.68978   1691.64493
     0.56356     31.04260      8.68978   1691.64493
     0.56557     31.04260      8.68978   1691.64493
     0.56757     31.04260      8.68978   1691.64493
     0.56957     31.04260      8.68978   1691.64493
     0.57157     31.04260      8.68978   1691.64493
     0.57357     31.04260      8.68978   1691.64493
     0.57558     31.04260      8.68978   1691.64493
     0.57758     31.04260      8.68978   1691.64493
     0.57958     31.04260      8.68978   1691.64493
     0.58158     31.04260      8.68978   1691.64493
     0.58358     31.04260      8.68978   1691.64493
     0.58559     31.04260      8.68978   1691.64493
     0.58759     31.04260      8.68978   1691.64493
     0.58959     31.04260      8.68978   1691.64493
     0.59159     31.04260      8.68978   1691.64493
     0.59359     31.04260      8.68978   1691.64493
     0.59560     31.04260      8.68978   1691.64493
     0.59760     31.04260      8.68978   1691.64493
     0.59960     31.04260      8.68978   1691.64493
     0.60160     31.04260      8.68978   1691.64493
     0.60360     31.04260      8.68978   1691.64493
     0.60561     31.04260      8.68978   1691.64493
     0.60761     31.04260      8.68978   1691.64493
     0.60961     31.04260      8.68978   1691.64493
     0.61161     31.04260      8.68978   1691.64493
     0.61361      5.99242     -6.19633     46.09500
     0.61562      5.99242     -6.19633     46.09500
     0.61762      5.99242     -6.19633     46.09500
     0.61962      5.99242     -6.19633     46.09500
     0.62162      5.99242     -6.19633     46.09500
     0.62362      5.99242     -6.19633     46.09500
     0.62563      5.99242     -6.19633     46.09500
     0.62763      5.99242     -6.19633     46.09500
     0.62963      5.99242     -6.19633     46.09500
     0.63163      5.99242     -6.19633     46.09500
     0.63363      5.99242     -6.19633     46.09500
     0.63564      5.99242     -6.19633     46.09500
     0.63764      5.99242     -6.19633     46.09500
     0.63964      5.99242     -6.19633     46.09500
     0.64164      5.99242     -6.19633     46.09500
     0.64364      5.99242     -6.19633     46.09500
     0.64565      5.99242     -6.19633     46.09500
     0.64765      5.99242     -6.19633     46.09500
     0.64965      5.99242     -6.19633     46.09500
     0.65165      5.99242     -6.19633     46.09500
     0.65365      5.99242     -6.19633     46.09500
     0.65566      5.99242     -6.19633     46.09500
     0.65766      5.99242     -6.19633     46.09500
     0.65966      5.99242     -6.19633     46.09500
     0.66166      5.99242     -6.19633     46.09500
     0.66366      5.99242     -6.19633     46.09500
     0.66567      5.99242     -6.19633     46.09500
     0.66767      5.99242     -6.19633     46.09500
     0.66967      5.99242     -6.19633     46.09500
     0.67167      5.99242     -6.19633     46.09500
     0.67367      5.99242     -6.19633     46.09500
     0.67568      5.99242     -6.19633     46.09500
     0.67768      5.99242     -6.19633     46.09500
     0.67968      5.99242     -6.19633     46.09500
     0.68168      5.99242     -6.19633     46.09500
     0.68368      5.99242     -6.19633     46.09500
     0.68569      5.99242     -6.19633     46.09500
     0.68769      5.99242     -6.19633     46.09500
     0.68969      5.99242     -6.19633     46.09500
     0.69169      5.99242     -6.19633     46.09500
     0.69369      5.99242     -6.19633     46.09500
     0.69570      5.99242     -6.19633     46.09500
     0.69770      5.99242     -6.19633     46.09500
     0.69970      5.99242     -6.19633     46.09500
     0.70170      5.99242     -6.19633     46.09500
     0.70370      5.99242     -6.19633     46.09500
     0.70571      5.99242     -6.19633     46.09500
     0.70771      5.99242     -6.19633     46.09500
     0.70971      5.99242     -6.19633     46.09500
     0.71171      5.99242     -6.19633     46.09500
     0.71371      5.99242     -6.19633     46.09500
     0.71572      5.99242     -6.19633     46.09500
     0.71772      5.99242     -6.19633     46.09500
     0.71972      5.99242     -6.19633     46.09500
     0.72172      5.99242     -6.19633     46.09500
     0.72372      5.99242     -6.19633     46.09500
     0.72573      5.99242     -6.19633     46.09500
     0.72773      5.99242     -6.19633     46.09500
     0.72973      5.99242     -6.19633     46.09500
     0.73173      5.99242     -6.19633     46.09500
     0.73373      5.99242     -6.19633     46.09500
     0.73574      5.99242     -6.19633     46.09500
     0.73774      5.99242     -6.19633     46.09500
     0.73974      5.99242     -6.19633     46.09500
     0.74174      5.99242     -6.19633     46.09500
     0.74374      5.99242     -6.19633     46.09500
     0.74575      5.99242     -6.19633     46.09500
     0.74775      5.99242     -6.19633     46.09500
     0.74975      5.99242     -6.19633     46.09500
     0.75175      5.99242     -6.19633     46.09500
     0.75375      5.99242     -6.19633     46.09500
     0.75576      5.99242     -6.19633     46.09500
     0.75776      5.99242     -6.19633     46.09500
     0.75976      5.99242     -6.19633     46.09500
     0.76176      5.99242     -6.19633     46.09500
     0.76376      5.99242     -6.19633     46.09500
     0.76577      5.99242     -6.19633     46.09500
     0.76777      5.99242     -6.19633     46.09500
     0.76977      5.99242     -6.19633     46.09500
     0.77177      5.99242     -6.19633     46.09500
     0.77377      5.99242     -6.19633     46.09500
     0.77578      5.99242     -6.19633     46.09500
     0.77778      5.99242     -6.19633     46.09500
     0.77978      5.99242     -6.19633     46.09500
     0.78178      5.99242     -6.19633     46.09500
     0.78378      5.99242     -6.19633     46.09500
     0.78579      5.99242     -6.19633     46.09500
     0.78779      5.99242     -6.19633     46.09500
     0.78979      5.99242     -6.19633     46.09500
     0.79179      5.99242     -6.19633     46.09500
     0.79379      5.99242     -6.19633     46.09500
     0.79580      5.99242     -6.19633     46.09500
     0.79780      5.99242     -6.19633     46.09500
     0.79980      5.99242     -6.19633     46.09500
     0.80180      5.99242     -6.19633     46.09500
     0.80380      5.99242     -6.19633     46.09500
     0.80581      5.99242     -6.19633     46.09500
     0.80781      5.99242     -6.19633     46.09500
     0.80981      5.99242     -6.19633     46.09500
     0.81181      5.99242     -6.19633     46.09500
     0.81381      5.99242     -6.19633     46.09500
     0.81582      5.99242     -6.19633     46.09500
     0.81782      5.99242     -6.19633     46.09500
     0.81982      5.99242     -6.19633     46.09500
     0.82182      5.99242     -6.19633     46.09500
     0.82382      5.99242     -6.19633     46.09500
     0.82583      5.99242     -6.19633     46.09500
     0.82783      5.99242     -6.19633     46.09500
     0.82983      5.99242     -6.19633     46.09500
     0.83183      5.99242     -6.19633     46.09500
     0.83383      5.99242     -6.19633     46.09500
     0.83584      5.99242     -6.19633     46.09500
     0.83784      5.99242     -6.19633     46.09500
     0.83984      5.99242     -6.19633     46.09500
     0.84184      5.99242     -6.19633     46.09500
     0.84384      5.99242     -6.19633     46.09500
     0.84585      5.99242     -6.19633     46.09500
     0.84785      5.99242     -6.19633     46.09500
     0.84985      5.99242     -6.19633     46.09500
     0.85185      5.99242     -6.19633     46.09500
     0.85385      5.99242     -6.19633     46.09500
     0.85586      5.99242     -6.19633     46.09500
     0.85786      5.99242     -6.19633     46.09500
     0.85986      5.99242     -6.19633     46.09500
     0.86186      5.99242     -6.19633     46.09500
     0.86386      5.99242     -6.19633     46.09500
     0.86587      5.99242     -6.19633     46.09500
     0.86787      5.99242     -6.19633     46.09500
     0.86987      5.99242     -6.19633     46.09500
     0.87187      5.99242     -6.19633     46.09500
     0.87387      5.99242     -6.19633     46.09500
     0.87588      5.99242     -6.19633     46.09500
     0.87788      5.99242     -6.19633     46.09500
     0.87988      5.99242     -6.19633     46.09500
     0.88188      5.99242     -6.19633     46.09500
     0.88388      5.99242     -6.19633     46.09500
     0.88589      5.99242     -6.19633     46.09500
     0.88789      5.99242     -6.19633     46.09500
     0.88989      5.99242     -6.19633     46.09500
     0.89189      5.99242     -6.19633     46.09500
     0.89389      5.99242     -6.19633     46.09500
     0.89590      5.99242     -6.19633     46.09500
     0.89790      5.99242     -6.19633     46.09500
     0.89990      5.99242     -6.19633     46.09500
     0.90190      5.99242     -6.19633     46.09500
     0.90390      5.99242     -6.19633     46.09500
     0.90591      5.99242     -6.19633     46.09500
     0.90791      5.99242     -6.19633     46.09500
     0.90991      5.99242     -6.19633     46.09500
     0.91191      5.99242     -6.19633     46.09500
     0.91391      5.99242     -6.19633     46.09500
     0.91592      5.99242     -6.19633     46.09500
     0.91792      5.99242     -6.19633     46.09500
     0.91992      5.99242     -6.19633     46.09500
     0.92192      5.99242     -6.19633     46.09500
     0.92392      5.99242     -6.19633     46.09500
     0.92593      5.99242     -6.19633     46.09500
     0.92793      5.99242     -6.19633     46.09500
     0.92993      5.99242     -6.19633     46.09500
     0.93193      5.99242     -6.19633     46.09500
     0.93393      5.99242     -6.19633     46.09500
     0.93594      5.99242     -6.19633     46.09500
     0.93794      5.99242     -6.19633     46.09500
     0.93994      5.99242     -6.19633     46.09500
     0.94194      5.99242     -6.19633     46.09500
     0.94394      5.99242     -6.19633     46.09500
     0.94595      5.99242     -6.19633     46.09500
     0.94795      5.99242     -6.19633     46.09500
     0.94995      5.99242     -6.19633     46.09500
     0.95195      5.99242     -6.19633     46.09500
     0.95395      5.99242     -6.19633     46.09500
     0.95596      5.99242     -6.19633     46.09500
     0.95796      5.99242     -6.19633     46.09500
     0.95996      5.99242     -6.19633     46.09500
     0.96196      5.99242     -6.19633     46.09500
     0.96396      5.99242     -6.19633     46.09500
     0.96597      5.99242     -6.19633     46.09500
     0.96797      5.99242     -6.19633     46.09500
     0.96997      5.99242     -6.19633     46.09500
     0.97197      5.99242     -6.19633     46.09500
     0.97397      5.99242     -6.19633     46.09500
     0.97598      5.99242     -6.19633     46.09500
     0.97798      5.99242     -6.19633     46.09500
     0.97998      5.99242     -6.19633     46.09500
     0.98198      5.99242     -6.19633     46.09500
     0.98398      5.99242     -6.19633     46.09500
     0.98599      5.99242     -6.19633     46.09500
     0.98799      5.99242     -6.19633     46.09500
     0.98999      5.99242     -6.19633     46.09500
     0.99199      5.99242     -6.19633     46.09500
     0.99399      5.99242     -6.19633     46.09500
     0.99600      5.99242     -6.19633     46.09500
     0.99800      5.99242     -6.19633     46.09500
     1.00000      5.99242     -6.19633     46.09500
