t =     0.1250
           x          rho            u            p
    -1.00000      0.00147     -9.38342      0.00201
    -0.99800      0.00148     -9.37008      0.00203
    -0.99600      0.00150     -9.35673      0.00206
    -0.99399      0.00151     -9.34338      0.00209
    -0.99199      0.00152     -9.33004      0.00212
    -0.98999      0.00154     -9.31669      0.00214
    -0.98799      0.00155     -9.30334      0.00217
    -0.98599      0.00157     -9.29000      0.00220
    -0.98398      0.00158     -9.27665      0.00223
    -0.98198      0.00160     -9.26330      0.00226
    -0.97998      0.00161     -9.24996      0.00229
    -0.97798      0.00163     -9.23661      0.00232
    -0.97598      0.00164     -9.22326      0.00235
    -0.97397      0.00166     -9.20992      0.00239
    -0.97197      0.00168     -9.19657      0.00242
    -0.96997      0.00169     -9.18322      0.00245
    -0.96797      0.00171     -9.16988      0.00248
    -0.96597      0.00172     -9.15653      0.00251
    -0.96396      0.00174     -9.14318      0.00255
    -0.96196      0.00176     -9.12984      0.00258
    -0.95996      0.00177     -9.11649      0.00261
    -0.95796      0.00179     -9.10314      0.00265
    -0.95596      0.00181     -9.08980      0.00268
    -0.95395      0.00182     -9.07645      0.00272
    -0.95195      0.00184     -9.06310      0.00275
    -0.94995      0.00186     -9.04976      0.00279
    -0.94795      0.00187     -9.03641      0.00283
    -0.94595      0.00189     -9.02306      0.00286
    -0.94394      0.00191     -9.00972      0.00290
    -0.94194      0.00193     -8.99637      0.00294
    -0.93994      0.00194     -8.98302      0.00297
    -0.93794      0.00196     -8.96968      0.00301
    -0.93594      0.00198     -8.95633      0.00305
    -0.93393      0.00200     -8.94298      0.00309
    -0.93193      0.00202     -8.92964      0.00313
    -0.92993      0.00203     -8.91629      0.00317
    -0.92793      0.00205     -8.90294      0.00321
    -0.92593      0.00207     -8.88960      0.00325
    -0.92392      0.00209     -8.87625      0.00329
    -0.92192      0.00211     -8.86290      0.00333
    -0.91992      0.00213     -8.84956      0.00337
    -0.91792      0.00215     -8.83621      0.00342
    -0.91592      0.00217     -8.82286      0.00346
    -0.91391      0.00219     -8.80952      0.00350
    -0.91191      0.00220     -8.79617      0.00355
    -0.90991      0.00222     -8.78282      0.00359
    -0.90791      0.00224     -8.76948      0.00364
    -0.90591      0.00226     -8.75613      0.00368
    -0.90390      0.00228     -8.74278      0.00373
    -0.90190      0.00230     -8.72944      0.00377
    -0.89990      0.00233     -8.71609      0.00382
    -0.89790      0.00235     -8.70274      0.00387
    -0.89590      0.00237     -8.68940      0.00392
    -0.89389      0.00239     -8.67605      0.00396
    -0.89189      0.00241     -8.66270      0.00401
    -0.88989      0.00243     -8.64936      0.00406
    -0.88789      0.00245     -8.63601      0.00411
    -0.88589      0.00247     -8.62266      0.00416
    -0.88388      0.00249     -8.60932      0.00421
    -0.88188      0.00252     -8.59597      0.00427
    -0.87988      0.00254     -8.58262      0.00432
    -0.87788      0.00256     -8.56928      0.00437
    -0.87588      0.00258     -8.55593      0.00442
    -0.87387      0.00260     -8.54258      0.00448
    -0.87187      0.00263     -8.52924      0.00453
    -0.86987      0.00265     -8.51589      0.00459
    -0.86787      0.00267     -8.50254      0.00464
    -0.86587      0.00269     -8.48920      0.00470
    -0.86386      0.00272     -8.47585      0.00475
    -0.86186      0.00274     -8.46250      0.00481
    -0.85986      0.00276     -8.44916      0.00487
    -0.85786      0.00279     -8.43581      0.00493
    -0.85586      0.00281     -8.42246      0.00499
    -0.85385      0.00284     -8.40912      0.00504
    -0.85185      0.00286     -8.39577      0.00510
    -0.84985      0.00288     -8.38242      0.00517
    -0.84785      0.00291     -8.36908      0.00523
    -0.84585      0.00293     -8.35573      0.00529
    -0.84384      0.00296     -8.34238      0.00535
    -0.84184      0.00298     -8.32904      0.00541
    -0.83984      0.00301     -8.31569      0.00548
    -0.83784      0.00303     -8.30234      0.00554
    -0.83584      0.00306     -8.28900      0.00561
    -0.83383      0.00308     -8.27565      0.00567
    -0.83183      0.00311     -8.26230      0.00574
    -0.82983      0.00313     -8.24896      0.00581
    -0.82783      0.00316     -8.23561      0.00587
    -0.82583      0.00319     -8.22226      0.00594
    -0.82382      0.00321     -8.20892      0.00601
    -0.82182      0.00324     -8.19557      0.00608
    -0.81982      0.00327     -8.18222      0.00615
    -0.81782      0.00329     -8.16888      0.00622
    -0.81582      0.00332     -8.15553      0.00629
    -0.81381      0.00335     -8.14218      0.00637
    -0.81181      0.00338     -8.12884      0.00644
    -0.80981      0.00340     -8.11549      0.00651
    -0.80781      0.00343     -8.10214      0.00659
    -0.80581      0.00346     -8.08879      0.00666
    -0.80380      0.00349     -8.07545      0.00674
    -0.80180      0.00352     -8.06210      0.00682
    -0.79980      0.00354     -8.04875      0.00690
    -0.79780      0.00357     -8.03541      0.00697
    -0.79580      0.00360     -8.02206      0.00705
    -0.79379      0.00363     -8.00871      0.00713
    -0.79179      0.00366     -7.99537      0.00721
    -0.78979      0.00369     -7.98202      0.00730
    -0.78779      0.00372     -7.96867      0.00738
    -0.78579      0.00375     -7.95533      0.00746
    -0.78378      0.00378     -7.94198      0.00754
    -0.78178      0.00381     -7.92863      0.00763
    -0.77978      0.00384     -7.91529      0.00772
    -0.77778      0.00387     -7.90194      0.00780
    -0.77578      0.00390     -7.88859      0.00789
    -0.77377      0.00393     -7.87525      0.00798
    -0.77177      0.00396     -7.86190      0.00807
    -0.76977      0.00400     -7.84855      0.00816
    -0.76777      0.00403     -7.83521      0.00825
    -0.76577      0.00406     -7.82186      0.00834
    -0.76376      0.00409     -7.80851      0.00843
    -0.76176      0.00412     -7.79517      0.00852
    -0.75976      0.00416     -7.78182      0.00862
    -0.75776      0.00419     -7.76847      0.00871
    -0.75576      0.00422     -7.75513      0.00881
    -0.75375      0.00425     -7.74178      0.00890
    -0.75175      0.00429     -7.72843      0.00900
    -0.74975      0.00432     -7.71509      0.00910
    -0.74775      0.00436     -7.70174      0.00920
    -0.74575      0.00439     -7.68839      0.00930
    -0.74374      0.00442     -7.67505      0.00940
    -0.74174      0.00446     -7.66170      0.00950
    -0.73974      0.00449     -7.64835      0.00961
    -0.73774      0.00453     -7.63501      0.00971
    -0.73574      0.00456     -7.62166      0.00982
    -0.73373      0.00460     -7.60831      0.00992
    -0.73173      0.00463     -7.59497      0.01003
    -0.72973      0.00467     -7.58162      0.01014
    -0.72773      0.00470     -7.56827      0.01025
    -0.72573      0.00474     -7.55493      0.01036
    -0.72372      0.00478     -7.54158      0.01047
    -0.72172      0.00481     -7.52823      0.01058
    -0.71972      0.00485     -7.51489      0.01069
    -0.71772      0.00489     -7.50154      0.01081
    -0.71572      0.00492     -7.48819      0.01092
    -0.71371      0.00496     -7.47485      0.01104
    -0.71171      0.00500     -7.46150      0.01116
    -0.70971      0.00504     -7.44815      0.01128
    -0.70771      0.00507     -7.43481      0.01140
    -0.70571      0.00511     -7.42146      0.01152
    -0.70370      0.00515     -7.40811      0.01164
    -0.70170      0.00519     -7.39477      0.01176
    -0.69970      0.00523     -7.38142      0.01188
    -0.69770      0.00527     -7.36807      0.01201
    -0.69570      0.00531     -7.35473      0.01214
    -0.69369      0.00535     -7.34138      0.01226
    -0.69169      0.00539     -7.32803      0.01239
    -0.68969      0.00543     -7.31469      0.01252
    -0.68769      0.00547     -7.30134      0.01265
    -0.68569      0.00551     -7.28799      0.01278
    -0.68368      0.00555     -7.27465      0.01292
    -0.68168      0.00559     -7.26130      0.01305
    -0.67968      0.00563     -7.24795      0.01319
    -0.67768      0.00567     -7.23461      0.01332
    -0.67568      0.00572     -7.22126      0.01346
    -0.67367      0.00576     -7.20791      0.01360
    -0.67167      0.00580     -7.19457      0.01374
    -0.66967      0.00584     -7.18122      0.01388
    -0.66767      0.00589     -7.16787      0.01403
    -0.66567      0.00593     -7.15453      0.01417
    -0.66366      0.00597     -7.14118      0.01432
    -0.66166      0.00602     -7.12783      0.01446
    -0.65966      0.00606     -7.11449      0.01461
    -0.65766      0.00610     -7.10114      0.01476
    -0.65566      0.00615     -7.08779      0.01491
    -0.65365      0.00619     -7.07445      0.01506
    -0.65165      0.00624     -7.06110      0.01521
    -0.64965      0.00628     -7.04775      0.01537
    -0.64765      0.00633     -7.03441      0.01552
    -0.64565      0.00637     -7.02106      0.01568
    -0.64364      0.00642     -7.00771      0.01584
    -0.64164      0.00647     -6.99437      0.01600
    -0.63964      0.00651     -6.98102      0.01616
    -0.63764      0.00656     -6.96767      0.01632
    -0.63564      0.00661     -6.95433      0.01649
    -0.63363      0.00665     -6.94098      0.01665
    -0.63163      0.00670     -6.92763      0.01682
    -0.62963      0.00675     -6.91429      0.01699
    -0.62763      0.00680     -6.90094      0.01716
    -0.62563      0.00685     -6.88759      0.01733
    -0.62362      0.00689     -6.87425      0.01750
    -0.62162      0.00694     -6.86090      0.01768
    -0.61962      0.00699     -6.84755      0.01785
    -0.61762      0.00704     -6.83421      0.01803
    -0.61562      0.00709     -6.82086      0.01821
    -0.61361      0.00714     -6.80751      0.01839
    -0.61161      0.00719     -6.79417      0.01857
    -0.60961      0.00724     -6.78082      0.01875
    -0.60761      0.00729     -6.76747      0.01894
    -0.60561      0.00735     -6.75413      0.01913
    -0.60360      0.00740     -6.74078      0.01931
    -0.60160      0.00745     -6.72743      0.01950
    -0.59960      0.00750     -6.71409      0.01969
    -0.59760      0.00755     -6.70074      0.01989
    -0.59560      0.00761     -6.68739      0.02008
    -0.59359      0.00766     -6.67405      0.02028
    -0.59159      0.00771     -6.66070      0.02048
    -0.58959      0.00777     -6.64735      0.02067
    -0.58759      0.00782     -6.63401      0.02088
    -0.58559      0.00787     -6.62066      0.02108
    -0.58358      0.00793     -6.60731      0.02128
    -0.58158      0.00798     -6.59397      0.02149
    -0.57958      0.00804     -6.58062      0.02170
    -0.57758      0.00809     -6.56727      0.02191
    -0.57558      0.00815     -6.55393      0.02212
    -0.57357      0.00820     -6.54058      0.02233
    -0.57157      0.00826     -6.52723      0.02254
    -0.56957      0.00832     -6.51389      0.02276
    -0.56757      0.00837     -6.50054      0.02298
    -0.56557      0.00843     -6.48719      0.02320
    -0.56356      0.00849     -6.47385      0.02342
    -0.56156      0.00855     -6.46050      0.02364
    -0.55956      0.00860     -6.44715      0.02387
    -0.55756      0.00866     -6.43381      0.02410
    -0.55556      0.00872     -6.42046      0.02433
    -0.55355      0.00878     -6.40711      0.02456
    -0.55155      0.00884     -6.39377      0.02479
    -0.54955      0.00890     -6.38042      0.02502
    -0.54755      0.00896     -6.36707      0.02526
    -0.54555      0.00902     -6.35373      0.02550
    -0.54354      0.00908     -6.34038      0.02574
    -0.54154      0.00914     -6.32703      0.02598
    -0.53954      0.00920     -6.31369      0.02623
    -0.53754      0.00927     -6.30034      0.02647
    -0.53554      0.00933     -6.28699      0.02672
    -0.53353      0.00939     -6.27365      0.02697
    -0.53153      0.00945     -6.26030      0.02722
    -0.52953      0.00952     -6.24695      0.02748
    -0.52753      0.00958     -6.23361      0.02773
    -0.52553      0.00964     -6.22026      0.02799
    -0.52352      0.00971     -6.20691      0.02825
    -0.52152      0.00977     -6.19357      0.02852
    -0.51952      0.00984     -6.18022      0.02878
    -0.51752      0.00990     -6.16687      0.02905
    -0.51552      0.00997     -6.15353      0.02932
    -0.51351      0.01003     -6.14018      0.02959
    -0.51151      0.01010     -6.12683      0.02986
    -0.50951      0.01016     -6.11349      0.03014
    -0.50751      0.01023     -6.10014      0.03041
    -0.50551      0.01030     -6.08679      0.03069
    -0.50350      0.01036     -6.07345      0.03097
    -0.50150      0.01043     -6.06010      0.03126
    -0.49950      0.01050     -6.04675      0.03154
    -0.49750      0.01057     -6.03341      0.03183
    -0.49550      0.01064     -6.02006      0.03212
    -0.49349      0.01071     -6.00671      0.03242
    -0.49149      0.01078     -5.99337      0.03271
    -0.48949      0.01085     -5.98002      0.03301
    -0.48749      0.01092     -5.96667      0.03331
    -0.48549      0.01099     -5.95333      0.03361
    -0.48348      0.01106     -5.93998      0.03392
    -0.48148      0.01113     -5.92663      0.03422
    -0.47948      0.01120     -5.91329      0.03453
    -0.47748      0.01127     -5.89994      0.03485
    -0.47548      0.01135     -5.88659      0.03516
    -0.47347      0.01142     -5.87325      0.03548
    -0.47147      0.01149     -5.85990      0.03580
    -0.46947      0.01157     -5.84655      0.03612
    -0.46747      0.01164     -5.83321      0.03644
    -0.46547      0.01172     -5.81986      0.03677
    -0.46346      0.01179     -5.80651      0.03710
    -0.46146      0.01187     -5.79317      0.03743
    -0.45946      0.01194     -5.77982      0.03776
    -0.45746      0.01202     -5.76647      0.03810
    -0.45546      0.01209     -5.75313      0.03844
    -0.45345      0.01217     -5.73978      0.03878
    -0.45145      0.01225     -5.72643      0.03912
    -0.44945      0.01232     -5.71309      0.03947
    -0.44745      0.01240     -5.69974      0.03982
    -0.44545      0.01248     -5.68639      0.04017
    -0.44344      0.01256     -5.67305      0.04053
    -0.44144      0.01264     -5.65970      0.04089
    -0.43944      0.01272     -5.64635      0.04125
    -0.43744      0.01280     -5.63301      0.04161
    -0.43544      0.01288     -5.61966      0.04197
    -0.43343      0.01296     -5.60631      0.04234
    -0.43143      0.01304     -5.59297      0.04271
    -0.42943      0.01312     -5.57962      0.04309
    -0.42743      0.01320     -5.56627      0.04347
    -0.42543      0.01329     -5.55293      0.04385
    -0.42342      0.01337     -5.53958      0.04423
    -0.42142      0.01345     -5.52623      0.04461
    -0.41942      0.01353     -5.51289      0.04500
    -0.41742      0.01362     -5.49954      0.04539
    -0.41542      0.01370     -5.48619      0.04579
    -0.41341      0.01379     -5.47285      0.04618
    -0.41141      0.01387     -5.45950      0.04658
    -0.40941      0.01396     -5.44615      0.04699
    -0.40741      0.01404     -5.43281      0.04739
    -0.40541      0.01413     -5.41946      0.04780
    -0.40340      0.01422     -5.40611      0.04821
    -0.40140      0.01430     -5.39277      0.04863
    -0.39940      0.01439     -5.37942      0.04905
    -0.39740      0.01448     -5.36607      0.04947
    -0.39540      0.01457     -5.35273      0.04989
    -0.39339      0.01466     -5.33938      0.05032
    -0.39139      0.01475     -5.32603      0.05075
    -0.38939      0.01484     -5.31269      0.05118
    -0.38739      0.01493     -5.29934      0.05162
    -0.38539      0.01502     -5.28599      0.05206
    -0.38338      0.01511     -5.27265      0.05250
    -0.38138      0.01520     -5.25930      0.05295
    -0.37938      0.01529     -5.24595      0.05340
    -0.37738      0.01539     -5.23261      0.05385
    -0.37538      0.01548     -5.21926      0.05431
    -0.37337      0.01557     -5.20591      0.05477
    -0.37137      0.01567     -5.19257      0.05523
    -0.36937      0.01576     -5.17922      0.05570
    -0.36737      0.01586     -5.16587      0.05617
    -0.36537      0.01595     -5.15253      0.05664
    -0.36336      0.01605     -5.13918      0.05712
    -0.36136      0.01614     -5.12583      0.05760
    -0.35936      0.01624     -5.11249      0.05808
    -0.35736      0.01634     -5.09914      0.05857
    -0.35536      0.01643     -5.08579      0.05906
    -0.35335      0.01653     -5.07245      0.05955
    -0.35135      0.01663     -5.05910      0.06005
    -0.34935      0.01673     -5.04575      0.06055
    -0.34735      0.01683     -5.03241      0.06105
    -0.34535      0.01693     -5.01906      0.06156
    -0.34334      0.01703     -5.00571      0.06207
    -0.34134      0.01713     -4.99237      0.06259
    -0.33934      0.01723     -4.97902      0.06311
    -0.33734      0.01733     -4.96567      0.06363
    -0.33534      0.01744     -4.95233      0.06415
    -0.33333      0.01754     -4.93898      0.06468
    -0.33133      0.01764     -4.92563      0.06522
    -0.32933      0.01775     -4.91229      0.06576
    -0.32733      0.01785     -4.89894      0.06630
    -0.32533      0.01795     -4.88559      0.06684
    -0.32332      0.01806     -4.87225      0.06739
    -0.32132      0.01817     -4.85890      0.06794
    -0.31932      0.01827     -4.84555      0.06850
    -0.31732      0.01838     -4.83221      0.06906
    -0.31532      0.01849     -4.81886      0.06963
    -0.31331      0.01859     -4.80551      0.07020
    -0.31131      0.01870     -4.79217      0.07077
    -0.30931      0.01881     -4.77882      0.07134
    -0.30731      0.01892     -4.76547      0.07192
    -0.30531      0.01903     -4.75212      0.07251
    -0.30330      0.01914     -4.73878      0.07310
    -0.30130      0.01925     -4.72543      0.07369
    -0.29930      0.01936     -4.71208      0.07429
    -0.29730      0.01947     -4.69874      0.07489
    -0.29530      0.01959     -4.68539      0.07549
    -0.29329      0.01970     -4.67204      0.07610
    -0.29129      0.01981     -4.65870      0.07672
    -0.28929      0.01993     -4.64535      0.07733
    -0.28729      0.02004     -4.63200      0.07796
    -0.28529      0.02015     -4.61866      0.07858
    -0.28328      0.02027     -4.60531      0.07921
    -0.28128      0.02039     -4.59196      0.07985
    -0.27928      0.02050     -4.57862      0.08049
    -0.27728      0.02062     -4.56527      0.08113
    -0.27528      0.02074     -4.55192      0.08178
    -0.27327      0.02085     -4.53858      0.08243
    -0.27127      0.02097     -4.52523      0.08309
    -0.26927      0.02109     -4.51188      0.08375
    -0.26727      0.02121     -4.49854      0.08442
    -0.26527      0.02133     -4.48519      0.08509
    -0.26326      0.02145     -4.47184      0.08576
    -0.26126      0.02157     -4.45850      0.08644
    -0.25926      0.02170     -4.44515      0.08713
    -0.25726      0.02182     -4.43180      0.08781
    -0.25526      0.02194     -4.41846      0.08851
    -0.25325      0.02207     -4.40511      0.08921
    -0.25125      0.02219     -4.39176      0.08991
    -0.24925      0.02231     -4.37842      0.09062
    -0.24725      0.02244     -4.36507      0.09133
    -0.24525      0.02256     -4.35172      0.09205
    -0.24324      0.02269     -4.33838      0.09277
    -0.24124      0.02282     -4.32503      0.09350
    -0.23924      0.02295     -4.31168      0.09423
    -0.23724      0.02307     -4.29834      0.09497
    -0.23524      0.02320     -4.28499      0.09571
    -0.23323      0.02333     -4.27164      0.09645
    -0.23123      0.02346     -4.25830      0.09721
    -0.22923      0.02359     -4.24495      0.09796
    -0.22723      0.02372     -4.23160      0.09872
    -0.22523      0.02385     -4.21826      0.09949
    -0.22322      0.02399     -4.20491      0.10026
    -0.22122      0.02412     -4.19156      0.10104
    -0.21922      0.02425     -4.17822      0.10182
    -0.21722      0.02439     -4.16487      0.10261
    -0.21522      0.02452     -4.15152      0.10340
    -0.21321      0.02465     -4.13818      0.10420
    -0.21121      0.02479     -4.12483      0.10500
    -0.20921      0.02493     -4.11148      0.10581
    -0.20721      0.02506     -4.09814      0.10662
    -0.20521      0.02520     -4.08479      0.10744
    -0.20320      0.02534     -4.07144      0.10827
    -0.20120      0.02548     -4.05810      0.10910
    -0.19920      0.02562     -4.04475      0.10993
    -0.19720      0.02576     -4.03140      0.11077
    -0.19520      0.02590     -4.01806      0.11162
    -0.19319      0.02604     -4.00471      0.11247
    -0.19119      0.02618     -3.99136      0.11333
    -0.18919      0.02632     -3.97802      0.11419
    -0.18719      0.02646     -3.96467      0.11506
    -0.18519      0.02661     -3.95132      0.11593
    -0.18318      0.02675     -3.93798      0.11681
    -0.18118      0.02690     -3.92463      0.11770
    -0.17918      0.02704     -3.91128      0.11859
    -0.17718      0.02719     -3.89794      0.11949
    -0.17518      0.02733     -3.88459      0.12039
    -0.17317      0.02748     -3.87124      0.12130
    -0.17117      0.02763     -3.85790      0.12222
    -0.16917      0.02778     -3.84455      0.12314
    -0.16717      0.02793     -3.83120      0.12406
    -0.16517      0.02808     -3.81786      0.12500
    -0.16316      0.02823     -3.80451      0.12593
    -0.16116      0.02838     -3.79116      0.12688
    -0.15916      0.02853     -3.77782      0.12783
    -0.15716      0.02868     -3.76447      0.12879
    -0.15516      0.02884     -3.75112      0.12975
    -0.15315      0.02899     -3.73778      0.13072
    -0.15115      0.02914     -3.72443      0.13169
    -0.14915      0.02930     -3.71108      0.13267
    -0.14715      0.02945     -3.69774      0.13366
    -0.14515      0.02961     -3.68439      0.13466
    -0.14314      0.02977     -3.67104      0.13566
    -0.14114      0.02992     -3.65770      0.13666
    -0.13914      0.03008     -3.64435      0.13768
    -0.13714      0.03024     -3.63100      0.13870
    -0.13514      0.03040     -3.61766      0.13972
    -0.13313      0.03056     -3.60431      0.14075
    -0.13113      0.03072     -3.59096      0.14179
    -0.12913      0.03088     -3.57762      0.14284
    -0.12713      0.03105     -3.56427      0.14389
    -0.12513      0.03121     -3.55092      0.14495
    -0.12312      0.03137     -3.53758      0.14602
    -0.12112      0.03154     -3.52423      0.14709
    -0.11912      0.03170     -3.51088      0.14817
    -0.11712      0.03187     -3.49754      0.14925
    -0.11512      0.03204     -3.48419      0.15034
    -0.11311      0.03220     -3.47084      0.15144
    -0.11111      0.03237     -3.45750      0.15255
    -0.10911      0.03254     -3.44415      0.15366
    -0.10711      0.03271     -3.43080      0.15478
    -0.10511      0.03288     -3.41746      0.15591
    -0.10310      0.03305     -3.40411      0.15704
    -0.10110      0.03322     -3.39076      0.15819
    -0.09910      0.03339     -3.37742      0.15933
    -0.09710      0.03356     -3.36407      0.16049
    -0.09510      0.03374     -3.35072      0.16165
    -0.09309      0.03391     -3.33738      0.16282
    -0.09109      0.03409     -3.32403      0.16400
    -0.08909      0.03426     -3.31068      0.16518
    -0.08709      0.03444     -3.29734      0.16638
    -0.08509      0.03462     -3.28399      0.16757
    -0.08308      0.03479     -3.27064      0.16878
    -0.08108      0.03497     -3.25730      0.17000
    -0.07908      0.03515     -3.24395      0.17122
    -0.07708      0.03533     -3.23060      0.17245
    -0.07508      0.03551     -3.21726      0.17368
    -0.07307      0.03569     -3.20391      0.17493
    -0.07107      0.03588     -3.19056      0.17618
    -0.06907      0.03606     -3.17722      0.17744
    -0.06707      0.03624     -3.16387      0.17870
    -0.06507      0.03643     -3.15052      0.17998
    -0.06306      0.03661     -3.13718      0.18126
    -0.06106      0.03680     -3.12383      0.18255
    -0.05906      0.03699     -3.11048      0.18385
    -0.05706      0.03717     -3.09714      0.18516
    -0.05506      0.03736     -3.08379      0.18647
    -0.05305      0.03755     -3.07044      0.18779
    -0.05105      0.03774     -3.05710      0.18912
    -0.04905      0.03793     -3.04375      0.19046
    -0.04705      0.03812     -3.03040      0.19181
    -0.04505      0.03831     -3.01706      0.19316
    -0.04304      0.03851     -3.00371      0.19452
    -0.04104      0.03870     -2.99036      0.19590
    -0.03904      0.03890     -2.97702      0.19727
    -0.03704      0.03909     -2.96367      0.19866
    -0.03504      0.03929     -2.95032      0.20006
    -0.03303      0.03948     -2.93698      0.20146
    -0.03103      0.03968     -2.92363      0.20287
    -0.02903      0.03988     -2.91028      0.20430
    -0.02703      0.04008     -2.89694      0.20573
    -0.02503      0.04028     -2.88359      0.20716
    -0.02302      0.04048     -2.87024      0.20861
    -0.02102      0.04068     -2.85690      0.21007
    -0.01902      0.04088     -2.84355      0.21153
    -0.01702      0.04109     -2.83020      0.21300
    -0.01502      0.04129     -2.81686      0.21449
    -0.01301      0.04150     -2.80351      0.21598
    -0.01101      0.04170     -2.79016      0.21748
    -0.00901      0.04191     -2.77682      0.21898
    -0.00701      0.04211     -2.76347      0.22050
    -0.00501      0.04232     -2.75012      0.22203
    -0.00300      0.04253     -2.73678      0.22356
    -0.00100      0.04274     -2.72343      0.22511
     0.00100      0.04295     -2.71008      0.22666
     0.00300      0.04316     -2.69674      0.22822
     0.00501      0.04337     -2.68339      0.22980
     0.00701      0.04359     -2.67004      0.23138
     0.00901      0.04380     -2.65670      0.23297
     0.01101      0.04402     -2.64335      0.23457
     0.01301      0.04423     -2.63000      0.23618
     0.01502      0.04445     -2.61666      0.23780
     0.01702      0.04467     -2.60331      0.23942
     0.01902      0.04488     -2.58996      0.24106
     0.02102      0.04510     -2.57662      0.24271
     0.02302      0.04532     -2.56327      0.24437
     0.02503      0.04554     -2.54992      0.24603
     0.02703      0.04576     -2.53658      0.24771
     0.02903      0.04599     -2.52323      0.24940
     0.03103      0.04621     -2.50988      0.25109
     0.03303      0.04643     -2.49654      0.25280
     0.03504      0.04666     -2.48319      0.25451
     0.03704      0.04688     -2.46984      0.25624
     0.03904      0.04711     -2.45650      0.25798
     0.04104      0.04734     -2.44315      0.25972
     0.04304      0.04757     -2.42980      0.26148
     0.04505      0.04780     -2.41646      0.26324
     0.04705      0.04803     -2.40311      0.26502
     0.04905      0.04826     -2.38976      0.26681
     0.05105      0.04849     -2.37642      0.26860
     0.05305      0.04872     -2.36307      0.27041
     0.05506      0.04896     -2.34972      0.27223
     0.05706      0.04919     -2.33638      0.27406
     0.05906      0.04943     -2.32303      0.27590
     0.06106      0.04966     -2.30968      0.27775
     0.06306      0.04990     -2.29634      0.27961
     0.06507      0.05014     -2.28299      0.28148
     0.06707      0.05038     -2.26964      0.28336
     0.06907      0.05062     -2.25630      0.28525
     0.07107      0.05086     -2.24295      0.28715
     0.07307      0.05110     -2.22960      0.28907
     0.07508      0.05134     -2.21626      0.29099
     0.07708      0.05159     -2.20291      0.29293
     0.07908      0.05183     -2.18956      0.29487
     0.08108      0.05208     -2.17622      0.29683
     0.08308      0.05232     -2.16287      0.29880
     0.08509      0.05257     -2.14952      0.30078
     0.08709      0.05282     -2.13618      0.30277
     0.08909      0.05307     -2.12283      0.30478
     0.09109      0.05332     -2.10948      0.30679
     0.09309      0.05357     -2.09614      0.30882
     0.09510      0.05382     -2.08279      0.31085
     0.09710      0.05408     -2.06944      0.31290
     0.09910      0.05433     -2.05610      0.31496
     0.10110      0.05458     -2.04275      0.31703
     0.10310      0.05484     -2.02940      0.31912
     0.10511      0.05510     -2.01606      0.32121
     0.10711      0.05535     -2.00271      0.32332
     0.10911      0.05561     -1.98936      0.32544
     0.11111      0.05587     -1.97602      0.32757
     0.11311      0.05613     -1.96267      0.32971
     0.11512      0.05640     -1.94932      0.33186
     0.11712      0.05666     -1.93598      0.33403
     0.11912      0.05692     -1.92263      0.33621
     0.12112      0.05719     -1.90928      0.33840
     0.12312      0.05745     -1.89594      0.34060
     0.12513      0.05772     -1.88259      0.34282
     0.12713      0.05799     -1.86924      0.34504
     0.12913      0.05826     -1.85590      0.34728
     0.13113      0.05853     -1.84255      0.34954
     0.13313      0.05880     -1.82920      0.35180
     0.13514      0.05907     -1.81586      0.35408
     0.13714      0.05934     -1.80251      0.35637
     0.13914      0.05961     -1.78916      0.35867
     0.14114      0.05989     -1.77582      0.36099
     0.14314      0.06016     -1.76247      0.36332
     0.14515      0.06044     -1.74912      0.36566
     0.14715      0.06072     -1.73578      0.36801
     0.14915      0.06100     -1.72243      0.37038
     0.15115      0.06128     -1.70908      0.37276
     0.15315      0.06156     -1.69574      0.37515
     0.15516      0.06184     -1.68239      0.37756
     0.15716      0.06212     -1.66904      0.37998
     0.15916      0.06241     -1.65570      0.38241
     0.16116      0.06269     -1.64235      0.38486
     0.16316      0.06298     -1.62900      0.38732
     0.16517      0.06326     -1.61566      0.38979
     0.16717      0.06355     -1.60231      0.39228
     0.16917      0.06384     -1.58896      0.39478
     0.17117      0.06413     -1.57562      0.39729
     0.17317      0.06442     -1.56227      0.39982
     0.17518      0.06471     -1.54892      0.40236
     0.17718      0.06501     -1.53558      0.40492
     0.17918      0.06530     -1.52223      0.40748
     0.18118      0.06560     -1.50888      0.41007
     0.18318      0.06589     -1.49554      0.41266
     0.18519      0.06619     -1.48219      0.41528
     0.18719      0.06649     -1.46884      0.41790
     0.18919      0.06679     -1.45550      0.42054
     0.19119      0.06709     -1.44215      0.42319
     0.19319      0.06739     -1.42880      0.42586
     0.19520      0.06770     -1.41545      0.42855
     0.19720      0.06800     -1.40211      0.43124
     0.19920      0.06831     -1.38876      0.43395
     0.20120      0.06861     -1.37541      0.43668
     0.20320      0.06892     -1.36207      0.43942
     0.20521      0.06923     -1.34872      0.44218
     0.20721      0.06954     -1.33537      0.44495
     0.20921      0.06985     -1.32203      0.44773
     0.21121      0.07016     -1.30868      0.45053
     0.21321      0.07047     -1.29533      0.45335
     0.21522      0.07079     -1.28199      0.45618
     0.21722      0.07110     -1.26864      0.45902
     0.21922      0.07142     -1.25529      0.46188
     0.22122      0.07173     -1.24195      0.46476
     0.22322      0.07205     -1.22860      0.46765
     0.22523      0.07237     -1.21525      0.47056
     0.22723      0.07269     -1.20191      0.47348
     0.22923      0.07302     -1.18856      0.47642
     0.23123      0.07334     -1.17521      0.47937
     0.23323      0.07366     -1.16187      0.48234
     0.23524      0.07399     -1.14852      0.48532
     0.23724      0.07431     -1.13517      0.48832
     0.23924      0.07464     -1.12183      0.49134
     0.24124      0.07497     -1.10848      0.49437
     0.24324      0.07530     -1.09513      0.49742
     0.24525      0.07563     -1.08179      0.50048
     0.24725      0.07596     -1.06844      0.50356
     0.24925      0.07630     -1.05509      0.50666
     0.25125      0.07663     -1.04175      0.50977
     0.25325      0.07697     -1.02840      0.51290
     0.25526      0.07730     -1.01505      0.51605
     0.25726      0.07764     -1.00171      0.51921
     0.25926      0.07798     -0.98836      0.52239
     0.26126      0.07832     -0.97501      0.52559
     0.26326      0.07866     -0.96167      0.52880
     0.26527      0.07901     -0.94832      0.53203
     0.26727      0.07935     -0.93497      0.53528
     0.26927      0.07970     -0.92163      0.53854
     0.27127      0.08004     -0.90828      0.54182
     0.27327      0.08039     -0.89493      0.54512
     0.27528      0.08074     -0.88159      0.54843
     0.27728      0.08109     -0.86824      0.55176
     0.27928      0.08144     -0.85489      0.55511
     0.28128      0.08179     -0.84155      0.55848
     0.28328      0.08215     -0.82820      0.56186
     0.28529      0.08250     -0.81485      0.56526
     0.28729      0.08286     -0.80151      0.56868
     0.28929      0.08321     -0.78816      0.57212
     0.29129      0.08357     -0.77481      0.57557
     0.29329      0.08393     -0.76147      0.57905
     0.29530      0.08429     -0.74812      0.58254
     0.29730      0.08466     -0.73477      0.58604
     0.29930      0.08502     -0.72143      0.58957
     0.30130      0.08538     -0.70808      0.59312
     0.30330      0.08575     -0.69473      0.59668
     0.30531      0.08612     -0.68139      0.60026
     0.30731      0.08649     -0.66804      0.60386
     0.30931      0.08686     -0.65469      0.60748
     0.31131      0.08723     -0.64135      0.61111
     0.31331      0.08760     -0.62800      0.61477
     0.31532      0.08797     -0.61465      0.61844
     0.31732      0.08835     -0.60131      0.62214
     0.31932      0.08872     -0.58796      0.62585
     0.32132      0.08910     -0.57461      0.62958
     0.32332      0.08948     -0.56127      0.63333
     0.32533      0.08986     -0.54792      0.63710
     0.32733      0.09024     -0.53457      0.64089
     0.32933      0.09062     -0.52123      0.64469
     0.33133      0.09101     -0.50788      0.64852
     0.33333      0.09139     -0.49453      0.65237
     0.33534      0.09178     -0.48119      0.65623
     0.33734      0.09217     -0.46784      0.66012
     0.33934      0.09256     -0.45449      0.66402
     0.34134      0.09295     -0.44115      0.66795
     0.34334      0.09334     -0.42780      0.67189
     0.34535      0.09373     -0.41445      0.67586
     0.34735      0.09413     -0.40111      0.67984
     0.34935      0.09452     -0.38776      0.68385
     0.35135      0.09492     -0.37441      0.68787
     0.35335      0.09532     -0.36107      0.69192
     0.35536      0.09572     -0.34772      0.69598
     0.35736      0.09612     -0.33437      0.70007
     0.35936      0.09652     -0.32103      0.70418
     0.36136      0.09693     -0.30768      0.70830
     0.36336      0.09733     -0.29433      0.71245
     0.36537      0.09774     -0.28099      0.71662
     0.36737      0.09814     -0.26764      0.72081
     0.36937      0.09855     -0.25429      0.72502
     0.37137      0.09896     -0.24095      0.72925
     0.37337      0.09938     -0.22760      0.73351
     0.37538      0.09979     -0.21425      0.73778
     0.37738      0.10020     -0.20091      0.74208
     0.37938      0.10062     -0.18756      0.74639
     0.38138      0.10104     -0.17421      0.75073
     0.38338      0.10146     -0.16087      0.75509
     0.38539      0.10188     -0.14752      0.75947
     0.38739      0.10230     -0.13417      0.76388
     0.38939      0.10272     -0.12083      0.76830
     0.39139      0.10315     -0.10748      0.77275
     0.39339      0.10357     -0.09413      0.77722
     0.39540      0.10400     -0.08079      0.78171
     0.39740      0.10443     -0.06744      0.78623
     0.39940      0.10486     -0.05409      0.79076
     0.40140      0.10529     -0.04075      0.79532
     0.40340      0.10572     -0.02740      0.79990
     0.40541      0.10616     -0.01405      0.80451
     0.40741      0.10659     -0.00071      0.80913
     0.40941      0.10703      0.01264      0.81378
     0.41141      0.10747      0.02599      0.81845
     0.41341      0.10791      0.03933      0.82315
     0.41542      0.10835      0.05268      0.82787
     0.41742      0.10879      0.06603      0.83261
     0.41942      0.10924      0.07937      0.83737
     0.42142      0.10968      0.09272      0.84216
     0.42342      0.11013      0.10607      0.84697
     0.42543      0.11058      0.11941      0.85181
     0.42743      0.11103      0.13276      0.85666
     0.42943      0.11148      0.14611      0.86155
     0.43143      0.11193      0.15945      0.86645
     0.43343      0.11239      0.17280      0.87138
     0.43544      0.11284      0.18615      0.87634
     0.43744      0.11330      0.19949      0.88131
     0.43944      0.11376      0.21284      0.88632
     0.44144      0.11422      0.22619      0.89134
     0.44344      0.11468      0.23953      0.89639
     0.44545      0.11514      0.25288      0.90147
     0.44745      0.11561      0.26623      0.90657
     0.44945      0.11608      0.27957      0.91170
     0.45145      0.11654      0.29292      0.91685
     0.45345      0.11701      0.30627      0.92202
     0.45546      0.11748      0.31961      0.92722
     0.45746      0.11796      0.33296      0.93244
     0.45946      0.11843      0.34631      0.93769
     0.46146      0.11891      0.35965      0.94297
     0.46346      0.11938      0.37300      0.94827
     0.46547      0.11986      0.38635      0.95360
     0.46747      0.12034      0.39969      0.95895
     0.46947      0.12082      0.41304      0.96433
     0.47147      0.12131      0.42639      0.96973
     0.47347      0.12179      0.43973      0.97516
     0.47548      0.12228      0.45308      0.98061
     0.47748      0.12277      0.46643      0.98610
     0.47948      0.12326      0.47977      0.99160
     0.48148      0.12375      0.49312      0.99714
     0.48348      0.12400      0.50000      1.00000
     0.48549      0.12400      0.50000      1.00000
     0.48749      0.12400      0.50000      1.00000
     0.48949      0.12400      0.50000      1.00000
     0.49149      0.12400      0.50000      1.00000
     0.49349      0.12400      0.50000      1.00000
     0.49550      0.12400      0.50000      1.00000
     0.49750      0.12400      0.50000      1.00000
     0.49950      0.12400      0.50000      1.00000
     0.50150      0.12400      0.50000      1.00000
     0.50350      0.12400      0.50000      1.00000
     0.50551      0.12400      0.50000      1.00000
     0.50751      0.12400      0.50000      1.00000
     0.50951      0.12400      0.50000      1.00000
     0.51151      0.12400      0.50000      1.00000
     0.51351      0.12400      0.50000      1.00000
     0.51552      0.12400      0.50000      1.00000
     0.51752      0.12400      0.50000      1.00000
     0.51952      0.12400      0.50000      1.00000
     0.52152      0.12400      0.50000      1.00000
     0.52352      0.12400      0.50000      1.00000
     0.52553      0.12400      0.50000      1.00000
     0.52753      0.12400      0.50000      1.00000
     0.52953      0.12400      0.50000      1.00000
     0.53153      0.12400      0.50000      1.00000
     0.53353      0.12400      0.50000      1.00000
     0.53554      0.12400      0.50000      1.00000
     0.53754      0.12400      0.50000      1.00000
     0.53954      0.12400      0.50000      1.00000
     0.54154      0.12400      0.50000      1.00000
     0.54354      0.12400      0.50000      1.00000
     0.54555      0.12400      0.50000      1.00000
     0.54755      0.12400      0.50000      1.00000
     0.54955      0.12400      0.50000      1.00000
     0.55155      0.12400      0.50000      1.00000
     0.55355      0.12400      0.50000      1.00000
     0.55556      0.12400      0.50000      1.00000
     0.55756      0.12400      0.50000      1.00000
     0.55956      0.12400      0.50000      1.00000
     0.56156      0.12400      0.50000      1.00000
     0.56356      0.12400      0.50000      1.00000
     0.56557      0.12400      0.50000      1.00000
     0.56757      0.12400      0.50000      1.00000
     0.56957      0.12400      0.50000      1.00000
     0.57157      0.12400      0.50000      1.00000
     0.57357      0.12400      0.50000      1.00000
     0.57558      0.12400      0.50000      1.00000
     0.57758      0.12400      0.50000      1.00000
     0.57958      0.12400      0.50000      1.00000
     0.58158      0.12400      0.50000      1.00000
     0.58358      0.12400      0.50000      1.00000
     0.58559      0.12400      0.50000      1.00000
     0.58759      0.12400      0.50000      1.00000
     0.58959      0.12400      0.50000      1.00000
     0.59159      0.12400      0.50000      1.00000
     0.59359      0.12400      0.50000      1.00000
     0.59560      0.12400      0.50000      1.00000
     0.59760      0.12400      0.50000      1.00000
     0.59960      0.12400      0.50000      1.00000
     0.60160      0.12400      0.50000      1.00000
     0.60360      0.12400      0.50000      1.00000
     0.60561      0.12400      0.50000      1.00000
     0.60761      0.12400      0.50000      1.00000
     0.60961      0.12400      0.50000      1.00000
     0.61161      0.12400      0.50000      1.00000
     0.61361      0.12400      0.50000      1.00000
     0.61562      0.12400      0.50000      1.00000
     0.61762      0.12400      0.50000      1.00000
     0.61962      0.12400      0.50000      1.00000
     0.62162      0.12400      0.50000      1.00000
     0.62362      0.12400      0.50000      1.00000
     0.62563      0.12400      0.50000      1.00000
     0.62763      0.12400      0.50000      1.00000
     0.62963      0.12400      0.50000      1.00000
     0.63163      0.12400      0.50000      1.00000
     0.63363      0.12400      0.50000      1.00000
     0.63564      0.12400      0.50000      1.00000
     0.63764      0.12400      0.50000      1.00000
     0.63964      0.12400      0.50000      1.00000
     0.64164      0.12400      0.50000      1.00000
     0.64364      0.12400      0.50000      1.00000
     0.64565      0.12400      0.50000      1.00000
     0.64765      0.12400      0.50000      1.00000
     0.64965      0.12400      0.50000      1.00000
     0.65165      0.12400      0.50000      1.00000
     0.65365      0.12400      0.50000      1.00000
     0.65566      0.12400      0.50000      1.00000
     0.65766      0.12400      0.50000      1.00000
     0.65966      0.12400      0.50000      1.00000
     0.66166      0.12400      0.50000      1.00000
     0.66366      0.12400      0.50000      1.00000
     0.66567      0.12400      0.50000      1.00000
     0.66767      0.12400      0.50000      1.00000
     0.66967      0.12400      0.50000      1.00000
     0.67167      0.12400      0.50000      1.00000
     0.67367      0.12400      0.50000      1.00000
     0.67568      0.12400      0.50000      1.00000
     0.67768      0.12400      0.50000      1.00000
     0.67968      0.12400      0.50000      1.00000
     0.68168      0.12400      0.50000      1.00000
     0.68368      0.12400      0.50000      1.00000
     0.68569      0.12400      0.50000      1.00000
     0.68769      0.12400      0.50000      1.00000
     0.68969      0.12400      0.50000      1.00000
     0.69169      0.12400      0.50000      1.00000
     0.69369      0.12400      0.50000      1.00000
     0.69570      0.12400      0.50000      1.00000
     0.69770      0.12400      0.50000      1.00000
     0.69970      0.12400      0.50000      1.00000
     0.70170      0.12400      0.50000      1.00000
     0.70370      0.12400      0.50000      1.00000
     0.70571      0.12400      0.50000      1.00000
     0.70771      0.12400      0.50000      1.00000
     0.70971      0.12400      0.50000      1.00000
     0.71171      0.12400      0.50000      1.00000
     0.71371      0.12400      0.50000      1.00000
     0.71572      0.12400      0.50000      1.00000
     0.71772      0.12400      0.50000      1.00000
     0.71972      0.12400      0.50000      1.00000
     0.72172      0.12400      0.50000      1.00000
     0.72372      0.12400      0.50000      1.00000
     0.72573      0.12400      0.50000      1.00000
     0.72773      0.12400      0.50000      1.00000
     0.72973      0.12400      0.50000      1.00000
     0.73173      0.12400      0.50000      1.00000
     0.73373      0.12400      0.50000      1.00000
     0.73574      0.12400      0.50000      1.00000
     0.73774      0.12400      0.50000      1.00000
     0.73974      0.12400      0.50000      1.00000
     0.74174      0.12400      0.50000      1.00000
     0.74374      0.12400      0.50000      1.00000
     0.74575      0.12400      0.50000      1.00000
     0.74775      0.12400      0.50000      1.00000
     0.74975      0.12400      0.50000      1.00000
     0.75175      0.12400      0.50000      1.00000
     0.75375      0.12400      0.50000      1.00000
     0.75576      0.12400      0.50000      1.00000
     0.75776      0.12400      0.50000      1.00000
     0.75976      0.12400      0.50000      1.00000
     0.76176      0.12400      0.50000      1.00000
     0.76376      0.12400      0.50000      1.00000
     0.76577      0.12400      0.50000      1.00000
     0.76777      0.12400      0.50000      1.00000
     0.76977      0.12400      0.50000      1.00000
     0.77177      0.12400      0.50000      1.00000
     0.77377      0.12400      0.50000      1.00000
     0.77578      0.12400      0.50000      1.00000
     0.77778      0.12400      0.50000      1.00000
     0.77978      0.12400      0.50000      1.00000
     0.78178      0.12400      0.50000      1.00000
     0.78378      0.12400      0.50000      1.00000
     0.78579      0.12400      0.50000      1.00000
     0.78779      0.12400      0.50000      1.00000
     0.78979      0.12400      0.50000      1.00000
     0.79179      0.12400      0.50000      1.00000
     0.79379      0.12400      0.50000      1.00000
     0.79580      0.12400      0.50000      1.00000
     0.79780      0.12400      0.50000      1.00000
     0.79980      0.12400      0.50000      1.00000
     0.80180      0.12400      0.50000      1.00000
     0.80380      0.12400      0.50000      1.00000
     0.80581      0.12400      0.50000      1.00000
     0.80781      0.12400      0.50000      1.00000
     0.80981      0.12400      0.50000      1.00000
     0.81181      0.12400      0.50000      1.00000
     0.81381      0.12400      0.50000      1.00000
     0.81582      0.12400      0.50000      1.00000
     0.81782      0.12400      0.50000      1.00000
     0.81982      0.12400      0.50000      1.00000
     0.82182      0.12400      0.50000      1.00000
     0.82382      0.12400      0.50000      1.00000
     0.82583      0.12400      0.50000      1.00000
     0.82783      0.12400      0.50000      1.00000
     0.82983      0.12400      0.50000      1.00000
     0.83183      0.12400      0.50000      1.00000
     0.83383      0.12400      0.50000      1.00000
     0.83584      0.12400      0.50000      1.00000
     0.83784      0.12400      0.50000      1.00000
     0.83984      0.12400      0.50000      1.00000
     0.84184      0.12400      0.50000      1.00000
     0.84384      0.12400      0.50000      1.00000
     0.84585      0.12400      0.50000      1.00000
     0.84785      0.12400      0.50000      1.00000
     0.84985      0.12400      0.50000      1.00000
     0.85185      0.12400      0.50000      1.00000
     0.85385      0.12400      0.50000      1.00000
     0.85586      0.12400      0.50000      1.00000
     0.85786      0.12400      0.50000      1.00000
     0.85986      0.12400      0.50000      1.00000
     0.86186      0.12400      0.50000      1.00000
     0.86386      0.12400      0.50000      1.00000
     0.86587      0.12400      0.50000      1.00000
     0.86787      0.12400      0.50000      1.00000
     0.86987      0.12400      0.50000      1.00000
     0.87187      0.12400      0.50000      1.00000
     0.87387      0.12400      0.50000      1.00000
     0.87588      0.12400      0.50000      1.00000
     0.87788      0.12400      0.50000      1.00000
     0.87988      0.12400      0.50000      1.00000
     0.88188      0.12400      0.50000      1.00000
     0.88388      0.12400      0.50000      1.00000
     0.88589      0.12400      0.50000      1.00000
     0.88789      0.12400      0.50000      1.00000
     0.88989      0.12400      0.50000      1.00000
     0.89189      0.12400      0.50000      1.00000
     0.89389      0.12400      0.50000      1.00000
     0.89590      0.12400      0.50000      1.00000
     0.89790      0.12400      0.50000      1.00000
     0.89990      0.12400      0.50000      1.00000
     0.90190      0.12400      0.50000      1.00000
     0.90390      0.12400      0.50000      1.00000
     0.90591      0.12400      0.50000      1.00000
     0.90791      0.12400      0.50000      1.00000
     0.90991      0.12400      0.50000      1.00000
     0.91191      0.12400      0.50000      1.00000
     0.91391      0.12400      0.50000      1.00000
     0.91592      0.12400      0.50000      1.00000
     0.91792      0.12400      0.50000      1.00000
     0.91992      0.12400      0.50000      1.00000
     0.92192      0.12400      0.50000      1.00000
     0.92392      0.12400      0.50000      1.00000
     0.92593      0.12400      0.50000      1.00000
     0.92793      0.12400      0.50000      1.00000
     0.92993      0.12400      0.50000      1.00000
     0.93193      0.12400      0.50000      1.00000
     0.93393      0.12400      0.50000      1.00000
     0.93594      0.12400      0.50000      1.00000
     0.93794      0.12400      0.50000      1.00000
     0.93994      0.12400      0.50000      1.00000
     0.94194      0.12400      0.50000      1.00000
     0.94394      0.12400      0.50000      1.00000
     0.94595      0.12400      0.50000      1.00000
     0.94795      0.12400      0.50000      1.00000
     0.94995      0.12400      0.50000      1.00000
     0.95195      0.12400      0.50000      1.00000
     0.95395      0.12400      0.50000      1.00000
     0.95596      0.12400      0.50000      1.00000
     0.95796      0.12400      0.50000      1.00000
     0.95996      0.12400      0.50000      1.00000
     0.96196      0.12400      0.50000      1.00000
     0.96396      0.12400      0.50000      1.00000
     0.96597      0.12400      0.50000      1.00000
     0.96797      0.12400      0.50000      1.00000
     0.96997      0.12400      0.50000      1.00000
     0.97197      0.12400      0.50000      1.00000
     0.97397      0.12400      0.50000      1.00000
     0.97598      0.12400      0.50000      1.00000
     0.97798      0.12400      0.50000      1.00000
     0.97998      0.12400      0.50000      1.00000
     0.98198      0.12400      0.50000      1.00000
     0.98398      0.12400      0.50000      1.00000
     0.98599      0.12400      0.50000      1.00000
     0.98799      0.12400      0.50000      1.00000
     0.98999      0.12400      0.50000      1.00000
     0.99199      0.12400      0.50000      1.00000
     0.99399      0.12400      0.50000      1.00000
     0.99600      0.12400      0.50000      1.00000
     0.99800      0.12400      0.50000      1.00000
     1.00000      0.12400      0.50000      1.00000
