t =     0.0750
           x          rho            u            p
    -1.00000      0.00001    -13.82787      0.00000
    -0.99800      0.00001    -13.80562      0.00000
    -0.99600      0.00001    -13.78338      0.00000
    -0.99399      0.00001    -13.76113      0.00000
    -0.99199      0.00001    -13.73889      0.00000
    -0.98999      0.00001    -13.71665      0.00000
    -0.98799      0.00001    -13.69440      0.00000
    -0.98599      0.00001    -13.67216      0.00000
    -0.98398      0.00001    -13.64991      0.00000
    -0.98198      0.00001    -13.62767      0.00000
    -0.97998      0.00001    -13.60542      0.00000
    -0.97798      0.00001    -13.58318      0.00000
    -0.97598      0.00001    -13.56093      0.00000
    -0.97397      0.00001    -13.53869      0.00000
    -0.97197      0.00002    -13.51644      0.00000
    -0.96997      0.00002    -13.49420      0.00000
    -0.96797      0.00002    -13.47196      0.00000
    -0.96597      0.00002    -13.44971      0.00000
    -0.96396      0.00002    -13.42747      0.00000
    -0.96196      0.00002    -13.40522      0.00000
    -0.95996      0.00002    -13.38298      0.00000
    -0.95796      0.00002    -13.36073      0.00001
    -0.95596      0.00002    -13.33849      0.00001
    -0.95395      0.00002    -13.31624      0.00001
    -0.95195      0.00002    -13.29400      0.00001
    -0.94995      0.00002    -13.27176      0.00001
    -0.94795      0.00002    -13.24951      0.00001
    -0.94595      0.00003    -13.22727      0.00001
    -0.94394      0.00003    -13.20502      0.00001
    -0.94194      0.00003    -13.18278      0.00001
    -0.93994      0.00003    -13.16053      0.00001
    -0.93794      0.00003    -13.13829      0.00001
    -0.93594      0.00003    -13.11604      0.00001
    -0.93393      0.00003    -13.09380      0.00001
    -0.93193      0.00003    -13.07156      0.00001
    -0.92993      0.00003    -13.04931      0.00001
    -0.92793      0.00003    -13.02707      0.00001
    -0.92593      0.00004    -13.00482      0.00001
    -0.92392      0.00004    -12.98258      0.00001
    -0.92192      0.00004    -12.96033      0.00001
    -0.91992      0.00004    -12.93809      0.00001
    -0.91792      0.00004    -12.91584      0.00001
    -0.91592      0.00004    -12.89360      0.00001
    -0.91391      0.00004    -12.87136      0.00001
    -0.91191      0.00005    -12.84911      0.00002
    -0.90991      0.00005    -12.82687      0.00002
    -0.90791      0.00005    -12.80462      0.00002
    -0.90591      0.00005    -12.78238      0.00002
    -0.90390      0.00005    -12.76013      0.00002
    -0.90190      0.00005    -12.73789      0.00002
    -0.89990      0.00005    -12.71564      0.00002
    -0.89790      0.00006    -12.69340      0.00002
    -0.89590      0.00006    -12.67116      0.00002
    -0.89389      0.00006    -12.64891      0.00002
    -0.89189      0.00006    -12.62667      0.00002
    -0.88989      0.00006    -12.60442      0.00002
    -0.88789      0.00007    -12.58218      0.00003
    -0.88589      0.00007    -12.55993      0.00003
    -0.88388      0.00007    -12.53769      0.00003
    -0.88188      0.00007    -12.51544      0.00003
    -0.87988      0.00007    -12.49320      0.00003
    -0.87788      0.00008    -12.47095      0.00003
    -0.87588      0.00008    -12.44871      0.00003
    -0.87387      0.00008    -12.42647      0.00003
    -0.87187      0.00008    -12.40422      0.00004
    -0.86987      0.00009    -12.38198      0.00004
    -0.86787      0.00009    -12.35973      0.00004
    -0.86587      0.00009    -12.33749      0.00004
    -0.86386      0.00009    -12.31524      0.00004
    -0.86186      0.00010    -12.29300      0.00004
    -0.85986      0.00010    -12.27075      0.00005
    -0.85786      0.00010    -12.24851      0.00005
    -0.85586      0.00010    -12.22627      0.00005
    -0.85385      0.00011    -12.20402      0.00005
    -0.85185      0.00011    -12.18178      0.00005
    -0.84985      0.00011    -12.15953      0.00006
    -0.84785      0.00012    -12.13729      0.00006
    -0.84585      0.00012    -12.11504      0.00006
    -0.84384      0.00012    -12.09280      0.00006
    -0.84184      0.00013    -12.07055      0.00006
    -0.83984      0.00013    -12.04831      0.00007
    -0.83784      0.00013    -12.02607      0.00007
    -0.83584      0.00014    -12.00382      0.00007
    -0.83383      0.00014    -11.98158      0.00007
    -0.83183      0.00014    -11.95933      0.00008
    -0.82983      0.00015    -11.93709      0.00008
    -0.82783      0.00015    -11.91484      0.00008
    -0.82583      0.00015    -11.89260      0.00009
    -0.82382      0.00016    -11.87035      0.00009
    -0.82182      0.00016    -11.84811      0.00009
    -0.81982      0.00017    -11.82587      0.00010
    -0.81782      0.00017    -11.80362      0.00010
    -0.81582      0.00017    -11.78138      0.00010
    -0.81381      0.00018    -11.75913      0.00011
    -0.81181      0.00018    -11.73689      0.00011
    -0.80981      0.00019    -11.71464      0.00011
    -0.80781      0.00019    -11.69240      0.00012
    -0.80581      0.00020    -11.67015      0.00012
    -0.80380      0.00020    -11.64791      0.00012
    -0.80180      0.00021    -11.62567      0.00013
    -0.79980      0.00021    -11.60342      0.00013
    -0.79780      0.00022    -11.58118      0.00014
    -0.79580      0.00022    -11.55893      0.00014
    -0.79379      0.00023    -11.53669      0.00015
    -0.79179      0.00023    -11.51444      0.00015
    -0.78979      0.00024    -11.49220      0.00016
    -0.78779      0.00024    -11.46995      0.00016
    -0.78579      0.00025    -11.44771      0.00017
    -0.78378      0.00026    -11.42546      0.00017
    -0.78178      0.00026    -11.40322      0.00018
    -0.77978      0.00027    -11.38098      0.00018
    -0.77778      0.00027    -11.35873      0.00019
    -0.77578      0.00028    -11.33649      0.00020
    -0.77377      0.00029    -11.31424      0.00020
    -0.77177      0.00029    -11.29200      0.00021
    -0.76977      0.00030    -11.26975      0.00022
    -0.76777      0.00031    -11.24751      0.00022
    -0.76577      0.00031    -11.22526      0.00023
    -0.76376      0.00032    -11.20302      0.00024
    -0.76176      0.00033    -11.18078      0.00024
    -0.75976      0.00033    -11.15853      0.00025
    -0.75776      0.00034    -11.13629      0.00026
    -0.75576      0.00035    -11.11404      0.00027
    -0.75375      0.00036    -11.09180      0.00028
    -0.75175      0.00036    -11.06955      0.00028
    -0.74975      0.00037    -11.04731      0.00029
    -0.74775      0.00038    -11.02506      0.00030
    -0.74575      0.00039    -11.00282      0.00031
    -0.74374      0.00039    -10.98058      0.00032
    -0.74174      0.00040    -10.95833      0.00033
    -0.73974      0.00041    -10.93609      0.00034
    -0.73774      0.00042    -10.91384      0.00035
    -0.73574      0.00043    -10.89160      0.00036
    -0.73373      0.00044    -10.86935      0.00037
    -0.73173      0.00045    -10.84711      0.00038
    -0.72973      0.00046    -10.82486      0.00039
    -0.72773      0.00047    -10.80262      0.00040
    -0.72573      0.00047    -10.78038      0.00041
    -0.72372      0.00048    -10.75813      0.00043
    -0.72172      0.00049    -10.73589      0.00044
    -0.71972      0.00050    -10.71364      0.00045
    -0.71772      0.00051    -10.69140      0.00046
    -0.71572      0.00052    -10.66915      0.00048
    -0.71371      0.00054    -10.64691      0.00049
    -0.71171      0.00055    -10.62466      0.00050
    -0.70971      0.00056    -10.60242      0.00052
    -0.70771      0.00057    -10.58018      0.00053
    -0.70571      0.00058    -10.55793      0.00055
    -0.70370      0.00059    -10.53569      0.00056
    -0.70170      0.00060    -10.51344      0.00058
    -0.69970      0.00061    -10.49120      0.00059
    -0.69770      0.00062    -10.46895      0.00061
    -0.69570      0.00064    -10.44671      0.00062
    -0.69369      0.00065    -10.42446      0.00064
    -0.69169      0.00066    -10.40222      0.00066
    -0.68969      0.00067    -10.37998      0.00067
    -0.68769      0.00069    -10.35773      0.00069
    -0.68569      0.00070    -10.33549      0.00071
    -0.68368      0.00071    -10.31324      0.00073
    -0.68168      0.00073    -10.29100      0.00075
    -0.67968      0.00074    -10.26875      0.00077
    -0.67768      0.00075    -10.24651      0.00079
    -0.67568      0.00077    -10.22426      0.00081
    -0.67367      0.00078    -10.20202      0.00083
    -0.67167      0.00080    -10.17977      0.00085
    -0.66967      0.00081    -10.15753      0.00087
    -0.66767      0.00083    -10.13529      0.00090
    -0.66567      0.00084    -10.11304      0.00092
    -0.66366      0.00086    -10.09080      0.00094
    -0.66166      0.00087    -10.06855      0.00097
    -0.65966      0.00089    -10.04631      0.00099
    -0.65766      0.00090    -10.02406      0.00102
    -0.65566      0.00092    -10.00182      0.00104
    -0.65365      0.00093     -9.97957      0.00107
    -0.65165      0.00095     -9.95733      0.00109
    -0.64965      0.00097     -9.93509      0.00112
    -0.64765      0.00099     -9.91284      0.00115
    -0.64565      0.00100     -9.89060      0.00118
    -0.64364      0.00102     -9.86835      0.00121
    -0.64164      0.00104     -9.84611      0.00124
    -0.63964      0.00106     -9.82386      0.00127
    -0.63764      0.00107     -9.80162      0.00130
    -0.63564      0.00109     -9.77937      0.00133
    -0.63363      0.00111     -9.75713      0.00136
    -0.63163      0.00113     -9.73489      0.00139
    -0.62963      0.00115     -9.71264      0.00143
    -0.62763      0.00117     -9.69040      0.00146
    -0.62563      0.00119     -9.66815      0.00149
    -0.62362      0.00121     -9.64591      0.00153
    -0.62162      0.00123     -9.62366      0.00157
    -0.61962      0.00125     -9.60142      0.00160
    -0.61762      0.00127     -9.57917      0.00164
    -0.61562      0.00129     -9.55693      0.00168
    -0.61361      0.00131     -9.53469      0.00172
    -0.61161      0.00134     -9.51244      0.00176
    -0.60961      0.00136     -9.49020      0.00180
    -0.60761      0.00138     -9.46795      0.00184
    -0.60561      0.00140     -9.44571      0.00188
    -0.60360      0.00143     -9.42346      0.00193
    -0.60160      0.00145     -9.40122      0.00197
    -0.59960      0.00147     -9.37897      0.00201
    -0.59760      0.00150     -9.35673      0.00206
    -0.59560      0.00152     -9.33449      0.00211
    -0.59359      0.00154     -9.31224      0.00215
    -0.59159      0.00157     -9.29000      0.00220
    -0.58959      0.00159     -9.26775      0.00225
    -0.58759      0.00162     -9.24551      0.00230
    -0.58559      0.00164     -9.22326      0.00235
    -0.58358      0.00167     -9.20102      0.00241
    -0.58158      0.00170     -9.17877      0.00246
    -0.57958      0.00172     -9.15653      0.00251
    -0.57758      0.00175     -9.13428      0.00257
    -0.57558      0.00178     -9.11204      0.00263
    -0.57357      0.00181     -9.08980      0.00268
    -0.57157      0.00183     -9.06755      0.00274
    -0.56957      0.00186     -9.04531      0.00280
    -0.56757      0.00189     -9.02306      0.00286
    -0.56557      0.00192     -9.00082      0.00292
    -0.56356      0.00195     -8.97857      0.00299
    -0.56156      0.00198     -8.95633      0.00305
    -0.55956      0.00201     -8.93408      0.00312
    -0.55756      0.00204     -8.91184      0.00318
    -0.55556      0.00207     -8.88960      0.00325
    -0.55355      0.00210     -8.86735      0.00332
    -0.55155      0.00213     -8.84511      0.00339
    -0.54955      0.00217     -8.82286      0.00346
    -0.54755      0.00220     -8.80062      0.00353
    -0.54555      0.00223     -8.77837      0.00361
    -0.54354      0.00226     -8.75613      0.00368
    -0.54154      0.00230     -8.73388      0.00376
    -0.53954      0.00233     -8.71164      0.00384
    -0.53754      0.00237     -8.68940      0.00392
    -0.53554      0.00240     -8.66715      0.00400
    -0.53353      0.00244     -8.64491      0.00408
    -0.53153      0.00247     -8.62266      0.00416
    -0.52953      0.00251     -8.60042      0.00425
    -0.52753      0.00254     -8.57817      0.00434
    -0.52553      0.00258     -8.55593      0.00442
    -0.52352      0.00262     -8.53368      0.00451
    -0.52152      0.00266     -8.51144      0.00460
    -0.51952      0.00269     -8.48920      0.00470
    -0.51752      0.00273     -8.46695      0.00479
    -0.51552      0.00277     -8.44471      0.00489
    -0.51351      0.00281     -8.42246      0.00499
    -0.51151      0.00285     -8.40022      0.00508
    -0.50951      0.00289     -8.37797      0.00519
    -0.50751      0.00293     -8.35573      0.00529
    -0.50551      0.00297     -8.33348      0.00539
    -0.50350      0.00302     -8.31124      0.00550
    -0.50150      0.00306     -8.28900      0.00561
    -0.49950      0.00310     -8.26675      0.00572
    -0.49750      0.00314     -8.24451      0.00583
    -0.49550      0.00319     -8.22226      0.00594
    -0.49349      0.00323     -8.20002      0.00606
    -0.49149      0.00328     -8.17777      0.00618
    -0.48949      0.00332     -8.15553      0.00629
    -0.48749      0.00337     -8.13328      0.00642
    -0.48549      0.00341     -8.11104      0.00654
    -0.48348      0.00346     -8.08879      0.00666
    -0.48148      0.00351     -8.06655      0.00679
    -0.47948      0.00355     -8.04431      0.00692
    -0.47748      0.00360     -8.02206      0.00705
    -0.47548      0.00365     -7.99982      0.00719
    -0.47347      0.00370     -7.97757      0.00732
    -0.47147      0.00375     -7.95533      0.00746
    -0.46947      0.00380     -7.93308      0.00760
    -0.46747      0.00385     -7.91084      0.00774
    -0.46547      0.00390     -7.88859      0.00789
    -0.46346      0.00395     -7.86635      0.00804
    -0.46146      0.00401     -7.84411      0.00819
    -0.45946      0.00406     -7.82186      0.00834
    -0.45746      0.00411     -7.79962      0.00849
    -0.45546      0.00417     -7.77737      0.00865
    -0.45345      0.00422     -7.75513      0.00881
    -0.45145      0.00428     -7.73288      0.00897
    -0.44945      0.00433     -7.71064      0.00913
    -0.44745      0.00439     -7.68839      0.00930
    -0.44545      0.00445     -7.66615      0.00947
    -0.44344      0.00450     -7.64391      0.00964
    -0.44144      0.00456     -7.62166      0.00982
    -0.43944      0.00462     -7.59942      0.00999
    -0.43744      0.00468     -7.57717      0.01017
    -0.43544      0.00474     -7.55493      0.01036
    -0.43343      0.00480     -7.53268      0.01054
    -0.43143      0.00486     -7.51044      0.01073
    -0.42943      0.00492     -7.48819      0.01092
    -0.42743      0.00499     -7.46595      0.01112
    -0.42543      0.00505     -7.44371      0.01132
    -0.42342      0.00511     -7.42146      0.01152
    -0.42142      0.00518     -7.39922      0.01172
    -0.41942      0.00524     -7.37697      0.01193
    -0.41742      0.00531     -7.35473      0.01214
    -0.41542      0.00537     -7.33248      0.01235
    -0.41341      0.00544     -7.31024      0.01256
    -0.41141      0.00551     -7.28799      0.01278
    -0.40941      0.00558     -7.26575      0.01301
    -0.40741      0.00565     -7.24351      0.01323
    -0.40541      0.00572     -7.22126      0.01346
    -0.40340      0.00579     -7.19902      0.01369
    -0.40140      0.00586     -7.17677      0.01393
    -0.39940      0.00593     -7.15453      0.01417
    -0.39740      0.00600     -7.13228      0.01441
    -0.39540      0.00607     -7.11004      0.01466
    -0.39339      0.00615     -7.08779      0.01491
    -0.39139      0.00622     -7.06555      0.01516
    -0.38939      0.00630     -7.04331      0.01542
    -0.38739      0.00637     -7.02106      0.01568
    -0.38539      0.00645     -6.99882      0.01595
    -0.38338      0.00653     -6.97657      0.01622
    -0.38138      0.00661     -6.95433      0.01649
    -0.37938      0.00669     -6.93208      0.01677
    -0.37738      0.00677     -6.90984      0.01705
    -0.37538      0.00685     -6.88759      0.01733
    -0.37337      0.00693     -6.86535      0.01762
    -0.37137      0.00701     -6.84310      0.01791
    -0.36937      0.00709     -6.82086      0.01821
    -0.36737      0.00718     -6.79862      0.01851
    -0.36537      0.00726     -6.77637      0.01882
    -0.36336      0.00735     -6.75413      0.01913
    -0.36136      0.00743     -6.73188      0.01944
    -0.35936      0.00752     -6.70964      0.01976
    -0.35736      0.00761     -6.68739      0.02008
    -0.35536      0.00769     -6.66515      0.02041
    -0.35335      0.00778     -6.64290      0.02074
    -0.35135      0.00787     -6.62066      0.02108
    -0.34935      0.00796     -6.59842      0.02142
    -0.34735      0.00806     -6.57617      0.02177
    -0.34535      0.00815     -6.55393      0.02212
    -0.34334      0.00824     -6.53168      0.02247
    -0.34134      0.00834     -6.50944      0.02283
    -0.33934      0.00843     -6.48719      0.02320
    -0.33734      0.00853     -6.46495      0.02357
    -0.33534      0.00862     -6.44270      0.02394
    -0.33333      0.00872     -6.42046      0.02433
    -0.33133      0.00882     -6.39822      0.02471
    -0.32933      0.00892     -6.37597      0.02510
    -0.32733      0.00902     -6.35373      0.02550
    -0.32533      0.00912     -6.33148      0.02590
    -0.32332      0.00922     -6.30924      0.02631
    -0.32132      0.00933     -6.28699      0.02672
    -0.31932      0.00943     -6.26475      0.02714
    -0.31732      0.00954     -6.24250      0.02756
    -0.31532      0.00964     -6.22026      0.02799
    -0.31331      0.00975     -6.19802      0.02843
    -0.31131      0.00986     -6.17577      0.02887
    -0.30931      0.00997     -6.15353      0.02932
    -0.30731      0.01008     -6.13128      0.02977
    -0.30531      0.01019     -6.10904      0.03023
    -0.30330      0.01030     -6.08679      0.03069
    -0.30130      0.01041     -6.06455      0.03116
    -0.29930      0.01052     -6.04230      0.03164
    -0.29730      0.01064     -6.02006      0.03212
    -0.29530      0.01075     -5.99782      0.03261
    -0.29329      0.01087     -5.97557      0.03311
    -0.29129      0.01099     -5.95333      0.03361
    -0.28929      0.01111     -5.93108      0.03412
    -0.28729      0.01123     -5.90884      0.03464
    -0.28529      0.01135     -5.88659      0.03516
    -0.28328      0.01147     -5.86435      0.03569
    -0.28128      0.01159     -5.84210      0.03622
    -0.27928      0.01172     -5.81986      0.03677
    -0.27728      0.01184     -5.79761      0.03732
    -0.27528      0.01197     -5.77537      0.03787
    -0.27327      0.01209     -5.75313      0.03844
    -0.27127      0.01222     -5.73088      0.03901
    -0.26927      0.01235     -5.70864      0.03959
    -0.26727      0.01248     -5.68639      0.04017
    -0.26527      0.01261     -5.66415      0.04077
    -0.26326      0.01274     -5.64190      0.04137
    -0.26126      0.01288     -5.61966      0.04197
    -0.25926      0.01301     -5.59741      0.04259
    -0.25726      0.01315     -5.57517      0.04321
    -0.25526      0.01329     -5.55293      0.04385
    -0.25325      0.01342     -5.53068      0.04448
    -0.25125      0.01356     -5.50844      0.04513
    -0.24925      0.01370     -5.48619      0.04579
    -0.24725      0.01384     -5.46395      0.04645
    -0.24525      0.01399     -5.44170      0.04712
    -0.24324      0.01413     -5.41946      0.04780
    -0.24124      0.01428     -5.39721      0.04849
    -0.23924      0.01442     -5.37497      0.04919
    -0.23724      0.01457     -5.35273      0.04989
    -0.23524      0.01472     -5.33048      0.05061
    -0.23323      0.01487     -5.30824      0.05133
    -0.23123      0.01502     -5.28599      0.05206
    -0.22923      0.01517     -5.26375      0.05280
    -0.22723      0.01532     -5.24150      0.05355
    -0.22523      0.01548     -5.21926      0.05431
    -0.22322      0.01564     -5.19701      0.05508
    -0.22122      0.01579     -5.17477      0.05585
    -0.21922      0.01595     -5.15253      0.05664
    -0.21722      0.01611     -5.13028      0.05744
    -0.21522      0.01627     -5.10804      0.05824
    -0.21321      0.01643     -5.08579      0.05906
    -0.21121      0.01660     -5.06355      0.05988
    -0.20921      0.01676     -5.04130      0.06072
    -0.20721      0.01693     -5.01906      0.06156
    -0.20521      0.01710     -4.99681      0.06241
    -0.20320      0.01727     -4.97457      0.06328
    -0.20120      0.01744     -4.95233      0.06415
    -0.19920      0.01761     -4.93008      0.06504
    -0.19720      0.01778     -4.90784      0.06594
    -0.19520      0.01795     -4.88559      0.06684
    -0.19319      0.01813     -4.86335      0.06776
    -0.19119      0.01831     -4.84110      0.06869
    -0.18919      0.01849     -4.81886      0.06963
    -0.18719      0.01867     -4.79661      0.07058
    -0.18519      0.01885     -4.77437      0.07154
    -0.18318      0.01903     -4.75212      0.07251
    -0.18118      0.01921     -4.72988      0.07349
    -0.17918      0.01940     -4.70764      0.07449
    -0.17718      0.01959     -4.68539      0.07549
    -0.17518      0.01977     -4.66315      0.07651
    -0.17317      0.01996     -4.64090      0.07754
    -0.17117      0.02015     -4.61866      0.07858
    -0.16917      0.02035     -4.59641      0.07964
    -0.16717      0.02054     -4.57417      0.08070
    -0.16517      0.02074     -4.55192      0.08178
    -0.16316      0.02093     -4.52968      0.08287
    -0.16116      0.02113     -4.50744      0.08397
    -0.15916      0.02133     -4.48519      0.08509
    -0.15716      0.02153     -4.46295      0.08621
    -0.15516      0.02174     -4.44070      0.08736
    -0.15315      0.02194     -4.41846      0.08851
    -0.15115      0.02215     -4.39621      0.08967
    -0.14915      0.02236     -4.37397      0.09085
    -0.14715      0.02256     -4.35172      0.09205
    -0.14515      0.02278     -4.32948      0.09325
    -0.14314      0.02299     -4.30724      0.09447
    -0.14114      0.02320     -4.28499      0.09571
    -0.13914      0.02342     -4.26275      0.09695
    -0.13714      0.02363     -4.24050      0.09821
    -0.13514      0.02385     -4.21826      0.09949
    -0.13313      0.02407     -4.19601      0.10078
    -0.13113      0.02430     -4.17377      0.10208
    -0.12913      0.02452     -4.15152      0.10340
    -0.12713      0.02474     -4.12928      0.10473
    -0.12513      0.02497     -4.10704      0.10608
    -0.12312      0.02520     -4.08479      0.10744
    -0.12112      0.02543     -4.06255      0.10882
    -0.11912      0.02566     -4.04030      0.11021
    -0.11712      0.02590     -4.01806      0.11162
    -0.11512      0.02613     -3.99581      0.11304
    -0.11311      0.02637     -3.97357      0.11448
    -0.11111      0.02661     -3.95132      0.11593
    -0.10911      0.02685     -3.92908      0.11740
    -0.10711      0.02709     -3.90684      0.11889
    -0.10511      0.02733     -3.88459      0.12039
    -0.10310      0.02758     -3.86235      0.12191
    -0.10110      0.02783     -3.84010      0.12344
    -0.09910      0.02808     -3.81786      0.12500
    -0.09710      0.02833     -3.79561      0.12656
    -0.09510      0.02858     -3.77337      0.12815
    -0.09309      0.02884     -3.75112      0.12975
    -0.09109      0.02909     -3.72888      0.13137
    -0.08909      0.02935     -3.70664      0.13300
    -0.08709      0.02961     -3.68439      0.13466
    -0.08509      0.02987     -3.66215      0.13633
    -0.08308      0.03014     -3.63990      0.13802
    -0.08108      0.03040     -3.61766      0.13972
    -0.07908      0.03067     -3.59541      0.14145
    -0.07708      0.03094     -3.57317      0.14319
    -0.07508      0.03121     -3.55092      0.14495
    -0.07307      0.03148     -3.52868      0.14673
    -0.07107      0.03176     -3.50643      0.14853
    -0.06907      0.03204     -3.48419      0.15034
    -0.06707      0.03231     -3.46195      0.15218
    -0.06507      0.03260     -3.43970      0.15404
    -0.06306      0.03288     -3.41746      0.15591
    -0.06106      0.03316     -3.39521      0.15780
    -0.05906      0.03345     -3.37297      0.15972
    -0.05706      0.03374     -3.35072      0.16165
    -0.05506      0.03403     -3.32848      0.16361
    -0.05305      0.03432     -3.30623      0.16558
    -0.05105      0.03462     -3.28399      0.16757
    -0.04905      0.03491     -3.26175      0.16959
    -0.04705      0.03521     -3.23950      0.17163
    -0.04505      0.03551     -3.21726      0.17368
    -0.04304      0.03582     -3.19501      0.17576
    -0.04104      0.03612     -3.17277      0.17786
    -0.03904      0.03643     -3.15052      0.17998
    -0.03704      0.03674     -3.12828      0.18212
    -0.03504      0.03705     -3.10603      0.18428
    -0.03303      0.03736     -3.08379      0.18647
    -0.03103      0.03768     -3.06155      0.18868
    -0.02903      0.03799     -3.03930      0.19091
    -0.02703      0.03831     -3.01706      0.19316
    -0.02503      0.03864     -2.99481      0.19544
    -0.02302      0.03896     -2.97257      0.19774
    -0.02102      0.03929     -2.95032      0.20006
    -0.01902      0.03962     -2.92808      0.20240
    -0.01702      0.03995     -2.90583      0.20477
    -0.01502      0.04028     -2.88359      0.20716
    -0.01301      0.04061     -2.86135      0.20958
    -0.01101      0.04095     -2.83910      0.21202
    -0.00901      0.04129     -2.81686      0.21449
    -0.00701      0.04163     -2.79461      0.21697
    -0.00501      0.04198     -2.77237      0.21949
    -0.00300      0.04232     -2.75012      0.22203
    -0.00100      0.04267     -2.72788      0.22459
     0.00100      0.04302     -2.70563      0.22718
     0.00300      0.04337     -2.68339      0.22980
     0.00501      0.04373     -2.66115      0.23244
     0.00701      0.04409     -2.63890      0.23510
     0.00901      0.04445     -2.61666      0.23780
     0.01101      0.04481     -2.59441      0.24051
     0.01301      0.04518     -2.57217      0.24326
     0.01502      0.04554     -2.54992      0.24603
     0.01702      0.04591     -2.52768      0.24883
     0.01902      0.04628     -2.50543      0.25166
     0.02102      0.04666     -2.48319      0.25451
     0.02302      0.04704     -2.46094      0.25740
     0.02503      0.04741     -2.43870      0.26031
     0.02703      0.04780     -2.41646      0.26324
     0.02903      0.04818     -2.39421      0.26621
     0.03103      0.04857     -2.37197      0.26921
     0.03303      0.04896     -2.34972      0.27223
     0.03504      0.04935     -2.32748      0.27528
     0.03704      0.04974     -2.30523      0.27836
     0.03904      0.05014     -2.28299      0.28148
     0.04104      0.05054     -2.26074      0.28462
     0.04304      0.05094     -2.23850      0.28779
     0.04505      0.05134     -2.21626      0.29099
     0.04705      0.05175     -2.19401      0.29422
     0.04905      0.05216     -2.17177      0.29749
     0.05105      0.05257     -2.14952      0.30078
     0.05305      0.05299     -2.12728      0.30411
     0.05506      0.05340     -2.10503      0.30746
     0.05706      0.05382     -2.08279      0.31085
     0.05906      0.05424     -2.06054      0.31427
     0.06106      0.05467     -2.03830      0.31773
     0.06306      0.05510     -2.01606      0.32121
     0.06507      0.05553     -1.99381      0.32473
     0.06707      0.05596     -1.97157      0.32828
     0.06907      0.05640     -1.94932      0.33186
     0.07107      0.05683     -1.92708      0.33548
     0.07307      0.05728     -1.90483      0.33913
     0.07508      0.05772     -1.88259      0.34282
     0.07708      0.05817     -1.86034      0.34654
     0.07908      0.05862     -1.83810      0.35029
     0.08108      0.05907     -1.81586      0.35408
     0.08308      0.05952     -1.79361      0.35790
     0.08509      0.05998     -1.77137      0.36176
     0.08709      0.06044     -1.74912      0.36566
     0.08909      0.06090     -1.72688      0.36959
     0.09109      0.06137     -1.70463      0.37356
     0.09309      0.06184     -1.68239      0.37756
     0.09510      0.06231     -1.66014      0.38160
     0.09710      0.06279     -1.63790      0.38568
     0.09910      0.06326     -1.61566      0.38979
     0.10110      0.06374     -1.59341      0.39394
     0.10310      0.06423     -1.57117      0.39813
     0.10511      0.06471     -1.54892      0.40236
     0.10711      0.06520     -1.52668      0.40663
     0.10911      0.06570     -1.50443      0.41093
     0.11111      0.06619     -1.48219      0.41528
     0.11311      0.06669     -1.45994      0.41966
     0.11512      0.06719     -1.43770      0.42408
     0.11712      0.06770     -1.41545      0.42855
     0.11912      0.06820     -1.39321      0.43305
     0.12112      0.06871     -1.37097      0.43759
     0.12312      0.06923     -1.34872      0.44218
     0.12513      0.06974     -1.32648      0.44680
     0.12713      0.07026     -1.30423      0.45147
     0.12913      0.07079     -1.28199      0.45618
     0.13113      0.07131     -1.25974      0.46093
     0.13313      0.07184     -1.23750      0.46572
     0.13514      0.07237     -1.21525      0.47056
     0.13714      0.07291     -1.19301      0.47544
     0.13914      0.07345     -1.17077      0.48036
     0.14114      0.07399     -1.14852      0.48532
     0.14314      0.07453     -1.12628      0.49033
     0.14515      0.07508     -1.10403      0.49539
     0.14715      0.07563     -1.08179      0.50048
     0.14915      0.07619     -1.05954      0.50563
     0.15115      0.07674     -1.03730      0.51082
     0.15315      0.07730     -1.01505      0.51605
     0.15516      0.07787     -0.99281      0.52133
     0.15716      0.07844     -0.97057      0.52666
     0.15916      0.07901     -0.94832      0.53203
     0.16116      0.07958     -0.92608      0.53745
     0.16316      0.08016     -0.90383      0.54292
     0.16517      0.08074     -0.88159      0.54843
     0.16717      0.08132     -0.85934      0.55399
     0.16917      0.08191     -0.83710      0.55960
     0.17117      0.08250     -0.81485      0.56526
     0.17317      0.08309     -0.79261      0.57097
     0.17518      0.08369     -0.77037      0.57673
     0.17718      0.08429     -0.74812      0.58254
     0.17918      0.08490     -0.72588      0.58839
     0.18118      0.08551     -0.70363      0.59430
     0.18318      0.08612     -0.68139      0.60026
     0.18519      0.08673     -0.65914      0.60627
     0.18719      0.08735     -0.63690      0.61233
     0.18919      0.08797     -0.61465      0.61844
     0.19119      0.08860     -0.59241      0.62461
     0.19319      0.08923     -0.57017      0.63083
     0.19520      0.08986     -0.54792      0.63710
     0.19720      0.09050     -0.52568      0.64342
     0.19920      0.09114     -0.50343      0.64980
     0.20120      0.09178     -0.48119      0.65623
     0.20320      0.09243     -0.45894      0.66272
     0.20521      0.09308     -0.43670      0.66926
     0.20721      0.09373     -0.41445      0.67586
     0.20921      0.09439     -0.39221      0.68251
     0.21121      0.09505     -0.36997      0.68922
     0.21321      0.09572     -0.34772      0.69598
     0.21522      0.09639     -0.32548      0.70281
     0.21722      0.09706     -0.30323      0.70969
     0.21922      0.09774     -0.28099      0.71662
     0.22122      0.09842     -0.25874      0.72362
     0.22322      0.09910     -0.23650      0.73067
     0.22523      0.09979     -0.21425      0.73778
     0.22723      0.10048     -0.19201      0.74495
     0.22923      0.10118     -0.16976      0.75218
     0.23123      0.10188     -0.14752      0.75947
     0.23323      0.10258     -0.12528      0.76683
     0.23524      0.10329     -0.10303      0.77424
     0.23724      0.10400     -0.08079      0.78171
     0.23924      0.10471     -0.05854      0.78925
     0.24124      0.10543     -0.03630      0.79685
     0.24324      0.10616     -0.01405      0.80451
     0.24525      0.10688      0.00819      0.81223
     0.24725      0.10761      0.03044      0.82002
     0.24925      0.10835      0.05268      0.82787
     0.25125      0.10909      0.07492      0.83578
     0.25325      0.10983      0.09717      0.84376
     0.25526      0.11058      0.11941      0.85181
     0.25726      0.11133      0.14166      0.85992
     0.25926      0.11208      0.16390      0.86809
     0.26126      0.11284      0.18615      0.87634
     0.26326      0.11361      0.20839      0.88465
     0.26527      0.11437      0.23064      0.89302
     0.26727      0.11514      0.25288      0.90147
     0.26927      0.11592      0.27512      0.90998
     0.27127      0.11670      0.29737      0.91857
     0.27327      0.11748      0.31961      0.92722
     0.27528      0.11827      0.34186      0.93594
     0.27728      0.11907      0.36410      0.94473
     0.27928      0.11986      0.38635      0.95360
     0.28128      0.12066      0.40859      0.96253
     0.28328      0.12147      0.43084      0.97154
     0.28529      0.12228      0.45308      0.98061
     0.28729      0.12309      0.47532      0.98976
     0.28929      0.12391      0.49757      0.99899
     0.29129      0.12400      0.50000      1.00000
     0.29329      0.12400      0.50000      1.00000
     0.29530      0.12400      0.50000      1.00000
     0.29730      0.12400      0.50000      1.00000
     0.29930      0.12400      0.50000      1.00000
     0.30130      0.12400      0.50000      1.00000
     0.30330      0.12400      0.50000      1.00000
     0.30531      0.12400      0.50000      1.00000
     0.30731      0.12400      0.50000      1.00000
     0.30931      0.12400      0.50000      1.00000
     0.31131      0.12400      0.50000      1.00000
     0.31331      0.12400      0.50000      1.00000
     0.31532      0.12400      0.50000      1.00000
     0.31732      0.12400      0.50000      1.00000
     0.31932      0.12400      0.50000      1.00000
     0.32132      0.12400      0.50000      1.00000
     0.32332      0.12400      0.50000      1.00000
     0.32533      0.12400      0.50000      1.00000
     0.32733      0.12400      0.50000      1.00000
     0.32933      0.12400      0.50000      1.00000
     0.33133      0.12400      0.50000      1.00000
     0.33333      0.12400      0.50000      1.00000
     0.33534      0.12400      0.50000      1.00000
     0.33734      0.12400      0.50000      1.00000
     0.33934      0.12400      0.50000      1.00000
     0.34134      0.12400      0.50000      1.00000
     0.34334      0.12400      0.50000      1.00000
     0.34535      0.12400      0.50000      1.00000
     0.34735      0.12400      0.50000      1.00000
     0.34935      0.12400      0.50000      1.00000
     0.35135      0.12400      0.50000      1.00000
     0.35335      0.12400      0.50000      1.00000
     0.35536      0.12400      0.50000      1.00000
     0.35736      0.12400      0.50000      1.00000
     0.35936      0.12400      0.50000      1.00000
     0.36136      0.12400      0.50000      1.00000
     0.36336      0.12400      0.50000      1.00000
     0.36537      0.12400      0.50000      1.00000
     0.36737      0.12400      0.50000      1.00000
     0.36937      0.12400      0.50000      1.00000
     0.37137      0.12400      0.50000      1.00000
     0.37337      0.12400      0.50000      1.00000
     0.37538      0.12400      0.50000      1.00000
     0.37738      0.12400      0.50000      1.00000
     0.37938      0.12400      0.50000      1.00000
     0.38138      0.12400      0.50000      1.00000
     0.38338      0.12400      0.50000      1.00000
     0.38539      0.12400      0.50000      1.00000
     0.38739      0.12400      0.50000      1.00000
     0.38939      0.12400      0.50000      1.00000
     0.39139      0.12400      0.50000      1.00000
     0.39339      0.12400      0.50000      1.00000
     0.39540      0.12400      0.50000      1.00000
     0.39740      0.12400      0.50000      1.00000
     0.39940      0.12400      0.50000      1.00000
     0.40140      0.12400      0.50000      1.00000
     0.40340      0.12400      0.50000      1.00000
     0.40541      0.12400      0.50000      1.00000
     0.40741      0.12400      0.50000      1.00000
     0.40941      0.12400      0.50000      1.00000
     0.41141      0.12400      0.50000      1.00000
     0.41341      0.12400      0.50000      1.00000
     0.41542      0.12400      0.50000      1.00000
     0.41742      0.12400      0.50000      1.00000
     0.41942      0.12400      0.50000      1.00000
     0.42142      0.12400      0.50000      1.00000
     0.42342      0.12400      0.50000      1.00000
     0.42543      0.12400      0.50000      1.00000
     0.42743      0.12400      0.50000      1.00000
     0.42943      0.12400      0.50000      1.00000
     0.43143      0.12400      0.50000      1.00000
     0.43343      0.12400      0.50000      1.00000
     0.43544      0.12400      0.50000      1.00000
     0.43744      0.12400      0.50000      1.00000
     0.43944      0.12400      0.50000      1.00000
     0.44144      0.12400      0.50000      1.00000
     0.44344      0.12400      0.50000      1.00000
     0.44545      0.12400      0.50000      1.00000
     0.44745      0.12400      0.50000      1.00000
     0.44945      0.12400      0.50000      1.00000
     0.45145      0.12400      0.50000      1.00000
     0.45345      0.12400      0.50000      1.00000
     0.45546      0.12400      0.50000      1.00000
     0.45746      0.12400      0.50000      1.00000
     0.45946      0.12400      0.50000      1.00000
     0.46146      0.12400      0.50000      1.00000
     0.46346      0.12400      0.50000      1.00000
     0.46547      0.12400      0.50000      1.00000
     0.46747      0.12400      0.50000      1.00000
     0.46947      0.12400      0.50000      1.00000
     0.47147      0.12400      0.50000      1.00000
     0.47347      0.12400      0.50000      1.00000
     0.47548      0.12400      0.50000      1.00000
     0.47748      0.12400      0.50000      1.00000
     0.47948      0.12400      0.50000      1.00000
     0.48148      0.12400      0.50000      1.00000
     0.48348      0.12400      0.50000      1.00000
     0.48549      0.12400      0.50000      1.00000
     0.48749      0.12400      0.50000      1.00000
     0.48949      0.12400      0.50000      1.00000
     0.49149      0.12400      0.50000      1.00000
     0.49349      0.12400      0.50000      1.00000
     0.49550      0.12400      0.50000      1.00000
     0.49750      0.12400      0.50000      1.00000
     0.49950      0.12400      0.50000      1.00000
     0.50150      0.12400      0.50000      1.00000
     0.50350      0.12400      0.50000      1.00000
     0.50551      0.12400      0.50000      1.00000
     0.50751      0.12400      0.50000      1.00000
     0.50951      0.12400      0.50000      1.00000
     0.51151      0.12400      0.50000      1.00000
     0.51351      0.12400      0.50000      1.00000
     0.51552      0.12400      0.50000      1.00000
     0.51752      0.12400      0.50000      1.00000
     0.51952      0.12400      0.50000      1.00000
     0.52152      0.12400      0.50000      1.00000
     0.52352      0.12400      0.50000      1.00000
     0.52553      0.12400      0.50000      1.00000
     0.52753      0.12400      0.50000      1.00000
     0.52953      0.12400      0.50000      1.00000
     0.53153      0.12400      0.50000      1.00000
     0.53353      0.12400      0.50000      1.00000
     0.53554      0.12400      0.50000      1.00000
     0.53754      0.12400      0.50000      1.00000
     0.53954      0.12400      0.50000      1.00000
     0.54154      0.12400      0.50000      1.00000
     0.54354      0.12400      0.50000      1.00000
     0.54555      0.12400      0.50000      1.00000
     0.54755      0.12400      0.50000      1.00000
     0.54955      0.12400      0.50000      1.00000
     0.55155      0.12400      0.50000      1.00000
     0.55355      0.12400      0.50000      1.00000
     0.55556      0.12400      0.50000      1.00000
     0.55756      0.12400      0.50000      1.00000
     0.55956      0.12400      0.50000      1.00000
     0.56156      0.12400      0.50000      1.00000
     0.56356      0.12400      0.50000      1.00000
     0.56557      0.12400      0.50000      1.00000
     0.56757      0.12400      0.50000      1.00000
     0.56957      0.12400      0.50000      1.00000
     0.57157      0.12400      0.50000      1.00000
     0.57357      0.12400      0.50000      1.00000
     0.57558      0.12400      0.50000      1.00000
     0.57758      0.12400      0.50000      1.00000
     0.57958      0.12400      0.50000      1.00000
     0.58158      0.12400      0.50000      1.00000
     0.58358      0.12400      0.50000      1.00000
     0.58559      0.12400      0.50000      1.00000
     0.58759      0.12400      0.50000      1.00000
     0.58959      0.12400      0.50000      1.00000
     0.59159      0.12400      0.50000      1.00000
     0.59359      0.12400      0.50000      1.00000
     0.59560      0.12400      0.50000      1.00000
     0.59760      0.12400      0.50000      1.00000
     0.59960      0.12400      0.50000      1.00000
     0.60160      0.12400      0.50000      1.00000
     0.60360      0.12400      0.50000      1.00000
     0.60561      0.12400      0.50000      1.00000
     0.60761      0.12400      0.50000      1.00000
     0.60961      0.12400      0.50000      1.00000
     0.61161      0.12400      0.50000      1.00000
     0.61361      0.12400      0.50000      1.00000
     0.61562      0.12400      0.50000      1.00000
     0.61762      0.12400      0.50000      1.00000
     0.61962      0.12400      0.50000      1.00000
     0.62162      0.12400      0.50000      1.00000
     0.62362      0.12400      0.50000      1.00000
     0.62563      0.12400      0.50000      1.00000
     0.62763      0.12400      0.50000      1.00000
     0.62963      0.12400      0.50000      1.00000
     0.63163      0.12400      0.50000      1.00000
     0.63363      0.12400      0.50000      1.00000
     0.63564      0.12400      0.50000      1.00000
     0.63764      0.12400      0.50000      1.00000
     0.63964      0.12400      0.50000      1.00000
     0.64164      0.12400      0.50000      1.00000
     0.64364      0.12400      0.50000      1.00000
     0.64565      0.12400      0.50000      1.00000
     0.64765      0.12400      0.50000      1.00000
     0.64965      0.12400      0.50000      1.00000
     0.65165      0.12400      0.50000      1.00000
     0.65365      0.12400      0.50000      1.00000
     0.65566      0.12400      0.50000      1.00000
     0.65766      0.12400      0.50000      1.00000
     0.65966      0.12400      0.50000      1.00000
     0.66166      0.12400      0.50000      1.00000
     0.66366      0.12400      0.50000      1.00000
     0.66567      0.12400      0.50000      1.00000
     0.66767      0.12400      0.50000      1.00000
     0.66967      0.12400      0.50000      1.00000
     0.67167      0.12400      0.50000      1.00000
     0.67367      0.12400      0.50000      1.00000
     0.67568      0.12400      0.50000      1.00000
     0.67768      0.12400      0.50000      1.00000
     0.67968      0.12400      0.50000      1.00000
     0.68168      0.12400      0.50000      1.00000
     0.68368      0.12400      0.50000      1.00000
     0.68569      0.12400      0.50000      1.00000
     0.68769      0.12400      0.50000      1.00000
     0.68969      0.12400      0.50000      1.00000
     0.69169      0.12400      0.50000      1.00000
     0.69369      0.12400      0.50000      1.00000
     0.69570      0.12400      0.50000      1.00000
     0.69770      0.12400      0.50000      1.00000
     0.69970      0.12400      0.50000      1.00000
     0.70170      0.12400      0.50000      1.00000
     0.70370      0.12400      0.50000      1.00000
     0.70571      0.12400      0.50000      1.00000
     0.70771      0.12400      0.50000      1.00000
     0.70971      0.12400      0.50000      1.00000
     0.71171      0.12400      0.50000      1.00000
     0.71371      0.12400      0.50000      1.00000
     0.71572      0.12400      0.50000      1.00000
     0.71772      0.12400      0.50000      1.00000
     0.71972      0.12400      0.50000      1.00000
     0.72172      0.12400      0.50000      1.00000
     0.72372      0.12400      0.50000      1.00000
     0.72573      0.12400      0.50000      1.00000
     0.72773      0.12400      0.50000      1.00000
     0.72973      0.12400      0.50000      1.00000
     0.73173      0.12400      0.50000      1.00000
     0.73373      0.12400      0.50000      1.00000
     0.73574      0.12400      0.50000      1.00000
     0.73774      0.12400      0.50000      1.00000
     0.73974      0.12400      0.50000      1.00000
     0.74174      0.12400      0.50000      1.00000
     0.74374      0.12400      0.50000      1.00000
     0.74575      0.12400      0.50000      1.00000
     0.74775      0.12400      0.50000      1.00000
     0.74975      0.12400      0.50000      1.00000
     0.75175      0.12400      0.50000      1.00000
     0.75375      0.12400      0.50000      1.00000
     0.75576      0.12400      0.50000      1.00000
     0.75776      0.12400      0.50000      1.00000
     0.75976      0.12400      0.50000      1.00000
     0.76176      0.12400      0.50000      1.00000
     0.76376      0.12400      0.50000      1.00000
     0.76577      0.12400      0.50000      1.00000
     0.76777      0.12400      0.50000      1.00000
     0.76977      0.12400      0.50000      1.00000
     0.77177      0.12400      0.50000      1.00000
     0.77377      0.12400      0.50000      1.00000
     0.77578      0.12400      0.50000      1.00000
     0.77778      0.12400      0.50000      1.00000
     0.77978      0.12400      0.50000      1.00000
     0.78178      0.12400      0.50000      1.00000
     0.78378      0.12400      0.50000      1.00000
     0.78579      0.12400      0.50000      1.00000
     0.78779      0.12400      0.50000      1.00000
     0.78979      0.12400      0.50000      1.00000
     0.79179      0.12400      0.50000      1.00000
     0.79379      0.12400      0.50000      1.00000
     0.79580      0.12400      0.50000      1.00000
     0.79780      0.12400      0.50000      1.00000
     0.79980      0.12400      0.50000      1.00000
     0.80180      0.12400      0.50000      1.00000
     0.80380      0.12400      0.50000      1.00000
     0.80581      0.12400      0.50000      1.00000
     0.80781      0.12400      0.50000      1.00000
     0.80981      0.12400      0.50000      1.00000
     0.81181      0.12400      0.50000      1.00000
     0.81381      0.12400      0.50000      1.00000
     0.81582      0.12400      0.50000      1.00000
     0.81782      0.12400      0.50000      1.00000
     0.81982      0.12400      0.50000      1.00000
     0.82182      0.12400      0.50000      1.00000
     0.82382      0.12400      0.50000      1.00000
     0.82583      0.12400      0.50000      1.00000
     0.82783      0.12400      0.50000      1.00000
     0.82983      0.12400      0.50000      1.00000
     0.83183      0.12400      0.50000      1.00000
     0.83383      0.12400      0.50000      1.00000
     0.83584      0.12400      0.50000      1.00000
     0.83784      0.12400      0.50000      1.00000
     0.83984      0.12400      0.50000      1.00000
     0.84184      0.12400      0.50000      1.00000
     0.84384      0.12400      0.50000      1.00000
     0.84585      0.12400      0.50000      1.00000
     0.84785      0.12400      0.50000      1.00000
     0.84985      0.12400      0.50000      1.00000
     0.85185      0.12400      0.50000      1.00000
     0.85385      0.12400      0.50000      1.00000
     0.85586      0.12400      0.50000      1.00000
     0.85786      0.12400      0.50000      1.00000
     0.85986      0.12400      0.50000      1.00000
     0.86186      0.12400      0.50000      1.00000
     0.86386      0.12400      0.50000      1.00000
     0.86587      0.12400      0.50000      1.00000
     0.86787      0.12400      0.50000      1.00000
     0.86987      0.12400      0.50000      1.00000
     0.87187      0.12400      0.50000      1.00000
     0.87387      0.12400      0.50000      1.00000
     0.87588      0.12400      0.50000      1.00000
     0.87788      0.12400      0.50000      1.00000
     0.87988      0.12400      0.50000      1.00000
     0.88188      0.12400      0.50000      1.00000
     0.88388      0.12400      0.50000      1.00000
     0.88589      0.12400      0.50000      1.00000
     0.88789      0.12400      0.50000      1.00000
     0.88989      0.12400      0.50000      1.00000
     0.89189      0.12400      0.50000      1.00000
     0.89389      0.12400      0.50000      1.00000
     0.89590      0.12400      0.50000      1.00000
     0.89790      0.12400      0.50000      1.00000
     0.89990      0.12400      0.50000      1.00000
     0.90190      0.12400      0.50000      1.00000
     0.90390      0.12400      0.50000      1.00000
     0.90591      0.12400      0.50000      1.00000
     0.90791      0.12400      0.50000      1.00000
     0.90991      0.12400      0.50000      1.00000
     0.91191      0.12400      0.50000      1.00000
     0.91391      0.12400      0.50000      1.00000
     0.91592      0.12400      0.50000      1.00000
     0.91792      0.12400      0.50000      1.00000
     0.91992      0.12400      0.50000      1.00000
     0.92192      0.12400      0.50000      1.00000
     0.92392      0.12400      0.50000      1.00000
     0.92593      0.12400      0.50000      1.00000
     0.92793      0.12400      0.50000      1.00000
     0.92993      0.12400      0.50000      1.00000
     0.93193      0.12400      0.50000      1.00000
     0.93393      0.12400      0.50000      1.00000
     0.93594      0.12400      0.50000      1.00000
     0.93794      0.12400      0.50000      1.00000
     0.93994      0.12400      0.50000      1.00000
     0.94194      0.12400      0.50000      1.00000
     0.94394      0.12400      0.50000      1.00000
     0.94595      0.12400      0.50000      1.00000
     0.94795      0.12400      0.50000      1.00000
     0.94995      0.12400      0.50000      1.00000
     0.95195      0.12400      0.50000      1.00000
     0.95395      0.12400      0.50000      1.00000
     0.95596      0.12400      0.50000      1.00000
     0.95796      0.12400      0.50000      1.00000
     0.95996      0.12400      0.50000      1.00000
     0.96196      0.12400      0.50000      1.00000
     0.96396      0.12400      0.50000      1.00000
     0.96597      0.12400      0.50000      1.00000
     0.96797      0.12400      0.50000      1.00000
     0.96997      0.12400      0.50000      1.00000
     0.97197      0.12400      0.50000      1.00000
     0.97397      0.12400      0.50000      1.00000
     0.97598      0.12400      0.50000      1.00000
     0.97798      0.12400      0.50000      1.00000
     0.97998      0.12400      0.50000      1.00000
     0.98198      0.12400      0.50000      1.00000
     0.98398      0.12400      0.50000      1.00000
     0.98599      0.12400      0.50000      1.00000
     0.98799      0.12400      0.50000      1.00000
     0.98999      0.12400      0.50000      1.00000
     0.99199      0.12400      0.50000      1.00000
     0.99399      0.12400      0.50000      1.00000
     0.99600      0.12400      0.50000      1.00000
     0.99800      0.12400      0.50000      1.00000
     1.00000      0.12400      0.50000      1.00000
