t =     0.2000
           x          rho            u            p
    -1.00000      0.00686     -6.88342      0.01738
    -0.99800      0.00689     -6.87508      0.01749
    -0.99600      0.00692     -6.86674      0.01760
    -0.99399      0.00695     -6.85840      0.01771
    -0.99199      0.00698     -6.85006      0.01782
    -0.98999      0.00701     -6.84171      0.01793
    -0.98799      0.00705     -6.83337      0.01804
    -0.98599      0.00708     -6.82503      0.01815
    -0.98398      0.00711     -6.81669      0.01827
    -0.98198      0.00714     -6.80835      0.01838
    -0.97998      0.00717     -6.80001      0.01849
    -0.97798      0.00720     -6.79166      0.01861
    -0.97598      0.00723     -6.78332      0.01872
    -0.97397      0.00727     -6.77498      0.01884
    -0.97197      0.00730     -6.76664      0.01895
    -0.96997      0.00733     -6.75830      0.01907
    -0.96797      0.00736     -6.74996      0.01918
    -0.96597      0.00739     -6.74161      0.01930
    -0.96396      0.00743     -6.73327      0.01942
    -0.96196      0.00746     -6.72493      0.01954
    -0.95996      0.00749     -6.71659      0.01966
    -0.95796      0.00752     -6.70825      0.01978
    -0.95596      0.00756     -6.69991      0.01990
    -0.95395      0.00759     -6.69156      0.02002
    -0.95195      0.00762     -6.68322      0.02014
    -0.94995      0.00766     -6.67488      0.02027
    -0.94795      0.00769     -6.66654      0.02039
    -0.94595      0.00772     -6.65820      0.02051
    -0.94394      0.00776     -6.64986      0.02064
    -0.94194      0.00779     -6.64151      0.02076
    -0.93994      0.00782     -6.63317      0.02089
    -0.93794      0.00786     -6.62483      0.02101
    -0.93594      0.00789     -6.61649      0.02114
    -0.93393      0.00792     -6.60815      0.02127
    -0.93193      0.00796     -6.59981      0.02140
    -0.92993      0.00799     -6.59146      0.02153
    -0.92793      0.00803     -6.58312      0.02166
    -0.92593      0.00806     -6.57478      0.02179
    -0.92392      0.00810     -6.56644      0.02192
    -0.92192      0.00813     -6.55810      0.02205
    -0.91992      0.00817     -6.54976      0.02218
    -0.91792      0.00820     -6.54141      0.02232
    -0.91592      0.00824     -6.53307      0.02245
    -0.91391      0.00827     -6.52473      0.02258
    -0.91191      0.00831     -6.51639      0.02272
    -0.90991      0.00834     -6.50805      0.02286
    -0.90791      0.00838     -6.49971      0.02299
    -0.90591      0.00841     -6.49136      0.02313
    -0.90390      0.00845     -6.48302      0.02327
    -0.90190      0.00849     -6.47468      0.02341
    -0.89990      0.00852     -6.46634      0.02355
    -0.89790      0.00856     -6.45800      0.02369
    -0.89590      0.00859     -6.44966      0.02383
    -0.89389      0.00863     -6.44131      0.02397
    -0.89189      0.00867     -6.43297      0.02411
    -0.88989      0.00870     -6.42463      0.02425
    -0.88789      0.00874     -6.41629      0.02440
    -0.88589      0.00878     -6.40795      0.02454
    -0.88388      0.00881     -6.39961      0.02469
    -0.88188      0.00885     -6.39126      0.02483
    -0.87988      0.00889     -6.38292      0.02498
    -0.87788      0.00893     -6.37458      0.02513
    -0.87588      0.00896     -6.36624      0.02528
    -0.87387      0.00900     -6.35790      0.02542
    -0.87187      0.00904     -6.34956      0.02557
    -0.86987      0.00908     -6.34121      0.02572
    -0.86787      0.00912     -6.33287      0.02588
    -0.86587      0.00915     -6.32453      0.02603
    -0.86386      0.00919     -6.31619      0.02618
    -0.86186      0.00923     -6.30785      0.02633
    -0.85986      0.00927     -6.29951      0.02649
    -0.85786      0.00931     -6.29116      0.02664
    -0.85586      0.00935     -6.28282      0.02680
    -0.85385      0.00939     -6.27448      0.02696
    -0.85185      0.00942     -6.26614      0.02711
    -0.84985      0.00946     -6.25780      0.02727
    -0.84785      0.00950     -6.24946      0.02743
    -0.84585      0.00954     -6.24111      0.02759
    -0.84384      0.00958     -6.23277      0.02775
    -0.84184      0.00962     -6.22443      0.02791
    -0.83984      0.00966     -6.21609      0.02807
    -0.83784      0.00970     -6.20775      0.02824
    -0.83584      0.00974     -6.19941      0.02840
    -0.83383      0.00978     -6.19106      0.02857
    -0.83183      0.00982     -6.18272      0.02873
    -0.82983      0.00986     -6.17438      0.02890
    -0.82783      0.00990     -6.16604      0.02906
    -0.82583      0.00994     -6.15770      0.02923
    -0.82382      0.00999     -6.14936      0.02940
    -0.82182      0.01003     -6.14101      0.02957
    -0.81982      0.01007     -6.13267      0.02974
    -0.81782      0.01011     -6.12433      0.02991
    -0.81582      0.01015     -6.11599      0.03008
    -0.81381      0.01019     -6.10765      0.03026
    -0.81181      0.01023     -6.09931      0.03043
    -0.80981      0.01028     -6.09096      0.03060
    -0.80781      0.01032     -6.08262      0.03078
    -0.80581      0.01036     -6.07428      0.03096
    -0.80380      0.01040     -6.06594      0.03113
    -0.80180      0.01045     -6.05760      0.03131
    -0.79980      0.01049     -6.04926      0.03149
    -0.79780      0.01053     -6.04091      0.03167
    -0.79580      0.01057     -6.03257      0.03185
    -0.79379      0.01062     -6.02423      0.03203
    -0.79179      0.01066     -6.01589      0.03222
    -0.78979      0.01070     -6.00755      0.03240
    -0.78779      0.01075     -5.99921      0.03258
    -0.78579      0.01079     -5.99086      0.03277
    -0.78378      0.01083     -5.98252      0.03295
    -0.78178      0.01088     -5.97418      0.03314
    -0.77978      0.01092     -5.96584      0.03333
    -0.77778      0.01097     -5.95750      0.03352
    -0.77578      0.01101     -5.94916      0.03371
    -0.77377      0.01105     -5.94081      0.03390
    -0.77177      0.01110     -5.93247      0.03409
    -0.76977      0.01114     -5.92413      0.03428
    -0.76777      0.01119     -5.91579      0.03448
    -0.76577      0.01123     -5.90745      0.03467
    -0.76376      0.01128     -5.89911      0.03487
    -0.76176      0.01132     -5.89076      0.03506
    -0.75976      0.01137     -5.88242      0.03526
    -0.75776      0.01142     -5.87408      0.03546
    -0.75576      0.01146     -5.86574      0.03566
    -0.75375      0.01151     -5.85740      0.03586
    -0.75175      0.01155     -5.84906      0.03606
    -0.74975      0.01160     -5.84071      0.03626
    -0.74775      0.01165     -5.83237      0.03646
    -0.74575      0.01169     -5.82403      0.03667
    -0.74374      0.01174     -5.81569      0.03687
    -0.74174      0.01179     -5.80735      0.03708
    -0.73974      0.01183     -5.79901      0.03728
    -0.73774      0.01188     -5.79066      0.03749
    -0.73574      0.01193     -5.78232      0.03770
    -0.73373      0.01197     -5.77398      0.03791
    -0.73173      0.01202     -5.76564      0.03812
    -0.72973      0.01207     -5.75730      0.03833
    -0.72773      0.01212     -5.74896      0.03854
    -0.72573      0.01216     -5.74061      0.03876
    -0.72372      0.01221     -5.73227      0.03897
    -0.72172      0.01226     -5.72393      0.03919
    -0.71972      0.01231     -5.71559      0.03941
    -0.71772      0.01236     -5.70725      0.03962
    -0.71572      0.01241     -5.69891      0.03984
    -0.71371      0.01246     -5.69056      0.04006
    -0.71171      0.01251     -5.68222      0.04028
    -0.70971      0.01255     -5.67388      0.04051
    -0.70771      0.01260     -5.66554      0.04073
    -0.70571      0.01265     -5.65720      0.04095
    -0.70370      0.01270     -5.64886      0.04118
    -0.70170      0.01275     -5.64051      0.04140
    -0.69970      0.01280     -5.63217      0.04163
    -0.69770      0.01285     -5.62383      0.04186
    -0.69570      0.01290     -5.61549      0.04209
    -0.69369      0.01295     -5.60715      0.04232
    -0.69169      0.01300     -5.59880      0.04255
    -0.68969      0.01305     -5.59046      0.04278
    -0.68769      0.01311     -5.58212      0.04302
    -0.68569      0.01316     -5.57378      0.04325
    -0.68368      0.01321     -5.56544      0.04349
    -0.68168      0.01326     -5.55710      0.04373
    -0.67968      0.01331     -5.54875      0.04396
    -0.67768      0.01336     -5.54041      0.04420
    -0.67568      0.01341     -5.53207      0.04444
    -0.67367      0.01347     -5.52373      0.04469
    -0.67167      0.01352     -5.51539      0.04493
    -0.66967      0.01357     -5.50705      0.04517
    -0.66767      0.01362     -5.49870      0.04542
    -0.66567      0.01368     -5.49036      0.04566
    -0.66366      0.01373     -5.48202      0.04591
    -0.66166      0.01378     -5.47368      0.04616
    -0.65966      0.01384     -5.46534      0.04641
    -0.65766      0.01389     -5.45700      0.04666
    -0.65566      0.01394     -5.44865      0.04691
    -0.65365      0.01400     -5.44031      0.04716
    -0.65165      0.01405     -5.43197      0.04742
    -0.64965      0.01410     -5.42363      0.04767
    -0.64765      0.01416     -5.41529      0.04793
    -0.64565      0.01421     -5.40695      0.04819
    -0.64364      0.01427     -5.39860      0.04845
    -0.64164      0.01432     -5.39026      0.04871
    -0.63964      0.01438     -5.38192      0.04897
    -0.63764      0.01443     -5.37358      0.04923
    -0.63564      0.01449     -5.36524      0.04949
    -0.63363      0.01454     -5.35690      0.04976
    -0.63163      0.01460     -5.34855      0.05002
    -0.62963      0.01465     -5.34021      0.05029
    -0.62763      0.01471     -5.33187      0.05056
    -0.62563      0.01476     -5.32353      0.05083
    -0.62362      0.01482     -5.31519      0.05110
    -0.62162      0.01488     -5.30685      0.05137
    -0.61962      0.01493     -5.29850      0.05165
    -0.61762      0.01499     -5.29016      0.05192
    -0.61562      0.01505     -5.28182      0.05220
    -0.61361      0.01510     -5.27348      0.05248
    -0.61161      0.01516     -5.26514      0.05275
    -0.60961      0.01522     -5.25680      0.05303
    -0.60761      0.01528     -5.24845      0.05331
    -0.60561      0.01533     -5.24011      0.05360
    -0.60360      0.01539     -5.23177      0.05388
    -0.60160      0.01545     -5.22343      0.05417
    -0.59960      0.01551     -5.21509      0.05445
    -0.59760      0.01557     -5.20675      0.05474
    -0.59560      0.01563     -5.19840      0.05503
    -0.59359      0.01568     -5.19006      0.05532
    -0.59159      0.01574     -5.18172      0.05561
    -0.58959      0.01580     -5.17338      0.05590
    -0.58759      0.01586     -5.16504      0.05620
    -0.58559      0.01592     -5.15670      0.05649
    -0.58358      0.01598     -5.14835      0.05679
    -0.58158      0.01604     -5.14001      0.05709
    -0.57958      0.01610     -5.13167      0.05739
    -0.57758      0.01616     -5.12333      0.05769
    -0.57558      0.01622     -5.11499      0.05799
    -0.57357      0.01628     -5.10665      0.05829
    -0.57157      0.01634     -5.09830      0.05860
    -0.56957      0.01640     -5.08996      0.05890
    -0.56757      0.01646     -5.08162      0.05921
    -0.56557      0.01653     -5.07328      0.05952
    -0.56356      0.01659     -5.06494      0.05983
    -0.56156      0.01665     -5.05660      0.06014
    -0.55956      0.01671     -5.04825      0.06045
    -0.55756      0.01677     -5.03991      0.06077
    -0.55556      0.01684     -5.03157      0.06108
    -0.55355      0.01690     -5.02323      0.06140
    -0.55155      0.01696     -5.01489      0.06172
    -0.54955      0.01702     -5.00655      0.06204
    -0.54755      0.01709     -4.99820      0.06236
    -0.54555      0.01715     -4.98986      0.06268
    -0.54354      0.01721     -4.98152      0.06301
    -0.54154      0.01728     -4.97318      0.06333
    -0.53954      0.01734     -4.96484      0.06366
    -0.53754      0.01740     -4.95650      0.06399
    -0.53554      0.01747     -4.94815      0.06432
    -0.53353      0.01753     -4.93981      0.06465
    -0.53153      0.01760     -4.93147      0.06498
    -0.52953      0.01766     -4.92313      0.06532
    -0.52753      0.01773     -4.91479      0.06566
    -0.52553      0.01779     -4.90645      0.06599
    -0.52352      0.01786     -4.89810      0.06633
    -0.52152      0.01792     -4.88976      0.06667
    -0.51952      0.01799     -4.88142      0.06701
    -0.51752      0.01805     -4.87308      0.06736
    -0.51552      0.01812     -4.86474      0.06770
    -0.51351      0.01819     -4.85640      0.06805
    -0.51151      0.01825     -4.84805      0.06840
    -0.50951      0.01832     -4.83971      0.06875
    -0.50751      0.01839     -4.83137      0.06910
    -0.50551      0.01845     -4.82303      0.06945
    -0.50350      0.01852     -4.81469      0.06980
    -0.50150      0.01859     -4.80635      0.07016
    -0.49950      0.01865     -4.79800      0.07052
    -0.49750      0.01872     -4.78966      0.07088
    -0.49550      0.01879     -4.78132      0.07124
    -0.49349      0.01886     -4.77298      0.07160
    -0.49149      0.01893     -4.76464      0.07196
    -0.48949      0.01899     -4.75630      0.07233
    -0.48749      0.01906     -4.74795      0.07269
    -0.48549      0.01913     -4.73961      0.07306
    -0.48348      0.01920     -4.73127      0.07343
    -0.48148      0.01927     -4.72293      0.07380
    -0.47948      0.01934     -4.71459      0.07418
    -0.47748      0.01941     -4.70625      0.07455
    -0.47548      0.01948     -4.69790      0.07493
    -0.47347      0.01955     -4.68956      0.07530
    -0.47147      0.01962     -4.68122      0.07568
    -0.46947      0.01969     -4.67288      0.07606
    -0.46747      0.01976     -4.66454      0.07645
    -0.46547      0.01983     -4.65620      0.07683
    -0.46346      0.01990     -4.64785      0.07722
    -0.46146      0.01998     -4.63951      0.07761
    -0.45946      0.02005     -4.63117      0.07800
    -0.45746      0.02012     -4.62283      0.07839
    -0.45546      0.02019     -4.61449      0.07878
    -0.45345      0.02026     -4.60615      0.07917
    -0.45145      0.02033     -4.59780      0.07957
    -0.44945      0.02041     -4.58946      0.07997
    -0.44745      0.02048     -4.58112      0.08037
    -0.44545      0.02055     -4.57278      0.08077
    -0.44344      0.02063     -4.56444      0.08117
    -0.44144      0.02070     -4.55610      0.08158
    -0.43944      0.02077     -4.54775      0.08198
    -0.43744      0.02085     -4.53941      0.08239
    -0.43544      0.02092     -4.53107      0.08280
    -0.43343      0.02100     -4.52273      0.08321
    -0.43143      0.02107     -4.51439      0.08363
    -0.42943      0.02114     -4.50605      0.08404
    -0.42743      0.02122     -4.49770      0.08446
    -0.42543      0.02129     -4.48936      0.08488
    -0.42342      0.02137     -4.48102      0.08530
    -0.42142      0.02145     -4.47268      0.08572
    -0.41942      0.02152     -4.46434      0.08614
    -0.41742      0.02160     -4.45600      0.08657
    -0.41542      0.02167     -4.44765      0.08700
    -0.41341      0.02175     -4.43931      0.08743
    -0.41141      0.02183     -4.43097      0.08786
    -0.40941      0.02190     -4.42263      0.08829
    -0.40741      0.02198     -4.41429      0.08873
    -0.40541      0.02206     -4.40595      0.08916
    -0.40340      0.02213     -4.39760      0.08960
    -0.40140      0.02221     -4.38926      0.09004
    -0.39940      0.02229     -4.38092      0.09048
    -0.39740      0.02237     -4.37258      0.09093
    -0.39540      0.02245     -4.36424      0.09137
    -0.39339      0.02253     -4.35590      0.09182
    -0.39139      0.02260     -4.34755      0.09227
    -0.38939      0.02268     -4.33921      0.09272
    -0.38739      0.02276     -4.33087      0.09318
    -0.38539      0.02284     -4.32253      0.09363
    -0.38338      0.02292     -4.31419      0.09409
    -0.38138      0.02300     -4.30585      0.09455
    -0.37938      0.02308     -4.29750      0.09501
    -0.37738      0.02316     -4.28916      0.09547
    -0.37538      0.02324     -4.28082      0.09594
    -0.37337      0.02332     -4.27248      0.09641
    -0.37137      0.02340     -4.26414      0.09688
    -0.36937      0.02349     -4.25580      0.09735
    -0.36737      0.02357     -4.24745      0.09782
    -0.36537      0.02365     -4.23911      0.09829
    -0.36336      0.02373     -4.23077      0.09877
    -0.36136      0.02381     -4.22243      0.09925
    -0.35936      0.02389     -4.21409      0.09973
    -0.35736      0.02398     -4.20575      0.10021
    -0.35536      0.02406     -4.19740      0.10070
    -0.35335      0.02414     -4.18906      0.10119
    -0.35135      0.02423     -4.18072      0.10167
    -0.34935      0.02431     -4.17238      0.10216
    -0.34735      0.02439     -4.16404      0.10266
    -0.34535      0.02448     -4.15570      0.10315
    -0.34334      0.02456     -4.14735      0.10365
    -0.34134      0.02465     -4.13901      0.10415
    -0.33934      0.02473     -4.13067      0.10465
    -0.33734      0.02482     -4.12233      0.10515
    -0.33534      0.02490     -4.11399      0.10566
    -0.33333      0.02499     -4.10565      0.10617
    -0.33133      0.02507     -4.09730      0.10667
    -0.32933      0.02516     -4.08896      0.10719
    -0.32733      0.02524     -4.08062      0.10770
    -0.32533      0.02533     -4.07228      0.10822
    -0.32332      0.02542     -4.06394      0.10873
    -0.32132      0.02550     -4.05560      0.10925
    -0.31932      0.02559     -4.04725      0.10978
    -0.31732      0.02568     -4.03891      0.11030
    -0.31532      0.02576     -4.03057      0.11083
    -0.31331      0.02585     -4.02223      0.11135
    -0.31131      0.02594     -4.01389      0.11189
    -0.30931      0.02603     -4.00555      0.11242
    -0.30731      0.02612     -3.99720      0.11295
    -0.30531      0.02621     -3.98886      0.11349
    -0.30330      0.02629     -3.98052      0.11403
    -0.30130      0.02638     -3.97218      0.11457
    -0.29930      0.02647     -3.96384      0.11511
    -0.29730      0.02656     -3.95550      0.11566
    -0.29530      0.02665     -3.94715      0.11621
    -0.29329      0.02674     -3.93881      0.11676
    -0.29129      0.02683     -3.93047      0.11731
    -0.28929      0.02692     -3.92213      0.11787
    -0.28729      0.02701     -3.91379      0.11842
    -0.28529      0.02711     -3.90544      0.11898
    -0.28328      0.02720     -3.89710      0.11954
    -0.28128      0.02729     -3.88876      0.12011
    -0.27928      0.02738     -3.88042      0.12068
    -0.27728      0.02747     -3.87208      0.12124
    -0.27528      0.02756     -3.86374      0.12181
    -0.27327      0.02766     -3.85539      0.12239
    -0.27127      0.02775     -3.84705      0.12296
    -0.26927      0.02784     -3.83871      0.12354
    -0.26727      0.02794     -3.83037      0.12412
    -0.26527      0.02803     -3.82203      0.12470
    -0.26326      0.02812     -3.81369      0.12529
    -0.26126      0.02822     -3.80534      0.12587
    -0.25926      0.02831     -3.79700      0.12646
    -0.25726      0.02841     -3.78866      0.12706
    -0.25526      0.02850     -3.78032      0.12765
    -0.25325      0.02860     -3.77198      0.12825
    -0.25125      0.02869     -3.76364      0.12885
    -0.24925      0.02879     -3.75529      0.12945
    -0.24725      0.02888     -3.74695      0.13005
    -0.24525      0.02898     -3.73861      0.13066
    -0.24324      0.02908     -3.73027      0.13127
    -0.24124      0.02917     -3.72193      0.13188
    -0.23924      0.02927     -3.71359      0.13249
    -0.23724      0.02937     -3.70524      0.13311
    -0.23524      0.02946     -3.69690      0.13372
    -0.23323      0.02956     -3.68856      0.13434
    -0.23123      0.02966     -3.68022      0.13497
    -0.22923      0.02976     -3.67188      0.13559
    -0.22723      0.02986     -3.66354      0.13622
    -0.22523      0.02995     -3.65519      0.13685
    -0.22322      0.03005     -3.64685      0.13749
    -0.22122      0.03015     -3.63851      0.13812
    -0.21922      0.03025     -3.63017      0.13876
    -0.21722      0.03035     -3.62183      0.13940
    -0.21522      0.03045     -3.61349      0.14004
    -0.21321      0.03055     -3.60514      0.14069
    -0.21121      0.03065     -3.59680      0.14134
    -0.20921      0.03075     -3.58846      0.14199
    -0.20721      0.03085     -3.58012      0.14264
    -0.20521      0.03096     -3.57178      0.14330
    -0.20320      0.03106     -3.56344      0.14396
    -0.20120      0.03116     -3.55509      0.14462
    -0.19920      0.03126     -3.54675      0.14528
    -0.19720      0.03136     -3.53841      0.14595
    -0.19520      0.03147     -3.53007      0.14662
    -0.19319      0.03157     -3.52173      0.14729
    -0.19119      0.03167     -3.51339      0.14796
    -0.18919      0.03178     -3.50504      0.14864
    -0.18719      0.03188     -3.49670      0.14932
    -0.18519      0.03198     -3.48836      0.15000
    -0.18318      0.03209     -3.48002      0.15069
    -0.18118      0.03219     -3.47168      0.15137
    -0.17918      0.03230     -3.46334      0.15207
    -0.17718      0.03240     -3.45499      0.15276
    -0.17518      0.03251     -3.44665      0.15345
    -0.17317      0.03261     -3.43831      0.15415
    -0.17117      0.03272     -3.42997      0.15485
    -0.16917      0.03282     -3.42163      0.15556
    -0.16717      0.03293     -3.41329      0.15626
    -0.16517      0.03304     -3.40494      0.15697
    -0.16316      0.03314     -3.39660      0.15769
    -0.16116      0.03325     -3.38826      0.15840
    -0.15916      0.03336     -3.37992      0.15912
    -0.15716      0.03347     -3.37158      0.15984
    -0.15516      0.03358     -3.36324      0.16056
    -0.15315      0.03368     -3.35489      0.16129
    -0.15115      0.03379     -3.34655      0.16202
    -0.14915      0.03390     -3.33821      0.16275
    -0.14715      0.03401     -3.32987      0.16348
    -0.14515      0.03412     -3.32153      0.16422
    -0.14314      0.03423     -3.31319      0.16496
    -0.14114      0.03434     -3.30484      0.16570
    -0.13914      0.03445     -3.29650      0.16645
    -0.13714      0.03456     -3.28816      0.16720
    -0.13514      0.03467     -3.27982      0.16795
    -0.13313      0.03478     -3.27148      0.16871
    -0.13113      0.03489     -3.26314      0.16946
    -0.12913      0.03501     -3.25479      0.17022
    -0.12713      0.03512     -3.24645      0.17099
    -0.12513      0.03523     -3.23811      0.17175
    -0.12312      0.03534     -3.22977      0.17252
    -0.12112      0.03546     -3.22143      0.17329
    -0.11912      0.03557     -3.21309      0.17407
    -0.11712      0.03568     -3.20474      0.17485
    -0.11512      0.03580     -3.19640      0.17563
    -0.11311      0.03591     -3.18806      0.17641
    -0.11111      0.03603     -3.17972      0.17720
    -0.10911      0.03614     -3.17138      0.17799
    -0.10711      0.03626     -3.16304      0.17878
    -0.10511      0.03637     -3.15469      0.17958
    -0.10310      0.03649     -3.14635      0.18038
    -0.10110      0.03660     -3.13801      0.18118
    -0.09910      0.03672     -3.12967      0.18199
    -0.09710      0.03683     -3.12133      0.18279
    -0.09510      0.03695     -3.11299      0.18361
    -0.09309      0.03707     -3.10464      0.18442
    -0.09109      0.03719     -3.09630      0.18524
    -0.08909      0.03730     -3.08796      0.18606
    -0.08709      0.03742     -3.07962      0.18688
    -0.08509      0.03754     -3.07128      0.18771
    -0.08308      0.03766     -3.06294      0.18854
    -0.08108      0.03778     -3.05459      0.18937
    -0.07908      0.03790     -3.04625      0.19021
    -0.07708      0.03801     -3.03791      0.19105
    -0.07508      0.03813     -3.02957      0.19189
    -0.07307      0.03825     -3.02123      0.19274
    -0.07107      0.03837     -3.01289      0.19359
    -0.06907      0.03850     -3.00454      0.19444
    -0.06707      0.03862     -2.99620      0.19529
    -0.06507      0.03874     -2.98786      0.19615
    -0.06306      0.03886     -2.97952      0.19702
    -0.06106      0.03898     -2.97118      0.19788
    -0.05906      0.03910     -2.96284      0.19875
    -0.05706      0.03923     -2.95449      0.19962
    -0.05506      0.03935     -2.94615      0.20050
    -0.05305      0.03947     -2.93781      0.20137
    -0.05105      0.03959     -2.92947      0.20226
    -0.04905      0.03972     -2.92113      0.20314
    -0.04705      0.03984     -2.91279      0.20403
    -0.04505      0.03997     -2.90444      0.20492
    -0.04304      0.04009     -2.89610      0.20582
    -0.04104      0.04022     -2.88776      0.20671
    -0.03904      0.04034     -2.87942      0.20762
    -0.03704      0.04047     -2.87108      0.20852
    -0.03504      0.04059     -2.86274      0.20943
    -0.03303      0.04072     -2.85439      0.21034
    -0.03103      0.04085     -2.84605      0.21126
    -0.02903      0.04097     -2.83771      0.21217
    -0.02703      0.04110     -2.82937      0.21310
    -0.02503      0.04123     -2.82103      0.21402
    -0.02302      0.04135     -2.81269      0.21495
    -0.02102      0.04148     -2.80434      0.21588
    -0.01902      0.04161     -2.79600      0.21682
    -0.01702      0.04174     -2.78766      0.21776
    -0.01502      0.04187     -2.77932      0.21870
    -0.01301      0.04200     -2.77098      0.21965
    -0.01101      0.04213     -2.76264      0.22060
    -0.00901      0.04226     -2.75429      0.22155
    -0.00701      0.04239     -2.74595      0.22251
    -0.00501      0.04252     -2.73761      0.22347
    -0.00300      0.04265     -2.72927      0.22443
    -0.00100      0.04278     -2.72093      0.22540
     0.00100      0.04291     -2.71259      0.22637
     0.00300      0.04304     -2.70424      0.22734
     0.00501      0.04318     -2.69590      0.22832
     0.00701      0.04331     -2.68756      0.22930
     0.00901      0.04344     -2.67922      0.23029
     0.01101      0.04357     -2.67088      0.23128
     0.01301      0.04371     -2.66254      0.23227
     0.01502      0.04384     -2.65419      0.23327
     0.01702      0.04398     -2.64585      0.23427
     0.01902      0.04411     -2.63751      0.23527
     0.02102      0.04425     -2.62917      0.23628
     0.02302      0.04438     -2.62083      0.23729
     0.02503      0.04452     -2.61249      0.23830
     0.02703      0.04465     -2.60414      0.23932
     0.02903      0.04479     -2.59580      0.24034
     0.03103      0.04492     -2.58746      0.24137
     0.03303      0.04506     -2.57912      0.24240
     0.03504      0.04520     -2.57078      0.24343
     0.03704      0.04534     -2.56244      0.24447
     0.03904      0.04547     -2.55409      0.24551
     0.04104      0.04561     -2.54575      0.24656
     0.04304      0.04575     -2.53741      0.24760
     0.04505      0.04589     -2.52907      0.24866
     0.04705      0.04603     -2.52073      0.24971
     0.04905      0.04617     -2.51239      0.25077
     0.05105      0.04631     -2.50404      0.25184
     0.05305      0.04645     -2.49570      0.25290
     0.05506      0.04659     -2.48736      0.25398
     0.05706      0.04673     -2.47902      0.25505
     0.05906      0.04687     -2.47068      0.25613
     0.06106      0.04701     -2.46234      0.25721
     0.06306      0.04715     -2.45399      0.25830
     0.06507      0.04730     -2.44565      0.25939
     0.06707      0.04744     -2.43731      0.26049
     0.06907      0.04758     -2.42897      0.26159
     0.07107      0.04772     -2.42063      0.26269
     0.07307      0.04787     -2.41229      0.26380
     0.07508      0.04801     -2.40394      0.26491
     0.07708      0.04816     -2.39560      0.26602
     0.07908      0.04830     -2.38726      0.26714
     0.08108      0.04845     -2.37892      0.26827
     0.08308      0.04859     -2.37058      0.26939
     0.08509      0.04874     -2.36224      0.27052
     0.08709      0.04888     -2.35389      0.27166
     0.08909      0.04903     -2.34555      0.27280
     0.09109      0.04918     -2.33721      0.27394
     0.09309      0.04932     -2.32887      0.27509
     0.09510      0.04947     -2.32053      0.27624
     0.09710      0.04962     -2.31219      0.27740
     0.09910      0.04977     -2.30384      0.27856
     0.10110      0.04991     -2.29550      0.27972
     0.10310      0.05006     -2.28716      0.28089
     0.10511      0.05021     -2.27882      0.28206
     0.10711      0.05036     -2.27048      0.28324
     0.10911      0.05051     -2.26213      0.28442
     0.11111      0.05066     -2.25379      0.28561
     0.11311      0.05081     -2.24545      0.28680
     0.11512      0.05096     -2.23711      0.28799
     0.11712      0.05112     -2.22877      0.28919
     0.11912      0.05127     -2.22043      0.29039
     0.12112      0.05142     -2.21208      0.29160
     0.12312      0.05157     -2.20374      0.29281
     0.12513      0.05172     -2.19540      0.29402
     0.12713      0.05188     -2.18706      0.29524
     0.12913      0.05203     -2.17872      0.29646
     0.13113      0.05218     -2.17038      0.29769
     0.13313      0.05234     -2.16203      0.29892
     0.13514      0.05249     -2.15369      0.30016
     0.13714      0.05265     -2.14535      0.30140
     0.13914      0.05280     -2.13701      0.30265
     0.14114      0.05296     -2.12867      0.30390
     0.14314      0.05312     -2.12033      0.30515
     0.14515      0.05327     -2.11198      0.30641
     0.14715      0.05343     -2.10364      0.30767
     0.14915      0.05359     -2.09530      0.30894
     0.15115      0.05374     -2.08696      0.31021
     0.15315      0.05390     -2.07862      0.31149
     0.15516      0.05406     -2.07028      0.31277
     0.15716      0.05422     -2.06193      0.31406
     0.15916      0.05438     -2.05359      0.31535
     0.16116      0.05454     -2.04525      0.31664
     0.16316      0.05470     -2.03691      0.31794
     0.16517      0.05486     -2.02857      0.31925
     0.16717      0.05502     -2.02023      0.32055
     0.16917      0.05518     -2.01188      0.32187
     0.17117      0.05534     -2.00354      0.32318
     0.17317      0.05550     -1.99520      0.32451
     0.17518      0.05566     -1.98686      0.32583
     0.17718      0.05582     -1.97852      0.32717
     0.17918      0.05599     -1.97018      0.32850
     0.18118      0.05615     -1.96183      0.32984
     0.18318      0.05631     -1.95349      0.33119
     0.18519      0.05648     -1.94515      0.33254
     0.18719      0.05664     -1.93681      0.33389
     0.18919      0.05681     -1.92847      0.33525
     0.19119      0.05697     -1.92013      0.33662
     0.19319      0.05714     -1.91178      0.33799
     0.19520      0.05730     -1.90344      0.33936
     0.19720      0.05747     -1.89510      0.34074
     0.19920      0.05764     -1.88676      0.34212
     0.20120      0.05780     -1.87842      0.34351
     0.20320      0.05797     -1.87008      0.34490
     0.20521      0.05814     -1.86173      0.34630
     0.20721      0.05831     -1.85339      0.34771
     0.20921      0.05847     -1.84505      0.34911
     0.21121      0.05864     -1.83671      0.35053
     0.21321      0.05881     -1.82837      0.35194
     0.21522      0.05898     -1.82003      0.35337
     0.21722      0.05915     -1.81168      0.35479
     0.21922      0.05932     -1.80334      0.35623
     0.22122      0.05949     -1.79500      0.35766
     0.22322      0.05967     -1.78666      0.35911
     0.22523      0.05984     -1.77832      0.36055
     0.22723      0.06001     -1.76998      0.36200
     0.22923      0.06018     -1.76163      0.36346
     0.23123      0.06035     -1.75329      0.36492
     0.23323      0.06053     -1.74495      0.36639
     0.23524      0.06070     -1.73661      0.36786
     0.23724      0.06088     -1.72827      0.36934
     0.23924      0.06105     -1.71993      0.37082
     0.24124      0.06122     -1.71158      0.37231
     0.24324      0.06140     -1.70324      0.37380
     0.24525      0.06158     -1.69490      0.37530
     0.24725      0.06175     -1.68656      0.37681
     0.24925      0.06193     -1.67822      0.37831
     0.25125      0.06210     -1.66988      0.37983
     0.25325      0.06228     -1.66153      0.38135
     0.25526      0.06246     -1.65319      0.38287
     0.25726      0.06264     -1.64485      0.38440
     0.25926      0.06282     -1.63651      0.38593
     0.26126      0.06300     -1.62817      0.38747
     0.26326      0.06317     -1.61983      0.38902
     0.26527      0.06335     -1.61148      0.39057
     0.26727      0.06353     -1.60314      0.39212
     0.26927      0.06371     -1.59480      0.39368
     0.27127      0.06390     -1.58646      0.39525
     0.27327      0.06408     -1.57812      0.39682
     0.27528      0.06426     -1.56978      0.39840
     0.27728      0.06444     -1.56143      0.39998
     0.27928      0.06462     -1.55309      0.40156
     0.28128      0.06481     -1.54475      0.40316
     0.28328      0.06499     -1.53641      0.40476
     0.28529      0.06517     -1.52807      0.40636
     0.28729      0.06536     -1.51973      0.40797
     0.28929      0.06554     -1.51138      0.40958
     0.29129      0.06573     -1.50304      0.41120
     0.29329      0.06591     -1.49470      0.41283
     0.29530      0.06610     -1.48636      0.41446
     0.29730      0.06629     -1.47802      0.41609
     0.29930      0.06647     -1.46968      0.41774
     0.30130      0.06666     -1.46133      0.41938
     0.30330      0.06685     -1.45299      0.42104
     0.30531      0.06703     -1.44465      0.42270
     0.30731      0.06722     -1.43631      0.42436
     0.30931      0.06741     -1.42797      0.42603
     0.31131      0.06760     -1.41963      0.42771
     0.31331      0.06779     -1.41128      0.42939
     0.31532      0.06798     -1.40294      0.43107
     0.31732      0.06817     -1.39460      0.43277
     0.31932      0.06836     -1.38626      0.43446
     0.32132      0.06855     -1.37792      0.43617
     0.32332      0.06875     -1.36958      0.43788
     0.32533      0.06894     -1.36123      0.43959
     0.32733      0.06913     -1.35289      0.44131
     0.32933      0.06932     -1.34455      0.44304
     0.33133      0.06952     -1.33621      0.44477
     0.33333      0.06971     -1.32787      0.44651
     0.33534      0.06991     -1.31953      0.44826
     0.33734      0.07010     -1.31118      0.45001
     0.33934      0.07030     -1.30284      0.45176
     0.34134      0.07049     -1.29450      0.45352
     0.34334      0.07069     -1.28616      0.45529
     0.34535      0.07088     -1.27782      0.45706
     0.34735      0.07108     -1.26948      0.45884
     0.34935      0.07128     -1.26113      0.46063
     0.35135      0.07148     -1.25279      0.46242
     0.35335      0.07167     -1.24445      0.46422
     0.35536      0.07187     -1.23611      0.46602
     0.35736      0.07207     -1.22777      0.46783
     0.35936      0.07227     -1.21943      0.46965
     0.36136      0.07247     -1.21108      0.47147
     0.36336      0.07267     -1.20274      0.47330
     0.36537      0.07287     -1.19440      0.47513
     0.36737      0.07308     -1.18606      0.47697
     0.36937      0.07328     -1.17772      0.47881
     0.37137      0.07348     -1.16938      0.48067
     0.37337      0.07368     -1.16103      0.48252
     0.37538      0.07389     -1.15269      0.48439
     0.37738      0.07409     -1.14435      0.48626
     0.37938      0.07429     -1.13601      0.48814
     0.38138      0.07450     -1.12767      0.49002
     0.38338      0.07470     -1.11933      0.49191
     0.38539      0.07491     -1.11098      0.49380
     0.38739      0.07511     -1.10264      0.49570
     0.38939      0.07532     -1.09430      0.49761
     0.39139      0.07553     -1.08596      0.49953
     0.39339      0.07573     -1.07762      0.50145
     0.39540      0.07594     -1.06928      0.50337
     0.39740      0.07615     -1.06093      0.50530
     0.39940      0.07636     -1.05259      0.50724
     0.40140      0.07657     -1.04425      0.50919
     0.40340      0.07678     -1.03591      0.51114
     0.40541      0.07699     -1.02757      0.51310
     0.40741      0.07720     -1.01923      0.51507
     0.40941      0.07741     -1.01088      0.51704
     0.41141      0.07762     -1.00254      0.51901
     0.41341      0.07783     -0.99420      0.52100
     0.41542      0.07805     -0.98586      0.52299
     0.41742      0.07826     -0.97752      0.52499
     0.41942      0.07847     -0.96918      0.52699
     0.42142      0.07868     -0.96083      0.52900
     0.42342      0.07890     -0.95249      0.53102
     0.42543      0.07911     -0.94415      0.53304
     0.42743      0.07933     -0.93581      0.53507
     0.42943      0.07954     -0.92747      0.53711
     0.43143      0.07976     -0.91913      0.53915
     0.43343      0.07998     -0.91078      0.54120
     0.43544      0.08019     -0.90244      0.54326
     0.43744      0.08041     -0.89410      0.54532
     0.43944      0.08063     -0.88576      0.54739
     0.44144      0.08085     -0.87742      0.54947
     0.44344      0.08107     -0.86908      0.55155
     0.44545      0.08129     -0.86073      0.55364
     0.44745      0.08151     -0.85239      0.55574
     0.44945      0.08173     -0.84405      0.55784
     0.45145      0.08195     -0.83571      0.55996
     0.45345      0.08217     -0.82737      0.56207
     0.45546      0.08239     -0.81903      0.56420
     0.45746      0.08261     -0.81068      0.56633
     0.45946      0.08283     -0.80234      0.56847
     0.46146      0.08306     -0.79400      0.57061
     0.46346      0.08328     -0.78566      0.57277
     0.46547      0.08351     -0.77732      0.57492
     0.46747      0.08373     -0.76898      0.57709
     0.46947      0.08396     -0.76063      0.57926
     0.47147      0.08418     -0.75229      0.58144
     0.47347      0.08441     -0.74395      0.58363
     0.47548      0.08463     -0.73561      0.58582
     0.47748      0.08486     -0.72727      0.58803
     0.47948      0.08509     -0.71893      0.59023
     0.48148      0.08532     -0.71058      0.59245
     0.48348      0.08554     -0.70224      0.59467
     0.48549      0.08577     -0.69390      0.59690
     0.48749      0.08600     -0.68556      0.59914
     0.48949      0.08623     -0.67722      0.60138
     0.49149      0.08646     -0.66888      0.60363
     0.49349      0.08669     -0.66053      0.60589
     0.49550      0.08693     -0.65219      0.60816
     0.49750      0.08716     -0.64385      0.61043
     0.49950      0.08739     -0.63551      0.61271
     0.50150      0.08762     -0.62717      0.61500
     0.50350      0.08786     -0.61883      0.61729
     0.50551      0.08809     -0.61048      0.61960
     0.50751      0.08832     -0.60214      0.62191
     0.50951      0.08856     -0.59380      0.62422
     0.51151      0.08880     -0.58546      0.62655
     0.51351      0.08903     -0.57712      0.62888
     0.51552      0.08927     -0.56877      0.63122
     0.51752      0.08950     -0.56043      0.63356
     0.51952      0.08974     -0.55209      0.63592
     0.52152      0.08998     -0.54375      0.63828
     0.52352      0.09022     -0.53541      0.64065
     0.52553      0.09046     -0.52707      0.64303
     0.52753      0.09070     -0.51872      0.64541
     0.52953      0.09094     -0.51038      0.64780
     0.53153      0.09118     -0.50204      0.65020
     0.53353      0.09142     -0.49370      0.65261
     0.53554      0.09166     -0.48536      0.65502
     0.53754      0.09190     -0.47702      0.65745
     0.53954      0.09214     -0.46867      0.65988
     0.54154      0.09239     -0.46033      0.66231
     0.54354      0.09263     -0.45199      0.66476
     0.54555      0.09287     -0.44365      0.66721
     0.54755      0.09312     -0.43531      0.66967
     0.54955      0.09336     -0.42697      0.67214
     0.55155      0.09361     -0.41862      0.67462
     0.55355      0.09386     -0.41028      0.67710
     0.55556      0.09410     -0.40194      0.67959
     0.55756      0.09435     -0.39360      0.68209
     0.55956      0.09460     -0.38526      0.68460
     0.56156      0.09485     -0.37692      0.68712
     0.56356      0.09509     -0.36857      0.68964
     0.56557      0.09534     -0.36023      0.69217
     0.56757      0.09559     -0.35189      0.69471
     0.56957      0.09584     -0.34355      0.69726
     0.57157      0.09609     -0.33521      0.69981
     0.57357      0.09635     -0.32687      0.70238
     0.57558      0.09660     -0.31852      0.70495
     0.57758      0.09685     -0.31018      0.70753
     0.57958      0.09710     -0.30184      0.71012
     0.58158      0.09736     -0.29350      0.71271
     0.58358      0.09761     -0.28516      0.71532
     0.58559      0.09786     -0.27682      0.71793
     0.58759      0.09812     -0.26847      0.72055
     0.58959      0.09837     -0.26013      0.72318
     0.59159      0.09863     -0.25179      0.72581
     0.59359      0.09889     -0.24345      0.72846
     0.59560      0.09914     -0.23511      0.73111
     0.59760      0.09940     -0.22677      0.73377
     0.59960      0.09966     -0.21842      0.73644
     0.60160      0.09992     -0.21008      0.73912
     0.60360      0.10018     -0.20174      0.74181
     0.60561      0.10044     -0.19340      0.74450
     0.60761      0.10070     -0.18506      0.74721
     0.60961      0.10096     -0.17672      0.74992
     0.61161      0.10122     -0.16837      0.75264
     0.61361      0.10148     -0.16003      0.75537
     0.61562      0.10175     -0.15169      0.75810
     0.61762      0.10201     -0.14335      0.76085
     0.61962      0.10227     -0.13501      0.76360
     0.62162      0.10254     -0.12667      0.76636
     0.62362      0.10280     -0.11832      0.76914
     0.62563      0.10307     -0.10998      0.77192
     0.62763      0.10333     -0.10164      0.77470
     0.62963      0.10360     -0.09330      0.77750
     0.63163      0.10386     -0.08496      0.78031
     0.63363      0.10413     -0.07662      0.78312
     0.63564      0.10440     -0.06827      0.78594
     0.63764      0.10467     -0.05993      0.78878
     0.63964      0.10494     -0.05159      0.79162
     0.64164      0.10521     -0.04325      0.79446
     0.64364      0.10548     -0.03491      0.79732
     0.64565      0.10575     -0.02657      0.80019
     0.64765      0.10602     -0.01822      0.80306
     0.64965      0.10629     -0.00988      0.80595
     0.65165      0.10656     -0.00154      0.80884
     0.65365      0.10684      0.00680      0.81174
     0.65566      0.10711      0.01514      0.81466
     0.65766      0.10738      0.02348      0.81758
     0.65966      0.10766      0.03183      0.82050
     0.66166      0.10793      0.04017      0.82344
     0.66366      0.10821      0.04851      0.82639
     0.66567      0.10849      0.05685      0.82935
     0.66767      0.10876      0.06519      0.83231
     0.66967      0.10904      0.07353      0.83528
     0.67167      0.10932      0.08188      0.83827
     0.67367      0.10960      0.09022      0.84126
     0.67568      0.10988      0.09856      0.84426
     0.67768      0.11016      0.10690      0.84727
     0.67968      0.11044      0.11524      0.85029
     0.68168      0.11072      0.12358      0.85332
     0.68368      0.11100      0.13193      0.85636
     0.68569      0.11128      0.14027      0.85941
     0.68769      0.11156      0.14861      0.86246
     0.68969      0.11185      0.15695      0.86553
     0.69169      0.11213      0.16529      0.86861
     0.69369      0.11241      0.17363      0.87169
     0.69570      0.11270      0.18198      0.87479
     0.69770      0.11299      0.19032      0.87789
     0.69970      0.11327      0.19866      0.88100
     0.70170      0.11356      0.20700      0.88413
     0.70370      0.11385      0.21534      0.88726
     0.70571      0.11413      0.22368      0.89040
     0.70771      0.11442      0.23203      0.89355
     0.70971      0.11471      0.24037      0.89671
     0.71171      0.11500      0.24871      0.89988
     0.71371      0.11529      0.25705      0.90306
     0.71572      0.11558      0.26539      0.90625
     0.71772      0.11587      0.27373      0.90945
     0.71972      0.11616      0.28208      0.91266
     0.72172      0.11646      0.29042      0.91588
     0.72372      0.11675      0.29876      0.91911
     0.72573      0.11704      0.30710      0.92234
     0.72773      0.11734      0.31544      0.92559
     0.72973      0.11763      0.32378      0.92885
     0.73173      0.11793      0.33213      0.93212
     0.73373      0.11822      0.34047      0.93539
     0.73574      0.11852      0.34881      0.93868
     0.73774      0.11882      0.35715      0.94198
     0.73974      0.11912      0.36549      0.94529
     0.74174      0.11941      0.37383      0.94860
     0.74374      0.11971      0.38218      0.95193
     0.74575      0.12001      0.39052      0.95527
     0.74775      0.12031      0.39886      0.95861
     0.74975      0.12061      0.40720      0.96197
     0.75175      0.12091      0.41554      0.96534
     0.75375      0.12122      0.42388      0.96871
     0.75576      0.12152      0.43223      0.97210
     0.75776      0.12182      0.44057      0.97550
     0.75976      0.12213      0.44891      0.97891
     0.76176      0.12243      0.45725      0.98232
     0.76376      0.12274      0.46559      0.98575
     0.76577      0.12304      0.47393      0.98919
     0.76777      0.12335      0.48228      0.99264
     0.76977      0.12365      0.49062      0.99610
     0.77177      0.12396      0.49896      0.99957
     0.77377      0.12400      0.50000      1.00000
     0.77578      0.12400      0.50000      1.00000
     0.77778      0.12400      0.50000      1.00000
     0.77978      0.12400      0.50000      1.00000
     0.78178      0.12400      0.50000      1.00000
     0.78378      0.12400      0.50000      1.00000
     0.78579      0.12400      0.50000      1.00000
     0.78779      0.12400      0.50000      1.00000
     0.78979      0.12400      0.50000      1.00000
     0.79179      0.12400      0.50000      1.00000
     0.79379      0.12400      0.50000      1.00000
     0.79580      0.12400      0.50000      1.00000
     0.79780      0.12400      0.50000      1.00000
     0.79980      0.12400      0.50000      1.00000
     0.80180      0.12400      0.50000      1.00000
     0.80380      0.12400      0.50000      1.00000
     0.80581      0.12400      0.50000      1.00000
     0.80781      0.12400      0.50000      1.00000
     0.80981      0.12400      0.50000      1.00000
     0.81181      0.12400      0.50000      1.00000
     0.81381      0.12400      0.50000      1.00000
     0.81582      0.12400      0.50000      1.00000
     0.81782      0.12400      0.50000      1.00000
     0.81982      0.12400      0.50000      1.00000
     0.82182      0.12400      0.50000      1.00000
     0.82382      0.12400      0.50000      1.00000
     0.82583      0.12400      0.50000      1.00000
     0.82783      0.12400      0.50000      1.00000
     0.82983      0.12400      0.50000      1.00000
     0.83183      0.12400      0.50000      1.00000
     0.83383      0.12400      0.50000      1.00000
     0.83584      0.12400      0.50000      1.00000
     0.83784      0.12400      0.50000      1.00000
     0.83984      0.12400      0.50000      1.00000
     0.84184      0.12400      0.50000      1.00000
     0.84384      0.12400      0.50000      1.00000
     0.84585      0.12400      0.50000      1.00000
     0.84785      0.12400      0.50000      1.00000
     0.84985      0.12400      0.50000      1.00000
     0.85185      0.12400      0.50000      1.00000
     0.85385      0.12400      0.50000      1.00000
     0.85586      0.12400      0.50000      1.00000
     0.85786      0.12400      0.50000      1.00000
     0.85986      0.12400      0.50000      1.00000
     0.86186      0.12400      0.50000      1.00000
     0.86386      0.12400      0.50000      1.00000
     0.86587      0.12400      0.50000      1.00000
     0.86787      0.12400      0.50000      1.00000
     0.86987      0.12400      0.50000      1.00000
     0.87187      0.12400      0.50000      1.00000
     0.87387      0.12400      0.50000      1.00000
     0.87588      0.12400      0.50000      1.00000
     0.87788      0.12400      0.50000      1.00000
     0.87988      0.12400      0.50000      1.00000
     0.88188      0.12400      0.50000      1.00000
     0.88388      0.12400      0.50000      1.00000
     0.88589      0.12400      0.50000      1.00000
     0.88789      0.12400      0.50000      1.00000
     0.88989      0.12400      0.50000      1.00000
     0.89189      0.12400      0.50000      1.00000
     0.89389      0.12400      0.50000      1.00000
     0.89590      0.12400      0.50000      1.00000
     0.89790      0.12400      0.50000      1.00000
     0.89990      0.12400      0.50000      1.00000
     0.90190      0.12400      0.50000      1.00000
     0.90390      0.12400      0.50000      1.00000
     0.90591      0.12400      0.50000      1.00000
     0.90791      0.12400      0.50000      1.00000
     0.90991      0.12400      0.50000      1.00000
     0.91191      0.12400      0.50000      1.00000
     0.91391      0.12400      0.50000      1.00000
     0.91592      0.12400      0.50000      1.00000
     0.91792      0.12400      0.50000      1.00000
     0.91992      0.12400      0.50000      1.00000
     0.92192      0.12400      0.50000      1.00000
     0.92392      0.12400      0.50000      1.00000
     0.92593      0.12400      0.50000      1.00000
     0.92793      0.12400      0.50000      1.00000
     0.92993      0.12400      0.50000      1.00000
     0.93193      0.12400      0.50000      1.00000
     0.93393      0.12400      0.50000      1.00000
     0.93594      0.12400      0.50000      1.00000
     0.93794      0.12400      0.50000      1.00000
     0.93994      0.12400      0.50000      1.00000
     0.94194      0.12400      0.50000      1.00000
     0.94394      0.12400      0.50000      1.00000
     0.94595      0.12400      0.50000      1.00000
     0.94795      0.12400      0.50000      1.00000
     0.94995      0.12400      0.50000      1.00000
     0.95195      0.12400      0.50000      1.00000
     0.95395      0.12400      0.50000      1.00000
     0.95596      0.12400      0.50000      1.00000
     0.95796      0.12400      0.50000      1.00000
     0.95996      0.12400      0.50000      1.00000
     0.96196      0.12400      0.50000      1.00000
     0.96396      0.12400      0.50000      1.00000
     0.96597      0.12400      0.50000      1.00000
     0.96797      0.12400      0.50000      1.00000
     0.96997      0.12400      0.50000      1.00000
     0.97197      0.12400      0.50000      1.00000
     0.97397      0.12400      0.50000      1.00000
     0.97598      0.12400      0.50000      1.00000
     0.97798      0.12400      0.50000      1.00000
     0.97998      0.12400      0.50000      1.00000
     0.98198      0.12400      0.50000      1.00000
     0.98398      0.12400      0.50000      1.00000
     0.98599      0.12400      0.50000      1.00000
     0.98799      0.12400      0.50000      1.00000
     0.98999      0.12400      0.50000      1.00000
     0.99199      0.12400      0.50000      1.00000
     0.99399      0.12400      0.50000      1.00000
     0.99600      0.12400      0.50000      1.00000
     0.99800      0.12400      0.50000      1.00000
     1.00000      0.12400      0.50000      1.00000
