t =     0.0188
           x          rho            u            p
    -1.00000      1.00000      0.00000   1000.00000
    -0.99800      1.00000      0.00000   1000.00000
    -0.99600      1.00000      0.00000   1000.00000
    -0.99399      1.00000      0.00000   1000.00000
    -0.99199      1.00000      0.00000   1000.00000
    -0.98999      1.00000      0.00000   1000.00000
    -0.98799      1.00000      0.00000   1000.00000
    -0.98599      1.00000      0.00000   1000.00000
    -0.98398      1.00000      0.00000   1000.00000
    -0.98198      1.00000      0.00000   1000.00000
    -0.97998      1.00000      0.00000   1000.00000
    -0.97798      1.00000      0.00000   1000.00000
    -0.97598      1.00000      0.00000   1000.00000
    -0.97397      1.00000      0.00000   1000.00000
    -0.97197      1.00000      0.00000   1000.00000
    -0.96997      1.00000      0.00000   1000.00000
    -0.96797      1.00000      0.00000   1000.00000
    -0.96597      1.00000      0.00000   1000.00000
    -0.96396      1.00000      0.00000   1000.00000
    -0.96196      1.00000      0.00000   1000.00000
    -0.95996      1.00000      0.00000   1000.00000
    -0.95796      1.00000      0.00000   1000.00000
    -0.95596      1.00000      0.00000   1000.00000
    -0.95395      1.00000      0.00000   1000.00000
    -0.95195      1.00000      0.00000   1000.00000
    -0.94995      1.00000      0.00000   1000.00000
    -0.94795      1.00000      0.00000   1000.00000
    -0.94595      1.00000      0.00000   1000.00000
    -0.94394      1.00000      0.00000   1000.00000
    -0.94194      1.00000      0.00000   1000.00000
    -0.93994      1.00000      0.00000   1000.00000
    -0.93794      1.00000      0.00000   1000.00000
    -0.93594      1.00000      0.00000   1000.00000
    -0.93393      1.00000      0.00000   1000.00000
    -0.93193      1.00000      0.00000   1000.00000
    -0.92993      1.00000      0.00000   1000.00000
    -0.92793      1.00000      0.00000   1000.00000
    -0.92593      1.00000      0.00000   1000.00000
    -0.92392      1.00000      0.00000   1000.00000
    -0.92192      1.00000      0.00000   1000.00000
    -0.91992      1.00000      0.00000   1000.00000
    -0.91792      1.00000      0.00000   1000.00000
    -0.91592      1.00000      0.00000   1000.00000
    -0.91391      1.00000      0.00000   1000.00000
    -0.91191      1.00000      0.00000   1000.00000
    -0.90991      1.00000      0.00000   1000.00000
    -0.90791      1.00000      0.00000   1000.00000
    -0.90591      1.00000      0.00000   1000.00000
    -0.90390      1.00000      0.00000   1000.00000
    -0.90190      1.00000      0.00000   1000.00000
    -0.89990      1.00000      0.00000   1000.00000
    -0.89790      1.00000      0.00000   1000.00000
    -0.89590      1.00000      0.00000   1000.00000
    -0.89389      1.00000      0.00000   1000.00000
    -0.89189      1.00000      0.00000   1000.00000
    -0.88989      1.00000      0.00000   1000.00000
    -0.88789      1.00000      0.00000   1000.00000
    -0.88589      1.00000      0.00000   1000.00000
    -0.88388      1.00000      0.00000   1000.00000
    -0.88188      1.00000      0.00000   1000.00000
    -0.87988      1.00000      0.00000   1000.00000
    -0.87788      1.00000      0.00000   1000.00000
    -0.87588      1.00000      0.00000   1000.00000
    -0.87387      1.00000      0.00000   1000.00000
    -0.87187      1.00000      0.00000   1000.00000
    -0.86987      1.00000      0.00000   1000.00000
    -0.86787      1.00000      0.00000   1000.00000
    -0.86587      1.00000      0.00000   1000.00000
    -0.86386      1.00000      0.00000   1000.00000
    -0.86186      1.00000      0.00000   1000.00000
    -0.85986      1.00000      0.00000   1000.00000
    -0.85786      1.00000      0.00000   1000.00000
    -0.85586      1.00000      0.00000   1000.00000
    -0.85385      1.00000      0.00000   1000.00000
    -0.85185      1.00000      0.00000   1000.00000
    -0.84985      1.00000      0.00000   1000.00000
    -0.84785      1.00000      0.00000   1000.00000
    -0.84585      1.00000      0.00000   1000.00000
    -0.84384      1.00000      0.00000   1000.00000
    -0.84184      1.00000      0.00000   1000.00000
    -0.83984      1.00000      0.00000   1000.00000
    -0.83784      1.00000      0.00000   1000.00000
    -0.83584      1.00000      0.00000   1000.00000
    -0.83383      1.00000      0.00000   1000.00000
    -0.83183      1.00000      0.00000   1000.00000
    -0.82983      1.00000      0.00000   1000.00000
    -0.82783      1.00000      0.00000   1000.00000
    -0.82583      1.00000      0.00000   1000.00000
    -0.82382      1.00000      0.00000   1000.00000
    -0.82182      1.00000      0.00000   1000.00000
    -0.81982      1.00000      0.00000   1000.00000
    -0.81782      1.00000      0.00000   1000.00000
    -0.81582      1.00000      0.00000   1000.00000
    -0.81381      1.00000      0.00000   1000.00000
    -0.81181      1.00000      0.00000   1000.00000
    -0.80981      1.00000      0.00000   1000.00000
    -0.80781      1.00000      0.00000   1000.00000
    -0.80581      1.00000      0.00000   1000.00000
    -0.80380      1.00000      0.00000   1000.00000
    -0.80180      1.00000      0.00000   1000.00000
    -0.79980      1.00000      0.00000   1000.00000
    -0.79780      1.00000      0.00000   1000.00000
    -0.79580      1.00000      0.00000   1000.00000
    -0.79379      1.00000      0.00000   1000.00000
    -0.79179      1.00000      0.00000   1000.00000
    -0.78979      1.00000      0.00000   1000.00000
    -0.78779      1.00000      0.00000   1000.00000
    -0.78579      1.00000      0.00000   1000.00000
    -0.78378      1.00000      0.00000   1000.00000
    -0.78178      1.00000      0.00000   1000.00000
    -0.77978      1.00000      0.00000   1000.00000
    -0.77778      1.00000      0.00000   1000.00000
    -0.77578      1.00000      0.00000   1000.00000
    -0.77377      1.00000      0.00000   1000.00000
    -0.77177      1.00000      0.00000   1000.00000
    -0.76977      1.00000      0.00000   1000.00000
    -0.76777      1.00000      0.00000   1000.00000
    -0.76577      1.00000      0.00000   1000.00000
    -0.76376      1.00000      0.00000   1000.00000
    -0.76176      1.00000      0.00000   1000.00000
    -0.75976      1.00000      0.00000   1000.00000
    -0.75776      1.00000      0.00000   1000.00000
    -0.75576      1.00000      0.00000   1000.00000
    -0.75375      1.00000      0.00000   1000.00000
    -0.75175      1.00000      0.00000   1000.00000
    -0.74975      1.00000      0.00000   1000.00000
    -0.74775      1.00000      0.00000   1000.00000
    -0.74575      1.00000      0.00000   1000.00000
    -0.74374      1.00000      0.00000   1000.00000
    -0.74174      1.00000      0.00000   1000.00000
    -0.73974      1.00000      0.00000   1000.00000
    -0.73774      1.00000      0.00000   1000.00000
    -0.73574      1.00000      0.00000   1000.00000
    -0.73373      1.00000      0.00000   1000.00000
    -0.73173      1.00000      0.00000   1000.00000
    -0.72973      1.00000      0.00000   1000.00000
    -0.72773      1.00000      0.00000   1000.00000
    -0.72573      1.00000      0.00000   1000.00000
    -0.72372      1.00000      0.00000   1000.00000
    -0.72172      1.00000      0.00000   1000.00000
    -0.71972      1.00000      0.00000   1000.00000
    -0.71772      1.00000      0.00000   1000.00000
    -0.71572      1.00000      0.00000   1000.00000
    -0.71371      1.00000      0.00000   1000.00000
    -0.71171      1.00000      0.00000   1000.00000
    -0.70971      1.00000      0.00000   1000.00000
    -0.70771      1.00000      0.00000   1000.00000
    -0.70571      1.00000      0.00000   1000.00000
    -0.70370      1.00000      0.00000   1000.00000
    -0.70170      1.00000      0.00000   1000.00000
    -0.69970      0.99779      0.08271    996.90924
    -0.69770      0.99542      0.17169    993.59355
    -0.69570      0.99305      0.26067    990.28731
    -0.69369      0.99069      0.34965    986.99052
    -0.69169      0.98833      0.43863    983.70313
    -0.68969      0.98598      0.52760    980.42513
    -0.68769      0.98363      0.61658    977.15651
    -0.68569      0.98128      0.70556    973.89722
    -0.68368      0.97894      0.79454    970.64726
    -0.68168      0.97661      0.88351    967.40660
    -0.67968      0.97428      0.97249    964.17522
    -0.67768      0.97195      1.06147    960.95309
    -0.67568      0.96963      1.15045    957.74020
    -0.67367      0.96731      1.23943    954.53652
    -0.67167      0.96500      1.32840    951.34203
    -0.66967      0.96269      1.41738    948.15671
    -0.66767      0.96038      1.50636    944.98053
    -0.66567      0.95808      1.59534    941.81348
    -0.66366      0.95579      1.68432    938.65553
    -0.66166      0.95350      1.77329    935.50666
    -0.65966      0.95121      1.86227    932.36685
    -0.65766      0.94893      1.95125    929.23607
    -0.65566      0.94665      2.04023    926.11431
    -0.65365      0.94438      2.12920    923.00155
    -0.65165      0.94211      2.21818    919.89776
    -0.64965      0.93984      2.30716    916.80291
    -0.64765      0.93758      2.39614    913.71700
    -0.64565      0.93532      2.48512    910.63999
    -0.64364      0.93307      2.57409    907.57187
    -0.64164      0.93082      2.66307    904.51262
    -0.63964      0.92858      2.75205    901.46220
    -0.63764      0.92634      2.84103    898.42061
    -0.63564      0.92411      2.93001    895.38782
    -0.63363      0.92188      3.01898    892.36381
    -0.63163      0.91965      3.10796    889.34856
    -0.62963      0.91743      3.19694    886.34205
    -0.62763      0.91521      3.28592    883.34425
    -0.62563      0.91300      3.37489    880.35514
    -0.62362      0.91079      3.46387    877.37471
    -0.62162      0.90858      3.55285    874.40294
    -0.61962      0.90638      3.64183    871.43979
    -0.61762      0.90419      3.73081    868.48526
    -0.61562      0.90200      3.81978    865.53931
    -0.61361      0.89981      3.90876    862.60194
    -0.61161      0.89763      3.99774    859.67311
    -0.60961      0.89545      4.08672    856.75282
    -0.60761      0.89327      4.17570    853.84102
    -0.60561      0.89110      4.26467    850.93772
    -0.60360      0.88893      4.35365    848.04288
    -0.60160      0.88677      4.44263    845.15649
    -0.59960      0.88461      4.53161    842.27852
    -0.59760      0.88246      4.62058    839.40896
    -0.59560      0.88031      4.70956    836.54778
    -0.59359      0.87817      4.79854    833.69496
    -0.59159      0.87602      4.88752    830.85049
    -0.58959      0.87389      4.97650    828.01433
    -0.58759      0.87175      5.06547    825.18649
    -0.58559      0.86963      5.15445    822.36692
    -0.58358      0.86750      5.24343    819.55561
    -0.58158      0.86538      5.33241    816.75255
    -0.57958      0.86327      5.42139    813.95771
    -0.57758      0.86115      5.51036    811.17107
    -0.57558      0.85905      5.59934    808.39261
    -0.57357      0.85694      5.68832    805.62231
    -0.57157      0.85484      5.77730    802.86016
    -0.56957      0.85275      5.86628    800.10612
    -0.56757      0.85065      5.95525    797.36019
    -0.56557      0.84857      6.04423    794.62234
    -0.56356      0.84648      6.13321    791.89255
    -0.56156      0.84440      6.22219    789.17080
    -0.55956      0.84233      6.31116    786.45707
    -0.55756      0.84026      6.40014    783.75135
    -0.55556      0.83819      6.48912    781.05361
    -0.55355      0.83613      6.57810    778.36383
    -0.55155      0.83407      6.66708    775.68200
    -0.54955      0.83202      6.75605    773.00809
    -0.54755      0.82996      6.84503    770.34208
    -0.54555      0.82792      6.93401    767.68396
    -0.54354      0.82588      7.02299    765.03371
    -0.54154      0.82384      7.11197    762.39130
    -0.53954      0.82180      7.20094    759.75672
    -0.53754      0.81977      7.28992    757.12995
    -0.53554      0.81775      7.37890    754.51096
    -0.53353      0.81572      7.46788    751.89975
    -0.53153      0.81370      7.55685    749.29628
    -0.52953      0.81169      7.64583    746.70054
    -0.52753      0.80968      7.73481    744.11252
    -0.52553      0.80767      7.82379    741.53219
    -0.52352      0.80567      7.91277    738.95953
    -0.52152      0.80367      8.00174    736.39452
    -0.51952      0.80168      8.09072    733.83715
    -0.51752      0.79969      8.17970    731.28740
    -0.51552      0.79770      8.26868    728.74524
    -0.51351      0.79572      8.35766    726.21067
    -0.51151      0.79374      8.44663    723.68365
    -0.50951      0.79176      8.53561    721.16417
    -0.50751      0.78979      8.62459    718.65222
    -0.50551      0.78783      8.71357    716.14777
    -0.50350      0.78586      8.80254    713.65080
    -0.50150      0.78390      8.89152    711.16130
    -0.49950      0.78195      8.98050    708.67925
    -0.49750      0.78000      9.06948    706.20462
    -0.49550      0.77805      9.15846    703.73741
    -0.49349      0.77611      9.24743    701.27759
    -0.49149      0.77417      9.33641    698.82514
    -0.48949      0.77223      9.42539    696.38005
    -0.48749      0.77030      9.51437    693.94229
    -0.48549      0.76837      9.60335    691.51185
    -0.48348      0.76645      9.69232    689.08871
    -0.48148      0.76453      9.78130    686.67286
    -0.47948      0.76261      9.87028    684.26426
    -0.47748      0.76070      9.95926    681.86291
    -0.47548      0.75879     10.04823    679.46879
    -0.47347      0.75688     10.13721    677.08188
    -0.47147      0.75498     10.22619    674.70216
    -0.46947      0.75309     10.31517    672.32961
    -0.46747      0.75119     10.40415    669.96421
    -0.46547      0.74930     10.49312    667.60596
    -0.46346      0.74742     10.58210    665.25482
    -0.46146      0.74553     10.67108    662.91078
    -0.45946      0.74366     10.76006    660.57382
    -0.45746      0.74178     10.84904    658.24393
    -0.45546      0.73991     10.93801    655.92109
    -0.45345      0.73804     11.02699    653.60528
    -0.45145      0.73618     11.11597    651.29648
    -0.44945      0.73432     11.20495    648.99467
    -0.44745      0.73247     11.29393    646.69984
    -0.44545      0.73061     11.38290    644.41196
    -0.44344      0.72877     11.47188    642.13103
    -0.44144      0.72692     11.56086    639.85703
    -0.43944      0.72508     11.64984    637.58992
    -0.43744      0.72324     11.73881    635.32971
    -0.43544      0.72141     11.82779    633.07637
    -0.43343      0.71958     11.91677    630.82988
    -0.43143      0.71776     12.00575    628.59023
    -0.42943      0.71593     12.09473    626.35740
    -0.42743      0.71412     12.18370    624.13137
    -0.42543      0.71230     12.27268    621.91212
    -0.42342      0.71049     12.36166    619.69964
    -0.42142      0.70868     12.45064    617.49391
    -0.41942      0.70688     12.53962    615.29491
    -0.41742      0.70508     12.62859    613.10263
    -0.41542      0.70328     12.71757    610.91705
    -0.41341      0.70149     12.80655    608.73815
    -0.41141      0.69970     12.89553    606.56592
    -0.40941      0.69792     12.98450    604.40033
    -0.40741      0.69613     13.07348    602.24137
    -0.40541      0.69436     13.16246    600.08902
    -0.40340      0.69258     13.25144    597.94328
    -0.40140      0.69081     13.34042    595.80411
    -0.39940      0.68904     13.42939    593.67150
    -0.39740      0.68728     13.51837    591.54545
    -0.39540      0.68552     13.60735    589.42592
    -0.39339      0.68376     13.69633    587.31290
    -0.39139      0.68201     13.78531    585.20638
    -0.38939      0.68026     13.87428    583.10634
    -0.38739      0.67852     13.96326    581.01276
    -0.38539      0.67678     14.05224    578.92563
    -0.38338      0.67504     14.14122    576.84493
    -0.38138      0.67330     14.23019    574.77064
    -0.37938      0.67157     14.31917    572.70275
    -0.37738      0.66984     14.40815    570.64123
    -0.37538      0.66812     14.49713    568.58609
    -0.37337      0.66640     14.58611    566.53729
    -0.37137      0.66468     14.67508    564.49482
    -0.36937      0.66297     14.76406    562.45866
    -0.36737      0.66126     14.85304    560.42881
    -0.36537      0.65955     14.94202    558.40523
    -0.36336      0.65785     15.03100    556.38792
    -0.36136      0.65615     15.11997    554.37687
    -0.35936      0.65445     15.20895    552.37204
    -0.35736      0.65276     15.29793    550.37343
    -0.35536      0.65107     15.38691    548.38103
    -0.35335      0.64939     15.47588    546.39481
    -0.35135      0.64771     15.56486    544.41476
    -0.34935      0.64603     15.65384    542.44086
    -0.34735      0.64435     15.74282    540.47311
    -0.34535      0.64268     15.83180    538.51147
    -0.34334      0.64101     15.92077    536.55594
    -0.34134      0.63935     16.00975    534.60650
    -0.33934      0.63769     16.09873    532.66313
    -0.33734      0.63603     16.18771    530.72582
    -0.33534      0.63438     16.27669    528.79455
    -0.33333      0.63273     16.36566    526.86931
    -0.33133      0.63108     16.45464    524.95008
    -0.32933      0.62944     16.54362    523.03685
    -0.32733      0.62780     16.63260    521.12960
    -0.32533      0.62616     16.72157    519.22831
    -0.32332      0.62453     16.81055    517.33297
    -0.32132      0.62290     16.89953    515.44356
    -0.31932      0.62127     16.98851    513.56008
    -0.31732      0.61965     17.07749    511.68249
    -0.31532      0.61803     17.16646    509.81079
    -0.31331      0.61641     17.25544    507.94496
    -0.31131      0.61480     17.34442    506.08499
    -0.30931      0.61319     17.43340    504.23086
    -0.30731      0.61158     17.52238    502.38256
    -0.30531      0.60998     17.61135    500.54006
    -0.30330      0.60838     17.70033    498.70336
    -0.30130      0.60678     17.78931    496.87244
    -0.29930      0.60519     17.87829    495.04729
    -0.29730      0.60360     17.96727    493.22788
    -0.29530      0.60201     18.05624    491.41421
    -0.29329      0.60043     18.14522    489.60626
    -0.29129      0.59885     18.23420    487.80401
    -0.28929      0.59727     18.32318    486.00745
    -0.28729      0.59570     18.41215    484.21657
    -0.28529      0.59413     18.50113    482.43134
    -0.28328      0.59257     18.59011    480.65177
    -0.28128      0.59100     18.67909    478.87782
    -0.27928      0.58944     18.76807    477.10948
    -0.27728      0.58789     18.85704    475.34675
    -0.27528      0.58633     18.94602    473.58960
    -0.27327      0.58478     19.03500    471.83802
    -0.27127      0.58324     19.12398    470.09199
    -0.26927      0.58169     19.21296    468.35151
    -0.26727      0.58015     19.30193    466.61655
    -0.26527      0.57862     19.39091    464.88711
    -0.26326      0.57708     19.47989    463.16316
    -0.26126      0.57555     19.56887    461.44470
    -0.25926      0.57506     19.59745    460.89401
    -0.25726      0.57506     19.59745    460.89401
    -0.25526      0.57506     19.59745    460.89401
    -0.25325      0.57506     19.59745    460.89401
    -0.25125      0.57506     19.59745    460.89401
    -0.24925      0.57506     19.59745    460.89401
    -0.24725      0.57506     19.59745    460.89401
    -0.24525      0.57506     19.59745    460.89401
    -0.24324      0.57506     19.59745    460.89401
    -0.24124      0.57506     19.59745    460.89401
    -0.23924      0.57506     19.59745    460.89401
    -0.23724      0.57506     19.59745    460.89401
    -0.23524      0.57506     19.59745    460.89401
    -0.23323      0.57506     19.59745    460.89401
    -0.23123      0.57506     19.59745    460.89401
    -0.22923      0.57506     19.59745    460.89401
    -0.22723      0.57506     19.59745    460.89401
    -0.22523      0.57506     19.59745    460.89401
    -0.22322      0.57506     19.59745    460.89401
    -0.22122      0.57506     19.59745    460.89401
    -0.21922      0.57506     19.59745    460.89401
    -0.21722      0.57506     19.59745    460.89401
    -0.21522      0.57506     19.59745    460.89401
    -0.21321      0.57506     19.59745    460.89401
    -0.21121      0.57506     19.59745    460.89401
    -0.20921      0.57506     19.59745    460.89401
    -0.20721      0.57506     19.59745    460.89401
    -0.20521      0.57506     19.59745    460.89401
    -0.20320      0.57506     19.59745    460.89401
    -0.20120      0.57506     19.59745    460.89401
    -0.19920      0.57506     19.59745    460.89401
    -0.19720      0.57506     19.59745    460.89401
    -0.19520      0.57506     19.59745    460.89401
    -0.19319      0.57506     19.59745    460.89401
    -0.19119      0.57506     19.59745    460.89401
    -0.18919      0.57506     19.59745    460.89401
    -0.18719      0.57506     19.59745    460.89401
    -0.18519      0.57506     19.59745    460.89401
    -0.18318      0.57506     19.59745    460.89401
    -0.18118      0.57506     19.59745    460.89401
    -0.17918      0.57506     19.59745    460.89401
    -0.17718      0.57506     19.59745    460.89401
    -0.17518      0.57506     19.59745    460.89401
    -0.17317      0.57506     19.59745    460.89401
    -0.17117      0.57506     19.59745    460.89401
    -0.16917      0.57506     19.59745    460.89401
    -0.16717      0.57506     19.59745    460.89401
    -0.16517      0.57506     19.59745    460.89401
    -0.16316      0.57506     19.59745    460.89401
    -0.16116      0.57506     19.59745    460.89401
    -0.15916      0.57506     19.59745    460.89401
    -0.15716      0.57506     19.59745    460.89401
    -0.15516      0.57506     19.59745    460.89401
    -0.15315      0.57506     19.59745    460.89401
    -0.15115      0.57506     19.59745    460.89401
    -0.14915      0.57506     19.59745    460.89401
    -0.14715      0.57506     19.59745    460.89401
    -0.14515      0.57506     19.59745    460.89401
    -0.14314      0.57506     19.59745    460.89401
    -0.14114      0.57506     19.59745    460.89401
    -0.13914      0.57506     19.59745    460.89401
    -0.13714      0.57506     19.59745    460.89401
    -0.13514      0.57506     19.59745    460.89401
    -0.13313      0.57506     19.59745    460.89401
    -0.13113      0.57506     19.59745    460.89401
    -0.12913      0.57506     19.59745    460.89401
    -0.12713      0.57506     19.59745    460.89401
    -0.12513      0.57506     19.59745    460.89401
    -0.12312      0.57506     19.59745    460.89401
    -0.12112      0.57506     19.59745    460.89401
    -0.11912      0.57506     19.59745    460.89401
    -0.11712      0.57506     19.59745    460.89401
    -0.11512      0.57506     19.59745    460.89401
    -0.11311      0.57506     19.59745    460.89401
    -0.11111      0.57506     19.59745    460.89401
    -0.10911      0.57506     19.59745    460.89401
    -0.10711      0.57506     19.59745    460.89401
    -0.10511      0.57506     19.59745    460.89401
    -0.10310      0.57506     19.59745    460.89401
    -0.10110      0.57506     19.59745    460.89401
    -0.09910      0.57506     19.59745    460.89401
    -0.09710      0.57506     19.59745    460.89401
    -0.09510      0.57506     19.59745    460.89401
    -0.09309      0.57506     19.59745    460.89401
    -0.09109      0.57506     19.59745    460.89401
    -0.08909      0.57506     19.59745    460.89401
    -0.08709      0.57506     19.59745    460.89401
    -0.08509      0.57506     19.59745    460.89401
    -0.08308      0.57506     19.59745    460.89401
    -0.08108      0.57506     19.59745    460.89401
    -0.07908      0.57506     19.59745    460.89401
    -0.07708      0.57506     19.59745    460.89401
    -0.07508      0.57506     19.59745    460.89401
    -0.07307      0.57506     19.59745    460.89401
    -0.07107      0.57506     19.59745    460.89401
    -0.06907      0.57506     19.59745    460.89401
    -0.06707      0.57506     19.59745    460.89401
    -0.06507      0.57506     19.59745    460.89401
    -0.06306      0.57506     19.59745    460.89401
    -0.06106      0.57506     19.59745    460.89401
    -0.05906      0.57506     19.59745    460.89401
    -0.05706      0.57506     19.59745    460.89401
    -0.05506      0.57506     19.59745    460.89401
    -0.05305      0.57506     19.59745    460.89401
    -0.05105      0.57506     19.59745    460.89401
    -0.04905      0.57506     19.59745    460.89401
    -0.04705      0.57506     19.59745    460.89401
    -0.04505      0.57506     19.59745    460.89401
    -0.04304      0.57506     19.59745    460.89401
    -0.04104      0.57506     19.59745    460.89401
    -0.03904      0.57506     19.59745    460.89401
    -0.03704      0.57506     19.59745    460.89401
    -0.03504      0.57506     19.59745    460.89401
    -0.03303      0.57506     19.59745    460.89401
    -0.03103      0.57506     19.59745    460.89401
    -0.02903      0.57506     19.59745    460.89401
    -0.02703      0.57506     19.59745    460.89401
    -0.02503      0.57506     19.59745    460.89401
    -0.02302      0.57506     19.59745    460.89401
    -0.02102      0.57506     19.59745    460.89401
    -0.01902      0.57506     19.59745    460.89401
    -0.01702      0.57506     19.59745    460.89401
    -0.01502      0.57506     19.59745    460.89401
    -0.01301      0.57506     19.59745    460.89401
    -0.01101      0.57506     19.59745    460.89401
    -0.00901      0.57506     19.59745    460.89401
    -0.00701      0.57506     19.59745    460.89401
    -0.00501      0.57506     19.59745    460.89401
    -0.00300      0.57506     19.59745    460.89401
    -0.00100      0.57506     19.59745    460.89401
     0.00100      0.57506     19.59745    460.89401
     0.00300      0.57506     19.59745    460.89401
     0.00501      0.57506     19.59745    460.89401
     0.00701      0.57506     19.59745    460.89401
     0.00901      0.57506     19.59745    460.89401
     0.01101      0.57506     19.59745    460.89401
     0.01301      0.57506     19.59745    460.89401
     0.01502      0.57506     19.59745    460.89401
     0.01702      0.57506     19.59745    460.89401
     0.01902      0.57506     19.59745    460.89401
     0.02102      0.57506     19.59745    460.89401
     0.02302      0.57506     19.59745    460.89401
     0.02503      0.57506     19.59745    460.89401
     0.02703      0.57506     19.59745    460.89401
     0.02903      0.57506     19.59745    460.89401
     0.03103      0.57506     19.59745    460.89401
     0.03303      0.57506     19.59745    460.89401
     0.03504      0.57506     19.59745    460.89401
     0.03704      0.57506     19.59745    460.89401
     0.03904      0.57506     19.59745    460.89401
     0.04104      0.57506     19.59745    460.89401
     0.04304      0.57506     19.59745    460.89401
     0.04505      0.57506     19.59745    460.89401
     0.04705      0.57506     19.59745    460.89401
     0.04905      0.57506     19.59745    460.89401
     0.05105      0.57506     19.59745    460.89401
     0.05305      0.57506     19.59745    460.89401
     0.05506      0.57506     19.59745    460.89401
     0.05706      0.57506     19.59745    460.89401
     0.05906      0.57506     19.59745    460.89401
     0.06106      0.57506     19.59745    460.89401
     0.06306      0.57506     19.59745    460.89401
     0.06507      0.57506     19.59745    460.89401
     0.06707      0.57506     19.59745    460.89401
     0.06907      0.57506     19.59745    460.89401
     0.07107      0.57506     19.59745    460.89401
     0.07307      0.57506     19.59745    460.89401
     0.07508      0.57506     19.59745    460.89401
     0.07708      0.57506     19.59745    460.89401
     0.07908      0.57506     19.59745    460.89401
     0.08108      0.57506     19.59745    460.89401
     0.08308      0.57506     19.59745    460.89401
     0.08509      0.57506     19.59745    460.89401
     0.08709      0.57506     19.59745    460.89401
     0.08909      0.57506     19.59745    460.89401
     0.09109      0.57506     19.59745    460.89401
     0.09309      0.57506     19.59745    460.89401
     0.09510      0.57506     19.59745    460.89401
     0.09710      0.57506     19.59745    460.89401
     0.09910      0.57506     19.59745    460.89401
     0.10110      0.57506     19.59745    460.89401
     0.10310      0.57506     19.59745    460.89401
     0.10511      0.57506     19.59745    460.89401
     0.10711      0.57506     19.59745    460.89401
     0.10911      0.57506     19.59745    460.89401
     0.11111      0.57506     19.59745    460.89401
     0.11311      0.57506     19.59745    460.89401
     0.11512      0.57506     19.59745    460.89401
     0.11712      0.57506     19.59745    460.89401
     0.11912      0.57506     19.59745    460.89401
     0.12112      0.57506     19.59745    460.89401
     0.12312      0.57506     19.59745    460.89401
     0.12513      0.57506     19.59745    460.89401
     0.12713      0.57506     19.59745    460.89401
     0.12913      0.57506     19.59745    460.89401
     0.13113      0.57506     19.59745    460.89401
     0.13313      0.57506     19.59745    460.89401
     0.13514      0.57506     19.59745    460.89401
     0.13714      0.57506     19.59745    460.89401
     0.13914      0.57506     19.59745    460.89401
     0.14114      0.57506     19.59745    460.89401
     0.14314      0.57506     19.59745    460.89401
     0.14515      0.57506     19.59745    460.89401
     0.14715      0.57506     19.59745    460.89401
     0.14915      0.57506     19.59745    460.89401
     0.15115      0.57506     19.59745    460.89401
     0.15315      0.57506     19.59745    460.89401
     0.15516      0.57506     19.59745    460.89401
     0.15716      0.57506     19.59745    460.89401
     0.15916      0.57506     19.59745    460.89401
     0.16116      0.57506     19.59745    460.89401
     0.16316      0.57506     19.59745    460.89401
     0.16517      0.57506     19.59745    460.89401
     0.16717      0.57506     19.59745    460.89401
     0.16917      0.57506     19.59745    460.89401
     0.17117      0.57506     19.59745    460.89401
     0.17317      0.57506     19.59745    460.89401
     0.17518      0.57506     19.59745    460.89401
     0.17718      0.57506     19.59745    460.89401
     0.17918      0.57506     19.59745    460.89401
     0.18118      0.57506     19.59745    460.89401
     0.18318      0.57506     19.59745    460.89401
     0.18519      0.57506     19.59745    460.89401
     0.18719      0.57506     19.59745    460.89401
     0.18919      0.57506     19.59745    460.89401
     0.19119      0.57506     19.59745    460.89401
     0.19319      0.57506     19.59745    460.89401
     0.19520      0.57506     19.59745    460.89401
     0.19720      0.57506     19.59745    460.89401
     0.19920      0.57506     19.59745    460.89401
     0.20120      0.57506     19.59745    460.89401
     0.20320      0.57506     19.59745    460.89401
     0.20521      0.57506     19.59745    460.89401
     0.20721      0.57506     19.59745    460.89401
     0.20921      0.57506     19.59745    460.89401
     0.21121      0.57506     19.59745    460.89401
     0.21321      0.57506     19.59745    460.89401
     0.21522      0.57506     19.59745    460.89401
     0.21722      0.57506     19.59745    460.89401
     0.21922      0.57506     19.59745    460.89401
     0.22122      0.57506     19.59745    460.89401
     0.22322      0.57506     19.59745    460.89401
     0.22523      0.57506     19.59745    460.89401
     0.22723      0.57506     19.59745    460.89401
     0.22923      0.57506     19.59745    460.89401
     0.23123      0.57506     19.59745    460.89401
     0.23323      0.57506     19.59745    460.89401
     0.23524      0.57506     19.59745    460.89401
     0.23724      0.57506     19.59745    460.89401
     0.23924      0.57506     19.59745    460.89401
     0.24124      0.57506     19.59745    460.89401
     0.24324      0.57506     19.59745    460.89401
     0.24525      0.57506     19.59745    460.89401
     0.24725      0.57506     19.59745    460.89401
     0.24925      0.57506     19.59745    460.89401
     0.25125      0.57506     19.59745    460.89401
     0.25325      0.57506     19.59745    460.89401
     0.25526      0.57506     19.59745    460.89401
     0.25726      0.57506     19.59745    460.89401
     0.25926      0.57506     19.59745    460.89401
     0.26126      0.57506     19.59745    460.89401
     0.26326      0.57506     19.59745    460.89401
     0.26527      0.57506     19.59745    460.89401
     0.26727      0.57506     19.59745    460.89401
     0.26927      0.57506     19.59745    460.89401
     0.27127      0.57506     19.59745    460.89401
     0.27327      0.57506     19.59745    460.89401
     0.27528      0.57506     19.59745    460.89401
     0.27728      0.57506     19.59745    460.89401
     0.27928      0.57506     19.59745    460.89401
     0.28128      0.57506     19.59745    460.89401
     0.28328      0.57506     19.59745    460.89401
     0.28529      0.57506     19.59745    460.89401
     0.28729      0.57506     19.59745    460.89401
     0.28929      0.57506     19.59745    460.89401
     0.29129      0.57506     19.59745    460.89401
     0.29329      0.57506     19.59745    460.89401
     0.29530      0.57506     19.59745    460.89401
     0.29730      0.57506     19.59745    460.89401
     0.29930      0.57506     19.59745    460.89401
     0.30130      0.57506     19.59745    460.89401
     0.30330      0.57506     19.59745    460.89401
     0.30531      0.57506     19.59745    460.89401
     0.30731      0.57506     19.59745    460.89401
     0.30931      0.57506     19.59745    460.89401
     0.31131      0.57506     19.59745    460.89401
     0.31331      0.57506     19.59745    460.89401
     0.31532      0.57506     19.59745    460.89401
     0.31732      0.57506     19.59745    460.89401
     0.31932      0.57506     19.59745    460.89401
     0.32132      0.57506     19.59745    460.89401
     0.32332      0.57506     19.59745    460.89401
     0.32533      0.57506     19.59745    460.89401
     0.32733      0.57506     19.59745    460.89401
     0.32933      0.57506     19.59745    460.89401
     0.33133      0.57506     19.59745    460.89401
     0.33333      0.57506     19.59745    460.89401
     0.33534      0.57506     19.59745    460.89401
     0.33734      0.57506     19.59745    460.89401
     0.33934      0.57506     19.59745    460.89401
     0.34134      0.57506     19.59745    460.89401
     0.34334      0.57506     19.59745    460.89401
     0.34535      0.57506     19.59745    460.89401
     0.34735      0.57506     19.59745    460.89401
     0.34935      0.57506     19.59745    460.89401
     0.35135      0.57506     19.59745    460.89401
     0.35335      0.57506     19.59745    460.89401
     0.35536      0.57506     19.59745    460.89401
     0.35736      0.57506     19.59745    460.89401
     0.35936      0.57506     19.59745    460.89401
     0.36136      0.57506     19.59745    460.89401
     0.36336      0.57506     19.59745    460.89401
     0.36537      0.57506     19.59745    460.89401
     0.36737      0.57506     19.59745    460.89401
     0.36937      5.99924     19.59745    460.89401
     0.37137      5.99924     19.59745    460.89401
     0.37337      5.99924     19.59745    460.89401
     0.37538      5.99924     19.59745    460.89401
     0.37738      5.99924     19.59745    460.89401
     0.37938      5.99924     19.59745    460.89401
     0.38138      5.99924     19.59745    460.89401
     0.38338      5.99924     19.59745    460.89401
     0.38539      5.99924     19.59745    460.89401
     0.38739      5.99924     19.59745    460.89401
     0.38939      5.99924     19.59745    460.89401
     0.39139      5.99924     19.59745    460.89401
     0.39339      5.99924     19.59745    460.89401
     0.39540      5.99924     19.59745    460.89401
     0.39740      5.99924     19.59745    460.89401
     0.39940      5.99924     19.59745    460.89401
     0.40140      5.99924     19.59745    460.89401
     0.40340      5.99924     19.59745    460.89401
     0.40541      5.99924     19.59745    460.89401
     0.40741      5.99924     19.59745    460.89401
     0.40941      5.99924     19.59745    460.89401
     0.41141      5.99924     19.59745    460.89401
     0.41341      5.99924     19.59745    460.89401
     0.41542      5.99924     19.59745    460.89401
     0.41742      5.99924     19.59745    460.89401
     0.41942      5.99924     19.59745    460.89401
     0.42142      5.99924     19.59745    460.89401
     0.42342      5.99924     19.59745    460.89401
     0.42543      5.99924     19.59745    460.89401
     0.42743      5.99924     19.59745    460.89401
     0.42943      5.99924     19.59745    460.89401
     0.43143      5.99924     19.59745    460.89401
     0.43343      5.99924     19.59745    460.89401
     0.43544      5.99924     19.59745    460.89401
     0.43744      5.99924     19.59745    460.89401
     0.43944      5.99924     19.59745    460.89401
     0.44144      1.00000      0.00000      0.01000
     0.44344      1.00000      0.00000      0.01000
     0.44545      1.00000      0.00000      0.01000
     0.44745      1.00000      0.00000      0.01000
     0.44945      1.00000      0.00000      0.01000
     0.45145      1.00000      0.00000      0.01000
     0.45345      1.00000      0.00000      0.01000
     0.45546      1.00000      0.00000      0.01000
     0.45746      1.00000      0.00000      0.01000
     0.45946      1.00000      0.00000      0.01000
     0.46146      1.00000      0.00000      0.01000
     0.46346      1.00000      0.00000      0.01000
     0.46547      1.00000      0.00000      0.01000
     0.46747      1.00000      0.00000      0.01000
     0.46947      1.00000      0.00000      0.01000
     0.47147      1.00000      0.00000      0.01000
     0.47347      1.00000      0.00000      0.01000
     0.47548      1.00000      0.00000      0.01000
     0.47748      1.00000      0.00000      0.01000
     0.47948      1.00000      0.00000      0.01000
     0.48148      1.00000      0.00000      0.01000
     0.48348      1.00000      0.00000      0.01000
     0.48549      1.00000      0.00000      0.01000
     0.48749      1.00000      0.00000      0.01000
     0.48949      1.00000      0.00000      0.01000
     0.49149      1.00000      0.00000      0.01000
     0.49349      1.00000      0.00000      0.01000
     0.49550      1.00000      0.00000      0.01000
     0.49750      1.00000      0.00000      0.01000
     0.49950      1.00000      0.00000      0.01000
     0.50150      1.00000      0.00000      0.01000
     0.50350      1.00000      0.00000      0.01000
     0.50551      1.00000      0.00000      0.01000
     0.50751      1.00000      0.00000      0.01000
     0.50951      1.00000      0.00000      0.01000
     0.51151      1.00000      0.00000      0.01000
     0.51351      1.00000      0.00000      0.01000
     0.51552      1.00000      0.00000      0.01000
     0.51752      1.00000      0.00000      0.01000
     0.51952      1.00000      0.00000      0.01000
     0.52152      1.00000      0.00000      0.01000
     0.52352      1.00000      0.00000      0.01000
     0.52553      1.00000      0.00000      0.01000
     0.52753      1.00000      0.00000      0.01000
     0.52953      1.00000      0.00000      0.01000
     0.53153      1.00000      0.00000      0.01000
     0.53353      1.00000      0.00000      0.01000
     0.53554      1.00000      0.00000      0.01000
     0.53754      1.00000      0.00000      0.01000
     0.53954      1.00000      0.00000      0.01000
     0.54154      1.00000      0.00000      0.01000
     0.54354      1.00000      0.00000      0.01000
     0.54555      1.00000      0.00000      0.01000
     0.54755      1.00000      0.00000      0.01000
     0.54955      1.00000      0.00000      0.01000
     0.55155      1.00000      0.00000      0.01000
     0.55355      1.00000      0.00000      0.01000
     0.55556      1.00000      0.00000      0.01000
     0.55756      1.00000      0.00000      0.01000
     0.55956      1.00000      0.00000      0.01000
     0.56156      1.00000      0.00000      0.01000
     0.56356      1.00000      0.00000      0.01000
     0.56557      1.00000      0.00000      0.01000
     0.56757      1.00000      0.00000      0.01000
     0.56957      1.00000      0.00000      0.01000
     0.57157      1.00000      0.00000      0.01000
     0.57357      1.00000      0.00000      0.01000
     0.57558      1.00000      0.00000      0.01000
     0.57758      1.00000      0.00000      0.01000
     0.57958      1.00000      0.00000      0.01000
     0.58158      1.00000      0.00000      0.01000
     0.58358      1.00000      0.00000      0.01000
     0.58559      1.00000      0.00000      0.01000
     0.58759      1.00000      0.00000      0.01000
     0.58959      1.00000      0.00000      0.01000
     0.59159      1.00000      0.00000      0.01000
     0.59359      1.00000      0.00000      0.01000
     0.59560      1.00000      0.00000      0.01000
     0.59760      1.00000      0.00000      0.01000
     0.59960      1.00000      0.00000      0.01000
     0.60160      1.00000      0.00000      0.01000
     0.60360      1.00000      0.00000      0.01000
     0.60561      1.00000      0.00000      0.01000
     0.60761      1.00000      0.00000      0.01000
     0.60961      1.00000      0.00000      0.01000
     0.61161      1.00000      0.00000      0.01000
     0.61361      1.00000      0.00000      0.01000
     0.61562      1.00000      0.00000      0.01000
     0.61762      1.00000      0.00000      0.01000
     0.61962      1.00000      0.00000      0.01000
     0.62162      1.00000      0.00000      0.01000
     0.62362      1.00000      0.00000      0.01000
     0.62563      1.00000      0.00000      0.01000
     0.62763      1.00000      0.00000      0.01000
     0.62963      1.00000      0.00000      0.01000
     0.63163      1.00000      0.00000      0.01000
     0.63363      1.00000      0.00000      0.01000
     0.63564      1.00000      0.00000      0.01000
     0.63764      1.00000      0.00000      0.01000
     0.63964      1.00000      0.00000      0.01000
     0.64164      1.00000      0.00000      0.01000
     0.64364      1.00000      0.00000      0.01000
     0.64565      1.00000      0.00000      0.01000
     0.64765      1.00000      0.00000      0.01000
     0.64965      1.00000      0.00000      0.01000
     0.65165      1.00000      0.00000      0.01000
     0.65365      1.00000      0.00000      0.01000
     0.65566      1.00000      0.00000      0.01000
     0.65766      1.00000      0.00000      0.01000
     0.65966      1.00000      0.00000      0.01000
     0.66166      1.00000      0.00000      0.01000
     0.66366      1.00000      0.00000      0.01000
     0.66567      1.00000      0.00000      0.01000
     0.66767      1.00000      0.00000      0.01000
     0.66967      1.00000      0.00000      0.01000
     0.67167      1.00000      0.00000      0.01000
     0.67367      1.00000      0.00000      0.01000
     0.67568      1.00000      0.00000      0.01000
     0.67768      1.00000      0.00000      0.01000
     0.67968      1.00000      0.00000      0.01000
     0.68168      1.00000      0.00000      0.01000
     0.68368      1.00000      0.00000      0.01000
     0.68569      1.00000      0.00000      0.01000
     0.68769      1.00000      0.00000      0.01000
     0.68969      1.00000      0.00000      0.01000
     0.69169      1.00000      0.00000      0.01000
     0.69369      1.00000      0.00000      0.01000
     0.69570      1.00000      0.00000      0.01000
     0.69770      1.00000      0.00000      0.01000
     0.69970      1.00000      0.00000      0.01000
     0.70170      1.00000      0.00000      0.01000
     0.70370      1.00000      0.00000      0.01000
     0.70571      1.00000      0.00000      0.01000
     0.70771      1.00000      0.00000      0.01000
     0.70971      1.00000      0.00000      0.01000
     0.71171      1.00000      0.00000      0.01000
     0.71371      1.00000      0.00000      0.01000
     0.71572      1.00000      0.00000      0.01000
     0.71772      1.00000      0.00000      0.01000
     0.71972      1.00000      0.00000      0.01000
     0.72172      1.00000      0.00000      0.01000
     0.72372      1.00000      0.00000      0.01000
     0.72573      1.00000      0.00000      0.01000
     0.72773      1.00000      0.00000      0.01000
     0.72973      1.00000      0.00000      0.01000
     0.73173      1.00000      0.00000      0.01000
     0.73373      1.00000      0.00000      0.01000
     0.73574      1.00000      0.00000      0.01000
     0.73774      1.00000      0.00000      0.01000
     0.73974      1.00000      0.00000      0.01000
     0.74174      1.00000      0.00000      0.01000
     0.74374      1.00000      0.00000      0.01000
     0.74575      1.00000      0.00000      0.01000
     0.74775      1.00000      0.00000      0.01000
     0.74975      1.00000      0.00000      0.01000
     0.75175      1.00000      0.00000      0.01000
     0.75375      1.00000      0.00000      0.01000
     0.75576      1.00000      0.00000      0.01000
     0.75776      1.00000      0.00000      0.01000
     0.75976      1.00000      0.00000      0.01000
     0.76176      1.00000      0.00000      0.01000
     0.76376      1.00000      0.00000      0.01000
     0.76577      1.00000      0.00000      0.01000
     0.76777      1.00000      0.00000      0.01000
     0.76977      1.00000      0.00000      0.01000
     0.77177      1.00000      0.00000      0.01000
     0.77377      1.00000      0.00000      0.01000
     0.77578      1.00000      0.00000      0.01000
     0.77778      1.00000      0.00000      0.01000
     0.77978      1.00000      0.00000      0.01000
     0.78178      1.00000      0.00000      0.01000
     0.78378      1.00000      0.00000      0.01000
     0.78579      1.00000      0.00000      0.01000
     0.78779      1.00000      0.00000      0.01000
     0.78979      1.00000      0.00000      0.01000
     0.79179      1.00000      0.00000      0.01000
     0.79379      1.00000      0.00000      0.01000
     0.79580      1.00000      0.00000      0.01000
     0.79780      1.00000      0.00000      0.01000
     0.79980      1.00000      0.00000      0.01000
     0.80180      1.00000      0.00000      0.01000
     0.80380      1.00000      0.00000      0.01000
     0.80581      1.00000      0.00000      0.01000
     0.80781      1.00000      0.00000      0.01000
     0.80981      1.00000      0.00000      0.01000
     0.81181      1.00000      0.00000      0.01000
     0.81381      1.00000      0.00000      0.01000
     0.81582      1.00000      0.00000      0.01000
     0.81782      1.00000      0.00000      0.01000
     0.81982      1.00000      0.00000      0.01000
     0.82182      1.00000      0.00000      0.01000
     0.82382      1.00000      0.00000      0.01000
     0.82583      1.00000      0.00000      0.01000
     0.82783      1.00000      0.00000      0.01000
     0.82983      1.00000      0.00000      0.01000
     0.83183      1.00000      0.00000      0.01000
     0.83383      1.00000      0.00000      0.01000
     0.83584      1.00000      0.00000      0.01000
     0.83784      1.00000      0.00000      0.01000
     0.83984      1.00000      0.00000      0.01000
     0.84184      1.00000      0.00000      0.01000
     0.84384      1.00000      0.00000      0.01000
     0.84585      1.00000      0.00000      0.01000
     0.84785      1.00000      0.00000      0.01000
     0.84985      1.00000      0.00000      0.01000
     0.85185      1.00000      0.00000      0.01000
     0.85385      1.00000      0.00000      0.01000
     0.85586      1.00000      0.00000      0.01000
     0.85786      1.00000      0.00000      0.01000
     0.85986      1.00000      0.00000      0.01000
     0.86186      1.00000      0.00000      0.01000
     0.86386      1.00000      0.00000      0.01000
     0.86587      1.00000      0.00000      0.01000
     0.86787      1.00000      0.00000      0.01000
     0.86987      1.00000      0.00000      0.01000
     0.87187      1.00000      0.00000      0.01000
     0.87387      1.00000      0.00000      0.01000
     0.87588      1.00000      0.00000      0.01000
     0.87788      1.00000      0.00000      0.01000
     0.87988      1.00000      0.00000      0.01000
     0.88188      1.00000      0.00000      0.01000
     0.88388      1.00000      0.00000      0.01000
     0.88589      1.00000      0.00000      0.01000
     0.88789      1.00000      0.00000      0.01000
     0.88989      1.00000      0.00000      0.01000
     0.89189      1.00000      0.00000      0.01000
     0.89389      1.00000      0.00000      0.01000
     0.89590      1.00000      0.00000      0.01000
     0.89790      1.00000      0.00000      0.01000
     0.89990      1.00000      0.00000      0.01000
     0.90190      1.00000      0.00000      0.01000
     0.90390      1.00000      0.00000      0.01000
     0.90591      1.00000      0.00000      0.01000
     0.90791      1.00000      0.00000      0.01000
     0.90991      1.00000      0.00000      0.01000
     0.91191      1.00000      0.00000      0.01000
     0.91391      1.00000      0.00000      0.01000
     0.91592      1.00000      0.00000      0.01000
     0.91792      1.00000      0.00000      0.01000
     0.91992      1.00000      0.00000      0.01000
     0.92192      1.00000      0.00000      0.01000
     0.92392      1.00000      0.00000      0.01000
     0.92593      1.00000      0.00000      0.01000
     0.92793      1.00000      0.00000      0.01000
     0.92993      1.00000      0.00000      0.01000
     0.93193      1.00000      0.00000      0.01000
     0.93393      1.00000      0.00000      0.01000
     0.93594      1.00000      0.00000      0.01000
     0.93794      1.00000      0.00000      0.01000
     0.93994      1.00000      0.00000      0.01000
     0.94194      1.00000      0.00000      0.01000
     0.94394      1.00000      0.00000      0.01000
     0.94595      1.00000      0.00000      0.01000
     0.94795      1.00000      0.00000      0.01000
     0.94995      1.00000      0.00000      0.01000
     0.95195      1.00000      0.00000      0.01000
     0.95395      1.00000      0.00000      0.01000
     0.95596      1.00000      0.00000      0.01000
     0.95796      1.00000      0.00000      0.01000
     0.95996      1.00000      0.00000      0.01000
     0.96196      1.00000      0.00000      0.01000
     0.96396      1.00000      0.00000      0.01000
     0.96597      1.00000      0.00000      0.01000
     0.96797      1.00000      0.00000      0.01000
     0.96997      1.00000      0.00000      0.01000
     0.97197      1.00000      0.00000      0.01000
     0.97397      1.00000      0.00000      0.01000
     0.97598      1.00000      0.00000      0.01000
     0.97798      1.00000      0.00000      0.01000
     0.97998      1.00000      0.00000      0.01000
     0.98198      1.00000      0.00000      0.01000
     0.98398      1.00000      0.00000      0.01000
     0.98599      1.00000      0.00000      0.01000
     0.98799      1.00000      0.00000      0.01000
     0.98999      1.00000      0.00000      0.01000
     0.99199      1.00000      0.00000      0.01000
     0.99399      1.00000      0.00000      0.01000
     0.99600      1.00000      0.00000      0.01000
     0.99800      1.00000      0.00000      0.01000
     1.00000      1.00000      0.00000      0.01000
