t =     0.2000
           x          rho            u            p
    -1.00000      0.12400      0.50000      1.00000
    -0.99800      0.12400      0.50000      1.00000
    -0.99600      0.12400      0.50000      1.00000
    -0.99399      0.12400      0.50000      1.00000
    -0.99199      0.12400      0.50000      1.00000
    -0.98999      0.12400      0.50000      1.00000
    -0.98799      0.12400      0.50000      1.00000
    -0.98599      0.12400      0.50000      1.00000
    -0.98398      0.12400      0.50000      1.00000
    -0.98198      0.12400      0.50000      1.00000
    -0.97998      0.12400      0.50000      1.00000
    -0.97798      0.12400      0.50000      1.00000
    -0.97598      0.12400      0.50000      1.00000
    -0.97397      0.12400      0.50000      1.00000
    -0.97197      0.12400      0.50000      1.00000
    -0.96997      0.12400      0.50000      1.00000
    -0.96797      0.12400      0.50000      1.00000
    -0.96597      0.12400      0.50000      1.00000
    -0.96396      0.12400      0.50000      1.00000
    -0.96196      0.12400      0.50000      1.00000
    -0.95996      0.12400      0.50000      1.00000
    -0.95796      0.12400      0.50000      1.00000
    -0.95596      0.12400      0.50000      1.00000
    -0.95395      0.12400      0.50000      1.00000
    -0.95195      0.12400      0.50000      1.00000
    -0.94995      0.12400      0.50000      1.00000
    -0.94795      0.12400      0.50000      1.00000
    -0.94595      0.12400      0.50000      1.00000
    -0.94394      0.12400      0.50000      1.00000
    -0.94194      0.12400      0.50000      1.00000
    -0.93994      0.12400      0.50000      1.00000
    -0.93794      0.12400      0.50000      1.00000
    -0.93594      0.12400      0.50000      1.00000
    -0.93393      0.12400      0.50000      1.00000
    -0.93193      0.12400      0.50000      1.00000
    -0.92993      0.12400      0.50000      1.00000
    -0.92793      0.12400      0.50000      1.00000
    -0.92593      0.12400      0.50000      1.00000
    -0.92392      0.12400      0.50000      1.00000
    -0.92192      0.12400      0.50000      1.00000
    -0.91992      0.12400      0.50000      1.00000
    -0.91792      0.12400      0.50000      1.00000
    -0.91592      0.12400      0.50000      1.00000
    -0.91391      0.12400      0.50000      1.00000
    -0.91191      0.12400      0.50000      1.00000
    -0.90991      0.12400      0.50000      1.00000
    -0.90791      0.12400      0.50000      1.00000
    -0.90591      0.12400      0.50000      1.00000
    -0.90390      0.12400      0.50000      1.00000
    -0.90190      0.12400      0.50000      1.00000
    -0.89990      0.12400      0.50000      1.00000
    -0.89790      0.12400      0.50000      1.00000
    -0.89590      0.12400      0.50000      1.00000
    -0.89389      0.12400      0.50000      1.00000
    -0.89189      0.12400      0.50000      1.00000
    -0.88989      0.12400      0.50000      1.00000
    -0.88789      0.12400      0.50000      1.00000
    -0.88589      0.12400      0.50000      1.00000
    -0.88388      0.12400      0.50000      1.00000
    -0.88188      0.12400      0.50000      1.00000
    -0.87988      0.12400      0.50000      1.00000
    -0.87788      0.12400      0.50000      1.00000
    -0.87588      0.12400      0.50000      1.00000
    -0.87387      0.12400      0.50000      1.00000
    -0.87187      0.12400      0.50000      1.00000
    -0.86987      0.12400      0.50000      1.00000
    -0.86787      0.12400      0.50000      1.00000
    -0.86587      0.12400      0.50000      1.00000
    -0.86386      0.12400      0.50000      1.00000
    -0.86186      0.12400      0.50000      1.00000
    -0.85986      0.12400      0.50000      1.00000
    -0.85786      0.12400      0.50000      1.00000
    -0.85586      0.12400      0.50000      1.00000
    -0.85385      0.12400      0.50000      1.00000
    -0.85185      0.12400      0.50000      1.00000
    -0.84985      0.12400      0.50000      1.00000
    -0.84785      0.12400      0.50000      1.00000
    -0.84585      0.12400      0.50000      1.00000
    -0.84384      0.12400      0.50000      1.00000
    -0.84184      0.12400      0.50000      1.00000
    -0.83984      0.12400      0.50000      1.00000
    -0.83784      0.12400      0.50000      1.00000
    -0.83584      0.12400      0.50000      1.00000
    -0.83383      0.12400      0.50000      1.00000
    -0.83183      0.12400      0.50000      1.00000
    -0.82983      0.12400      0.50000      1.00000
    -0.82783      0.12400      0.50000      1.00000
    -0.82583      0.12400      0.50000      1.00000
    -0.82382      0.12400      0.50000      1.00000
    -0.82182      0.12400      0.50000      1.00000
    -0.81982      0.12400      0.50000      1.00000
    -0.81782      0.12400      0.50000      1.00000
    -0.81582      0.12400      0.50000      1.00000
    -0.81381      0.12400      0.50000      1.00000
    -0.81181      0.12400      0.50000      1.00000
    -0.80981      0.12400      0.50000      1.00000
    -0.80781      0.12400      0.50000      1.00000
    -0.80581      0.12400      0.50000      1.00000
    -0.80380      0.12400      0.50000      1.00000
    -0.80180      0.12400      0.50000      1.00000
    -0.79980      0.12400      0.50000      1.00000
    -0.79780      0.12400      0.50000      1.00000
    -0.79580      0.12400      0.50000      1.00000
    -0.79379      0.12400      0.50000      1.00000
    -0.79179      0.12400      0.50000      1.00000
    -0.78979      0.12400      0.50000      1.00000
    -0.78779      0.12400      0.50000      1.00000
    -0.78579      0.12400      0.50000      1.00000
    -0.78378      0.12400      0.50000      1.00000
    -0.78178      0.12400      0.50000      1.00000
    -0.77978      0.12400      0.50000      1.00000
    -0.77778      0.12400      0.50000      1.00000
    -0.77578      0.12400      0.50000      1.00000
    -0.77377      0.12400      0.50000      1.00000
    -0.77177      0.12400      0.50000      1.00000
    -0.76977      0.12400      0.50000      1.00000
    -0.76777      0.12400      0.50000      1.00000
    -0.76577      0.12400      0.50000      1.00000
    -0.76376      0.12400      0.50000      1.00000
    -0.76176      0.12400      0.50000      1.00000
    -0.75976      0.12400      0.50000      1.00000
    -0.75776      0.12400      0.50000      1.00000
    -0.75576      0.12400      0.50000      1.00000
    -0.75375      0.12400      0.50000      1.00000
    -0.75175      0.12400      0.50000      1.00000
    -0.74975      0.12400      0.50000      1.00000
    -0.74775      0.12400      0.50000      1.00000
    -0.74575      0.12400      0.50000      1.00000
    -0.74374      0.12400      0.50000      1.00000
    -0.74174      0.12400      0.50000      1.00000
    -0.73974      0.12400      0.50000      1.00000
    -0.73774      0.12400      0.50000      1.00000
    -0.73574      0.12400      0.50000      1.00000
    -0.73373      0.12400      0.50000      1.00000
    -0.73173      0.12400      0.50000      1.00000
    -0.72973      0.12400      0.50000      1.00000
    -0.72773      0.12400      0.50000      1.00000
    -0.72573      0.12400      0.50000      1.00000
    -0.72372      0.12400      0.50000      1.00000
    -0.72172      0.12400      0.50000      1.00000
    -0.71972      0.12400      0.50000      1.00000
    -0.71772      0.12400      0.50000      1.00000
    -0.71572      0.12400      0.50000      1.00000
    -0.71371      0.12400      0.50000      1.00000
    -0.71171      0.12400      0.50000      1.00000
    -0.70971      0.12400      0.50000      1.00000
    -0.70771      0.12400      0.50000      1.00000
    -0.70571      0.12400      0.50000      1.00000
    -0.70370      0.12400      0.50000      1.00000
    -0.70170      0.12400      0.50000      1.00000
    -0.69970      0.12400      0.50000      1.00000
    -0.69770      0.12400      0.50000      1.00000
    -0.69570      0.12400      0.50000      1.00000
    -0.69369      0.12400      0.50000      1.00000
    -0.69169      0.12400      0.50000      1.00000
    -0.68969      0.12400      0.50000      1.00000
    -0.68769      0.12400      0.50000      1.00000
    -0.68569      0.12400      0.50000      1.00000
    -0.68368      0.12400      0.50000      1.00000
    -0.68168      0.12400      0.50000      1.00000
    -0.67968      0.12400      0.50000      1.00000
    -0.67768      0.12400      0.50000      1.00000
    -0.67568      0.12400      0.50000      1.00000
    -0.67367      0.12400      0.50000      1.00000
    -0.67167      0.12400      0.50000      1.00000
    -0.66967      0.12400      0.50000      1.00000
    -0.66767      0.12400      0.50000      1.00000
    -0.66567      0.12400      0.50000      1.00000
    -0.66366      0.12400      0.50000      1.00000
    -0.66166      0.12400      0.50000      1.00000
    -0.65966      0.12400      0.50000      1.00000
    -0.65766      0.12400      0.50000      1.00000
    -0.65566      0.12400      0.50000      1.00000
    -0.65365      0.12400      0.50000      1.00000
    -0.65165      0.12400      0.50000      1.00000
    -0.64965      0.12400      0.50000      1.00000
    -0.64765      0.12400      0.50000      1.00000
    -0.64565      0.12400      0.50000      1.00000
    -0.64364      0.12400      0.50000      1.00000
    -0.64164      0.12400      0.50000      1.00000
    -0.63964      0.12400      0.50000      1.00000
    -0.63764      0.12400      0.50000      1.00000
    -0.63564      0.12400      0.50000      1.00000
    -0.63363      0.12400      0.50000      1.00000
    -0.63163      0.12400      0.50000      1.00000
    -0.62963      0.12400      0.50000      1.00000
    -0.62763      0.12400      0.50000      1.00000
    -0.62563      0.12400      0.50000      1.00000
    -0.62362      0.12400      0.50000      1.00000
    -0.62162      0.12400      0.50000      1.00000
    -0.61962      0.12400      0.50000      1.00000
    -0.61762      0.12400      0.50000      1.00000
    -0.61562      0.12400      0.50000      1.00000
    -0.61361      0.12400      0.50000      1.00000
    -0.61161      0.12400      0.50000      1.00000
    -0.60961      0.12400      0.50000      1.00000
    -0.60761      0.12400      0.50000      1.00000
    -0.60561      0.12400      0.50000      1.00000
    -0.60360      0.12400      0.50000      1.00000
    -0.60160      0.12400      0.50000      1.00000
    -0.59960      0.12400      0.50000      1.00000
    -0.59760      0.12400      0.50000      1.00000
    -0.59560      0.12400      0.50000      1.00000
    -0.59359      0.12400      0.50000      1.00000
    -0.59159      0.12400      0.50000      1.00000
    -0.58959      0.12400      0.50000      1.00000
    -0.58759      0.12400      0.50000      1.00000
    -0.58559      0.12400      0.50000      1.00000
    -0.58358      0.12400      0.50000      1.00000
    -0.58158      0.12400      0.50000      1.00000
    -0.57958      0.12400      0.50000      1.00000
    -0.57758      0.12400      0.50000      1.00000
    -0.57558      0.12400      0.50000      1.00000
    -0.57357      0.12400      0.50000      1.00000
    -0.57157      0.12393      0.50187      0.99922
    -0.56957      0.12362      0.51022      0.99575
    -0.56757      0.12332      0.51856      0.99229
    -0.56557      0.12301      0.52690      0.98885
    -0.56356      0.12270      0.53524      0.98541
    -0.56156      0.12240      0.54358      0.98198
    -0.55956      0.12210      0.55192      0.97856
    -0.55756      0.12179      0.56027      0.97516
    -0.55556      0.12149      0.56861      0.97176
    -0.55355      0.12119      0.57695      0.96838
    -0.55155      0.12088      0.58529      0.96500
    -0.54955      0.12058      0.59363      0.96163
    -0.54755      0.12028      0.60197      0.95828
    -0.54555      0.11998      0.61032      0.95493
    -0.54354      0.11968      0.61866      0.95160
    -0.54154      0.11938      0.62700      0.94827
    -0.53954      0.11909      0.63534      0.94495
    -0.53754      0.11879      0.64368      0.94165
    -0.53554      0.11849      0.65202      0.93835
    -0.53353      0.11819      0.66037      0.93507
    -0.53153      0.11790      0.66871      0.93179
    -0.52953      0.11760      0.67705      0.92852
    -0.52753      0.11731      0.68539      0.92527
    -0.52553      0.11701      0.69373      0.92202
    -0.52352      0.11672      0.70207      0.91878
    -0.52152      0.11643      0.71042      0.91556
    -0.51952      0.11613      0.71876      0.91234
    -0.51752      0.11584      0.72710      0.90913
    -0.51552      0.11555      0.73544      0.90593
    -0.51351      0.11526      0.74378      0.90274
    -0.51151      0.11497      0.75212      0.89956
    -0.50951      0.11468      0.76047      0.89639
    -0.50751      0.11439      0.76881      0.89324
    -0.50551      0.11410      0.77715      0.89008
    -0.50350      0.11382      0.78549      0.88694
    -0.50150      0.11353      0.79383      0.88381
    -0.49950      0.11324      0.80218      0.88069
    -0.49750      0.11296      0.81052      0.87758
    -0.49550      0.11267      0.81886      0.87448
    -0.49349      0.11239      0.82720      0.87138
    -0.49149      0.11210      0.83554      0.86830
    -0.48949      0.11182      0.84388      0.86522
    -0.48749      0.11154      0.85223      0.86216
    -0.48549      0.11125      0.86057      0.85910
    -0.48348      0.11097      0.86891      0.85606
    -0.48148      0.11069      0.87725      0.85302
    -0.47948      0.11041      0.88559      0.84999
    -0.47748      0.11013      0.89393      0.84697
    -0.47548      0.10985      0.90228      0.84396
    -0.47347      0.10957      0.91062      0.84096
    -0.47147      0.10929      0.91896      0.83797
    -0.46947      0.10901      0.92730      0.83499
    -0.46747      0.10874      0.93564      0.83201
    -0.46547      0.10846      0.94398      0.82905
    -0.46346      0.10818      0.95233      0.82609
    -0.46146      0.10791      0.96067      0.82315
    -0.45946      0.10763      0.96901      0.82021
    -0.45746      0.10736      0.97735      0.81728
    -0.45546      0.10708      0.98569      0.81436
    -0.45345      0.10681      0.99403      0.81145
    -0.45145      0.10654      1.00238      0.80855
    -0.44945      0.10626      1.01072      0.80566
    -0.44745      0.10599      1.01906      0.80278
    -0.44545      0.10572      1.02740      0.79990
    -0.44344      0.10545      1.03574      0.79704
    -0.44144      0.10518      1.04408      0.79418
    -0.43944      0.10491      1.05243      0.79133
    -0.43744      0.10464      1.06077      0.78849
    -0.43544      0.10437      1.06911      0.78566
    -0.43343      0.10411      1.07745      0.78284
    -0.43143      0.10384      1.08579      0.78003
    -0.42943      0.10357      1.09413      0.77722
    -0.42743      0.10330      1.10248      0.77442
    -0.42543      0.10304      1.11082      0.77164
    -0.42342      0.10277      1.11916      0.76886
    -0.42142      0.10251      1.12750      0.76609
    -0.41942      0.10225      1.13584      0.76333
    -0.41742      0.10198      1.14418      0.76057
    -0.41542      0.10172      1.15253      0.75783
    -0.41341      0.10146      1.16087      0.75509
    -0.41141      0.10119      1.16921      0.75237
    -0.40941      0.10093      1.17755      0.74965
    -0.40741      0.10067      1.18589      0.74694
    -0.40541      0.10041      1.19423      0.74423
    -0.40340      0.10015      1.20258      0.74154
    -0.40140      0.09989      1.21092      0.73885
    -0.39940      0.09963      1.21926      0.73618
    -0.39740      0.09938      1.22760      0.73351
    -0.39540      0.09912      1.23594      0.73085
    -0.39339      0.09886      1.24428      0.72819
    -0.39139      0.09860      1.25263      0.72555
    -0.38939      0.09835      1.26097      0.72291
    -0.38739      0.09809      1.26931      0.72029
    -0.38539      0.09784      1.27765      0.71767
    -0.38338      0.09758      1.28599      0.71506
    -0.38138      0.09733      1.29433      0.71245
    -0.37938      0.09708      1.30268      0.70986
    -0.37738      0.09682      1.31102      0.70727
    -0.37538      0.09657      1.31936      0.70469
    -0.37337      0.09632      1.32770      0.70212
    -0.37137      0.09607      1.33604      0.69956
    -0.36937      0.09582      1.34438      0.69700
    -0.36737      0.09557      1.35273      0.69446
    -0.36537      0.09532      1.36107      0.69192
    -0.36336      0.09507      1.36941      0.68939
    -0.36136      0.09482      1.37775      0.68686
    -0.35936      0.09457      1.38609      0.68435
    -0.35736      0.09432      1.39443      0.68184
    -0.35536      0.09408      1.40278      0.67934
    -0.35335      0.09383      1.41112      0.67685
    -0.35135      0.09358      1.41946      0.67437
    -0.34935      0.09334      1.42780      0.67189
    -0.34735      0.09309      1.43614      0.66943
    -0.34535      0.09285      1.44448      0.66697
    -0.34334      0.09261      1.45283      0.66451
    -0.34134      0.09236      1.46117      0.66207
    -0.33934      0.09212      1.46951      0.65963
    -0.33734      0.09188      1.47785      0.65720
    -0.33534      0.09164      1.48619      0.65478
    -0.33333      0.09139      1.49453      0.65237
    -0.33133      0.09115      1.50288      0.64996
    -0.32933      0.09091      1.51122      0.64756
    -0.32733      0.09067      1.51956      0.64517
    -0.32533      0.09043      1.52790      0.64279
    -0.32332      0.09019      1.53624      0.64041
    -0.32132      0.08996      1.54458      0.63804
    -0.31932      0.08972      1.55293      0.63568
    -0.31732      0.08948      1.56127      0.63333
    -0.31532      0.08924      1.56961      0.63098
    -0.31331      0.08901      1.57795      0.62865
    -0.31131      0.08877      1.58629      0.62631
    -0.30931      0.08854      1.59463      0.62399
    -0.30731      0.08830      1.60298      0.62167
    -0.30531      0.08807      1.61132      0.61937
    -0.30330      0.08783      1.61966      0.61706
    -0.30130      0.08760      1.62800      0.61477
    -0.29930      0.08737      1.63634      0.61248
    -0.29730      0.08713      1.64468      0.61020
    -0.29530      0.08690      1.65303      0.60793
    -0.29329      0.08667      1.66137      0.60567
    -0.29129      0.08644      1.66971      0.60341
    -0.28929      0.08621      1.67805      0.60116
    -0.28729      0.08598      1.68639      0.59892
    -0.28529      0.08575      1.69473      0.59668
    -0.28328      0.08552      1.70308      0.59445
    -0.28128      0.08529      1.71142      0.59223
    -0.27928      0.08507      1.71976      0.59001
    -0.27728      0.08484      1.72810      0.58781
    -0.27528      0.08461      1.73644      0.58561
    -0.27327      0.08438      1.74478      0.58341
    -0.27127      0.08416      1.75313      0.58123
    -0.26927      0.08393      1.76147      0.57905
    -0.26727      0.08371      1.76981      0.57687
    -0.26527      0.08348      1.77815      0.57471
    -0.26326      0.08326      1.78649      0.57255
    -0.26126      0.08304      1.79483      0.57040
    -0.25926      0.08281      1.80318      0.56825
    -0.25726      0.08259      1.81152      0.56612
    -0.25526      0.08237      1.81986      0.56399
    -0.25325      0.08215      1.82820      0.56186
    -0.25125      0.08192      1.83654      0.55974
    -0.24925      0.08170      1.84488      0.55763
    -0.24725      0.08148      1.85323      0.55553
    -0.24525      0.08126      1.86157      0.55343
    -0.24324      0.08104      1.86991      0.55134
    -0.24124      0.08083      1.87825      0.54926
    -0.23924      0.08061      1.88659      0.54719
    -0.23724      0.08039      1.89493      0.54512
    -0.23524      0.08017      1.90328      0.54305
    -0.23323      0.07996      1.91162      0.54100
    -0.23123      0.07974      1.91996      0.53895
    -0.22923      0.07952      1.92830      0.53690
    -0.22723      0.07931      1.93664      0.53487
    -0.22523      0.07909      1.94498      0.53284
    -0.22322      0.07888      1.95333      0.53082
    -0.22122      0.07866      1.96167      0.52880
    -0.21922      0.07845      1.97001      0.52679
    -0.21722      0.07824      1.97835      0.52479
    -0.21522      0.07802      1.98669      0.52279
    -0.21321      0.07781      1.99503      0.52080
    -0.21121      0.07760      2.00338      0.51882
    -0.20921      0.07739      2.01172      0.51684
    -0.20721      0.07718      2.02006      0.51487
    -0.20521      0.07697      2.02840      0.51290
    -0.20320      0.07676      2.03674      0.51095
    -0.20120      0.07655      2.04508      0.50899
    -0.19920      0.07634      2.05343      0.50705
    -0.19720      0.07613      2.06177      0.50511
    -0.19520      0.07592      2.07011      0.50318
    -0.19319      0.07571      2.07845      0.50125
    -0.19119      0.07551      2.08679      0.49933
    -0.18919      0.07530      2.09513      0.49742
    -0.18719      0.07509      2.10348      0.49551
    -0.18519      0.07489      2.11182      0.49361
    -0.18318      0.07468      2.12016      0.49172
    -0.18118      0.07448      2.12850      0.48983
    -0.17918      0.07427      2.13684      0.48795
    -0.17718      0.07407      2.14518      0.48607
    -0.17518      0.07387      2.15353      0.48420
    -0.17317      0.07366      2.16187      0.48234
    -0.17117      0.07346      2.17021      0.48048
    -0.16917      0.07326      2.17855      0.47863
    -0.16717      0.07306      2.18689      0.47678
    -0.16517      0.07285      2.19523      0.47495
    -0.16316      0.07265      2.20358      0.47311
    -0.16116      0.07245      2.21192      0.47129
    -0.15916      0.07225      2.22026      0.46946
    -0.15716      0.07205      2.22860      0.46765
    -0.15516      0.07185      2.23694      0.46584
    -0.15315      0.07165      2.24528      0.46404
    -0.15115      0.07146      2.25363      0.46224
    -0.14915      0.07126      2.26197      0.46045
    -0.14715      0.07106      2.27031      0.45867
    -0.14515      0.07086      2.27865      0.45689
    -0.14314      0.07067      2.28699      0.45511
    -0.14114      0.07047      2.29533      0.45335
    -0.13914      0.07028      2.30368      0.45159
    -0.13714      0.07008      2.31202      0.44983
    -0.13514      0.06989      2.32036      0.44808
    -0.13313      0.06969      2.32870      0.44634
    -0.13113      0.06950      2.33704      0.44460
    -0.12913      0.06930      2.34538      0.44287
    -0.12713      0.06911      2.35373      0.44114
    -0.12513      0.06892      2.36207      0.43942
    -0.12312      0.06873      2.37041      0.43771
    -0.12112      0.06853      2.37875      0.43600
    -0.11912      0.06834      2.38709      0.43429
    -0.11712      0.06815      2.39543      0.43260
    -0.11512      0.06796      2.40378      0.43090
    -0.11311      0.06777      2.41212      0.42922
    -0.11111      0.06758      2.42046      0.42754
    -0.10911      0.06739      2.42880      0.42586
    -0.10711      0.06720      2.43714      0.42419
    -0.10511      0.06702      2.44548      0.42253
    -0.10310      0.06683      2.45383      0.42087
    -0.10110      0.06664      2.46217      0.41922
    -0.09910      0.06645      2.47051      0.41757
    -0.09710      0.06627      2.47885      0.41593
    -0.09510      0.06608      2.48719      0.41429
    -0.09309      0.06589      2.49554      0.41266
    -0.09109      0.06571      2.50388      0.41104
    -0.08909      0.06552      2.51222      0.40942
    -0.08709      0.06534      2.52056      0.40781
    -0.08509      0.06516      2.52890      0.40620
    -0.08308      0.06497      2.53724      0.40460
    -0.08108      0.06479      2.54559      0.40300
    -0.07908      0.06461      2.55393      0.40141
    -0.07708      0.06442      2.56227      0.39982
    -0.07508      0.06424      2.57061      0.39824
    -0.07307      0.06406      2.57895      0.39666
    -0.07107      0.06388      2.58729      0.39509
    -0.06907      0.06370      2.59564      0.39353
    -0.06707      0.06352      2.60398      0.39197
    -0.06507      0.06334      2.61232      0.39041
    -0.06306      0.06316      2.62066      0.38886
    -0.06106      0.06298      2.62900      0.38732
    -0.05906      0.06280      2.63734      0.38578
    -0.05706      0.06262      2.64569      0.38424
    -0.05506      0.06244      2.65403      0.38272
    -0.05305      0.06226      2.66237      0.38119
    -0.05105      0.06209      2.67071      0.37968
    -0.04905      0.06191      2.67905      0.37816
    -0.04705      0.06173      2.68739      0.37665
    -0.04505      0.06156      2.69574      0.37515
    -0.04304      0.06138      2.70408      0.37365
    -0.04104      0.06121      2.71242      0.37216
    -0.03904      0.06103      2.72076      0.37068
    -0.03704      0.06086      2.72910      0.36919
    -0.03504      0.06068      2.73744      0.36772
    -0.03303      0.06051      2.74579      0.36624
    -0.03103      0.06034      2.75413      0.36478
    -0.02903      0.06016      2.76247      0.36332
    -0.02703      0.05999      2.77081      0.36186
    -0.02503      0.05982      2.77915      0.36041
    -0.02302      0.05965      2.78749      0.35896
    -0.02102      0.05948      2.79584      0.35752
    -0.01902      0.05931      2.80418      0.35608
    -0.01702      0.05914      2.81252      0.35465
    -0.01502      0.05897      2.82086      0.35322
    -0.01301      0.05880      2.82920      0.35180
    -0.01101      0.05863      2.83754      0.35038
    -0.00901      0.05846      2.84589      0.34897
    -0.00701      0.05829      2.85423      0.34757
    -0.00501      0.05812      2.86257      0.34616
    -0.00300      0.05795      2.87091      0.34477
    -0.00100      0.05779      2.87925      0.34337
     0.00100      0.05762      2.88759      0.34198
     0.00300      0.05745      2.89594      0.34060
     0.00501      0.05729      2.90428      0.33922
     0.00701      0.05712      2.91262      0.33785
     0.00901      0.05696      2.92096      0.33648
     0.01101      0.05679      2.92930      0.33512
     0.01301      0.05663      2.93764      0.33376
     0.01502      0.05646      2.94599      0.33240
     0.01702      0.05630      2.95433      0.33105
     0.01902      0.05613      2.96267      0.32971
     0.02102      0.05597      2.97101      0.32837
     0.02302      0.05581      2.97935      0.32703
     0.02503      0.05565      2.98769      0.32570
     0.02703      0.05548      2.99604      0.32437
     0.02903      0.05532      3.00438      0.32305
     0.03103      0.05516      3.01272      0.32174
     0.03303      0.05500      3.02106      0.32042
     0.03504      0.05484      3.02940      0.31912
     0.03704      0.05468      3.03774      0.31781
     0.03904      0.05452      3.04609      0.31651
     0.04104      0.05436      3.05443      0.31522
     0.04304      0.05420      3.06277      0.31393
     0.04505      0.05404      3.07111      0.31264
     0.04705      0.05389      3.07945      0.31136
     0.04905      0.05373      3.08779      0.31009
     0.05105      0.05357      3.09614      0.30882
     0.05305      0.05341      3.10448      0.30755
     0.05506      0.05326      3.11282      0.30628
     0.05706      0.05310      3.12116      0.30503
     0.05906      0.05294      3.12950      0.30377
     0.06106      0.05279      3.13784      0.30252
     0.06306      0.05263      3.14619      0.30128
     0.06507      0.05248      3.15453      0.30004
     0.06707      0.05232      3.16287      0.29880
     0.06907      0.05217      3.17121      0.29757
     0.07107      0.05202      3.17955      0.29634
     0.07307      0.05186      3.18789      0.29512
     0.07508      0.05171      3.19624      0.29390
     0.07708      0.05156      3.20458      0.29268
     0.07908      0.05140      3.21292      0.29147
     0.08108      0.05125      3.22126      0.29027
     0.08308      0.05110      3.22960      0.28907
     0.08509      0.05095      3.23794      0.28787
     0.08709      0.05080      3.24629      0.28668
     0.08909      0.05065      3.25463      0.28549
     0.09109      0.05050      3.26297      0.28430
     0.09309      0.05035      3.27131      0.28312
     0.09510      0.05020      3.27965      0.28195
     0.09710      0.05005      3.28799      0.28077
     0.09910      0.04990      3.29634      0.27961
     0.10110      0.04975      3.30468      0.27844
     0.10310      0.04960      3.31302      0.27728
     0.10511      0.04946      3.32136      0.27613
     0.10711      0.04931      3.32970      0.27498
     0.10911      0.04916      3.33804      0.27383
     0.11111      0.04901      3.34639      0.27269
     0.11311      0.04887      3.35473      0.27155
     0.11512      0.04872      3.36307      0.27041
     0.11712      0.04858      3.37141      0.26928
     0.11912      0.04843      3.37975      0.26815
     0.12112      0.04829      3.38809      0.26703
     0.12312      0.04814      3.39644      0.26591
     0.12513      0.04800      3.40478      0.26480
     0.12713      0.04785      3.41312      0.26369
     0.12913      0.04771      3.42146      0.26258
     0.13113      0.04757      3.42980      0.26148
     0.13313      0.04742      3.43814      0.26038
     0.13514      0.04728      3.44649      0.25928
     0.13714      0.04714      3.45483      0.25819
     0.13914      0.04700      3.46317      0.25711
     0.14114      0.04686      3.47151      0.25602
     0.14314      0.04671      3.47985      0.25494
     0.14515      0.04657      3.48819      0.25387
     0.14715      0.04643      3.49654      0.25280
     0.14915      0.04629      3.50488      0.25173
     0.15115      0.04615      3.51322      0.25067
     0.15315      0.04601      3.52156      0.24961
     0.15516      0.04587      3.52990      0.24855
     0.15716      0.04574      3.53824      0.24750
     0.15916      0.04560      3.54659      0.24645
     0.16116      0.04546      3.55493      0.24541
     0.16316      0.04532      3.56327      0.24437
     0.16517      0.04518      3.57161      0.24333
     0.16717      0.04505      3.57995      0.24230
     0.16917      0.04491      3.58829      0.24127
     0.17117      0.04477      3.59664      0.24024
     0.17317      0.04464      3.60498      0.23922
     0.17518      0.04450      3.61332      0.23820
     0.17718      0.04437      3.62166      0.23719
     0.17918      0.04423      3.63000      0.23618
     0.18118      0.04410      3.63834      0.23517
     0.18318      0.04396      3.64669      0.23417
     0.18519      0.04383      3.65503      0.23317
     0.18719      0.04369      3.66337      0.23217
     0.18919      0.04356      3.67171      0.23118
     0.19119      0.04343      3.68005      0.23019
     0.19319      0.04330      3.68839      0.22920
     0.19520      0.04316      3.69674      0.22822
     0.19720      0.04303      3.70508      0.22725
     0.19920      0.04290      3.71342      0.22627
     0.20120      0.04277      3.72176      0.22530
     0.20320      0.04264      3.73010      0.22433
     0.20521      0.04250      3.73844      0.22337
     0.20721      0.04237      3.74679      0.22241
     0.20921      0.04224      3.75513      0.22145
     0.21121      0.04211      3.76347      0.22050
     0.21321      0.04198      3.77181      0.21955
     0.21522      0.04186      3.78015      0.21861
     0.21722      0.04173      3.78849      0.21766
     0.21922      0.04160      3.79684      0.21672
     0.22122      0.04147      3.80518      0.21579
     0.22322      0.04134      3.81352      0.21486
     0.22523      0.04121      3.82186      0.21393
     0.22723      0.04109      3.83020      0.21300
     0.22923      0.04096      3.83854      0.21208
     0.23123      0.04083      3.84689      0.21116
     0.23323      0.04071      3.85523      0.21025
     0.23524      0.04058      3.86357      0.20934
     0.23724      0.04045      3.87191      0.20843
     0.23924      0.04033      3.88025      0.20752
     0.24124      0.04020      3.88859      0.20662
     0.24324      0.04008      3.89694      0.20573
     0.24525      0.03995      3.90528      0.20483
     0.24725      0.03983      3.91362      0.20394
     0.24925      0.03971      3.92196      0.20305
     0.25125      0.03958      3.93030      0.20217
     0.25325      0.03946      3.93864      0.20129
     0.25526      0.03934      3.94699      0.20041
     0.25726      0.03921      3.95533      0.19953
     0.25926      0.03909      3.96367      0.19866
     0.26126      0.03897      3.97201      0.19779
     0.26326      0.03885      3.98035      0.19693
     0.26527      0.03873      3.98869      0.19607
     0.26727      0.03860      3.99704      0.19521
     0.26927      0.03848      4.00538      0.19435
     0.27127      0.03836      4.01372      0.19350
     0.27327      0.03824      4.02206      0.19265
     0.27528      0.03812      4.03040      0.19181
     0.27728      0.03800      4.03874      0.19096
     0.27928      0.03788      4.04709      0.19013
     0.28128      0.03776      4.05543      0.18929
     0.28328      0.03765      4.06377      0.18846
     0.28529      0.03753      4.07211      0.18763
     0.28729      0.03741      4.08045      0.18680
     0.28929      0.03729      4.08879      0.18598
     0.29129      0.03717      4.09714      0.18516
     0.29329      0.03706      4.10548      0.18434
     0.29530      0.03694      4.11382      0.18352
     0.29730      0.03682      4.12216      0.18271
     0.29930      0.03671      4.13050      0.18191
     0.30130      0.03659      4.13885      0.18110
     0.30330      0.03647      4.14719      0.18030
     0.30531      0.03636      4.15553      0.17950
     0.30731      0.03624      4.16387      0.17870
     0.30931      0.03613      4.17221      0.17791
     0.31131      0.03601      4.18055      0.17712
     0.31331      0.03590      4.18890      0.17633
     0.31532      0.03579      4.19724      0.17555
     0.31732      0.03567      4.20558      0.17477
     0.31932      0.03556      4.21392      0.17399
     0.32132      0.03545      4.22226      0.17322
     0.32332      0.03533      4.23060      0.17245
     0.32533      0.03522      4.23895      0.17168
     0.32733      0.03511      4.24729      0.17091
     0.32933      0.03500      4.25563      0.17015
     0.33133      0.03488      4.26397      0.16939
     0.33333      0.03477      4.27231      0.16863
     0.33534      0.03466      4.28065      0.16788
     0.33734      0.03455      4.28900      0.16712
     0.33934      0.03444      4.29734      0.16638
     0.34134      0.03433      4.30568      0.16563
     0.34334      0.03422      4.31402      0.16489
     0.34535      0.03411      4.32236      0.16415
     0.34735      0.03400      4.33070      0.16341
     0.34935      0.03389      4.33905      0.16268
     0.35135      0.03378      4.34739      0.16194
     0.35335      0.03367      4.35573      0.16122
     0.35536      0.03356      4.36407      0.16049
     0.35736      0.03346      4.37241      0.15977
     0.35936      0.03335      4.38075      0.15905
     0.36136      0.03324      4.38910      0.15833
     0.36336      0.03313      4.39744      0.15761
     0.36537      0.03303      4.40578      0.15690
     0.36737      0.03292      4.41412      0.15619
     0.36937      0.03281      4.42246      0.15549
     0.37137      0.03271      4.43080      0.15478
     0.37337      0.03260      4.43915      0.15408
     0.37538      0.03250      4.44749      0.15338
     0.37738      0.03239      4.45583      0.15269
     0.37938      0.03229      4.46417      0.15200
     0.38138      0.03218      4.47251      0.15131
     0.38338      0.03208      4.48085      0.15062
     0.38539      0.03197      4.48920      0.14993
     0.38739      0.03187      4.49754      0.14925
     0.38939      0.03177      4.50588      0.14857
     0.39139      0.03166      4.51422      0.14790
     0.39339      0.03156      4.52256      0.14722
     0.39540      0.03146      4.53090      0.14655
     0.39740      0.03135      4.53925      0.14588
     0.39940      0.03125      4.54759      0.14522
     0.40140      0.03115      4.55593      0.14455
     0.40340      0.03105      4.56427      0.14389
     0.40541      0.03095      4.57261      0.14323
     0.40741      0.03084      4.58095      0.14258
     0.40941      0.03074      4.58930      0.14192
     0.41141      0.03064      4.59764      0.14127
     0.41341      0.03054      4.60598      0.14062
     0.41542      0.03044      4.61432      0.13998
     0.41742      0.03034      4.62266      0.13934
     0.41942      0.03024      4.63100      0.13870
     0.42142      0.03014      4.63935      0.13806
     0.42342      0.03004      4.64769      0.13742
     0.42543      0.02994      4.65603      0.13679
     0.42743      0.02985      4.66437      0.13616
     0.42943      0.02975      4.67271      0.13553
     0.43143      0.02965      4.68105      0.13491
     0.43343      0.02955      4.68940      0.13428
     0.43544      0.02945      4.69774      0.13366
     0.43744      0.02936      4.70608      0.13304
     0.43944      0.02926      4.71442      0.13243
     0.44144      0.02916      4.72276      0.13181
     0.44344      0.02907      4.73110      0.13120
     0.44545      0.02897      4.73945      0.13060
     0.44745      0.02887      4.74779      0.12999
     0.44945      0.02878      4.75613      0.12939
     0.45145      0.02868      4.76447      0.12879
     0.45345      0.02859      4.77281      0.12819
     0.45546      0.02849      4.78115      0.12759
     0.45746      0.02840      4.78950      0.12700
     0.45946      0.02830      4.79784      0.12641
     0.46146      0.02821      4.80618      0.12582
     0.46346      0.02811      4.81452      0.12523
     0.46547      0.02802      4.82286      0.12464
     0.46747      0.02793      4.83120      0.12406
     0.46947      0.02783      4.83955      0.12348
     0.47147      0.02774      4.84789      0.12291
     0.47347      0.02765      4.85623      0.12233
     0.47548      0.02756      4.86457      0.12176
     0.47748      0.02746      4.87291      0.12119
     0.47948      0.02737      4.88125      0.12062
     0.48148      0.02728      4.88960      0.12005
     0.48348      0.02719      4.89794      0.11949
     0.48549      0.02710      4.90628      0.11893
     0.48749      0.02701      4.91462      0.11837
     0.48949      0.02691      4.92296      0.11781
     0.49149      0.02682      4.93130      0.11726
     0.49349      0.02673      4.93965      0.11670
     0.49550      0.02664      4.94799      0.11615
     0.49750      0.02655      4.95633      0.11561
     0.49950      0.02646      4.96467      0.11506
     0.50150      0.02637      4.97301      0.11452
     0.50350      0.02629      4.98135      0.11398
     0.50551      0.02620      4.98970      0.11344
     0.50751      0.02611      4.99804      0.11290
     0.50951      0.02602      5.00638      0.11236
     0.51151      0.02593      5.01472      0.11183
     0.51351      0.02584      5.02306      0.11130
     0.51552      0.02576      5.03140      0.11077
     0.51752      0.02567      5.03975      0.11025
     0.51952      0.02558      5.04809      0.10972
     0.52152      0.02549      5.05643      0.10920
     0.52352      0.02541      5.06477      0.10868
     0.52553      0.02532      5.07311      0.10816
     0.52753      0.02523      5.08145      0.10765
     0.52953      0.02515      5.08980      0.10714
     0.53153      0.02506      5.09814      0.10662
     0.53353      0.02498      5.10648      0.10611
     0.53554      0.02489      5.11482      0.10561
     0.53754      0.02481      5.12316      0.10510
     0.53954      0.02472      5.13150      0.10460
     0.54154      0.02464      5.13985      0.10410
     0.54354      0.02455      5.14819      0.10360
     0.54555      0.02447      5.15653      0.10310
     0.54755      0.02439      5.16487      0.10261
     0.54955      0.02430      5.17321      0.10212
     0.55155      0.02422      5.18155      0.10163
     0.55355      0.02413      5.18990      0.10114
     0.55556      0.02405      5.19824      0.10065
     0.55756      0.02397      5.20658      0.10017
     0.55956      0.02389      5.21492      0.09968
     0.56156      0.02380      5.22326      0.09920
     0.56356      0.02372      5.23160      0.09872
     0.56557      0.02364      5.23995      0.09825
     0.56757      0.02356      5.24829      0.09777
     0.56957      0.02348      5.25663      0.09730
     0.57157      0.02340      5.26497      0.09683
     0.57357      0.02331      5.27331      0.09636
     0.57558      0.02323      5.28165      0.09589
     0.57758      0.02315      5.29000      0.09543
     0.57958      0.02307      5.29834      0.09497
     0.58158      0.02299      5.30668      0.09450
     0.58358      0.02291      5.31502      0.09404
     0.58559      0.02283      5.32336      0.09359
     0.58759      0.02275      5.33170      0.09313
     0.58959      0.02268      5.34005      0.09268
     0.59159      0.02260      5.34839      0.09223
     0.59359      0.02252      5.35673      0.09178
     0.59560      0.02244      5.36507      0.09133
     0.59760      0.02236      5.37341      0.09088
     0.59960      0.02228      5.38175      0.09044
     0.60160      0.02220      5.39010      0.09000
     0.60360      0.02213      5.39844      0.08956
     0.60561      0.02205      5.40678      0.08912
     0.60761      0.02197      5.41512      0.08868
     0.60961      0.02190      5.42346      0.08825
     0.61161      0.02182      5.43180      0.08781
     0.61361      0.02174      5.44015      0.08738
     0.61562      0.02167      5.44849      0.08695
     0.61762      0.02159      5.45683      0.08653
     0.61962      0.02151      5.46517      0.08610
     0.62162      0.02144      5.47351      0.08568
     0.62362      0.02136      5.48185      0.08526
     0.62563      0.02129      5.49020      0.08483
     0.62763      0.02121      5.49854      0.08442
     0.62963      0.02114      5.50688      0.08400
     0.63163      0.02106      5.51522      0.08358
     0.63363      0.02099      5.52356      0.08317
     0.63564      0.02091      5.53190      0.08276
     0.63764      0.02084      5.54025      0.08235
     0.63964      0.02077      5.54859      0.08194
     0.64164      0.02069      5.55693      0.08154
     0.64364      0.02062      5.56527      0.08113
     0.64565      0.02055      5.57361      0.08073
     0.64765      0.02047      5.58195      0.08033
     0.64965      0.02040      5.59030      0.07993
     0.65165      0.02033      5.59864      0.07953
     0.65365      0.02026      5.60698      0.07913
     0.65566      0.02018      5.61532      0.07874
     0.65766      0.02011      5.62366      0.07835
     0.65966      0.02004      5.63200      0.07796
     0.66166      0.01997      5.64035      0.07757
     0.66366      0.01990      5.64869      0.07718
     0.66567      0.01983      5.65703      0.07679
     0.66767      0.01975      5.66537      0.07641
     0.66967      0.01968      5.67371      0.07603
     0.67167      0.01961      5.68205      0.07565
     0.67367      0.01954      5.69040      0.07527
     0.67568      0.01947      5.69874      0.07489
     0.67768      0.01940      5.70708      0.07451
     0.67968      0.01933      5.71542      0.07414
     0.68168      0.01926      5.72376      0.07377
     0.68368      0.01919      5.73210      0.07339
     0.68569      0.01913      5.74045      0.07302
     0.68769      0.01906      5.74879      0.07266
     0.68969      0.01899      5.75713      0.07229
     0.69169      0.01892      5.76547      0.07192
     0.69369      0.01885      5.77381      0.07156
     0.69570      0.01878      5.78216      0.07120
     0.69770      0.01872      5.79050      0.07084
     0.69970      0.01865      5.79884      0.07048
     0.70170      0.01858      5.80718      0.07012
     0.70370      0.01851      5.81552      0.06977
     0.70571      0.01845      5.82386      0.06941
     0.70771      0.01838      5.83221      0.06906
     0.70971      0.01831      5.84055      0.06871
     0.71171      0.01825      5.84889      0.06836
     0.71371      0.01818      5.85723      0.06801
     0.71572      0.01811      5.86557      0.06767
     0.71772      0.01805      5.87391      0.06732
     0.71972      0.01798      5.88226      0.06698
     0.72172      0.01792      5.89060      0.06664
     0.72372      0.01785      5.89894      0.06630
     0.72573      0.01778      5.90728      0.06596
     0.72773      0.01772      5.91562      0.06562
     0.72973      0.01765      5.92396      0.06529
     0.73173      0.01759      5.93231      0.06495
     0.73373      0.01753      5.94065      0.06462
     0.73574      0.01746      5.94899      0.06429
     0.73774      0.01740      5.95733      0.06396
     0.73974      0.01733      5.96567      0.06363
     0.74174      0.01727      5.97401      0.06330
     0.74374      0.01721      5.98236      0.06298
     0.74575      0.01714      5.99070      0.06265
     0.74775      0.01708      5.99904      0.06233
     0.74975      0.01702      6.00738      0.06201
     0.75175      0.01695      6.01572      0.06169
     0.75375      0.01689      6.02406      0.06137
     0.75576      0.01683      6.03241      0.06105
     0.75776      0.01677      6.04075      0.06074
     0.75976      0.01671      6.04909      0.06042
     0.76176      0.01664      6.05743      0.06011
     0.76376      0.01658      6.06577      0.05980
     0.76577      0.01652      6.07411      0.05949
     0.76777      0.01646      6.08246      0.05918
     0.76977      0.01640      6.09080      0.05887
     0.77177      0.01634      6.09914      0.05857
     0.77377      0.01628      6.10748      0.05826
     0.77578      0.01622      6.11582      0.05796
     0.77778      0.01616      6.12416      0.05766
     0.77978      0.01609      6.13251      0.05736
     0.78178      0.01603      6.14085      0.05706
     0.78378      0.01598      6.14919      0.05676
     0.78579      0.01592      6.15753      0.05646
     0.78779      0.01586      6.16587      0.05617
     0.78979      0.01580      6.17421      0.05587
     0.79179      0.01574      6.18256      0.05558
     0.79379      0.01568      6.19090      0.05529
     0.79580      0.01562      6.19924      0.05500
     0.79780      0.01556      6.20758      0.05471
     0.79980      0.01550      6.21592      0.05442
     0.80180      0.01544      6.22426      0.05414
     0.80380      0.01539      6.23261      0.05385
     0.80581      0.01533      6.24095      0.05357
     0.80781      0.01527      6.24929      0.05329
     0.80981      0.01521      6.25763      0.05301
     0.81181      0.01516      6.26597      0.05273
     0.81381      0.01510      6.27431      0.05245
     0.81582      0.01504      6.28266      0.05217
     0.81782      0.01498      6.29100      0.05189
     0.81982      0.01493      6.29934      0.05162
     0.82182      0.01487      6.30768      0.05135
     0.82382      0.01482      6.31602      0.05107
     0.82583      0.01476      6.32436      0.05080
     0.82783      0.01470      6.33271      0.05053
     0.82983      0.01465      6.34105      0.05027
     0.83183      0.01459      6.34939      0.05000
     0.83383      0.01454      6.35773      0.04973
     0.83584      0.01448      6.36607      0.04947
     0.83784      0.01443      6.37441      0.04920
     0.83984      0.01437      6.38276      0.04894
     0.84184      0.01432      6.39110      0.04868
     0.84384      0.01426      6.39944      0.04842
     0.84585      0.01421      6.40778      0.04816
     0.84785      0.01415      6.41612      0.04790
     0.84985      0.01410      6.42446      0.04765
     0.85185      0.01404      6.43281      0.04739
     0.85385      0.01399      6.44115      0.04714
     0.85586      0.01394      6.44949      0.04689
     0.85786      0.01388      6.45783      0.04663
     0.85986      0.01383      6.46617      0.04638
     0.86186      0.01378      6.47451      0.04613
     0.86386      0.01372      6.48286      0.04589
     0.86587      0.01367      6.49120      0.04564
     0.86787      0.01362      6.49954      0.04539
     0.86987      0.01357      6.50788      0.04515
     0.87187      0.01351      6.51622      0.04490
     0.87387      0.01346      6.52456      0.04466
     0.87588      0.01341      6.53291      0.04442
     0.87788      0.01336      6.54125      0.04418
     0.87988      0.01331      6.54959      0.04394
     0.88188      0.01325      6.55793      0.04370
     0.88388      0.01320      6.56627      0.04347
     0.88589      0.01315      6.57461      0.04323
     0.88789      0.01310      6.58296      0.04299
     0.88989      0.01305      6.59130      0.04276
     0.89189      0.01300      6.59964      0.04253
     0.89389      0.01295      6.60798      0.04230
     0.89590      0.01290      6.61632      0.04207
     0.89790      0.01285      6.62466      0.04184
     0.89990      0.01280      6.63301      0.04161
     0.90190      0.01275      6.64135      0.04138
     0.90390      0.01270      6.64969      0.04116
     0.90591      0.01265      6.65803      0.04093
     0.90791      0.01260      6.66637      0.04071
     0.90991      0.01255      6.67471      0.04048
     0.91191      0.01250      6.68306      0.04026
     0.91391      0.01245      6.69140      0.04004
     0.91592      0.01240      6.69974      0.03982
     0.91792      0.01235      6.70808      0.03960
     0.91992      0.01230      6.71642      0.03938
     0.92192      0.01226      6.72476      0.03917
     0.92392      0.01221      6.73311      0.03895
     0.92593      0.01216      6.74145      0.03874
     0.92793      0.01211      6.74979      0.03852
     0.92993      0.01206      6.75813      0.03831
     0.93193      0.01202      6.76647      0.03810
     0.93393      0.01197      6.77481      0.03789
     0.93594      0.01192      6.78316      0.03768
     0.93794      0.01187      6.79150      0.03747
     0.93994      0.01183      6.79984      0.03726
     0.94194      0.01178      6.80818      0.03706
     0.94394      0.01173      6.81652      0.03685
     0.94595      0.01169      6.82486      0.03664
     0.94795      0.01164      6.83321      0.03644
     0.94995      0.01159      6.84155      0.03624
     0.95195      0.01155      6.84989      0.03604
     0.95395      0.01150      6.85823      0.03584
     0.95596      0.01146      6.86657      0.03564
     0.95796      0.01141      6.87491      0.03544
     0.95996      0.01137      6.88326      0.03524
     0.96196      0.01132      6.89160      0.03504
     0.96396      0.01127      6.89994      0.03485
     0.96597      0.01123      6.90828      0.03465
     0.96797      0.01118      6.91662      0.03446
     0.96997      0.01114      6.92496      0.03426
     0.97197      0.01109      6.93331      0.03407
     0.97397      0.01105      6.94165      0.03388
     0.97598      0.01101      6.94999      0.03369
     0.97798      0.01096      6.95833      0.03350
     0.97998      0.01092      6.96667      0.03331
     0.98198      0.01087      6.97501      0.03312
     0.98398      0.01083      6.98336      0.03294
     0.98599      0.01079      6.99170      0.03275
     0.98799      0.01074      7.00004      0.03256
     0.98999      0.01070      7.00838      0.03238
     0.99199      0.01066      7.01672      0.03220
     0.99399      0.01061      7.02506      0.03201
     0.99600      0.01057      7.03341      0.03183
     0.99800      0.01053      7.04175      0.03165
     1.00000      0.01048      7.05009      0.03147
