t =     0.1750
           x          rho            u            p
    -1.00000      0.00495     -7.47866      0.01101
    -0.99800      0.00498     -7.46913      0.01109
    -0.99600      0.00500     -7.45959      0.01117
    -0.99399      0.00503     -7.45006      0.01126
    -0.99199      0.00506     -7.44053      0.01134
    -0.98999      0.00509     -7.43099      0.01143
    -0.98799      0.00511     -7.42146      0.01152
    -0.98599      0.00514     -7.41193      0.01160
    -0.98398      0.00517     -7.40239      0.01169
    -0.98198      0.00520     -7.39286      0.01178
    -0.97998      0.00522     -7.38333      0.01187
    -0.97798      0.00525     -7.37379      0.01196
    -0.97598      0.00528     -7.36426      0.01205
    -0.97397      0.00531     -7.35473      0.01214
    -0.97197      0.00534     -7.34519      0.01223
    -0.96997      0.00536     -7.33566      0.01232
    -0.96797      0.00539     -7.32613      0.01241
    -0.96597      0.00542     -7.31659      0.01250
    -0.96396      0.00545     -7.30706      0.01260
    -0.96196      0.00548     -7.29753      0.01269
    -0.95996      0.00551     -7.28799      0.01278
    -0.95796      0.00554     -7.27846      0.01288
    -0.95596      0.00557     -7.26893      0.01297
    -0.95395      0.00560     -7.25939      0.01307
    -0.95195      0.00563     -7.24986      0.01317
    -0.94995      0.00566     -7.24033      0.01326
    -0.94795      0.00569     -7.23079      0.01336
    -0.94595      0.00572     -7.22126      0.01346
    -0.94394      0.00575     -7.21173      0.01356
    -0.94194      0.00578     -7.20219      0.01366
    -0.93994      0.00581     -7.19266      0.01376
    -0.93794      0.00584     -7.18313      0.01386
    -0.93594      0.00587     -7.17359      0.01396
    -0.93393      0.00590     -7.16406      0.01407
    -0.93193      0.00593     -7.15453      0.01417
    -0.92993      0.00596     -7.14499      0.01427
    -0.92793      0.00599     -7.13546      0.01438
    -0.92593      0.00602     -7.12593      0.01448
    -0.92392      0.00605     -7.11639      0.01459
    -0.92192      0.00608     -7.10686      0.01469
    -0.91992      0.00612     -7.09733      0.01480
    -0.91792      0.00615     -7.08779      0.01491
    -0.91592      0.00618     -7.07826      0.01502
    -0.91391      0.00621     -7.06873      0.01513
    -0.91191      0.00624     -7.05919      0.01524
    -0.90991      0.00628     -7.04966      0.01535
    -0.90791      0.00631     -7.04013      0.01546
    -0.90591      0.00634     -7.03059      0.01557
    -0.90390      0.00637     -7.02106      0.01568
    -0.90190      0.00641     -7.01153      0.01580
    -0.89990      0.00644     -7.00199      0.01591
    -0.89790      0.00647     -6.99246      0.01602
    -0.89590      0.00651     -6.98293      0.01614
    -0.89389      0.00654     -6.97339      0.01625
    -0.89189      0.00657     -6.96386      0.01637
    -0.88989      0.00661     -6.95433      0.01649
    -0.88789      0.00664     -6.94479      0.01661
    -0.88589      0.00667     -6.93526      0.01673
    -0.88388      0.00671     -6.92573      0.01685
    -0.88188      0.00674     -6.91619      0.01697
    -0.87988      0.00678     -6.90666      0.01709
    -0.87788      0.00681     -6.89713      0.01721
    -0.87588      0.00685     -6.88759      0.01733
    -0.87387      0.00688     -6.87806      0.01745
    -0.87187      0.00692     -6.86853      0.01758
    -0.86987      0.00695     -6.85899      0.01770
    -0.86787      0.00699     -6.84946      0.01783
    -0.86587      0.00702     -6.83993      0.01795
    -0.86386      0.00706     -6.83039      0.01808
    -0.86186      0.00709     -6.82086      0.01821
    -0.85986      0.00713     -6.81133      0.01834
    -0.85786      0.00716     -6.80179      0.01847
    -0.85586      0.00720     -6.79226      0.01860
    -0.85385      0.00724     -6.78273      0.01873
    -0.85185      0.00727     -6.77319      0.01886
    -0.84985      0.00731     -6.76366      0.01899
    -0.84785      0.00735     -6.75413      0.01913
    -0.84585      0.00738     -6.74459      0.01926
    -0.84384      0.00742     -6.73506      0.01939
    -0.84184      0.00746     -6.72553      0.01953
    -0.83984      0.00749     -6.71599      0.01967
    -0.83784      0.00753     -6.70646      0.01980
    -0.83584      0.00757     -6.69693      0.01994
    -0.83383      0.00761     -6.68739      0.02008
    -0.83183      0.00764     -6.67786      0.02022
    -0.82983      0.00768     -6.66833      0.02036
    -0.82783      0.00772     -6.65879      0.02050
    -0.82583      0.00776     -6.64926      0.02065
    -0.82382      0.00780     -6.63973      0.02079
    -0.82182      0.00783     -6.63019      0.02093
    -0.81982      0.00787     -6.62066      0.02108
    -0.81782      0.00791     -6.61113      0.02122
    -0.81582      0.00795     -6.60159      0.02137
    -0.81381      0.00799     -6.59206      0.02152
    -0.81181      0.00803     -6.58253      0.02167
    -0.80981      0.00807     -6.57299      0.02182
    -0.80781      0.00811     -6.56346      0.02197
    -0.80581      0.00815     -6.55393      0.02212
    -0.80380      0.00819     -6.54439      0.02227
    -0.80180      0.00823     -6.53486      0.02242
    -0.79980      0.00827     -6.52533      0.02257
    -0.79780      0.00831     -6.51579      0.02273
    -0.79580      0.00835     -6.50626      0.02288
    -0.79379      0.00839     -6.49673      0.02304
    -0.79179      0.00843     -6.48719      0.02320
    -0.78979      0.00847     -6.47766      0.02336
    -0.78779      0.00851     -6.46813      0.02352
    -0.78579      0.00855     -6.45859      0.02368
    -0.78378      0.00860     -6.44906      0.02384
    -0.78178      0.00864     -6.43953      0.02400
    -0.77978      0.00868     -6.42999      0.02416
    -0.77778      0.00872     -6.42046      0.02433
    -0.77578      0.00876     -6.41093      0.02449
    -0.77377      0.00881     -6.40139      0.02466
    -0.77177      0.00885     -6.39186      0.02482
    -0.76977      0.00889     -6.38233      0.02499
    -0.76777      0.00893     -6.37279      0.02516
    -0.76577      0.00898     -6.36326      0.02533
    -0.76376      0.00902     -6.35373      0.02550
    -0.76176      0.00906     -6.34419      0.02567
    -0.75976      0.00911     -6.33466      0.02584
    -0.75776      0.00915     -6.32513      0.02602
    -0.75576      0.00919     -6.31559      0.02619
    -0.75375      0.00924     -6.30606      0.02637
    -0.75175      0.00928     -6.29653      0.02654
    -0.74975      0.00933     -6.28699      0.02672
    -0.74775      0.00937     -6.27746      0.02690
    -0.74575      0.00942     -6.26793      0.02708
    -0.74374      0.00946     -6.25839      0.02726
    -0.74174      0.00951     -6.24886      0.02744
    -0.73974      0.00955     -6.23933      0.02762
    -0.73774      0.00960     -6.22979      0.02781
    -0.73574      0.00964     -6.22026      0.02799
    -0.73373      0.00969     -6.21073      0.02818
    -0.73173      0.00973     -6.20119      0.02837
    -0.72973      0.00978     -6.19166      0.02855
    -0.72773      0.00983     -6.18213      0.02874
    -0.72573      0.00987     -6.17259      0.02893
    -0.72372      0.00992     -6.16306      0.02912
    -0.72172      0.00997     -6.15353      0.02932
    -0.71972      0.01001     -6.14399      0.02951
    -0.71772      0.01006     -6.13446      0.02970
    -0.71572      0.01011     -6.12493      0.02990
    -0.71371      0.01015     -6.11539      0.03010
    -0.71171      0.01020     -6.10586      0.03029
    -0.70971      0.01025     -6.09633      0.03049
    -0.70771      0.01030     -6.08679      0.03069
    -0.70571      0.01035     -6.07726      0.03089
    -0.70370      0.01039     -6.06773      0.03110
    -0.70170      0.01044     -6.05819      0.03130
    -0.69970      0.01049     -6.04866      0.03150
    -0.69770      0.01054     -6.03913      0.03171
    -0.69570      0.01059     -6.02959      0.03192
    -0.69369      0.01064     -6.02006      0.03212
    -0.69169      0.01069     -6.01053      0.03233
    -0.68969      0.01074     -6.00099      0.03254
    -0.68769      0.01079     -5.99146      0.03275
    -0.68569      0.01084     -5.98193      0.03297
    -0.68368      0.01089     -5.97239      0.03318
    -0.68168      0.01094     -5.96286      0.03340
    -0.67968      0.01099     -5.95333      0.03361
    -0.67768      0.01104     -5.94379      0.03383
    -0.67568      0.01109     -5.93426      0.03405
    -0.67367      0.01114     -5.92473      0.03427
    -0.67167      0.01119     -5.91519      0.03449
    -0.66967      0.01124     -5.90566      0.03471
    -0.66767      0.01130     -5.89613      0.03493
    -0.66567      0.01135     -5.88659      0.03516
    -0.66366      0.01140     -5.87706      0.03539
    -0.66166      0.01145     -5.86753      0.03561
    -0.65966      0.01150     -5.85799      0.03584
    -0.65766      0.01156     -5.84846      0.03607
    -0.65566      0.01161     -5.83893      0.03630
    -0.65365      0.01166     -5.82939      0.03653
    -0.65165      0.01172     -5.81986      0.03677
    -0.64965      0.01177     -5.81033      0.03700
    -0.64765      0.01182     -5.80079      0.03724
    -0.64565      0.01188     -5.79126      0.03748
    -0.64364      0.01193     -5.78173      0.03771
    -0.64164      0.01198     -5.77219      0.03795
    -0.63964      0.01204     -5.76266      0.03820
    -0.63764      0.01209     -5.75313      0.03844
    -0.63564      0.01215     -5.74359      0.03868
    -0.63363      0.01220     -5.73406      0.03893
    -0.63163      0.01226     -5.72453      0.03917
    -0.62963      0.01231     -5.71499      0.03942
    -0.62763      0.01237     -5.70546      0.03967
    -0.62563      0.01242     -5.69593      0.03992
    -0.62362      0.01248     -5.68639      0.04017
    -0.62162      0.01254     -5.67686      0.04043
    -0.61962      0.01259     -5.66733      0.04068
    -0.61762      0.01265     -5.65779      0.04094
    -0.61562      0.01271     -5.64826      0.04119
    -0.61361      0.01276     -5.63873      0.04145
    -0.61161      0.01282     -5.62919      0.04171
    -0.60961      0.01288     -5.61966      0.04197
    -0.60761      0.01294     -5.61013      0.04224
    -0.60561      0.01299     -5.60059      0.04250
    -0.60360      0.01305     -5.59106      0.04277
    -0.60160      0.01311     -5.58153      0.04303
    -0.59960      0.01317     -5.57199      0.04330
    -0.59760      0.01323     -5.56246      0.04357
    -0.59560      0.01329     -5.55293      0.04385
    -0.59359      0.01334     -5.54339      0.04412
    -0.59159      0.01340     -5.53386      0.04439
    -0.58959      0.01346     -5.52433      0.04467
    -0.58759      0.01352     -5.51479      0.04495
    -0.58559      0.01358     -5.50526      0.04522
    -0.58358      0.01364     -5.49573      0.04550
    -0.58158      0.01370     -5.48619      0.04579
    -0.57958      0.01376     -5.47666      0.04607
    -0.57758      0.01382     -5.46713      0.04635
    -0.57558      0.01388     -5.45759      0.04664
    -0.57357      0.01395     -5.44806      0.04693
    -0.57157      0.01401     -5.43853      0.04722
    -0.56957      0.01407     -5.42899      0.04751
    -0.56757      0.01413     -5.41946      0.04780
    -0.56557      0.01419     -5.40993      0.04810
    -0.56356      0.01426     -5.40039      0.04839
    -0.56156      0.01432     -5.39086      0.04869
    -0.55956      0.01438     -5.38133      0.04899
    -0.55756      0.01444     -5.37179      0.04929
    -0.55556      0.01451     -5.36226      0.04959
    -0.55355      0.01457     -5.35273      0.04989
    -0.55155      0.01463     -5.34319      0.05020
    -0.54955      0.01470     -5.33366      0.05050
    -0.54755      0.01476     -5.32413      0.05081
    -0.54555      0.01482     -5.31459      0.05112
    -0.54354      0.01489     -5.30506      0.05143
    -0.54154      0.01495     -5.29553      0.05175
    -0.53954      0.01502     -5.28599      0.05206
    -0.53754      0.01508     -5.27646      0.05238
    -0.53554      0.01515     -5.26693      0.05269
    -0.53353      0.01521     -5.25739      0.05301
    -0.53153      0.01528     -5.24786      0.05333
    -0.52953      0.01535     -5.23833      0.05366
    -0.52753      0.01541     -5.22879      0.05398
    -0.52553      0.01548     -5.21926      0.05431
    -0.52352      0.01555     -5.20973      0.05464
    -0.52152      0.01561     -5.20019      0.05497
    -0.51952      0.01568     -5.19066      0.05530
    -0.51752      0.01575     -5.18113      0.05563
    -0.51552      0.01582     -5.17159      0.05596
    -0.51351      0.01588     -5.16206      0.05630
    -0.51151      0.01595     -5.15253      0.05664
    -0.50951      0.01602     -5.14299      0.05698
    -0.50751      0.01609     -5.13346      0.05732
    -0.50551      0.01616     -5.12393      0.05766
    -0.50350      0.01623     -5.11439      0.05801
    -0.50150      0.01630     -5.10486      0.05836
    -0.49950      0.01636     -5.09533      0.05871
    -0.49750      0.01643     -5.08579      0.05906
    -0.49550      0.01650     -5.07626      0.05941
    -0.49349      0.01657     -5.06673      0.05976
    -0.49149      0.01664     -5.05719      0.06012
    -0.48949      0.01672     -5.04766      0.06048
    -0.48749      0.01679     -5.03813      0.06084
    -0.48549      0.01686     -5.02859      0.06120
    -0.48348      0.01693     -5.01906      0.06156
    -0.48148      0.01700     -5.00953      0.06193
    -0.47948      0.01707     -4.99999      0.06229
    -0.47748      0.01714     -4.99046      0.06266
    -0.47548      0.01722     -4.98093      0.06303
    -0.47347      0.01729     -4.97139      0.06340
    -0.47147      0.01736     -4.96186      0.06378
    -0.46947      0.01744     -4.95233      0.06415
    -0.46747      0.01751     -4.94279      0.06453
    -0.46547      0.01758     -4.93326      0.06491
    -0.46346      0.01766     -4.92373      0.06530
    -0.46146      0.01773     -4.91419      0.06568
    -0.45946      0.01781     -4.90466      0.06607
    -0.45746      0.01788     -4.89513      0.06645
    -0.45546      0.01795     -4.88559      0.06684
    -0.45345      0.01803     -4.87606      0.06723
    -0.45145      0.01811     -4.86653      0.06763
    -0.44945      0.01818     -4.85699      0.06802
    -0.44745      0.01826     -4.84746      0.06842
    -0.44545      0.01833     -4.83793      0.06882
    -0.44344      0.01841     -4.82839      0.06922
    -0.44144      0.01849     -4.81886      0.06963
    -0.43944      0.01856     -4.80933      0.07003
    -0.43744      0.01864     -4.79979      0.07044
    -0.43544      0.01872     -4.79026      0.07085
    -0.43343      0.01879     -4.78073      0.07126
    -0.43143      0.01887     -4.77119      0.07168
    -0.42943      0.01895     -4.76166      0.07209
    -0.42743      0.01903     -4.75212      0.07251
    -0.42543      0.01911     -4.74259      0.07293
    -0.42342      0.01919     -4.73306      0.07335
    -0.42142      0.01927     -4.72352      0.07378
    -0.41942      0.01935     -4.71399      0.07420
    -0.41742      0.01943     -4.70446      0.07463
    -0.41542      0.01951     -4.69492      0.07506
    -0.41341      0.01959     -4.68539      0.07549
    -0.41141      0.01967     -4.67586      0.07593
    -0.40941      0.01975     -4.66632      0.07637
    -0.40741      0.01983     -4.65679      0.07680
    -0.40541      0.01991     -4.64726      0.07725
    -0.40340      0.01999     -4.63772      0.07769
    -0.40140      0.02007     -4.62819      0.07813
    -0.39940      0.02015     -4.61866      0.07858
    -0.39740      0.02024     -4.60912      0.07903
    -0.39540      0.02032     -4.59959      0.07948
    -0.39339      0.02040     -4.59006      0.07994
    -0.39139      0.02049     -4.58052      0.08040
    -0.38939      0.02057     -4.57099      0.08085
    -0.38739      0.02065     -4.56146      0.08132
    -0.38539      0.02074     -4.55192      0.08178
    -0.38338      0.02082     -4.54239      0.08225
    -0.38138      0.02091     -4.53286      0.08271
    -0.37938      0.02099     -4.52332      0.08318
    -0.37738      0.02108     -4.51379      0.08366
    -0.37538      0.02116     -4.50426      0.08413
    -0.37337      0.02125     -4.49472      0.08461
    -0.37137      0.02133     -4.48519      0.08509
    -0.36937      0.02142     -4.47566      0.08557
    -0.36737      0.02150     -4.46612      0.08605
    -0.36537      0.02159     -4.45659      0.08654
    -0.36336      0.02168     -4.44706      0.08703
    -0.36136      0.02177     -4.43752      0.08752
    -0.35936      0.02185     -4.42799      0.08801
    -0.35736      0.02194     -4.41846      0.08851
    -0.35536      0.02203     -4.40892      0.08901
    -0.35335      0.02212     -4.39939      0.08951
    -0.35135      0.02221     -4.38986      0.09001
    -0.34935      0.02230     -4.38032      0.09052
    -0.34735      0.02239     -4.37079      0.09102
    -0.34535      0.02247     -4.36126      0.09153
    -0.34334      0.02256     -4.35172      0.09205
    -0.34134      0.02265     -4.34219      0.09256
    -0.33934      0.02275     -4.33266      0.09308
    -0.33734      0.02284     -4.32312      0.09360
    -0.33534      0.02293     -4.31359      0.09412
    -0.33333      0.02302     -4.30406      0.09465
    -0.33133      0.02311     -4.29452      0.09518
    -0.32933      0.02320     -4.28499      0.09571
    -0.32733      0.02329     -4.27546      0.09624
    -0.32533      0.02339     -4.26592      0.09677
    -0.32332      0.02348     -4.25639      0.09731
    -0.32132      0.02357     -4.24686      0.09785
    -0.31932      0.02367     -4.23732      0.09840
    -0.31732      0.02376     -4.22779      0.09894
    -0.31532      0.02385     -4.21826      0.09949
    -0.31331      0.02395     -4.20872      0.10004
    -0.31131      0.02404     -4.19919      0.10059
    -0.30931      0.02414     -4.18966      0.10115
    -0.30731      0.02423     -4.18012      0.10171
    -0.30531      0.02433     -4.17059      0.10227
    -0.30330      0.02442     -4.16106      0.10283
    -0.30130      0.02452     -4.15152      0.10340
    -0.29930      0.02462     -4.14199      0.10397
    -0.29730      0.02471     -4.13246      0.10454
    -0.29530      0.02481     -4.12292      0.10512
    -0.29329      0.02491     -4.11339      0.10569
    -0.29129      0.02500     -4.10386      0.10627
    -0.28929      0.02510     -4.09432      0.10686
    -0.28729      0.02520     -4.08479      0.10744
    -0.28529      0.02530     -4.07526      0.10803
    -0.28328      0.02540     -4.06572      0.10862
    -0.28128      0.02550     -4.05619      0.10922
    -0.27928      0.02560     -4.04666      0.10981
    -0.27728      0.02570     -4.03712      0.11041
    -0.27528      0.02580     -4.02759      0.11101
    -0.27327      0.02590     -4.01806      0.11162
    -0.27127      0.02600     -4.00852      0.11223
    -0.26927      0.02610     -3.99899      0.11284
    -0.26727      0.02620     -3.98946      0.11345
    -0.26527      0.02630     -3.97992      0.11407
    -0.26326      0.02640     -3.97039      0.11469
    -0.26126      0.02650     -3.96086      0.11531
    -0.25926      0.02661     -3.95132      0.11593
    -0.25726      0.02671     -3.94179      0.11656
    -0.25526      0.02681     -3.93226      0.11719
    -0.25325      0.02692     -3.92272      0.11783
    -0.25125      0.02702     -3.91319      0.11846
    -0.24925      0.02712     -3.90366      0.11910
    -0.24725      0.02723     -3.89412      0.11975
    -0.24525      0.02733     -3.88459      0.12039
    -0.24324      0.02744     -3.87506      0.12104
    -0.24124      0.02754     -3.86552      0.12169
    -0.23924      0.02765     -3.85599      0.12235
    -0.23724      0.02776     -3.84646      0.12300
    -0.23524      0.02786     -3.83692      0.12366
    -0.23323      0.02797     -3.82739      0.12433
    -0.23123      0.02808     -3.81786      0.12500
    -0.22923      0.02818     -3.80832      0.12566
    -0.22723      0.02829     -3.79879      0.12634
    -0.22523      0.02840     -3.78926      0.12701
    -0.22322      0.02851     -3.77972      0.12769
    -0.22122      0.02862     -3.77019      0.12837
    -0.21922      0.02873     -3.76066      0.12906
    -0.21722      0.02884     -3.75112      0.12975
    -0.21522      0.02894     -3.74159      0.13044
    -0.21321      0.02905     -3.73206      0.13113
    -0.21121      0.02917     -3.72252      0.13183
    -0.20921      0.02928     -3.71299      0.13253
    -0.20721      0.02939     -3.70346      0.13324
    -0.20521      0.02950     -3.69392      0.13395
    -0.20320      0.02961     -3.68439      0.13466
    -0.20120      0.02972     -3.67486      0.13537
    -0.19920      0.02983     -3.66532      0.13609
    -0.19720      0.02995     -3.65579      0.13681
    -0.19520      0.03006     -3.64626      0.13753
    -0.19319      0.03017     -3.63672      0.13826
    -0.19119      0.03029     -3.62719      0.13899
    -0.18919      0.03040     -3.61766      0.13972
    -0.18719      0.03052     -3.60812      0.14046
    -0.18519      0.03063     -3.59859      0.14120
    -0.18318      0.03075     -3.58906      0.14194
    -0.18118      0.03086     -3.57952      0.14269
    -0.17918      0.03098     -3.56999      0.14344
    -0.17718      0.03109     -3.56046      0.14419
    -0.17518      0.03121     -3.55092      0.14495
    -0.17317      0.03133     -3.54139      0.14571
    -0.17117      0.03144     -3.53186      0.14647
    -0.16917      0.03156     -3.52232      0.14724
    -0.16717      0.03168     -3.51279      0.14801
    -0.16517      0.03180     -3.50326      0.14879
    -0.16316      0.03192     -3.49372      0.14956
    -0.16116      0.03204     -3.48419      0.15034
    -0.15916      0.03215     -3.47466      0.15113
    -0.15716      0.03227     -3.46512      0.15192
    -0.15516      0.03239     -3.45559      0.15271
    -0.15315      0.03251     -3.44606      0.15350
    -0.15115      0.03264     -3.43652      0.15430
    -0.14915      0.03276     -3.42699      0.15510
    -0.14715      0.03288     -3.41746      0.15591
    -0.14515      0.03300     -3.40792      0.15672
    -0.14314      0.03312     -3.39839      0.15753
    -0.14114      0.03324     -3.38886      0.15835
    -0.13914      0.03337     -3.37932      0.15917
    -0.13714      0.03349     -3.36979      0.15999
    -0.13514      0.03361     -3.36026      0.16082
    -0.13313      0.03374     -3.35072      0.16165
    -0.13113      0.03386     -3.34119      0.16249
    -0.12913      0.03399     -3.33166      0.16333
    -0.12713      0.03411     -3.32212      0.16417
    -0.12513      0.03424     -3.31259      0.16501
    -0.12312      0.03436     -3.30306      0.16586
    -0.12112      0.03449     -3.29352      0.16672
    -0.11912      0.03462     -3.28399      0.16757
    -0.11712      0.03474     -3.27446      0.16844
    -0.11512      0.03487     -3.26492      0.16930
    -0.11311      0.03500     -3.25539      0.17017
    -0.11111      0.03513     -3.24586      0.17104
    -0.10911      0.03526     -3.23632      0.17192
    -0.10711      0.03538     -3.22679      0.17280
    -0.10511      0.03551     -3.21726      0.17368
    -0.10310      0.03564     -3.20772      0.17457
    -0.10110      0.03577     -3.19819      0.17546
    -0.09910      0.03590     -3.18866      0.17636
    -0.09710      0.03603     -3.17912      0.17726
    -0.09510      0.03616     -3.16959      0.17816
    -0.09309      0.03630     -3.16006      0.17907
    -0.09109      0.03643     -3.15052      0.17998
    -0.08909      0.03656     -3.14099      0.18089
    -0.08709      0.03669     -3.13146      0.18181
    -0.08509      0.03683     -3.12192      0.18274
    -0.08308      0.03696     -3.11239      0.18366
    -0.08108      0.03709     -3.10286      0.18460
    -0.07908      0.03723     -3.09332      0.18553
    -0.07708      0.03736     -3.08379      0.18647
    -0.07508      0.03750     -3.07426      0.18741
    -0.07307      0.03763     -3.06472      0.18836
    -0.07107      0.03777     -3.05519      0.18931
    -0.06907      0.03790     -3.04566      0.19027
    -0.06707      0.03804     -3.03612      0.19123
    -0.06507      0.03818     -3.02659      0.19219
    -0.06306      0.03831     -3.01706      0.19316
    -0.06106      0.03845     -3.00752      0.19413
    -0.05906      0.03859     -2.99799      0.19511
    -0.05706      0.03873     -2.98846      0.19609
    -0.05506      0.03887     -2.97892      0.19708
    -0.05305      0.03901     -2.96939      0.19807
    -0.05105      0.03915     -2.95986      0.19906
    -0.04905      0.03929     -2.95032      0.20006
    -0.04705      0.03943     -2.94079      0.20106
    -0.04505      0.03957     -2.93126      0.20207
    -0.04304      0.03971     -2.92172      0.20308
    -0.04104      0.03985     -2.91219      0.20409
    -0.03904      0.03999     -2.90266      0.20511
    -0.03704      0.04014     -2.89312      0.20614
    -0.03504      0.04028     -2.88359      0.20716
    -0.03303      0.04042     -2.87406      0.20820
    -0.03103      0.04057     -2.86452      0.20923
    -0.02903      0.04071     -2.85499      0.21027
    -0.02703      0.04085     -2.84546      0.21132
    -0.02503      0.04100     -2.83592      0.21237
    -0.02302      0.04114     -2.82639      0.21343
    -0.02102      0.04129     -2.81686      0.21449
    -0.01902      0.04144     -2.80732      0.21555
    -0.01702      0.04158     -2.79779      0.21662
    -0.01502      0.04173     -2.78826      0.21769
    -0.01301      0.04188     -2.77872      0.21877
    -0.01101      0.04203     -2.76919      0.21985
    -0.00901      0.04217     -2.75966      0.22094
    -0.00701      0.04232     -2.75012      0.22203
    -0.00501      0.04247     -2.74059      0.22312
    -0.00300      0.04262     -2.73106      0.22422
    -0.00100      0.04277     -2.72152      0.22533
     0.00100      0.04292     -2.71199      0.22644
     0.00300      0.04307     -2.70246      0.22755
     0.00501      0.04322     -2.69292      0.22867
     0.00701      0.04337     -2.68339      0.22980
     0.00901      0.04353     -2.67386      0.23092
     0.01101      0.04368     -2.66432      0.23206
     0.01301      0.04383     -2.65479      0.23319
     0.01502      0.04399     -2.64526      0.23434
     0.01702      0.04414     -2.63572      0.23549
     0.01902      0.04429     -2.62619      0.23664
     0.02102      0.04445     -2.61666      0.23780
     0.02302      0.04460     -2.60712      0.23896
     0.02503      0.04476     -2.59759      0.24012
     0.02703      0.04491     -2.58806      0.24130
     0.02903      0.04507     -2.57852      0.24247
     0.03103      0.04523     -2.56899      0.24365
     0.03303      0.04538     -2.55946      0.24484
     0.03504      0.04554     -2.54992      0.24603
     0.03704      0.04570     -2.54039      0.24723
     0.03904      0.04586     -2.53086      0.24843
     0.04104      0.04602     -2.52132      0.24964
     0.04304      0.04618     -2.51179      0.25085
     0.04505      0.04634     -2.50226      0.25207
     0.04705      0.04650     -2.49272      0.25329
     0.04905      0.04666     -2.48319      0.25451
     0.05105      0.04682     -2.47366      0.25575
     0.05305      0.04698     -2.46412      0.25698
     0.05506      0.04714     -2.45459      0.25822
     0.05706      0.04731     -2.44506      0.25947
     0.05906      0.04747     -2.43552      0.26072
     0.06106      0.04763     -2.42599      0.26198
     0.06306      0.04780     -2.41646      0.26324
     0.06507      0.04796     -2.40692      0.26451
     0.06707      0.04813     -2.39739      0.26578
     0.06907      0.04829     -2.38786      0.26706
     0.07107      0.04846     -2.37832      0.26835
     0.07307      0.04862     -2.36879      0.26964
     0.07508      0.04879     -2.35926      0.27093
     0.07708      0.04896     -2.34972      0.27223
     0.07908      0.04912     -2.34019      0.27353
     0.08108      0.04929     -2.33066      0.27484
     0.08308      0.04946     -2.32112      0.27616
     0.08509      0.04963     -2.31159      0.27748
     0.08709      0.04980     -2.30206      0.27881
     0.08909      0.04997     -2.29252      0.28014
     0.09109      0.05014     -2.28299      0.28148
     0.09309      0.05031     -2.27346      0.28282
     0.09510      0.05048     -2.26392      0.28417
     0.09710      0.05065     -2.25439      0.28552
     0.09910      0.05082     -2.24486      0.28688
     0.10110      0.05100     -2.23532      0.28825
     0.10310      0.05117     -2.22579      0.28962
     0.10511      0.05134     -2.21626      0.29099
     0.10711      0.05152     -2.20672      0.29237
     0.10911      0.05169     -2.19719      0.29376
     0.11111      0.05187     -2.18766      0.29515
     0.11311      0.05204     -2.17812      0.29655
     0.11512      0.05222     -2.16859      0.29796
     0.11712      0.05239     -2.15906      0.29937
     0.11912      0.05257     -2.14952      0.30078
     0.12112      0.05275     -2.13999      0.30220
     0.12312      0.05293     -2.13046      0.30363
     0.12513      0.05310     -2.12092      0.30506
     0.12713      0.05328     -2.11139      0.30650
     0.12913      0.05346     -2.10186      0.30795
     0.13113      0.05364     -2.09232      0.30940
     0.13313      0.05382     -2.08279      0.31085
     0.13514      0.05400     -2.07326      0.31231
     0.13714      0.05418     -2.06372      0.31378
     0.13914      0.05437     -2.05419      0.31526
     0.14114      0.05455     -2.04466      0.31674
     0.14314      0.05473     -2.03512      0.31822
     0.14515      0.05491     -2.02559      0.31971
     0.14715      0.05510     -2.01606      0.32121
     0.14915      0.05528     -2.00652      0.32271
     0.15115      0.05547     -1.99699      0.32422
     0.15315      0.05565     -1.98746      0.32574
     0.15516      0.05584     -1.97792      0.32726
     0.15716      0.05602     -1.96839      0.32879
     0.15916      0.05621     -1.95886      0.33032
     0.16116      0.05640     -1.94932      0.33186
     0.16316      0.05658     -1.93979      0.33341
     0.16517      0.05677     -1.93026      0.33496
     0.16717      0.05696     -1.92072      0.33652
     0.16917      0.05715     -1.91119      0.33808
     0.17117      0.05734     -1.90166      0.33966
     0.17317      0.05753     -1.89212      0.34123
     0.17518      0.05772     -1.88259      0.34282
     0.17718      0.05791     -1.87306      0.34441
     0.17918      0.05810     -1.86352      0.34600
     0.18118      0.05829     -1.85399      0.34761
     0.18318      0.05849     -1.84446      0.34921
     0.18519      0.05868     -1.83492      0.35083
     0.18719      0.05887     -1.82539      0.35245
     0.18919      0.05907     -1.81586      0.35408
     0.19119      0.05926     -1.80632      0.35571
     0.19319      0.05946     -1.79679      0.35735
     0.19520      0.05965     -1.78726      0.35900
     0.19720      0.05985     -1.77772      0.36066
     0.19920      0.06005     -1.76819      0.36232
     0.20120      0.06024     -1.75866      0.36398
     0.20320      0.06044     -1.74912      0.36566
     0.20521      0.06064     -1.73959      0.36734
     0.20721      0.06084     -1.73006      0.36902
     0.20921      0.06104     -1.72052      0.37072
     0.21121      0.06124     -1.71099      0.37242
     0.21321      0.06144     -1.70146      0.37412
     0.21522      0.06164     -1.69192      0.37584
     0.21722      0.06184     -1.68239      0.37756
     0.21922      0.06204     -1.67286      0.37929
     0.22122      0.06224     -1.66332      0.38102
     0.22322      0.06245     -1.65379      0.38276
     0.22523      0.06265     -1.64426      0.38451
     0.22723      0.06285     -1.63472      0.38626
     0.22923      0.06306     -1.62519      0.38802
     0.23123      0.06326     -1.61566      0.38979
     0.23323      0.06347     -1.60612      0.39157
     0.23524      0.06368     -1.59659      0.39335
     0.23724      0.06388     -1.58706      0.39514
     0.23924      0.06409     -1.57752      0.39693
     0.24124      0.06430     -1.56799      0.39873
     0.24324      0.06451     -1.55846      0.40054
     0.24525      0.06471     -1.54892      0.40236
     0.24725      0.06492     -1.53939      0.40418
     0.24925      0.06513     -1.52986      0.40601
     0.25125      0.06534     -1.52032      0.40785
     0.25325      0.06556     -1.51079      0.40970
     0.25526      0.06577     -1.50126      0.41155
     0.25726      0.06598     -1.49172      0.41341
     0.25926      0.06619     -1.48219      0.41528
     0.26126      0.06641     -1.47266      0.41715
     0.26326      0.06662     -1.46312      0.41903
     0.26527      0.06683     -1.45359      0.42092
     0.26727      0.06705     -1.44405      0.42281
     0.26927      0.06726     -1.43452      0.42472
     0.27127      0.06748     -1.42499      0.42663
     0.27327      0.06770     -1.41545      0.42855
     0.27528      0.06791     -1.40592      0.43047
     0.27728      0.06813     -1.39639      0.43240
     0.27928      0.06835     -1.38685      0.43434
     0.28128      0.06857     -1.37732      0.43629
     0.28328      0.06879     -1.36779      0.43824
     0.28529      0.06901     -1.35825      0.44021
     0.28729      0.06923     -1.34872      0.44218
     0.28929      0.06945     -1.33919      0.44415
     0.29129      0.06967     -1.32965      0.44614
     0.29329      0.06989     -1.32012      0.44813
     0.29530      0.07011     -1.31059      0.45013
     0.29730      0.07034     -1.30105      0.45214
     0.29930      0.07056     -1.29152      0.45415
     0.30130      0.07079     -1.28199      0.45618
     0.30330      0.07101     -1.27245      0.45821
     0.30531      0.07124     -1.26292      0.46025
     0.30731      0.07146     -1.25339      0.46229
     0.30931      0.07169     -1.24385      0.46435
     0.31131      0.07192     -1.23432      0.46641
     0.31331      0.07214     -1.22479      0.46848
     0.31532      0.07237     -1.21525      0.47056
     0.31732      0.07260     -1.20572      0.47264
     0.31932      0.07283     -1.19619      0.47474
     0.32132      0.07306     -1.18665      0.47684
     0.32332      0.07329     -1.17712      0.47895
     0.32533      0.07352     -1.16759      0.48106
     0.32733      0.07375     -1.15805      0.48319
     0.32933      0.07399     -1.14852      0.48532
     0.33133      0.07422     -1.13899      0.48746
     0.33333      0.07445     -1.12945      0.48961
     0.33534      0.07469     -1.11992      0.49177
     0.33734      0.07492     -1.11039      0.49394
     0.33934      0.07516     -1.10085      0.49611
     0.34134      0.07539     -1.09132      0.49829
     0.34334      0.07563     -1.08179      0.50048
     0.34535      0.07587     -1.07225      0.50268
     0.34735      0.07611     -1.06272      0.50489
     0.34935      0.07634     -1.05319      0.50711
     0.35135      0.07658     -1.04365      0.50933
     0.35335      0.07682     -1.03412      0.51156
     0.35536      0.07706     -1.02459      0.51380
     0.35736      0.07730     -1.01505      0.51605
     0.35936      0.07755     -1.00552      0.51831
     0.36136      0.07779     -0.99599      0.52057
     0.36336      0.07803     -0.98645      0.52285
     0.36537      0.07827     -0.97692      0.52513
     0.36737      0.07852     -0.96739      0.52742
     0.36937      0.07876     -0.95785      0.52972
     0.37137      0.07901     -0.94832      0.53203
     0.37337      0.07925     -0.93879      0.53435
     0.37538      0.07950     -0.92925      0.53667
     0.37738      0.07974     -0.91972      0.53901
     0.37938      0.07999     -0.91019      0.54135
     0.38138      0.08024     -0.90065      0.54370
     0.38338      0.08049     -0.89112      0.54606
     0.38539      0.08074     -0.88159      0.54843
     0.38739      0.08099     -0.87205      0.55081
     0.38939      0.08124     -0.86252      0.55320
     0.39139      0.08149     -0.85299      0.55559
     0.39339      0.08174     -0.84345      0.55800
     0.39540      0.08199     -0.83392      0.56041
     0.39740      0.08225     -0.82439      0.56283
     0.39940      0.08250     -0.81485      0.56526
     0.40140      0.08275     -0.80532      0.56770
     0.40340      0.08301     -0.79579      0.57015
     0.40541      0.08327     -0.78625      0.57261
     0.40741      0.08352     -0.77672      0.57508
     0.40941      0.08378     -0.76719      0.57756
     0.41141      0.08404     -0.75765      0.58004
     0.41341      0.08429     -0.74812      0.58254
     0.41542      0.08455     -0.73859      0.58504
     0.41742      0.08481     -0.72905      0.58755
     0.41942      0.08507     -0.71952      0.59008
     0.42142      0.08533     -0.70999      0.59261
     0.42342      0.08559     -0.70045      0.59515
     0.42543      0.08586     -0.69092      0.59770
     0.42743      0.08612     -0.68139      0.60026
     0.42943      0.08638     -0.67185      0.60283
     0.43143      0.08664     -0.66232      0.60541
     0.43343      0.08691     -0.65279      0.60800
     0.43544      0.08717     -0.64325      0.61059
     0.43744      0.08744     -0.63372      0.61320
     0.43944      0.08771     -0.62419      0.61582
     0.44144      0.08797     -0.61465      0.61844
     0.44344      0.08824     -0.60512      0.62108
     0.44545      0.08851     -0.59559      0.62373
     0.44745      0.08878     -0.58605      0.62638
     0.44945      0.08905     -0.57652      0.62905
     0.45145      0.08932     -0.56699      0.63172
     0.45345      0.08959     -0.55745      0.63440
     0.45546      0.08986     -0.54792      0.63710
     0.45746      0.09013     -0.53839      0.63980
     0.45946      0.09041     -0.52885      0.64252
     0.46146      0.09068     -0.51932      0.64524
     0.46346      0.09095     -0.50979      0.64797
     0.46547      0.09123     -0.50025      0.65072
     0.46747      0.09150     -0.49072      0.65347
     0.46947      0.09178     -0.48119      0.65623
     0.47147      0.09206     -0.47165      0.65901
     0.47347      0.09233     -0.46212      0.66179
     0.47548      0.09261     -0.45259      0.66458
     0.47748      0.09289     -0.44305      0.66739
     0.47948      0.09317     -0.43352      0.67020
     0.48148      0.09345     -0.42399      0.67302
     0.48348      0.09373     -0.41445      0.67586
     0.48549      0.09401     -0.40492      0.67870
     0.48749      0.09430     -0.39539      0.68156
     0.48949      0.09458     -0.38585      0.68442
     0.49149      0.09486     -0.37632      0.68730
     0.49349      0.09515     -0.36679      0.69018
     0.49550      0.09543     -0.35725      0.69308
     0.49750      0.09572     -0.34772      0.69598
     0.49950      0.09600     -0.33819      0.69890
     0.50150      0.09629     -0.32865      0.70183
     0.50350      0.09658     -0.31912      0.70477
     0.50551      0.09687     -0.30959      0.70771
     0.50751      0.09716     -0.30005      0.71067
     0.50951      0.09745     -0.29052      0.71364
     0.51151      0.09774     -0.28099      0.71662
     0.51351      0.09803     -0.27145      0.71961
     0.51552      0.09832     -0.26192      0.72261
     0.51752      0.09861     -0.25239      0.72563
     0.51952      0.09891     -0.24285      0.72865
     0.52152      0.09920     -0.23332      0.73168
     0.52352      0.09949     -0.22379      0.73473
     0.52553      0.09979     -0.21425      0.73778
     0.52753      0.10009     -0.20472      0.74085
     0.52953      0.10038     -0.19519      0.74392
     0.53153      0.10068     -0.18565      0.74701
     0.53353      0.10098     -0.17612      0.75011
     0.53554      0.10128     -0.16659      0.75322
     0.53754      0.10158     -0.15705      0.75634
     0.53954      0.10188     -0.14752      0.75947
     0.54154      0.10218     -0.13799      0.76262
     0.54354      0.10248     -0.12845      0.76577
     0.54555      0.10278     -0.11892      0.76894
     0.54755      0.10308     -0.10939      0.77211
     0.54955      0.10339     -0.09985      0.77530
     0.55155      0.10369     -0.09032      0.77850
     0.55355      0.10400     -0.08079      0.78171
     0.55556      0.10430     -0.07125      0.78493
     0.55756      0.10461     -0.06172      0.78817
     0.55956      0.10492     -0.05219      0.79141
     0.56156      0.10523     -0.04265      0.79467
     0.56356      0.10554     -0.03312      0.79794
     0.56557      0.10585     -0.02359      0.80122
     0.56757      0.10616     -0.01405      0.80451
     0.56957      0.10647     -0.00452      0.80781
     0.57157      0.10678      0.00501      0.81112
     0.57357      0.10709      0.01455      0.81445
     0.57558      0.10740      0.02408      0.81778
     0.57758      0.10772      0.03361      0.82113
     0.57958      0.10803      0.04315      0.82449
     0.58158      0.10835      0.05268      0.82787
     0.58358      0.10866      0.06221      0.83125
     0.58559      0.10898      0.07175      0.83465
     0.58759      0.10930      0.08128      0.83805
     0.58959      0.10962      0.09081      0.84147
     0.59159      0.10994      0.10035      0.84491
     0.59359      0.11026      0.10988      0.84835
     0.59560      0.11058      0.11941      0.85181
     0.59760      0.11090      0.12895      0.85527
     0.59960      0.11122      0.13848      0.85875
     0.60160      0.11154      0.14801      0.86225
     0.60360      0.11187      0.15755      0.86575
     0.60561      0.11219      0.16708      0.86927
     0.60761      0.11252      0.17661      0.87280
     0.60961      0.11284      0.18615      0.87634
     0.61161      0.11317      0.19568      0.87989
     0.61361      0.11350      0.20521      0.88346
     0.61562      0.11382      0.21475      0.88703
     0.61762      0.11415      0.22428      0.89062
     0.61962      0.11448      0.23381      0.89423
     0.62162      0.11481      0.24335      0.89784
     0.62362      0.11514      0.25288      0.90147
     0.62563      0.11548      0.26241      0.90511
     0.62763      0.11581      0.27195      0.90876
     0.62963      0.11614      0.28148      0.91243
     0.63163      0.11648      0.29101      0.91611
     0.63363      0.11681      0.30055      0.91980
     0.63564      0.11715      0.31008      0.92350
     0.63764      0.11748      0.31961      0.92722
     0.63964      0.11782      0.32915      0.93095
     0.64164      0.11816      0.33868      0.93469
     0.64364      0.11850      0.34821      0.93845
     0.64565      0.11884      0.35775      0.94221
     0.64765      0.11918      0.36728      0.94600
     0.64965      0.11952      0.37681      0.94979
     0.65165      0.11986      0.38635      0.95360
     0.65365      0.12020      0.39588      0.95742
     0.65566      0.12055      0.40541      0.96125
     0.65766      0.12089      0.41495      0.96510
     0.65966      0.12124      0.42448      0.96896
     0.66166      0.12158      0.43401      0.97283
     0.66366      0.12193      0.44355      0.97671
     0.66567      0.12228      0.45308      0.98061
     0.66767      0.12263      0.46261      0.98453
     0.66967      0.12298      0.47215      0.98845
     0.67167      0.12333      0.48168      0.99239
     0.67367      0.12368      0.49121      0.99634
     0.67568      0.12400      0.50000      1.00000
     0.67768      0.12400      0.50000      1.00000
     0.67968      0.12400      0.50000      1.00000
     0.68168      0.12400      0.50000      1.00000
     0.68368      0.12400      0.50000      1.00000
     0.68569      0.12400      0.50000      1.00000
     0.68769      0.12400      0.50000      1.00000
     0.68969      0.12400      0.50000      1.00000
     0.69169      0.12400      0.50000      1.00000
     0.69369      0.12400      0.50000      1.00000
     0.69570      0.12400      0.50000      1.00000
     0.69770      0.12400      0.50000      1.00000
     0.69970      0.12400      0.50000      1.00000
     0.70170      0.12400      0.50000      1.00000
     0.70370      0.12400      0.50000      1.00000
     0.70571      0.12400      0.50000      1.00000
     0.70771      0.12400      0.50000      1.00000
     0.70971      0.12400      0.50000      1.00000
     0.71171      0.12400      0.50000      1.00000
     0.71371      0.12400      0.50000      1.00000
     0.71572      0.12400      0.50000      1.00000
     0.71772      0.12400      0.50000      1.00000
     0.71972      0.12400      0.50000      1.00000
     0.72172      0.12400      0.50000      1.00000
     0.72372      0.12400      0.50000      1.00000
     0.72573      0.12400      0.50000      1.00000
     0.72773      0.12400      0.50000      1.00000
     0.72973      0.12400      0.50000      1.00000
     0.73173      0.12400      0.50000      1.00000
     0.73373      0.12400      0.50000      1.00000
     0.73574      0.12400      0.50000      1.00000
     0.73774      0.12400      0.50000      1.00000
     0.73974      0.12400      0.50000      1.00000
     0.74174      0.12400      0.50000      1.00000
     0.74374      0.12400      0.50000      1.00000
     0.74575      0.12400      0.50000      1.00000
     0.74775      0.12400      0.50000      1.00000
     0.74975      0.12400      0.50000      1.00000
     0.75175      0.12400      0.50000      1.00000
     0.75375      0.12400      0.50000      1.00000
     0.75576      0.12400      0.50000      1.00000
     0.75776      0.12400      0.50000      1.00000
     0.75976      0.12400      0.50000      1.00000
     0.76176      0.12400      0.50000      1.00000
     0.76376      0.12400      0.50000      1.00000
     0.76577      0.12400      0.50000      1.00000
     0.76777      0.12400      0.50000      1.00000
     0.76977      0.12400      0.50000      1.00000
     0.77177      0.12400      0.50000      1.00000
     0.77377      0.12400      0.50000      1.00000
     0.77578      0.12400      0.50000      1.00000
     0.77778      0.12400      0.50000      1.00000
     0.77978      0.12400      0.50000      1.00000
     0.78178      0.12400      0.50000      1.00000
     0.78378      0.12400      0.50000      1.00000
     0.78579      0.12400      0.50000      1.00000
     0.78779      0.12400      0.50000      1.00000
     0.78979      0.12400      0.50000      1.00000
     0.79179      0.12400      0.50000      1.00000
     0.79379      0.12400      0.50000      1.00000
     0.79580      0.12400      0.50000      1.00000
     0.79780      0.12400      0.50000      1.00000
     0.79980      0.12400      0.50000      1.00000
     0.80180      0.12400      0.50000      1.00000
     0.80380      0.12400      0.50000      1.00000
     0.80581      0.12400      0.50000      1.00000
     0.80781      0.12400      0.50000      1.00000
     0.80981      0.12400      0.50000      1.00000
     0.81181      0.12400      0.50000      1.00000
     0.81381      0.12400      0.50000      1.00000
     0.81582      0.12400      0.50000      1.00000
     0.81782      0.12400      0.50000      1.00000
     0.81982      0.12400      0.50000      1.00000
     0.82182      0.12400      0.50000      1.00000
     0.82382      0.12400      0.50000      1.00000
     0.82583      0.12400      0.50000      1.00000
     0.82783      0.12400      0.50000      1.00000
     0.82983      0.12400      0.50000      1.00000
     0.83183      0.12400      0.50000      1.00000
     0.83383      0.12400      0.50000      1.00000
     0.83584      0.12400      0.50000      1.00000
     0.83784      0.12400      0.50000      1.00000
     0.83984      0.12400      0.50000      1.00000
     0.84184      0.12400      0.50000      1.00000
     0.84384      0.12400      0.50000      1.00000
     0.84585      0.12400      0.50000      1.00000
     0.84785      0.12400      0.50000      1.00000
     0.84985      0.12400      0.50000      1.00000
     0.85185      0.12400      0.50000      1.00000
     0.85385      0.12400      0.50000      1.00000
     0.85586      0.12400      0.50000      1.00000
     0.85786      0.12400      0.50000      1.00000
     0.85986      0.12400      0.50000      1.00000
     0.86186      0.12400      0.50000      1.00000
     0.86386      0.12400      0.50000      1.00000
     0.86587      0.12400      0.50000      1.00000
     0.86787      0.12400      0.50000      1.00000
     0.86987      0.12400      0.50000      1.00000
     0.87187      0.12400      0.50000      1.00000
     0.87387      0.12400      0.50000      1.00000
     0.87588      0.12400      0.50000      1.00000
     0.87788      0.12400      0.50000      1.00000
     0.87988      0.12400      0.50000      1.00000
     0.88188      0.12400      0.50000      1.00000
     0.88388      0.12400      0.50000      1.00000
     0.88589      0.12400      0.50000      1.00000
     0.88789      0.12400      0.50000      1.00000
     0.88989      0.12400      0.50000      1.00000
     0.89189      0.12400      0.50000      1.00000
     0.89389      0.12400      0.50000      1.00000
     0.89590      0.12400      0.50000      1.00000
     0.89790      0.12400      0.50000      1.00000
     0.89990      0.12400      0.50000      1.00000
     0.90190      0.12400      0.50000      1.00000
     0.90390      0.12400      0.50000      1.00000
     0.90591      0.12400      0.50000      1.00000
     0.90791      0.12400      0.50000      1.00000
     0.90991      0.12400      0.50000      1.00000
     0.91191      0.12400      0.50000      1.00000
     0.91391      0.12400      0.50000      1.00000
     0.91592      0.12400      0.50000      1.00000
     0.91792      0.12400      0.50000      1.00000
     0.91992      0.12400      0.50000      1.00000
     0.92192      0.12400      0.50000      1.00000
     0.92392      0.12400      0.50000      1.00000
     0.92593      0.12400      0.50000      1.00000
     0.92793      0.12400      0.50000      1.00000
     0.92993      0.12400      0.50000      1.00000
     0.93193      0.12400      0.50000      1.00000
     0.93393      0.12400      0.50000      1.00000
     0.93594      0.12400      0.50000      1.00000
     0.93794      0.12400      0.50000      1.00000
     0.93994      0.12400      0.50000      1.00000
     0.94194      0.12400      0.50000      1.00000
     0.94394      0.12400      0.50000      1.00000
     0.94595      0.12400      0.50000      1.00000
     0.94795      0.12400      0.50000      1.00000
     0.94995      0.12400      0.50000      1.00000
     0.95195      0.12400      0.50000      1.00000
     0.95395      0.12400      0.50000      1.00000
     0.95596      0.12400      0.50000      1.00000
     0.95796      0.12400      0.50000      1.00000
     0.95996      0.12400      0.50000      1.00000
     0.96196      0.12400      0.50000      1.00000
     0.96396      0.12400      0.50000      1.00000
     0.96597      0.12400      0.50000      1.00000
     0.96797      0.12400      0.50000      1.00000
     0.96997      0.12400      0.50000      1.00000
     0.97197      0.12400      0.50000      1.00000
     0.97397      0.12400      0.50000      1.00000
     0.97598      0.12400      0.50000      1.00000
     0.97798      0.12400      0.50000      1.00000
     0.97998      0.12400      0.50000      1.00000
     0.98198      0.12400      0.50000      1.00000
     0.98398      0.12400      0.50000      1.00000
     0.98599      0.12400      0.50000      1.00000
     0.98799      0.12400      0.50000      1.00000
     0.98999      0.12400      0.50000      1.00000
     0.99199      0.12400      0.50000      1.00000
     0.99399      0.12400      0.50000      1.00000
     0.99600      0.12400      0.50000      1.00000
     0.99800      0.12400      0.50000      1.00000
     1.00000      0.12400      0.50000      1.00000
