t =     0.1000
           x          rho            u            p
    -1.00000      0.00037    -11.05009      0.00029
    -0.99800      0.00038    -11.03341      0.00030
    -0.99600      0.00038    -11.01672      0.00030
    -0.99399      0.00039    -11.00004      0.00031
    -0.99199      0.00039    -10.98336      0.00032
    -0.98999      0.00040    -10.96667      0.00033
    -0.98799      0.00041    -10.94999      0.00033
    -0.98599      0.00041    -10.93331      0.00034
    -0.98398      0.00042    -10.91662      0.00035
    -0.98198      0.00043    -10.89994      0.00035
    -0.97998      0.00043    -10.88326      0.00036
    -0.97798      0.00044    -10.86657      0.00037
    -0.97598      0.00045    -10.84989      0.00038
    -0.97397      0.00045    -10.83321      0.00039
    -0.97197      0.00046    -10.81652      0.00039
    -0.96997      0.00047    -10.79984      0.00040
    -0.96797      0.00047    -10.78316      0.00041
    -0.96597      0.00048    -10.76647      0.00042
    -0.96396      0.00049    -10.74979      0.00043
    -0.96196      0.00050    -10.73311      0.00044
    -0.95996      0.00050    -10.71642      0.00045
    -0.95796      0.00051    -10.69974      0.00046
    -0.95596      0.00052    -10.68306      0.00047
    -0.95395      0.00053    -10.66637      0.00048
    -0.95195      0.00053    -10.64969      0.00049
    -0.94995      0.00054    -10.63301      0.00050
    -0.94795      0.00055    -10.61632      0.00051
    -0.94595      0.00056    -10.59964      0.00052
    -0.94394      0.00057    -10.58296      0.00053
    -0.94194      0.00057    -10.56627      0.00054
    -0.93994      0.00058    -10.54959      0.00055
    -0.93794      0.00059    -10.53291      0.00056
    -0.93594      0.00060    -10.51622      0.00057
    -0.93393      0.00061    -10.49954      0.00059
    -0.93193      0.00062    -10.48286      0.00060
    -0.92993      0.00063    -10.46617      0.00061
    -0.92793      0.00064    -10.44949      0.00062
    -0.92593      0.00064    -10.43281      0.00063
    -0.92392      0.00065    -10.41612      0.00065
    -0.92192      0.00066    -10.39944      0.00066
    -0.91992      0.00067    -10.38276      0.00067
    -0.91792      0.00068    -10.36607      0.00069
    -0.91592      0.00069    -10.34939      0.00070
    -0.91391      0.00070    -10.33271      0.00071
    -0.91191      0.00071    -10.31602      0.00073
    -0.90991      0.00072    -10.29934      0.00074
    -0.90791      0.00073    -10.28266      0.00076
    -0.90591      0.00074    -10.26597      0.00077
    -0.90390      0.00075    -10.24929      0.00079
    -0.90190      0.00076    -10.23261      0.00080
    -0.89990      0.00077    -10.21592      0.00082
    -0.89790      0.00078    -10.19924      0.00083
    -0.89590      0.00079    -10.18256      0.00085
    -0.89389      0.00080    -10.16587      0.00087
    -0.89189      0.00082    -10.14919      0.00088
    -0.88989      0.00083    -10.13251      0.00090
    -0.88789      0.00084    -10.11582      0.00092
    -0.88589      0.00085    -10.09914      0.00093
    -0.88388      0.00086    -10.08246      0.00095
    -0.88188      0.00087    -10.06577      0.00097
    -0.87988      0.00088    -10.04909      0.00099
    -0.87788      0.00090    -10.03241      0.00101
    -0.87588      0.00091    -10.01572      0.00103
    -0.87387      0.00092     -9.99904      0.00104
    -0.87187      0.00093     -9.98236      0.00106
    -0.86987      0.00095     -9.96567      0.00108
    -0.86787      0.00096     -9.94899      0.00110
    -0.86587      0.00097     -9.93231      0.00112
    -0.86386      0.00098     -9.91562      0.00115
    -0.86186      0.00100     -9.89894      0.00117
    -0.85986      0.00101     -9.88226      0.00119
    -0.85786      0.00102     -9.86557      0.00121
    -0.85586      0.00104     -9.84889      0.00123
    -0.85385      0.00105     -9.83221      0.00125
    -0.85185      0.00106     -9.81552      0.00128
    -0.84985      0.00108     -9.79884      0.00130
    -0.84785      0.00109     -9.78216      0.00132
    -0.84585      0.00110     -9.76547      0.00135
    -0.84384      0.00112     -9.74879      0.00137
    -0.84184      0.00113     -9.73210      0.00140
    -0.83984      0.00115     -9.71542      0.00142
    -0.83784      0.00116     -9.69874      0.00145
    -0.83584      0.00118     -9.68205      0.00147
    -0.83383      0.00119     -9.66537      0.00150
    -0.83183      0.00121     -9.64869      0.00153
    -0.82983      0.00122     -9.63200      0.00155
    -0.82783      0.00124     -9.61532      0.00158
    -0.82583      0.00125     -9.59864      0.00161
    -0.82382      0.00127     -9.58195      0.00164
    -0.82182      0.00128     -9.56527      0.00166
    -0.81982      0.00130     -9.54859      0.00169
    -0.81782      0.00132     -9.53190      0.00172
    -0.81582      0.00133     -9.51522      0.00175
    -0.81381      0.00135     -9.49854      0.00178
    -0.81181      0.00137     -9.48185      0.00181
    -0.80981      0.00138     -9.46517      0.00185
    -0.80781      0.00140     -9.44849      0.00188
    -0.80581      0.00142     -9.43180      0.00191
    -0.80380      0.00143     -9.41512      0.00194
    -0.80180      0.00145     -9.39844      0.00198
    -0.79980      0.00147     -9.38175      0.00201
    -0.79780      0.00149     -9.36507      0.00204
    -0.79580      0.00150     -9.34839      0.00208
    -0.79379      0.00152     -9.33170      0.00211
    -0.79179      0.00154     -9.31502      0.00215
    -0.78979      0.00156     -9.29834      0.00218
    -0.78779      0.00158     -9.28165      0.00222
    -0.78579      0.00160     -9.26497      0.00226
    -0.78378      0.00162     -9.24829      0.00230
    -0.78178      0.00164     -9.23160      0.00233
    -0.77978      0.00165     -9.21492      0.00237
    -0.77778      0.00167     -9.19824      0.00241
    -0.77578      0.00169     -9.18155      0.00245
    -0.77377      0.00171     -9.16487      0.00249
    -0.77177      0.00173     -9.14819      0.00253
    -0.76977      0.00175     -9.13150      0.00258
    -0.76777      0.00177     -9.11482      0.00262
    -0.76577      0.00180     -9.09814      0.00266
    -0.76376      0.00182     -9.08145      0.00270
    -0.76176      0.00184     -9.06477      0.00275
    -0.75976      0.00186     -9.04809      0.00279
    -0.75776      0.00188     -9.03140      0.00284
    -0.75576      0.00190     -9.01472      0.00288
    -0.75375      0.00192     -8.99804      0.00293
    -0.75175      0.00195     -8.98135      0.00298
    -0.74975      0.00197     -8.96467      0.00303
    -0.74775      0.00199     -8.94799      0.00307
    -0.74575      0.00201     -8.93130      0.00312
    -0.74374      0.00204     -8.91462      0.00317
    -0.74174      0.00206     -8.89794      0.00322
    -0.73974      0.00208     -8.88125      0.00328
    -0.73774      0.00211     -8.86457      0.00333
    -0.73574      0.00213     -8.84789      0.00338
    -0.73373      0.00215     -8.83120      0.00343
    -0.73173      0.00218     -8.81452      0.00349
    -0.72973      0.00220     -8.79784      0.00354
    -0.72773      0.00223     -8.78115      0.00360
    -0.72573      0.00225     -8.76447      0.00365
    -0.72372      0.00228     -8.74779      0.00371
    -0.72172      0.00230     -8.73110      0.00377
    -0.71972      0.00233     -8.71442      0.00383
    -0.71772      0.00235     -8.69774      0.00389
    -0.71572      0.00238     -8.68105      0.00395
    -0.71371      0.00241     -8.66437      0.00401
    -0.71171      0.00243     -8.64769      0.00407
    -0.70971      0.00246     -8.63100      0.00413
    -0.70771      0.00249     -8.61432      0.00419
    -0.70571      0.00251     -8.59764      0.00426
    -0.70370      0.00254     -8.58095      0.00432
    -0.70170      0.00257     -8.56427      0.00439
    -0.69970      0.00260     -8.54759      0.00446
    -0.69770      0.00262     -8.53090      0.00452
    -0.69570      0.00265     -8.51422      0.00459
    -0.69369      0.00268     -8.49754      0.00466
    -0.69169      0.00271     -8.48085      0.00473
    -0.68969      0.00274     -8.46417      0.00480
    -0.68769      0.00277     -8.44749      0.00488
    -0.68569      0.00280     -8.43080      0.00495
    -0.68368      0.00283     -8.41412      0.00502
    -0.68168      0.00286     -8.39744      0.00510
    -0.67968      0.00289     -8.38075      0.00517
    -0.67768      0.00292     -8.36407      0.00525
    -0.67568      0.00295     -8.34739      0.00533
    -0.67367      0.00298     -8.33070      0.00541
    -0.67167      0.00301     -8.31402      0.00549
    -0.66967      0.00304     -8.29734      0.00557
    -0.66767      0.00307     -8.28065      0.00565
    -0.66567      0.00311     -8.26397      0.00573
    -0.66366      0.00314     -8.24729      0.00581
    -0.66166      0.00317     -8.23060      0.00590
    -0.65966      0.00320     -8.21392      0.00599
    -0.65766      0.00324     -8.19724      0.00607
    -0.65566      0.00327     -8.18055      0.00616
    -0.65365      0.00330     -8.16387      0.00625
    -0.65165      0.00334     -8.14719      0.00634
    -0.64965      0.00337     -8.13050      0.00643
    -0.64765      0.00341     -8.11382      0.00652
    -0.64565      0.00344     -8.09714      0.00662
    -0.64364      0.00348     -8.08045      0.00671
    -0.64164      0.00351     -8.06377      0.00681
    -0.63964      0.00355     -8.04709      0.00691
    -0.63764      0.00358     -8.03040      0.00700
    -0.63564      0.00362     -8.01372      0.00710
    -0.63363      0.00366     -7.99704      0.00720
    -0.63163      0.00369     -7.98035      0.00731
    -0.62963      0.00373     -7.96367      0.00741
    -0.62763      0.00377     -7.94699      0.00751
    -0.62563      0.00381     -7.93030      0.00762
    -0.62362      0.00384     -7.91362      0.00773
    -0.62162      0.00388     -7.89694      0.00783
    -0.61962      0.00392     -7.88025      0.00794
    -0.61762      0.00396     -7.86357      0.00805
    -0.61562      0.00400     -7.84689      0.00817
    -0.61361      0.00404     -7.83020      0.00828
    -0.61161      0.00408     -7.81352      0.00840
    -0.60961      0.00412     -7.79684      0.00851
    -0.60761      0.00416     -7.78015      0.00863
    -0.60561      0.00420     -7.76347      0.00875
    -0.60360      0.00424     -7.74679      0.00887
    -0.60160      0.00428     -7.73010      0.00899
    -0.59960      0.00433     -7.71342      0.00911
    -0.59760      0.00437     -7.69674      0.00924
    -0.59560      0.00441     -7.68005      0.00936
    -0.59359      0.00445     -7.66337      0.00949
    -0.59159      0.00450     -7.64669      0.00962
    -0.58959      0.00454     -7.63000      0.00975
    -0.58759      0.00458     -7.61332      0.00988
    -0.58559      0.00463     -7.59664      0.01002
    -0.58358      0.00467     -7.57995      0.01015
    -0.58158      0.00472     -7.56327      0.01029
    -0.57958      0.00476     -7.54659      0.01043
    -0.57758      0.00481     -7.52990      0.01057
    -0.57558      0.00485     -7.51322      0.01071
    -0.57357      0.00490     -7.49654      0.01085
    -0.57157      0.00495     -7.47985      0.01100
    -0.56957      0.00499     -7.46317      0.01114
    -0.56757      0.00504     -7.44649      0.01129
    -0.56557      0.00509     -7.42980      0.01144
    -0.56356      0.00514     -7.41312      0.01159
    -0.56156      0.00519     -7.39644      0.01175
    -0.55956      0.00523     -7.37975      0.01190
    -0.55756      0.00528     -7.36307      0.01206
    -0.55556      0.00533     -7.34639      0.01222
    -0.55355      0.00538     -7.32970      0.01238
    -0.55155      0.00543     -7.31302      0.01254
    -0.54955      0.00548     -7.29634      0.01270
    -0.54755      0.00553     -7.27965      0.01287
    -0.54555      0.00559     -7.26297      0.01303
    -0.54354      0.00564     -7.24629      0.01320
    -0.54154      0.00569     -7.22960      0.01338
    -0.53954      0.00574     -7.21292      0.01355
    -0.53754      0.00579     -7.19624      0.01372
    -0.53554      0.00585     -7.17955      0.01390
    -0.53353      0.00590     -7.16287      0.01408
    -0.53153      0.00596     -7.14619      0.01426
    -0.52953      0.00601     -7.12950      0.01444
    -0.52753      0.00607     -7.11282      0.01463
    -0.52553      0.00612     -7.09614      0.01482
    -0.52352      0.00618     -7.07945      0.01500
    -0.52152      0.00623     -7.06277      0.01520
    -0.51952      0.00629     -7.04609      0.01539
    -0.51752      0.00635     -7.02940      0.01558
    -0.51552      0.00640     -7.01272      0.01578
    -0.51351      0.00646     -6.99604      0.01598
    -0.51151      0.00652     -6.97935      0.01618
    -0.50951      0.00658     -6.96267      0.01639
    -0.50751      0.00664     -6.94599      0.01659
    -0.50551      0.00670     -6.92930      0.01680
    -0.50350      0.00676     -6.91262      0.01701
    -0.50150      0.00682     -6.89594      0.01722
    -0.49950      0.00688     -6.87925      0.01744
    -0.49750      0.00694     -6.86257      0.01766
    -0.49550      0.00700     -6.84589      0.01788
    -0.49349      0.00706     -6.82920      0.01810
    -0.49149      0.00712     -6.81252      0.01832
    -0.48949      0.00719     -6.79584      0.01855
    -0.48749      0.00725     -6.77915      0.01878
    -0.48549      0.00731     -6.76247      0.01901
    -0.48348      0.00738     -6.74579      0.01924
    -0.48148      0.00744     -6.72910      0.01948
    -0.47948      0.00751     -6.71242      0.01972
    -0.47748      0.00757     -6.69574      0.01996
    -0.47548      0.00764     -6.67905      0.02020
    -0.47347      0.00771     -6.66237      0.02045
    -0.47147      0.00777     -6.64569      0.02070
    -0.46947      0.00784     -6.62900      0.02095
    -0.46747      0.00791     -6.61232      0.02121
    -0.46547      0.00798     -6.59564      0.02146
    -0.46346      0.00804     -6.57895      0.02172
    -0.46146      0.00811     -6.56227      0.02198
    -0.45946      0.00818     -6.54559      0.02225
    -0.45746      0.00825     -6.52890      0.02252
    -0.45546      0.00832     -6.51222      0.02279
    -0.45345      0.00840     -6.49554      0.02306
    -0.45145      0.00847     -6.47885      0.02334
    -0.44945      0.00854     -6.46217      0.02362
    -0.44745      0.00861     -6.44548      0.02390
    -0.44545      0.00869     -6.42880      0.02418
    -0.44344      0.00876     -6.41212      0.02447
    -0.44144      0.00883     -6.39543      0.02476
    -0.43944      0.00891     -6.37875      0.02505
    -0.43744      0.00898     -6.36207      0.02535
    -0.43544      0.00906     -6.34538      0.02565
    -0.43343      0.00913     -6.32870      0.02595
    -0.43143      0.00921     -6.31202      0.02626
    -0.42943      0.00929     -6.29533      0.02657
    -0.42743      0.00937     -6.27865      0.02688
    -0.42543      0.00944     -6.26197      0.02719
    -0.42342      0.00952     -6.24528      0.02751
    -0.42142      0.00960     -6.22860      0.02783
    -0.41942      0.00968     -6.21192      0.02816
    -0.41742      0.00976     -6.19523      0.02848
    -0.41542      0.00984     -6.17855      0.02881
    -0.41341      0.00992     -6.16187      0.02915
    -0.41141      0.01001     -6.14518      0.02949
    -0.40941      0.01009     -6.12850      0.02983
    -0.40741      0.01017     -6.11182      0.03017
    -0.40541      0.01026     -6.09513      0.03052
    -0.40340      0.01034     -6.07845      0.03087
    -0.40140      0.01042     -6.06177      0.03122
    -0.39940      0.01051     -6.04508      0.03158
    -0.39740      0.01060     -6.02840      0.03194
    -0.39540      0.01068     -6.01172      0.03231
    -0.39339      0.01077     -5.99503      0.03268
    -0.39139      0.01086     -5.97835      0.03305
    -0.38939      0.01094     -5.96167      0.03342
    -0.38739      0.01103     -5.94498      0.03380
    -0.38539      0.01112     -5.92830      0.03419
    -0.38338      0.01121     -5.91162      0.03457
    -0.38138      0.01130     -5.89493      0.03496
    -0.37938      0.01139     -5.87825      0.03536
    -0.37738      0.01148     -5.86157      0.03576
    -0.37538      0.01158     -5.84488      0.03616
    -0.37337      0.01167     -5.82820      0.03656
    -0.37137      0.01176     -5.81152      0.03697
    -0.36937      0.01186     -5.79483      0.03739
    -0.36737      0.01195     -5.77815      0.03780
    -0.36537      0.01205     -5.76147      0.03823
    -0.36336      0.01214     -5.74478      0.03865
    -0.36136      0.01224     -5.72810      0.03908
    -0.35936      0.01233     -5.71142      0.03951
    -0.35736      0.01243     -5.69473      0.03995
    -0.35536      0.01253     -5.67805      0.04039
    -0.35335      0.01263     -5.66137      0.04084
    -0.35135      0.01273     -5.64468      0.04129
    -0.34935      0.01283     -5.62800      0.04175
    -0.34735      0.01293     -5.61132      0.04220
    -0.34535      0.01303     -5.59463      0.04267
    -0.34334      0.01313     -5.57795      0.04314
    -0.34134      0.01323     -5.56127      0.04361
    -0.33934      0.01334     -5.54458      0.04408
    -0.33734      0.01344     -5.52790      0.04456
    -0.33534      0.01354     -5.51122      0.04505
    -0.33333      0.01365     -5.49453      0.04554
    -0.33133      0.01376     -5.47785      0.04603
    -0.32933      0.01386     -5.46117      0.04653
    -0.32733      0.01397     -5.44448      0.04704
    -0.32533      0.01408     -5.42780      0.04755
    -0.32332      0.01419     -5.41112      0.04806
    -0.32132      0.01429     -5.39443      0.04858
    -0.31932      0.01440     -5.37775      0.04910
    -0.31732      0.01451     -5.36107      0.04963
    -0.31532      0.01463     -5.34438      0.05016
    -0.31331      0.01474     -5.32770      0.05070
    -0.31131      0.01485     -5.31102      0.05124
    -0.30931      0.01496     -5.29433      0.05178
    -0.30731      0.01508     -5.27765      0.05234
    -0.30531      0.01519     -5.26097      0.05289
    -0.30330      0.01531     -5.24428      0.05346
    -0.30130      0.01542     -5.22760      0.05402
    -0.29930      0.01554     -5.21092      0.05460
    -0.29730      0.01566     -5.19423      0.05517
    -0.29530      0.01577     -5.17755      0.05576
    -0.29329      0.01589     -5.16087      0.05634
    -0.29129      0.01601     -5.14418      0.05694
    -0.28929      0.01613     -5.12750      0.05754
    -0.28729      0.01625     -5.11082      0.05814
    -0.28529      0.01637     -5.09413      0.05875
    -0.28328      0.01650     -5.07745      0.05936
    -0.28128      0.01662     -5.06077      0.05998
    -0.27928      0.01674     -5.04408      0.06061
    -0.27728      0.01687     -5.02740      0.06124
    -0.27528      0.01699     -5.01072      0.06188
    -0.27327      0.01712     -4.99403      0.06252
    -0.27127      0.01724     -4.97735      0.06317
    -0.26927      0.01737     -4.96067      0.06383
    -0.26727      0.01750     -4.94398      0.06449
    -0.26527      0.01763     -4.92730      0.06515
    -0.26326      0.01776     -4.91062      0.06582
    -0.26126      0.01789     -4.89393      0.06650
    -0.25926      0.01802     -4.87725      0.06719
    -0.25726      0.01815     -4.86057      0.06788
    -0.25526      0.01828     -4.84388      0.06857
    -0.25325      0.01842     -4.82720      0.06927
    -0.25125      0.01855     -4.81052      0.06998
    -0.24925      0.01869     -4.79383      0.07070
    -0.24725      0.01882     -4.77715      0.07142
    -0.24525      0.01896     -4.76047      0.07214
    -0.24324      0.01910     -4.74378      0.07288
    -0.24124      0.01924     -4.72710      0.07362
    -0.23924      0.01938     -4.71042      0.07436
    -0.23724      0.01952     -4.69373      0.07511
    -0.23524      0.01966     -4.67705      0.07587
    -0.23323      0.01980     -4.66037      0.07664
    -0.23123      0.01994     -4.64368      0.07741
    -0.22923      0.02008     -4.62700      0.07819
    -0.22723      0.02023     -4.61032      0.07898
    -0.22523      0.02037     -4.59363      0.07977
    -0.22322      0.02052     -4.57695      0.08057
    -0.22122      0.02066     -4.56027      0.08137
    -0.21922      0.02081     -4.54358      0.08219
    -0.21722      0.02096     -4.52690      0.08301
    -0.21522      0.02111     -4.51022      0.08383
    -0.21321      0.02126     -4.49353      0.08467
    -0.21121      0.02141     -4.47685      0.08551
    -0.20921      0.02156     -4.46017      0.08636
    -0.20721      0.02171     -4.44348      0.08721
    -0.20521      0.02186     -4.42680      0.08807
    -0.20320      0.02202     -4.41012      0.08894
    -0.20120      0.02217     -4.39343      0.08982
    -0.19920      0.02233     -4.37675      0.09071
    -0.19720      0.02249     -4.36007      0.09160
    -0.19520      0.02264     -4.34338      0.09250
    -0.19319      0.02280     -4.32670      0.09341
    -0.19119      0.02296     -4.31002      0.09432
    -0.18919      0.02312     -4.29333      0.09524
    -0.18719      0.02328     -4.27665      0.09617
    -0.18519      0.02344     -4.25997      0.09711
    -0.18318      0.02361     -4.24328      0.09806
    -0.18118      0.02377     -4.22660      0.09901
    -0.17918      0.02394     -4.20992      0.09997
    -0.17718      0.02410     -4.19323      0.10094
    -0.17518      0.02427     -4.17655      0.10192
    -0.17317      0.02444     -4.15987      0.10291
    -0.17117      0.02460     -4.14318      0.10390
    -0.16917      0.02477     -4.12650      0.10490
    -0.16717      0.02494     -4.10982      0.10591
    -0.16517      0.02511     -4.09313      0.10693
    -0.16316      0.02529     -4.07645      0.10796
    -0.16116      0.02546     -4.05977      0.10899
    -0.15916      0.02563     -4.04308      0.11004
    -0.15716      0.02581     -4.02640      0.11109
    -0.15516      0.02598     -4.00972      0.11215
    -0.15315      0.02616     -3.99303      0.11322
    -0.15115      0.02634     -3.97635      0.11430
    -0.14915      0.02652     -3.95967      0.11539
    -0.14715      0.02670     -3.94298      0.11648
    -0.14515      0.02688     -3.92630      0.11759
    -0.14314      0.02706     -3.90962      0.11870
    -0.14114      0.02724     -3.89293      0.11983
    -0.13914      0.02743     -3.87625      0.12096
    -0.13714      0.02761     -3.85957      0.12210
    -0.13514      0.02780     -3.84288      0.12325
    -0.13313      0.02798     -3.82620      0.12441
    -0.13113      0.02817     -3.80952      0.12558
    -0.12913      0.02836     -3.79283      0.12676
    -0.12713      0.02855     -3.77615      0.12795
    -0.12513      0.02874     -3.75947      0.12915
    -0.12312      0.02893     -3.74278      0.13035
    -0.12112      0.02912     -3.72610      0.13157
    -0.11912      0.02932     -3.70942      0.13280
    -0.11712      0.02951     -3.69273      0.13403
    -0.11512      0.02971     -3.67605      0.13528
    -0.11311      0.02990     -3.65937      0.13654
    -0.11111      0.03010     -3.64268      0.13780
    -0.10911      0.03030     -3.62600      0.13908
    -0.10711      0.03050     -3.60932      0.14037
    -0.10511      0.03070     -3.59263      0.14166
    -0.10310      0.03090     -3.57595      0.14297
    -0.10110      0.03111     -3.55927      0.14429
    -0.09910      0.03131     -3.54258      0.14561
    -0.09710      0.03152     -3.52590      0.14695
    -0.09510      0.03172     -3.50922      0.14830
    -0.09309      0.03193     -3.49253      0.14966
    -0.09109      0.03214     -3.47585      0.15103
    -0.08909      0.03235     -3.45917      0.15241
    -0.08709      0.03256     -3.44248      0.15380
    -0.08509      0.03277     -3.42580      0.15521
    -0.08308      0.03298     -3.40912      0.15662
    -0.08108      0.03320     -3.39243      0.15804
    -0.07908      0.03341     -3.37575      0.15948
    -0.07708      0.03363     -3.35907      0.16093
    -0.07508      0.03385     -3.34238      0.16238
    -0.07307      0.03407     -3.32570      0.16385
    -0.07107      0.03429     -3.30902      0.16533
    -0.06907      0.03451     -3.29233      0.16682
    -0.06707      0.03473     -3.27565      0.16833
    -0.06507      0.03495     -3.25897      0.16984
    -0.06306      0.03517     -3.24228      0.17137
    -0.06106      0.03540     -3.22560      0.17291
    -0.05906      0.03563     -3.20892      0.17446
    -0.05706      0.03585     -3.19223      0.17602
    -0.05506      0.03608     -3.17555      0.17759
    -0.05305      0.03631     -3.15887      0.17918
    -0.05105      0.03654     -3.14218      0.18078
    -0.04905      0.03678     -3.12550      0.18239
    -0.04705      0.03701     -3.10881      0.18401
    -0.04505      0.03724     -3.09213      0.18565
    -0.04304      0.03748     -3.07545      0.18730
    -0.04104      0.03772     -3.05876      0.18896
    -0.03904      0.03796     -3.04208      0.19063
    -0.03704      0.03819     -3.02540      0.19231
    -0.03504      0.03844     -3.00871      0.19401
    -0.03303      0.03868     -2.99203      0.19572
    -0.03103      0.03892     -2.97535      0.19745
    -0.02903      0.03916     -2.95866      0.19918
    -0.02703      0.03941     -2.94198      0.20093
    -0.02503      0.03966     -2.92530      0.20270
    -0.02302      0.03990     -2.90861      0.20447
    -0.02102      0.04015     -2.89193      0.20626
    -0.01902      0.04040     -2.87525      0.20807
    -0.01702      0.04066     -2.85856      0.20988
    -0.01502      0.04091     -2.84188      0.21171
    -0.01301      0.04116     -2.82520      0.21356
    -0.01101      0.04142     -2.80851      0.21542
    -0.00901      0.04167     -2.79183      0.21729
    -0.00701      0.04193     -2.77515      0.21917
    -0.00501      0.04219     -2.75846      0.22107
    -0.00300      0.04245     -2.74178      0.22299
    -0.00100      0.04271     -2.72510      0.22491
     0.00100      0.04298     -2.70841      0.22686
     0.00300      0.04324     -2.69173      0.22881
     0.00501      0.04351     -2.67505      0.23078
     0.00701      0.04377     -2.65836      0.23277
     0.00901      0.04404     -2.64168      0.23477
     0.01101      0.04431     -2.62500      0.23678
     0.01301      0.04458     -2.60831      0.23881
     0.01502      0.04486     -2.59163      0.24086
     0.01702      0.04513     -2.57495      0.24292
     0.01902      0.04540     -2.55826      0.24499
     0.02102      0.04568     -2.54158      0.24708
     0.02302      0.04596     -2.52490      0.24918
     0.02503      0.04624     -2.50821      0.25130
     0.02703      0.04652     -2.49153      0.25344
     0.02903      0.04680     -2.47485      0.25559
     0.03103      0.04708     -2.45816      0.25776
     0.03303      0.04737     -2.44148      0.25994
     0.03504      0.04765     -2.42480      0.26214
     0.03704      0.04794     -2.40811      0.26435
     0.03904      0.04823     -2.39143      0.26658
     0.04104      0.04852     -2.37475      0.26883
     0.04304      0.04881     -2.35806      0.27109
     0.04505      0.04910     -2.34138      0.27337
     0.04705      0.04940     -2.32470      0.27567
     0.04905      0.04969     -2.30801      0.27798
     0.05105      0.04999     -2.29133      0.28031
     0.05305      0.05029     -2.27465      0.28265
     0.05506      0.05059     -2.25796      0.28501
     0.05706      0.05089     -2.24128      0.28739
     0.05906      0.05119     -2.22460      0.28979
     0.06106      0.05149     -2.20791      0.29220
     0.06306      0.05180     -2.19123      0.29463
     0.06507      0.05211     -2.17455      0.29708
     0.06707      0.05242     -2.15786      0.29954
     0.06907      0.05273     -2.14118      0.30202
     0.07107      0.05304     -2.12450      0.30452
     0.07307      0.05335     -2.10781      0.30704
     0.07508      0.05366     -2.09113      0.30958
     0.07708      0.05398     -2.07445      0.31213
     0.07908      0.05430     -2.05776      0.31470
     0.08108      0.05462     -2.04108      0.31729
     0.08308      0.05494     -2.02440      0.31990
     0.08509      0.05526     -2.00771      0.32253
     0.08709      0.05558     -1.99103      0.32517
     0.08909      0.05591     -1.97435      0.32783
     0.09109      0.05623     -1.95766      0.33051
     0.09309      0.05656     -1.94098      0.33322
     0.09510      0.05689     -1.92430      0.33593
     0.09710      0.05722     -1.90761      0.33867
     0.09910      0.05755     -1.89093      0.34143
     0.10110      0.05789     -1.87425      0.34421
     0.10310      0.05822     -1.85756      0.34700
     0.10511      0.05856     -1.84088      0.34982
     0.10711      0.05890     -1.82420      0.35265
     0.10911      0.05924     -1.80751      0.35551
     0.11111      0.05958     -1.79083      0.35838
     0.11311      0.05992     -1.77415      0.36128
     0.11512      0.06027     -1.75746      0.36419
     0.11712      0.06061     -1.74078      0.36713
     0.11912      0.06096     -1.72410      0.37008
     0.12112      0.06131     -1.70741      0.37306
     0.12312      0.06166     -1.69073      0.37605
     0.12513      0.06202     -1.67405      0.37907
     0.12713      0.06237     -1.65736      0.38211
     0.12913      0.06273     -1.64068      0.38516
     0.13113      0.06308     -1.62400      0.38824
     0.13313      0.06344     -1.60731      0.39134
     0.13514      0.06381     -1.59063      0.39446
     0.13714      0.06417     -1.57395      0.39761
     0.13914      0.06453     -1.55726      0.40077
     0.14114      0.06490     -1.54058      0.40396
     0.14314      0.06527     -1.52390      0.40716
     0.14515      0.06563     -1.50721      0.41039
     0.14715      0.06601     -1.49053      0.41364
     0.14915      0.06638     -1.47385      0.41691
     0.15115      0.06675     -1.45716      0.42021
     0.15315      0.06713     -1.44048      0.42353
     0.15516      0.06751     -1.42380      0.42687
     0.15716      0.06789     -1.40711      0.43023
     0.15916      0.06827     -1.39043      0.43361
     0.16116      0.06865     -1.37375      0.43702
     0.16316      0.06903     -1.35706      0.44045
     0.16517      0.06942     -1.34038      0.44391
     0.16717      0.06981     -1.32370      0.44738
     0.16917      0.07020     -1.30701      0.45088
     0.17117      0.07059     -1.29033      0.45441
     0.17317      0.07098     -1.27365      0.45795
     0.17518      0.07138     -1.25696      0.46152
     0.17718      0.07177     -1.24028      0.46512
     0.17918      0.07217     -1.22360      0.46874
     0.18118      0.07257     -1.20691      0.47238
     0.18318      0.07297     -1.19023      0.47605
     0.18519      0.07338     -1.17355      0.47974
     0.18719      0.07378     -1.15686      0.48346
     0.18919      0.07419     -1.14018      0.48720
     0.19119      0.07460     -1.12350      0.49096
     0.19319      0.07501     -1.10681      0.49475
     0.19520      0.07542     -1.09013      0.49857
     0.19720      0.07584     -1.07345      0.50241
     0.19920      0.07626     -1.05676      0.50627
     0.20120      0.07667     -1.04008      0.51017
     0.20320      0.07709     -1.02340      0.51408
     0.20521      0.07752     -1.00671      0.51802
     0.20721      0.07794     -0.99003      0.52199
     0.20921      0.07836     -0.97335      0.52599
     0.21121      0.07879     -0.95666      0.53001
     0.21321      0.07922     -0.93998      0.53406
     0.21522      0.07965     -0.92330      0.53813
     0.21722      0.08009     -0.90661      0.54223
     0.21922      0.08052     -0.88993      0.54636
     0.22122      0.08096     -0.87325      0.55051
     0.22322      0.08140     -0.85656      0.55469
     0.22523      0.08184     -0.83988      0.55890
     0.22723      0.08228     -0.82320      0.56313
     0.22923      0.08272     -0.80651      0.56740
     0.23123      0.08317     -0.78983      0.57169
     0.23323      0.08362     -0.77315      0.57601
     0.23524      0.08407     -0.75646      0.58035
     0.23724      0.08452     -0.73978      0.58473
     0.23924      0.08497     -0.72310      0.58913
     0.24124      0.08543     -0.70641      0.59356
     0.24324      0.08589     -0.68973      0.59802
     0.24525      0.08635     -0.67305      0.60251
     0.24725      0.08681     -0.65636      0.60702
     0.24925      0.08727     -0.63968      0.61157
     0.25125      0.08774     -0.62300      0.61615
     0.25325      0.08821     -0.60631      0.62075
     0.25526      0.08868     -0.58963      0.62538
     0.25726      0.08915     -0.57295      0.63005
     0.25926      0.08962     -0.55626      0.63474
     0.26126      0.09010     -0.53958      0.63946
     0.26326      0.09058     -0.52290      0.64422
     0.26527      0.09106     -0.50621      0.64900
     0.26727      0.09154     -0.48953      0.65381
     0.26927      0.09202     -0.47285      0.65866
     0.27127      0.09251     -0.45616      0.66353
     0.27327      0.09300     -0.43948      0.66844
     0.27528      0.09349     -0.42280      0.67338
     0.27728      0.09398     -0.40611      0.67835
     0.27928      0.09447     -0.38943      0.68335
     0.28128      0.09497     -0.37275      0.68838
     0.28328      0.09547     -0.35606      0.69344
     0.28529      0.09597     -0.33938      0.69854
     0.28729      0.09647     -0.32270      0.70366
     0.28929      0.09698     -0.30601      0.70882
     0.29129      0.09748     -0.28933      0.71401
     0.29329      0.09799     -0.27265      0.71924
     0.29530      0.09850     -0.25596      0.72449
     0.29730      0.09902     -0.23928      0.72978
     0.29930      0.09953     -0.22260      0.73511
     0.30130      0.10005     -0.20591      0.74046
     0.30330      0.10057     -0.18923      0.74585
     0.30531      0.10109     -0.17255      0.75128
     0.30731      0.10161     -0.15586      0.75673
     0.30931      0.10214     -0.13918      0.76222
     0.31131      0.10267     -0.12250      0.76775
     0.31331      0.10320     -0.10581      0.77331
     0.31532      0.10373     -0.08913      0.77890
     0.31732      0.10427     -0.07245      0.78453
     0.31932      0.10480     -0.05576      0.79019
     0.32132      0.10534     -0.03908      0.79589
     0.32332      0.10588     -0.02240      0.80163
     0.32533      0.10643     -0.00571      0.80739
     0.32733      0.10697      0.01097      0.81320
     0.32933      0.10752      0.02765      0.81904
     0.33133      0.10807      0.04434      0.82491
     0.33333      0.10862      0.06102      0.83083
     0.33534      0.10918      0.07770      0.83678
     0.33734      0.10974      0.09439      0.84276
     0.33934      0.11030      0.11107      0.84878
     0.34134      0.11086      0.12775      0.85484
     0.34334      0.11142      0.14444      0.86094
     0.34535      0.11199      0.16112      0.86707
     0.34735      0.11256      0.17780      0.87324
     0.34935      0.11313      0.19449      0.87945
     0.35135      0.11370      0.21117      0.88569
     0.35335      0.11428      0.22786      0.89197
     0.35536      0.11485      0.24454      0.89830
     0.35736      0.11544      0.26122      0.90466
     0.35936      0.11602      0.27791      0.91105
     0.36136      0.11660      0.29459      0.91749
     0.36336      0.11719      0.31127      0.92397
     0.36537      0.11778      0.32796      0.93048
     0.36737      0.11837      0.34464      0.93704
     0.36937      0.11897      0.36132      0.94363
     0.37137      0.11956      0.37801      0.95026
     0.37337      0.12016      0.39469      0.95694
     0.37538      0.12076      0.41137      0.96365
     0.37738      0.12137      0.42806      0.97041
     0.37938      0.12197      0.44474      0.97720
     0.38138      0.12258      0.46142      0.98404
     0.38338      0.12319      0.47811      0.99091
     0.38539      0.12381      0.49479      0.99783
     0.38739      0.12400      0.50000      1.00000
     0.38939      0.12400      0.50000      1.00000
     0.39139      0.12400      0.50000      1.00000
     0.39339      0.12400      0.50000      1.00000
     0.39540      0.12400      0.50000      1.00000
     0.39740      0.12400      0.50000      1.00000
     0.39940      0.12400      0.50000      1.00000
     0.40140      0.12400      0.50000      1.00000
     0.40340      0.12400      0.50000      1.00000
     0.40541      0.12400      0.50000      1.00000
     0.40741      0.12400      0.50000      1.00000
     0.40941      0.12400      0.50000      1.00000
     0.41141      0.12400      0.50000      1.00000
     0.41341      0.12400      0.50000      1.00000
     0.41542      0.12400      0.50000      1.00000
     0.41742      0.12400      0.50000      1.00000
     0.41942      0.12400      0.50000      1.00000
     0.42142      0.12400      0.50000      1.00000
     0.42342      0.12400      0.50000      1.00000
     0.42543      0.12400      0.50000      1.00000
     0.42743      0.12400      0.50000      1.00000
     0.42943      0.12400      0.50000      1.00000
     0.43143      0.12400      0.50000      1.00000
     0.43343      0.12400      0.50000      1.00000
     0.43544      0.12400      0.50000      1.00000
     0.43744      0.12400      0.50000      1.00000
     0.43944      0.12400      0.50000      1.00000
     0.44144      0.12400      0.50000      1.00000
     0.44344      0.12400      0.50000      1.00000
     0.44545      0.12400      0.50000      1.00000
     0.44745      0.12400      0.50000      1.00000
     0.44945      0.12400      0.50000      1.00000
     0.45145      0.12400      0.50000      1.00000
     0.45345      0.12400      0.50000      1.00000
     0.45546      0.12400      0.50000      1.00000
     0.45746      0.12400      0.50000      1.00000
     0.45946      0.12400      0.50000      1.00000
     0.46146      0.12400      0.50000      1.00000
     0.46346      0.12400      0.50000      1.00000
     0.46547      0.12400      0.50000      1.00000
     0.46747      0.12400      0.50000      1.00000
     0.46947      0.12400      0.50000      1.00000
     0.47147      0.12400      0.50000      1.00000
     0.47347      0.12400      0.50000      1.00000
     0.47548      0.12400      0.50000      1.00000
     0.47748      0.12400      0.50000      1.00000
     0.47948      0.12400      0.50000      1.00000
     0.48148      0.12400      0.50000      1.00000
     0.48348      0.12400      0.50000      1.00000
     0.48549      0.12400      0.50000      1.00000
     0.48749      0.12400      0.50000      1.00000
     0.48949      0.12400      0.50000      1.00000
     0.49149      0.12400      0.50000      1.00000
     0.49349      0.12400      0.50000      1.00000
     0.49550      0.12400      0.50000      1.00000
     0.49750      0.12400      0.50000      1.00000
     0.49950      0.12400      0.50000      1.00000
     0.50150      0.12400      0.50000      1.00000
     0.50350      0.12400      0.50000      1.00000
     0.50551      0.12400      0.50000      1.00000
     0.50751      0.12400      0.50000      1.00000
     0.50951      0.12400      0.50000      1.00000
     0.51151      0.12400      0.50000      1.00000
     0.51351      0.12400      0.50000      1.00000
     0.51552      0.12400      0.50000      1.00000
     0.51752      0.12400      0.50000      1.00000
     0.51952      0.12400      0.50000      1.00000
     0.52152      0.12400      0.50000      1.00000
     0.52352      0.12400      0.50000      1.00000
     0.52553      0.12400      0.50000      1.00000
     0.52753      0.12400      0.50000      1.00000
     0.52953      0.12400      0.50000      1.00000
     0.53153      0.12400      0.50000      1.00000
     0.53353      0.12400      0.50000      1.00000
     0.53554      0.12400      0.50000      1.00000
     0.53754      0.12400      0.50000      1.00000
     0.53954      0.12400      0.50000      1.00000
     0.54154      0.12400      0.50000      1.00000
     0.54354      0.12400      0.50000      1.00000
     0.54555      0.12400      0.50000      1.00000
     0.54755      0.12400      0.50000      1.00000
     0.54955      0.12400      0.50000      1.00000
     0.55155      0.12400      0.50000      1.00000
     0.55355      0.12400      0.50000      1.00000
     0.55556      0.12400      0.50000      1.00000
     0.55756      0.12400      0.50000      1.00000
     0.55956      0.12400      0.50000      1.00000
     0.56156      0.12400      0.50000      1.00000
     0.56356      0.12400      0.50000      1.00000
     0.56557      0.12400      0.50000      1.00000
     0.56757      0.12400      0.50000      1.00000
     0.56957      0.12400      0.50000      1.00000
     0.57157      0.12400      0.50000      1.00000
     0.57357      0.12400      0.50000      1.00000
     0.57558      0.12400      0.50000      1.00000
     0.57758      0.12400      0.50000      1.00000
     0.57958      0.12400      0.50000      1.00000
     0.58158      0.12400      0.50000      1.00000
     0.58358      0.12400      0.50000      1.00000
     0.58559      0.12400      0.50000      1.00000
     0.58759      0.12400      0.50000      1.00000
     0.58959      0.12400      0.50000      1.00000
     0.59159      0.12400      0.50000      1.00000
     0.59359      0.12400      0.50000      1.00000
     0.59560      0.12400      0.50000      1.00000
     0.59760      0.12400      0.50000      1.00000
     0.59960      0.12400      0.50000      1.00000
     0.60160      0.12400      0.50000      1.00000
     0.60360      0.12400      0.50000      1.00000
     0.60561      0.12400      0.50000      1.00000
     0.60761      0.12400      0.50000      1.00000
     0.60961      0.12400      0.50000      1.00000
     0.61161      0.12400      0.50000      1.00000
     0.61361      0.12400      0.50000      1.00000
     0.61562      0.12400      0.50000      1.00000
     0.61762      0.12400      0.50000      1.00000
     0.61962      0.12400      0.50000      1.00000
     0.62162      0.12400      0.50000      1.00000
     0.62362      0.12400      0.50000      1.00000
     0.62563      0.12400      0.50000      1.00000
     0.62763      0.12400      0.50000      1.00000
     0.62963      0.12400      0.50000      1.00000
     0.63163      0.12400      0.50000      1.00000
     0.63363      0.12400      0.50000      1.00000
     0.63564      0.12400      0.50000      1.00000
     0.63764      0.12400      0.50000      1.00000
     0.63964      0.12400      0.50000      1.00000
     0.64164      0.12400      0.50000      1.00000
     0.64364      0.12400      0.50000      1.00000
     0.64565      0.12400      0.50000      1.00000
     0.64765      0.12400      0.50000      1.00000
     0.64965      0.12400      0.50000      1.00000
     0.65165      0.12400      0.50000      1.00000
     0.65365      0.12400      0.50000      1.00000
     0.65566      0.12400      0.50000      1.00000
     0.65766      0.12400      0.50000      1.00000
     0.65966      0.12400      0.50000      1.00000
     0.66166      0.12400      0.50000      1.00000
     0.66366      0.12400      0.50000      1.00000
     0.66567      0.12400      0.50000      1.00000
     0.66767      0.12400      0.50000      1.00000
     0.66967      0.12400      0.50000      1.00000
     0.67167      0.12400      0.50000      1.00000
     0.67367      0.12400      0.50000      1.00000
     0.67568      0.12400      0.50000      1.00000
     0.67768      0.12400      0.50000      1.00000
     0.67968      0.12400      0.50000      1.00000
     0.68168      0.12400      0.50000      1.00000
     0.68368      0.12400      0.50000      1.00000
     0.68569      0.12400      0.50000      1.00000
     0.68769      0.12400      0.50000      1.00000
     0.68969      0.12400      0.50000      1.00000
     0.69169      0.12400      0.50000      1.00000
     0.69369      0.12400      0.50000      1.00000
     0.69570      0.12400      0.50000      1.00000
     0.69770      0.12400      0.50000      1.00000
     0.69970      0.12400      0.50000      1.00000
     0.70170      0.12400      0.50000      1.00000
     0.70370      0.12400      0.50000      1.00000
     0.70571      0.12400      0.50000      1.00000
     0.70771      0.12400      0.50000      1.00000
     0.70971      0.12400      0.50000      1.00000
     0.71171      0.12400      0.50000      1.00000
     0.71371      0.12400      0.50000      1.00000
     0.71572      0.12400      0.50000      1.00000
     0.71772      0.12400      0.50000      1.00000
     0.71972      0.12400      0.50000      1.00000
     0.72172      0.12400      0.50000      1.00000
     0.72372      0.12400      0.50000      1.00000
     0.72573      0.12400      0.50000      1.00000
     0.72773      0.12400      0.50000      1.00000
     0.72973      0.12400      0.50000      1.00000
     0.73173      0.12400      0.50000      1.00000
     0.73373      0.12400      0.50000      1.00000
     0.73574      0.12400      0.50000      1.00000
     0.73774      0.12400      0.50000      1.00000
     0.73974      0.12400      0.50000      1.00000
     0.74174      0.12400      0.50000      1.00000
     0.74374      0.12400      0.50000      1.00000
     0.74575      0.12400      0.50000      1.00000
     0.74775      0.12400      0.50000      1.00000
     0.74975      0.12400      0.50000      1.00000
     0.75175      0.12400      0.50000      1.00000
     0.75375      0.12400      0.50000      1.00000
     0.75576      0.12400      0.50000      1.00000
     0.75776      0.12400      0.50000      1.00000
     0.75976      0.12400      0.50000      1.00000
     0.76176      0.12400      0.50000      1.00000
     0.76376      0.12400      0.50000      1.00000
     0.76577      0.12400      0.50000      1.00000
     0.76777      0.12400      0.50000      1.00000
     0.76977      0.12400      0.50000      1.00000
     0.77177      0.12400      0.50000      1.00000
     0.77377      0.12400      0.50000      1.00000
     0.77578      0.12400      0.50000      1.00000
     0.77778      0.12400      0.50000      1.00000
     0.77978      0.12400      0.50000      1.00000
     0.78178      0.12400      0.50000      1.00000
     0.78378      0.12400      0.50000      1.00000
     0.78579      0.12400      0.50000      1.00000
     0.78779      0.12400      0.50000      1.00000
     0.78979      0.12400      0.50000      1.00000
     0.79179      0.12400      0.50000      1.00000
     0.79379      0.12400      0.50000      1.00000
     0.79580      0.12400      0.50000      1.00000
     0.79780      0.12400      0.50000      1.00000
     0.79980      0.12400      0.50000      1.00000
     0.80180      0.12400      0.50000      1.00000
     0.80380      0.12400      0.50000      1.00000
     0.80581      0.12400      0.50000      1.00000
     0.80781      0.12400      0.50000      1.00000
     0.80981      0.12400      0.50000      1.00000
     0.81181      0.12400      0.50000      1.00000
     0.81381      0.12400      0.50000      1.00000
     0.81582      0.12400      0.50000      1.00000
     0.81782      0.12400      0.50000      1.00000
     0.81982      0.12400      0.50000      1.00000
     0.82182      0.12400      0.50000      1.00000
     0.82382      0.12400      0.50000      1.00000
     0.82583      0.12400      0.50000      1.00000
     0.82783      0.12400      0.50000      1.00000
     0.82983      0.12400      0.50000      1.00000
     0.83183      0.12400      0.50000      1.00000
     0.83383      0.12400      0.50000      1.00000
     0.83584      0.12400      0.50000      1.00000
     0.83784      0.12400      0.50000      1.00000
     0.83984      0.12400      0.50000      1.00000
     0.84184      0.12400      0.50000      1.00000
     0.84384      0.12400      0.50000      1.00000
     0.84585      0.12400      0.50000      1.00000
     0.84785      0.12400      0.50000      1.00000
     0.84985      0.12400      0.50000      1.00000
     0.85185      0.12400      0.50000      1.00000
     0.85385      0.12400      0.50000      1.00000
     0.85586      0.12400      0.50000      1.00000
     0.85786      0.12400      0.50000      1.00000
     0.85986      0.12400      0.50000      1.00000
     0.86186      0.12400      0.50000      1.00000
     0.86386      0.12400      0.50000      1.00000
     0.86587      0.12400      0.50000      1.00000
     0.86787      0.12400      0.50000      1.00000
     0.86987      0.12400      0.50000      1.00000
     0.87187      0.12400      0.50000      1.00000
     0.87387      0.12400      0.50000      1.00000
     0.87588      0.12400      0.50000      1.00000
     0.87788      0.12400      0.50000      1.00000
     0.87988      0.12400      0.50000      1.00000
     0.88188      0.12400      0.50000      1.00000
     0.88388      0.12400      0.50000      1.00000
     0.88589      0.12400      0.50000      1.00000
     0.88789      0.12400      0.50000      1.00000
     0.88989      0.12400      0.50000      1.00000
     0.89189      0.12400      0.50000      1.00000
     0.89389      0.12400      0.50000      1.00000
     0.89590      0.12400      0.50000      1.00000
     0.89790      0.12400      0.50000      1.00000
     0.89990      0.12400      0.50000      1.00000
     0.90190      0.12400      0.50000      1.00000
     0.90390      0.12400      0.50000      1.00000
     0.90591      0.12400      0.50000      1.00000
     0.90791      0.12400      0.50000      1.00000
     0.90991      0.12400      0.50000      1.00000
     0.91191      0.12400      0.50000      1.00000
     0.91391      0.12400      0.50000      1.00000
     0.91592      0.12400      0.50000      1.00000
     0.91792      0.12400      0.50000      1.00000
     0.91992      0.12400      0.50000      1.00000
     0.92192      0.12400      0.50000      1.00000
     0.92392      0.12400      0.50000      1.00000
     0.92593      0.12400      0.50000      1.00000
     0.92793      0.12400      0.50000      1.00000
     0.92993      0.12400      0.50000      1.00000
     0.93193      0.12400      0.50000      1.00000
     0.93393      0.12400      0.50000      1.00000
     0.93594      0.12400      0.50000      1.00000
     0.93794      0.12400      0.50000      1.00000
     0.93994      0.12400      0.50000      1.00000
     0.94194      0.12400      0.50000      1.00000
     0.94394      0.12400      0.50000      1.00000
     0.94595      0.12400      0.50000      1.00000
     0.94795      0.12400      0.50000      1.00000
     0.94995      0.12400      0.50000      1.00000
     0.95195      0.12400      0.50000      1.00000
     0.95395      0.12400      0.50000      1.00000
     0.95596      0.12400      0.50000      1.00000
     0.95796      0.12400      0.50000      1.00000
     0.95996      0.12400      0.50000      1.00000
     0.96196      0.12400      0.50000      1.00000
     0.96396      0.12400      0.50000      1.00000
     0.96597      0.12400      0.50000      1.00000
     0.96797      0.12400      0.50000      1.00000
     0.96997      0.12400      0.50000      1.00000
     0.97197      0.12400      0.50000      1.00000
     0.97397      0.12400      0.50000      1.00000
     0.97598      0.12400      0.50000      1.00000
     0.97798      0.12400      0.50000      1.00000
     0.97998      0.12400      0.50000      1.00000
     0.98198      0.12400      0.50000      1.00000
     0.98398      0.12400      0.50000      1.00000
     0.98599      0.12400      0.50000      1.00000
     0.98799      0.12400      0.50000      1.00000
     0.98999      0.12400      0.50000      1.00000
     0.99199      0.12400      0.50000      1.00000
     0.99399      0.12400      0.50000      1.00000
     0.99600      0.12400      0.50000      1.00000
     0.99800      0.12400      0.50000      1.00000
     1.00000      0.12400      0.50000      1.00000
