t =     0.0500
           x          rho            u            p
    -1.00000      0.12400      0.50000      1.00000
    -0.99800      0.12400      0.50000      1.00000
    -0.99600      0.12400      0.50000      1.00000
    -0.99399      0.12400      0.50000      1.00000
    -0.99199      0.12400      0.50000      1.00000
    -0.98999      0.12400      0.50000      1.00000
    -0.98799      0.12400      0.50000      1.00000
    -0.98599      0.12400      0.50000      1.00000
    -0.98398      0.12400      0.50000      1.00000
    -0.98198      0.12400      0.50000      1.00000
    -0.97998      0.12400      0.50000      1.00000
    -0.97798      0.12400      0.50000      1.00000
    -0.97598      0.12400      0.50000      1.00000
    -0.97397      0.12400      0.50000      1.00000
    -0.97197      0.12400      0.50000      1.00000
    -0.96997      0.12400      0.50000      1.00000
    -0.96797      0.12400      0.50000      1.00000
    -0.96597      0.12400      0.50000      1.00000
    -0.96396      0.12400      0.50000      1.00000
    -0.96196      0.12400      0.50000      1.00000
    -0.95996      0.12400      0.50000      1.00000
    -0.95796      0.12400      0.50000      1.00000
    -0.95596      0.12400      0.50000      1.00000
    -0.95395      0.12400      0.50000      1.00000
    -0.95195      0.12400      0.50000      1.00000
    -0.94995      0.12400      0.50000      1.00000
    -0.94795      0.12400      0.50000      1.00000
    -0.94595      0.12400      0.50000      1.00000
    -0.94394      0.12400      0.50000      1.00000
    -0.94194      0.12400      0.50000      1.00000
    -0.93994      0.12400      0.50000      1.00000
    -0.93794      0.12400      0.50000      1.00000
    -0.93594      0.12400      0.50000      1.00000
    -0.93393      0.12400      0.50000      1.00000
    -0.93193      0.12400      0.50000      1.00000
    -0.92993      0.12400      0.50000      1.00000
    -0.92793      0.12400      0.50000      1.00000
    -0.92593      0.12400      0.50000      1.00000
    -0.92392      0.12400      0.50000      1.00000
    -0.92192      0.12400      0.50000      1.00000
    -0.91992      0.12400      0.50000      1.00000
    -0.91792      0.12400      0.50000      1.00000
    -0.91592      0.12400      0.50000      1.00000
    -0.91391      0.12400      0.50000      1.00000
    -0.91191      0.12400      0.50000      1.00000
    -0.90991      0.12400      0.50000      1.00000
    -0.90791      0.12400      0.50000      1.00000
    -0.90591      0.12400      0.50000      1.00000
    -0.90390      0.12400      0.50000      1.00000
    -0.90190      0.12400      0.50000      1.00000
    -0.89990      0.12400      0.50000      1.00000
    -0.89790      0.12400      0.50000      1.00000
    -0.89590      0.12400      0.50000      1.00000
    -0.89389      0.12400      0.50000      1.00000
    -0.89189      0.12400      0.50000      1.00000
    -0.88989      0.12400      0.50000      1.00000
    -0.88789      0.12400      0.50000      1.00000
    -0.88589      0.12400      0.50000      1.00000
    -0.88388      0.12400      0.50000      1.00000
    -0.88188      0.12400      0.50000      1.00000
    -0.87988      0.12400      0.50000      1.00000
    -0.87788      0.12400      0.50000      1.00000
    -0.87588      0.12400      0.50000      1.00000
    -0.87387      0.12400      0.50000      1.00000
    -0.87187      0.12400      0.50000      1.00000
    -0.86987      0.12400      0.50000      1.00000
    -0.86787      0.12400      0.50000      1.00000
    -0.86587      0.12400      0.50000      1.00000
    -0.86386      0.12400      0.50000      1.00000
    -0.86186      0.12400      0.50000      1.00000
    -0.85986      0.12400      0.50000      1.00000
    -0.85786      0.12400      0.50000      1.00000
    -0.85586      0.12400      0.50000      1.00000
    -0.85385      0.12400      0.50000      1.00000
    -0.85185      0.12400      0.50000      1.00000
    -0.84985      0.12400      0.50000      1.00000
    -0.84785      0.12400      0.50000      1.00000
    -0.84585      0.12400      0.50000      1.00000
    -0.84384      0.12400      0.50000      1.00000
    -0.84184      0.12400      0.50000      1.00000
    -0.83984      0.12400      0.50000      1.00000
    -0.83784      0.12400      0.50000      1.00000
    -0.83584      0.12400      0.50000      1.00000
    -0.83383      0.12400      0.50000      1.00000
    -0.83183      0.12400      0.50000      1.00000
    -0.82983      0.12400      0.50000      1.00000
    -0.82783      0.12400      0.50000      1.00000
    -0.82583      0.12400      0.50000      1.00000
    -0.82382      0.12400      0.50000      1.00000
    -0.82182      0.12400      0.50000      1.00000
    -0.81982      0.12400      0.50000      1.00000
    -0.81782      0.12400      0.50000      1.00000
    -0.81582      0.12400      0.50000      1.00000
    -0.81381      0.12400      0.50000      1.00000
    -0.81181      0.12400      0.50000      1.00000
    -0.80981      0.12400      0.50000      1.00000
    -0.80781      0.12400      0.50000      1.00000
    -0.80581      0.12400      0.50000      1.00000
    -0.80380      0.12400      0.50000      1.00000
    -0.80180      0.12400      0.50000      1.00000
    -0.79980      0.12400      0.50000      1.00000
    -0.79780      0.12400      0.50000      1.00000
    -0.79580      0.12400      0.50000      1.00000
    -0.79379      0.12400      0.50000      1.00000
    -0.79179      0.12400      0.50000      1.00000
    -0.78979      0.12400      0.50000      1.00000
    -0.78779      0.12400      0.50000      1.00000
    -0.78579      0.12400      0.50000      1.00000
    -0.78378      0.12400      0.50000      1.00000
    -0.78178      0.12400      0.50000      1.00000
    -0.77978      0.12400      0.50000      1.00000
    -0.77778      0.12400      0.50000      1.00000
    -0.77578      0.12400      0.50000      1.00000
    -0.77377      0.12400      0.50000      1.00000
    -0.77177      0.12400      0.50000      1.00000
    -0.76977      0.12400      0.50000      1.00000
    -0.76777      0.12400      0.50000      1.00000
    -0.76577      0.12400      0.50000      1.00000
    -0.76376      0.12400      0.50000      1.00000
    -0.76176      0.12400      0.50000      1.00000
    -0.75976      0.12400      0.50000      1.00000
    -0.75776      0.12400      0.50000      1.00000
    -0.75576      0.12400      0.50000      1.00000
    -0.75375      0.12400      0.50000      1.00000
    -0.75175      0.12400      0.50000      1.00000
    -0.74975      0.12400      0.50000      1.00000
    -0.74775      0.12400      0.50000      1.00000
    -0.74575      0.12400      0.50000      1.00000
    -0.74374      0.12400      0.50000      1.00000
    -0.74174      0.12400      0.50000      1.00000
    -0.73974      0.12400      0.50000      1.00000
    -0.73774      0.12400      0.50000      1.00000
    -0.73574      0.12400      0.50000      1.00000
    -0.73373      0.12400      0.50000      1.00000
    -0.73173      0.12400      0.50000      1.00000
    -0.72973      0.12400      0.50000      1.00000
    -0.72773      0.12400      0.50000      1.00000
    -0.72573      0.12400      0.50000      1.00000
    -0.72372      0.12400      0.50000      1.00000
    -0.72172      0.12400      0.50000      1.00000
    -0.71972      0.12400      0.50000      1.00000
    -0.71772      0.12400      0.50000      1.00000
    -0.71572      0.12400      0.50000      1.00000
    -0.71371      0.12400      0.50000      1.00000
    -0.71171      0.12400      0.50000      1.00000
    -0.70971      0.12400      0.50000      1.00000
    -0.70771      0.12400      0.50000      1.00000
    -0.70571      0.12400      0.50000      1.00000
    -0.70370      0.12400      0.50000      1.00000
    -0.70170      0.12400      0.50000      1.00000
    -0.69970      0.12400      0.50000      1.00000
    -0.69770      0.12400      0.50000      1.00000
    -0.69570      0.12400      0.50000      1.00000
    -0.69369      0.12400      0.50000      1.00000
    -0.69169      0.12400      0.50000      1.00000
    -0.68969      0.12400      0.50000      1.00000
    -0.68769      0.12400      0.50000      1.00000
    -0.68569      0.12400      0.50000      1.00000
    -0.68368      0.12400      0.50000      1.00000
    -0.68168      0.12400      0.50000      1.00000
    -0.67968      0.12400      0.50000      1.00000
    -0.67768      0.12400      0.50000      1.00000
    -0.67568      0.12400      0.50000      1.00000
    -0.67367      0.12400      0.50000      1.00000
    -0.67167      0.12400      0.50000      1.00000
    -0.66967      0.12400      0.50000      1.00000
    -0.66767      0.12400      0.50000      1.00000
    -0.66567      0.12400      0.50000      1.00000
    -0.66366      0.12400      0.50000      1.00000
    -0.66166      0.12400      0.50000      1.00000
    -0.65966      0.12400      0.50000      1.00000
    -0.65766      0.12400      0.50000      1.00000
    -0.65566      0.12400      0.50000      1.00000
    -0.65365      0.12400      0.50000      1.00000
    -0.65165      0.12400      0.50000      1.00000
    -0.64965      0.12400      0.50000      1.00000
    -0.64765      0.12400      0.50000      1.00000
    -0.64565      0.12400      0.50000      1.00000
    -0.64364      0.12400      0.50000      1.00000
    -0.64164      0.12400      0.50000      1.00000
    -0.63964      0.12400      0.50000      1.00000
    -0.63764      0.12400      0.50000      1.00000
    -0.63564      0.12400      0.50000      1.00000
    -0.63363      0.12400      0.50000      1.00000
    -0.63163      0.12400      0.50000      1.00000
    -0.62963      0.12400      0.50000      1.00000
    -0.62763      0.12400      0.50000      1.00000
    -0.62563      0.12400      0.50000      1.00000
    -0.62362      0.12400      0.50000      1.00000
    -0.62162      0.12400      0.50000      1.00000
    -0.61962      0.12400      0.50000      1.00000
    -0.61762      0.12400      0.50000      1.00000
    -0.61562      0.12400      0.50000      1.00000
    -0.61361      0.12400      0.50000      1.00000
    -0.61161      0.12400      0.50000      1.00000
    -0.60961      0.12400      0.50000      1.00000
    -0.60761      0.12400      0.50000      1.00000
    -0.60561      0.12400      0.50000      1.00000
    -0.60360      0.12400      0.50000      1.00000
    -0.60160      0.12400      0.50000      1.00000
    -0.59960      0.12400      0.50000      1.00000
    -0.59760      0.12400      0.50000      1.00000
    -0.59560      0.12400      0.50000      1.00000
    -0.59359      0.12400      0.50000      1.00000
    -0.59159      0.12400      0.50000      1.00000
    -0.58959      0.12400      0.50000      1.00000
    -0.58759      0.12400      0.50000      1.00000
    -0.58559      0.12400      0.50000      1.00000
    -0.58358      0.12400      0.50000      1.00000
    -0.58158      0.12400      0.50000      1.00000
    -0.57958      0.12400      0.50000      1.00000
    -0.57758      0.12400      0.50000      1.00000
    -0.57558      0.12400      0.50000      1.00000
    -0.57357      0.12400      0.50000      1.00000
    -0.57157      0.12400      0.50000      1.00000
    -0.56957      0.12400      0.50000      1.00000
    -0.56757      0.12400      0.50000      1.00000
    -0.56557      0.12400      0.50000      1.00000
    -0.56356      0.12400      0.50000      1.00000
    -0.56156      0.12400      0.50000      1.00000
    -0.55956      0.12400      0.50000      1.00000
    -0.55756      0.12400      0.50000      1.00000
    -0.55556      0.12400      0.50000      1.00000
    -0.55355      0.12400      0.50000      1.00000
    -0.55155      0.12400      0.50000      1.00000
    -0.54955      0.12400      0.50000      1.00000
    -0.54755      0.12400      0.50000      1.00000
    -0.54555      0.12400      0.50000      1.00000
    -0.54354      0.12400      0.50000      1.00000
    -0.54154      0.12400      0.50000      1.00000
    -0.53954      0.12400      0.50000      1.00000
    -0.53754      0.12400      0.50000      1.00000
    -0.53554      0.12400      0.50000      1.00000
    -0.53353      0.12400      0.50000      1.00000
    -0.53153      0.12400      0.50000      1.00000
    -0.52953      0.12400      0.50000      1.00000
    -0.52753      0.12400      0.50000      1.00000
    -0.52553      0.12400      0.50000      1.00000
    -0.52352      0.12400      0.50000      1.00000
    -0.52152      0.12400      0.50000      1.00000
    -0.51952      0.12400      0.50000      1.00000
    -0.51752      0.12400      0.50000      1.00000
    -0.51552      0.12400      0.50000      1.00000
    -0.51351      0.12400      0.50000      1.00000
    -0.51151      0.12400      0.50000      1.00000
    -0.50951      0.12400      0.50000      1.00000
    -0.50751      0.12400      0.50000      1.00000
    -0.50551      0.12400      0.50000      1.00000
    -0.50350      0.12400      0.50000      1.00000
    -0.50150      0.12400      0.50000      1.00000
    -0.49950      0.12400      0.50000      1.00000
    -0.49750      0.12400      0.50000      1.00000
    -0.49550      0.12400      0.50000      1.00000
    -0.49349      0.12400      0.50000      1.00000
    -0.49149      0.12400      0.50000      1.00000
    -0.48949      0.12400      0.50000      1.00000
    -0.48749      0.12400      0.50000      1.00000
    -0.48549      0.12400      0.50000      1.00000
    -0.48348      0.12400      0.50000      1.00000
    -0.48148      0.12400      0.50000      1.00000
    -0.47948      0.12400      0.50000      1.00000
    -0.47748      0.12400      0.50000      1.00000
    -0.47548      0.12400      0.50000      1.00000
    -0.47347      0.12400      0.50000      1.00000
    -0.47147      0.12400      0.50000      1.00000
    -0.46947      0.12400      0.50000      1.00000
    -0.46747      0.12400      0.50000      1.00000
    -0.46547      0.12400      0.50000      1.00000
    -0.46346      0.12400      0.50000      1.00000
    -0.46146      0.12400      0.50000      1.00000
    -0.45946      0.12400      0.50000      1.00000
    -0.45746      0.12400      0.50000      1.00000
    -0.45546      0.12400      0.50000      1.00000
    -0.45345      0.12400      0.50000      1.00000
    -0.45145      0.12400      0.50000      1.00000
    -0.44945      0.12400      0.50000      1.00000
    -0.44745      0.12400      0.50000      1.00000
    -0.44545      0.12400      0.50000      1.00000
    -0.44344      0.12400      0.50000      1.00000
    -0.44144      0.12400      0.50000      1.00000
    -0.43944      0.12400      0.50000      1.00000
    -0.43744      0.12400      0.50000      1.00000
    -0.43544      0.12400      0.50000      1.00000
    -0.43343      0.12400      0.50000      1.00000
    -0.43143      0.12400      0.50000      1.00000
    -0.42943      0.12400      0.50000      1.00000
    -0.42743      0.12400      0.50000      1.00000
    -0.42543      0.12400      0.50000      1.00000
    -0.42342      0.12400      0.50000      1.00000
    -0.42142      0.12400      0.50000      1.00000
    -0.41942      0.12400      0.50000      1.00000
    -0.41742      0.12400      0.50000      1.00000
    -0.41542      0.12400      0.50000      1.00000
    -0.41341      0.12400      0.50000      1.00000
    -0.41141      0.12400      0.50000      1.00000
    -0.40941      0.12400      0.50000      1.00000
    -0.40741      0.12400      0.50000      1.00000
    -0.40541      0.12400      0.50000      1.00000
    -0.40340      0.12400      0.50000      1.00000
    -0.40140      0.12400      0.50000      1.00000
    -0.39940      0.12400      0.50000      1.00000
    -0.39740      0.12400      0.50000      1.00000
    -0.39540      0.12400      0.50000      1.00000
    -0.39339      0.12400      0.50000      1.00000
    -0.39139      0.12400      0.50000      1.00000
    -0.38939      0.12400      0.50000      1.00000
    -0.38739      0.12400      0.50000      1.00000
    -0.38539      0.12400      0.50000      1.00000
    -0.38338      0.12400      0.50000      1.00000
    -0.38138      0.12400      0.50000      1.00000
    -0.37938      0.12400      0.50000      1.00000
    -0.37738      0.12400      0.50000      1.00000
    -0.37538      0.12400      0.50000      1.00000
    -0.37337      0.12400      0.50000      1.00000
    -0.37137      0.12400      0.50000      1.00000
    -0.36937      0.12400      0.50000      1.00000
    -0.36737      0.12400      0.50000      1.00000
    -0.36537      0.12400      0.50000      1.00000
    -0.36336      0.12400      0.50000      1.00000
    -0.36136      0.12400      0.50000      1.00000
    -0.35936      0.12400      0.50000      1.00000
    -0.35736      0.12400      0.50000      1.00000
    -0.35536      0.12400      0.50000      1.00000
    -0.35335      0.12400      0.50000      1.00000
    -0.35135      0.12400      0.50000      1.00000
    -0.34935      0.12400      0.50000      1.00000
    -0.34735      0.12400      0.50000      1.00000
    -0.34535      0.12400      0.50000      1.00000
    -0.34334      0.12400      0.50000      1.00000
    -0.34134      0.12400      0.50000      1.00000
    -0.33934      0.12400      0.50000      1.00000
    -0.33734      0.12400      0.50000      1.00000
    -0.33534      0.12400      0.50000      1.00000
    -0.33333      0.12400      0.50000      1.00000
    -0.33133      0.12400      0.50000      1.00000
    -0.32933      0.12400      0.50000      1.00000
    -0.32733      0.12400      0.50000      1.00000
    -0.32533      0.12400      0.50000      1.00000
    -0.32332      0.12400      0.50000      1.00000
    -0.32132      0.12400      0.50000      1.00000
    -0.31932      0.12400      0.50000      1.00000
    -0.31732      0.12400      0.50000      1.00000
    -0.31532      0.12400      0.50000      1.00000
    -0.31331      0.12400      0.50000      1.00000
    -0.31131      0.12400      0.50000      1.00000
    -0.30931      0.12400      0.50000      1.00000
    -0.30731      0.12400      0.50000      1.00000
    -0.30531      0.12400      0.50000      1.00000
    -0.30330      0.12400      0.50000      1.00000
    -0.30130      0.12400      0.50000      1.00000
    -0.29930      0.12400      0.50000      1.00000
    -0.29730      0.12400      0.50000      1.00000
    -0.29530      0.12400      0.50000      1.00000
    -0.29329      0.12400      0.50000      1.00000
    -0.29129      0.12400      0.50000      1.00000
    -0.28929      0.12400      0.50000      1.00000
    -0.28729      0.12400      0.50000      1.00000
    -0.28529      0.12400      0.50000      1.00000
    -0.28328      0.12400      0.50000      1.00000
    -0.28128      0.12400      0.50000      1.00000
    -0.27928      0.12400      0.50000      1.00000
    -0.27728      0.12400      0.50000      1.00000
    -0.27528      0.12400      0.50000      1.00000
    -0.27327      0.12400      0.50000      1.00000
    -0.27127      0.12400      0.50000      1.00000
    -0.26927      0.12400      0.50000      1.00000
    -0.26727      0.12400      0.50000      1.00000
    -0.26527      0.12400      0.50000      1.00000
    -0.26326      0.12400      0.50000      1.00000
    -0.26126      0.12400      0.50000      1.00000
    -0.25926      0.12400      0.50000      1.00000
    -0.25726      0.12400      0.50000      1.00000
    -0.25526      0.12400      0.50000      1.00000
    -0.25325      0.12400      0.50000      1.00000
    -0.25125      0.12400      0.50000      1.00000
    -0.24925      0.12400      0.50000      1.00000
    -0.24725      0.12400      0.50000      1.00000
    -0.24525      0.12400      0.50000      1.00000
    -0.24324      0.12400      0.50000      1.00000
    -0.24124      0.12400      0.50000      1.00000
    -0.23924      0.12400      0.50000      1.00000
    -0.23724      0.12400      0.50000      1.00000
    -0.23524      0.12400      0.50000      1.00000
    -0.23323      0.12400      0.50000      1.00000
    -0.23123      0.12400      0.50000      1.00000
    -0.22923      0.12400      0.50000      1.00000
    -0.22723      0.12400      0.50000      1.00000
    -0.22523      0.12400      0.50000      1.00000
    -0.22322      0.12400      0.50000      1.00000
    -0.22122      0.12400      0.50000      1.00000
    -0.21922      0.12400      0.50000      1.00000
    -0.21722      0.12400      0.50000      1.00000
    -0.21522      0.12400      0.50000      1.00000
    -0.21321      0.12400      0.50000      1.00000
    -0.21121      0.12400      0.50000      1.00000
    -0.20921      0.12400      0.50000      1.00000
    -0.20721      0.12400      0.50000      1.00000
    -0.20521      0.12400      0.50000      1.00000
    -0.20320      0.12400      0.50000      1.00000
    -0.20120      0.12400      0.50000      1.00000
    -0.19920      0.12400      0.50000      1.00000
    -0.19720      0.12400      0.50000      1.00000
    -0.19520      0.12400      0.50000      1.00000
    -0.19319      0.12400      0.50000      1.00000
    -0.19119      0.12400      0.50000      1.00000
    -0.18919      0.12400      0.50000      1.00000
    -0.18719      0.12400      0.50000      1.00000
    -0.18519      0.12400      0.50000      1.00000
    -0.18318      0.12400      0.50000      1.00000
    -0.18118      0.12400      0.50000      1.00000
    -0.17918      0.12400      0.50000      1.00000
    -0.17718      0.12400      0.50000      1.00000
    -0.17518      0.12400      0.50000      1.00000
    -0.17317      0.12400      0.50000      1.00000
    -0.17117      0.12400      0.50000      1.00000
    -0.16917      0.12400      0.50000      1.00000
    -0.16717      0.12400      0.50000      1.00000
    -0.16517      0.12400      0.50000      1.00000
    -0.16316      0.12400      0.50000      1.00000
    -0.16116      0.12400      0.50000      1.00000
    -0.15916      0.12400      0.50000      1.00000
    -0.15716      0.12400      0.50000      1.00000
    -0.15516      0.12400      0.50000      1.00000
    -0.15315      0.12400      0.50000      1.00000
    -0.15115      0.12400      0.50000      1.00000
    -0.14915      0.12400      0.50000      1.00000
    -0.14715      0.12400      0.50000      1.00000
    -0.14515      0.12400      0.50000      1.00000
    -0.14314      0.12400      0.50000      1.00000
    -0.14114      0.12286      0.53107      0.98713
    -0.13914      0.12164      0.56444      0.97346
    -0.13714      0.12043      0.59780      0.95995
    -0.13514      0.11923      0.63117      0.94661
    -0.13313      0.11805      0.66454      0.93343
    -0.13113      0.11687      0.69790      0.92040
    -0.12913      0.11570      0.73127      0.90753
    -0.12713      0.11454      0.76464      0.89481
    -0.12513      0.11339      0.79800      0.88225
    -0.12312      0.11224      0.83137      0.86984
    -0.12112      0.11111      0.86474      0.85758
    -0.11912      0.10999      0.89810      0.84547
    -0.11712      0.10887      0.93147      0.83350
    -0.11512      0.10777      0.96484      0.82168
    -0.11311      0.10667      0.99820      0.81000
    -0.11111      0.10559      1.03157      0.79847
    -0.10911      0.10451      1.06494      0.78707
    -0.10711      0.10344      1.09830      0.77582
    -0.10511      0.10238      1.13167      0.76471
    -0.10310      0.10133      1.16504      0.75373
    -0.10110      0.10028      1.19840      0.74289
    -0.09910      0.09925      1.23177      0.73218
    -0.09710      0.09822      1.26514      0.72160
    -0.09510      0.09720      1.29850      0.71115
    -0.09309      0.09619      1.33187      0.70084
    -0.09109      0.09519      1.36524      0.69065
    -0.08909      0.09420      1.39860      0.68059
    -0.08709      0.09322      1.43197      0.67066
    -0.08509      0.09224      1.46534      0.66085
    -0.08308      0.09127      1.49870      0.65116
    -0.08108      0.09031      1.53207      0.64160
    -0.07908      0.08936      1.56544      0.63216
    -0.07708      0.08842      1.59880      0.62283
    -0.07508      0.08748      1.63217      0.61363
    -0.07307      0.08656      1.66554      0.60454
    -0.07107      0.08564      1.69891      0.59556
    -0.06907      0.08472      1.73227      0.58670
    -0.06707      0.08382      1.76564      0.57796
    -0.06507      0.08292      1.79901      0.56932
    -0.06306      0.08204      1.83237      0.56080
    -0.06106      0.08115      1.86574      0.55239
    -0.05906      0.08028      1.89911      0.54408
    -0.05706      0.07941      1.93247      0.53589
    -0.05506      0.07856      1.96584      0.52779
    -0.05305      0.07771      1.99921      0.51981
    -0.05105      0.07686      2.03257      0.51192
    -0.04905      0.07603      2.06594      0.50414
    -0.04705      0.07520      2.09931      0.49647
    -0.04505      0.07438      2.13267      0.48889
    -0.04304      0.07356      2.16604      0.48141
    -0.04104      0.07275      2.19941      0.47403
    -0.03904      0.07195      2.23277      0.46675
    -0.03704      0.07116      2.26614      0.45956
    -0.03504      0.07037      2.29951      0.45247
    -0.03303      0.06959      2.33287      0.44547
    -0.03103      0.06882      2.36624      0.43856
    -0.02903      0.06806      2.39961      0.43175
    -0.02703      0.06730      2.43297      0.42503
    -0.02503      0.06655      2.46634      0.41839
    -0.02302      0.06580      2.49971      0.41185
    -0.02102      0.06506      2.53307      0.40540
    -0.01902      0.06433      2.56644      0.39903
    -0.01702      0.06361      2.59981      0.39274
    -0.01502      0.06289      2.63317      0.38655
    -0.01301      0.06218      2.66654      0.38043
    -0.01101      0.06147      2.69991      0.37440
    -0.00901      0.06077      2.73327      0.36845
    -0.00701      0.06008      2.76664      0.36259
    -0.00501      0.05939      2.80001      0.35680
    -0.00300      0.05871      2.83337      0.35109
    -0.00100      0.05804      2.86674      0.34546
     0.00100      0.05737      2.90011      0.33991
     0.00300      0.05671      2.93347      0.33444
     0.00501      0.05605      2.96684      0.32904
     0.00701      0.05540      3.00021      0.32371
     0.00901      0.05476      3.03357      0.31846
     0.01101      0.05412      3.06694      0.31329
     0.01301      0.05349      3.10031      0.30818
     0.01502      0.05287      3.13367      0.30315
     0.01702      0.05225      3.16704      0.29818
     0.01902      0.05163      3.20041      0.29329
     0.02102      0.05102      3.23377      0.28847
     0.02302      0.05042      3.26714      0.28371
     0.02503      0.04983      3.30051      0.27902
     0.02703      0.04923      3.33387      0.27440
     0.02903      0.04865      3.36724      0.26985
     0.03103      0.04807      3.40061      0.26535
     0.03303      0.04750      3.43397      0.26093
     0.03504      0.04693      3.46734      0.25656
     0.03704      0.04636      3.50071      0.25226
     0.03904      0.04581      3.53407      0.24802
     0.04104      0.04525      3.56744      0.24385
     0.04304      0.04471      3.60081      0.23973
     0.04505      0.04416      3.63417      0.23567
     0.04705      0.04363      3.66754      0.23167
     0.04905      0.04310      3.70091      0.22773
     0.05105      0.04257      3.73427      0.22385
     0.05305      0.04205      3.76764      0.22003
     0.05506      0.04153      3.80101      0.21626
     0.05706      0.04102      3.83437      0.21254
     0.05906      0.04052      3.86774      0.20888
     0.06106      0.04002      3.90111      0.20528
     0.06306      0.03952      3.93447      0.20173
     0.06507      0.03903      3.96784      0.19823
     0.06707      0.03854      4.00121      0.19478
     0.06907      0.03806      4.03457      0.19139
     0.07107      0.03759      4.06794      0.18804
     0.07307      0.03711      4.10131      0.18475
     0.07508      0.03665      4.13467      0.18150
     0.07708      0.03619      4.16804      0.17831
     0.07908      0.03573      4.20141      0.17516
     0.08108      0.03528      4.23477      0.17206
     0.08308      0.03483      4.26814      0.16901
     0.08509      0.03438      4.30151      0.16600
     0.08709      0.03395      4.33487      0.16304
     0.08909      0.03351      4.36824      0.16013
     0.09109      0.03308      4.40161      0.15726
     0.09309      0.03266      4.43497      0.15443
     0.09510      0.03223      4.46834      0.15165
     0.09710      0.03182      4.50171      0.14891
     0.09910      0.03140      4.53507      0.14622
     0.10110      0.03100      4.56844      0.14356
     0.10310      0.03059      4.60181      0.14095
     0.10511      0.03019      4.63517      0.13838
     0.10711      0.02980      4.66854      0.13584
     0.10911      0.02941      4.70191      0.13335
     0.11111      0.02902      4.73527      0.13090
     0.11311      0.02863      4.76864      0.12849
     0.11512      0.02826      4.80201      0.12611
     0.11712      0.02788      4.83537      0.12377
     0.11912      0.02751      4.86874      0.12147
     0.12112      0.02714      4.90211      0.11921
     0.12312      0.02678      4.93547      0.11698
     0.12513      0.02642      4.96884      0.11479
     0.12713      0.02606      5.00221      0.11263
     0.12913      0.02571      5.03558      0.11051
     0.13113      0.02536      5.06894      0.10842
     0.13313      0.02502      5.10231      0.10637
     0.13514      0.02468      5.13568      0.10435
     0.13714      0.02434      5.16904      0.10236
     0.13914      0.02401      5.20241      0.10041
     0.14114      0.02368      5.23578      0.09848
     0.14314      0.02336      5.26914      0.09659
     0.14515      0.02303      5.30251      0.09473
     0.14715      0.02271      5.33588      0.09291
     0.14915      0.02240      5.36924      0.09111
     0.15115      0.02209      5.40261      0.08934
     0.15315      0.02178      5.43598      0.08760
     0.15516      0.02148      5.46934      0.08589
     0.15716      0.02117      5.50271      0.08421
     0.15916      0.02088      5.53608      0.08255
     0.16116      0.02058      5.56944      0.08093
     0.16316      0.02029      5.60281      0.07933
     0.16517      0.02000      5.63618      0.07776
     0.16717      0.01972      5.66954      0.07622
     0.16917      0.01944      5.70291      0.07470
     0.17117      0.01916      5.73628      0.07321
     0.17317      0.01889      5.76964      0.07174
     0.17518      0.01861      5.80301      0.07030
     0.17718      0.01834      5.83638      0.06889
     0.17918      0.01808      5.86974      0.06750
     0.18118      0.01782      5.90311      0.06613
     0.18318      0.01756      5.93648      0.06478
     0.18519      0.01730      5.96984      0.06346
     0.18719      0.01705      6.00321      0.06217
     0.18919      0.01680      6.03658      0.06089
     0.19119      0.01655      6.06994      0.05964
     0.19319      0.01631      6.10331      0.05841
     0.19520      0.01606      6.13668      0.05721
     0.19720      0.01583      6.17004      0.05602
     0.19920      0.01559      6.20341      0.05485
     0.20120      0.01536      6.23678      0.05371
     0.20320      0.01513      6.27014      0.05259
     0.20521      0.01490      6.30351      0.05148
     0.20721      0.01468      6.33688      0.05040
     0.20921      0.01445      6.37024      0.04934
     0.21121      0.01423      6.40361      0.04829
     0.21321      0.01402      6.43698      0.04727
     0.21522      0.01380      6.47034      0.04626
     0.21722      0.01359      6.50371      0.04527
     0.21922      0.01338      6.53708      0.04430
     0.22122      0.01318      6.57044      0.04335
     0.22322      0.01297      6.60381      0.04241
     0.22523      0.01277      6.63718      0.04150
     0.22723      0.01257      6.67054      0.04059
     0.22923      0.01238      6.70391      0.03971
     0.23123      0.01218      6.73728      0.03884
     0.23323      0.01199      6.77064      0.03799
     0.23524      0.01180      6.80401      0.03716
     0.23724      0.01162      6.83738      0.03634
     0.23924      0.01143      6.87074      0.03554
     0.24124      0.01125      6.90411      0.03475
     0.24324      0.01107      6.93748      0.03397
     0.24525      0.01090      6.97084      0.03322
     0.24725      0.01072      7.00421      0.03247
     0.24925      0.01055      7.03758      0.03174
     0.25125      0.01038      7.07094      0.03103
     0.25325      0.01021      7.10431      0.03033
     0.25526      0.01004      7.13768      0.02964
     0.25726      0.00988      7.17104      0.02896
     0.25926      0.00972      7.20441      0.02830
     0.26126      0.00956      7.23778      0.02765
     0.26326      0.00940      7.27114      0.02702
     0.26527      0.00925      7.30451      0.02640
     0.26727      0.00909      7.33788      0.02578
     0.26927      0.00894      7.37124      0.02519
     0.27127      0.00879      7.40461      0.02460
     0.27327      0.00864      7.43798      0.02403
     0.27528      0.00850      7.47134      0.02346
     0.27728      0.00836      7.50471      0.02291
     0.27928      0.00821      7.53808      0.02237
     0.28128      0.00808      7.57144      0.02184
     0.28328      0.00794      7.60481      0.02132
     0.28529      0.00780      7.63818      0.02081
     0.28729      0.00767      7.67154      0.02031
     0.28929      0.00754      7.70491      0.01983
     0.29129      0.00741      7.73828      0.01935
     0.29329      0.00728      7.77164      0.01888
     0.29530      0.00715      7.80501      0.01842
     0.29730      0.00703      7.83838      0.01798
     0.29930      0.00690      7.87174      0.01754
     0.30130      0.00678      7.90511      0.01711
     0.30330      0.00666      7.93848      0.01669
     0.30531      0.00655      7.97184      0.01627
     0.30731      0.00643      8.00521      0.01587
     0.30931      0.00631      8.03858      0.01548
     0.31131      0.00620      8.07194      0.01509
     0.31331      0.00609      8.10531      0.01471
     0.31532      0.00598      8.13868      0.01434
     0.31732      0.00587      8.17204      0.01398
     0.31932      0.00577      8.20541      0.01363
     0.32132      0.00566      8.23878      0.01328
     0.32332      0.00556      8.27214      0.01294
     0.32533      0.00546      8.30551      0.01261
     0.32733      0.00535      8.33888      0.01229
     0.32933      0.00526      8.37225      0.01197
     0.33133      0.00516      8.40561      0.01166
     0.33333      0.00506      8.43898      0.01136
     0.33534      0.00497      8.47235      0.01106
     0.33734      0.00487      8.50571      0.01077
     0.33934      0.00478      8.53908      0.01049
     0.34134      0.00469      8.57245      0.01021
     0.34334      0.00460      8.60581      0.00994
     0.34535      0.00452      8.63918      0.00968
     0.34735      0.00443      8.67255      0.00942
     0.34935      0.00434      8.70591      0.00917
     0.35135      0.00426      8.73928      0.00892
     0.35335      0.00418      8.77265      0.00868
     0.35536      0.00410      8.80601      0.00845
     0.35736      0.00402      8.83938      0.00822
     0.35936      0.00394      8.87275      0.00799
     0.36136      0.00386      8.90611      0.00777
     0.36336      0.00379      8.93948      0.00756
     0.36537      0.00371      8.97285      0.00735
     0.36737      0.00364      9.00621      0.00715
     0.36937      0.00356      9.03958      0.00695
     0.37137      0.00349      9.07295      0.00676
     0.37337      0.00342      9.10631      0.00657
     0.37538      0.00335      9.13968      0.00638
     0.37738      0.00329      9.17305      0.00620
     0.37938      0.00322      9.20641      0.00602
     0.38138      0.00315      9.23978      0.00585
     0.38338      0.00309      9.27315      0.00569
     0.38539      0.00302      9.30651      0.00552
     0.38739      0.00296      9.33988      0.00536
     0.38939      0.00290      9.37325      0.00521
     0.39139      0.00284      9.40661      0.00506
     0.39339      0.00278      9.43998      0.00491
     0.39540      0.00272      9.47335      0.00476
     0.39740      0.00266      9.50671      0.00462
     0.39940      0.00261      9.54008      0.00449
     0.40140      0.00255      9.57345      0.00435
     0.40340      0.00250      9.60681      0.00422
     0.40541      0.00244      9.64018      0.00410
     0.40741      0.00239      9.67355      0.00397
     0.40941      0.00234      9.70691      0.00385
     0.41141      0.00229      9.74028      0.00374
     0.41341      0.00224      9.77365      0.00362
     0.41542      0.00219      9.80701      0.00351
     0.41742      0.00214      9.84038      0.00340
     0.41942      0.00209      9.87375      0.00330
     0.42142      0.00205      9.90711      0.00320
     0.42342      0.00200      9.94048      0.00310
     0.42543      0.00196      9.97385      0.00300
     0.42743      0.00191     10.00721      0.00291
     0.42943      0.00187     10.04058      0.00281
     0.43143      0.00183     10.07395      0.00272
     0.43343      0.00178     10.10731      0.00264
     0.43544      0.00174     10.14068      0.00255
     0.43744      0.00170     10.17405      0.00247
     0.43944      0.00166     10.20741      0.00239
     0.44144      0.00162     10.24078      0.00231
     0.44344      0.00159     10.27415      0.00224
     0.44545      0.00155     10.30751      0.00216
     0.44745      0.00151     10.34088      0.00209
     0.44945      0.00148     10.37425      0.00202
     0.45145      0.00144     10.40761      0.00196
     0.45345      0.00141     10.44098      0.00189
     0.45546      0.00137     10.47435      0.00183
     0.45746      0.00134     10.50771      0.00177
     0.45946      0.00131     10.54108      0.00171
     0.46146      0.00128     10.57445      0.00165
     0.46346      0.00124     10.60781      0.00159
     0.46547      0.00121     10.64118      0.00154
     0.46747      0.00118     10.67455      0.00148
     0.46947      0.00115     10.70791      0.00143
     0.47147      0.00112     10.74128      0.00138
     0.47347      0.00110     10.77465      0.00133
     0.47548      0.00107     10.80801      0.00129
     0.47748      0.00104     10.84138      0.00124
     0.47948      0.00101     10.87475      0.00120
     0.48148      0.00099     10.90811      0.00115
     0.48348      0.00096     10.94148      0.00111
     0.48549      0.00094     10.97485      0.00107
     0.48749      0.00091     11.00821      0.00103
     0.48949      0.00089     11.04158      0.00100
     0.49149      0.00087     11.07495      0.00096
     0.49349      0.00084     11.10831      0.00092
     0.49550      0.00082     11.14168      0.00089
     0.49750      0.00080     11.17505      0.00086
     0.49950      0.00078     11.20841      0.00082
     0.50150      0.00076     11.24178      0.00079
     0.50350      0.00074     11.27515      0.00076
     0.50551      0.00072     11.30851      0.00073
     0.50751      0.00070     11.34188      0.00071
     0.50951      0.00068     11.37525      0.00068
     0.51151      0.00066     11.40861      0.00065
     0.51351      0.00064     11.44198      0.00063
     0.51552      0.00062     11.47535      0.00060
     0.51752      0.00060     11.50871      0.00058
     0.51952      0.00059     11.54208      0.00056
     0.52152      0.00057     11.57545      0.00053
     0.52352      0.00055     11.60881      0.00051
     0.52553      0.00054     11.64218      0.00049
     0.52753      0.00052     11.67555      0.00047
     0.52953      0.00051     11.70892      0.00045
     0.53153      0.00049     11.74228      0.00043
     0.53353      0.00048     11.77565      0.00042
     0.53554      0.00046     11.80902      0.00040
     0.53754      0.00045     11.84238      0.00038
     0.53954      0.00044     11.87575      0.00037
     0.54154      0.00042     11.90912      0.00035
     0.54354      0.00041     11.94248      0.00034
     0.54555      0.00040     11.97585      0.00032
     0.54755      0.00038     12.00922      0.00031
     0.54955      0.00037     12.04258      0.00029
     0.55155      0.00036     12.07595      0.00028
     0.55355      0.00035     12.10932      0.00027
     0.55556      0.00034     12.14268      0.00026
     0.55756      0.00033     12.17605      0.00025
     0.55956      0.00032     12.20942      0.00023
     0.56156      0.00031     12.24278      0.00022
     0.56356      0.00030     12.27615      0.00021
     0.56557      0.00029     12.30952      0.00020
     0.56757      0.00028     12.34288      0.00019
     0.56957      0.00027     12.37625      0.00019
     0.57157      0.00026     12.40962      0.00018
     0.57357      0.00025     12.44298      0.00017
     0.57558      0.00024     12.47635      0.00016
     0.57758      0.00023     12.50972      0.00015
     0.57958      0.00023     12.54308      0.00015
     0.58158      0.00022     12.57645      0.00014
     0.58358      0.00021     12.60982      0.00013
     0.58559      0.00020     12.64318      0.00013
     0.58759      0.00020     12.67655      0.00012
     0.58959      0.00019     12.70992      0.00011
     0.59159      0.00018     12.74328      0.00011
     0.59359      0.00018     12.77665      0.00010
     0.59560      0.00017     12.81002      0.00010
     0.59760      0.00016     12.84338      0.00009
     0.59960      0.00016     12.87675      0.00009
     0.60160      0.00015     12.91012      0.00008
     0.60360      0.00015     12.94348      0.00008
     0.60561      0.00014     12.97685      0.00007
     0.60761      0.00013     13.01022      0.00007
     0.60961      0.00013     13.04358      0.00007
     0.61161      0.00012     13.07695      0.00006
     0.61361      0.00012     13.11032      0.00006
     0.61562      0.00011     13.14368      0.00006
     0.61762      0.00011     13.17705      0.00005
     0.61962      0.00011     13.21042      0.00005
     0.62162      0.00010     13.24378      0.00005
     0.62362      0.00010     13.27715      0.00005
     0.62563      0.00009     13.31052      0.00004
     0.62763      0.00009     13.34388      0.00004
     0.62963      0.00009     13.37725      0.00004
     0.63163      0.00008     13.41062      0.00004
     0.63363      0.00008     13.44398      0.00003
     0.63564      0.00008     13.47735      0.00003
     0.63764      0.00007     13.51072      0.00003
     0.63964      0.00007     13.54408      0.00003
     0.64164      0.00007     13.57745      0.00003
     0.64364      0.00006     13.61082      0.00002
     0.64565      0.00006     13.64418      0.00002
     0.64765      0.00006     13.67755      0.00002
     0.64965      0.00006     13.71092      0.00002
     0.65165      0.00005     13.74428      0.00002
     0.65365      0.00005     13.77765      0.00002
     0.65566      0.00005     13.81102      0.00002
     0.65766      0.00005     13.84438      0.00002
     0.65966      0.00004     13.87775      0.00001
     0.66166      0.00004     13.91112      0.00001
     0.66366      0.00004     13.94448      0.00001
     0.66567      0.00004     13.97785      0.00001
     0.66767      0.00004     14.01122      0.00001
     0.66967      0.00003     14.04458      0.00001
     0.67167      0.00003     14.07795      0.00001
     0.67367      0.00003     14.11132      0.00001
     0.67568      0.00003     14.14468      0.00001
     0.67768      0.00003     14.17805      0.00001
     0.67968      0.00003     14.21142      0.00001
     0.68168      0.00002     14.24478      0.00001
     0.68368      0.00002     14.27815      0.00001
     0.68569      0.00002     14.31152      0.00001
     0.68769      0.00002     14.34488      0.00001
     0.68969      0.00002     14.37825      0.00000
     0.69169      0.00002     14.41162      0.00000
     0.69369      0.00002     14.44498      0.00000
     0.69570      0.00002     14.47835      0.00000
     0.69770      0.00002     14.51172      0.00000
     0.69970      0.00001     14.54508      0.00000
     0.70170      0.00001     14.57845      0.00000
     0.70370      0.00001     14.61182      0.00000
     0.70571      0.00001     14.64518      0.00000
     0.70771      0.00001     14.67855      0.00000
     0.70971      0.00001     14.71192      0.00000
     0.71171      0.00001     14.74528      0.00000
     0.71371      0.00001     14.77865      0.00000
     0.71572      0.00001     14.81202      0.00000
     0.71772      0.00001     14.84538      0.00000
     0.71972      0.00001     14.87875      0.00000
     0.72172      0.00001     14.91212      0.00000
     0.72372      0.00001     14.94548      0.00000
     0.72573      0.00001     14.97885      0.00000
     0.72773      0.00001     15.01222      0.00000
     0.72973      0.00001     15.04559      0.00000
     0.73173      0.00001     15.07895      0.00000
     0.73373      0.00000     15.11232      0.00000
     0.73574      0.00000     15.14569      0.00000
     0.73774      0.00000     15.17905      0.00000
     0.73974      0.00000     15.21242      0.00000
     0.74174      0.00000     15.24579      0.00000
     0.74374      0.00000     15.27915      0.00000
     0.74575      0.00000     15.31252      0.00000
     0.74775      0.00000     15.34589      0.00000
     0.74975      0.00000     15.37925      0.00000
     0.75175      0.00000     15.41262      0.00000
     0.75375      0.00000     15.44599      0.00000
     0.75576      0.00000     15.47935      0.00000
     0.75776      0.00000     15.51272      0.00000
     0.75976      0.00000     15.54609      0.00000
     0.76176      0.00000     15.57945      0.00000
     0.76376      0.00000     15.61282      0.00000
     0.76577      0.00000     15.64619      0.00000
     0.76777      0.00000     15.67955      0.00000
     0.76977      0.00000     15.71292      0.00000
     0.77177      0.00000     15.74629      0.00000
     0.77377      0.00000     15.77965      0.00000
     0.77578      0.00000     15.81302      0.00000
     0.77778      0.00000     15.84639      0.00000
     0.77978      0.00000     15.87975      0.00000
     0.78178      0.00000     15.91312      0.00000
     0.78378      0.00000     15.94649      0.00000
     0.78579      0.00000     15.97985      0.00000
     0.78779      0.00000     16.01322      0.00000
     0.78979      0.00000     16.04659      0.00000
     0.79179      0.00000     16.07995      0.00000
     0.79379      0.00000     16.11332      0.00000
     0.79580      0.00000     16.14669      0.00000
     0.79780      0.00000     16.18005      0.00000
     0.79980      0.00000     16.21342      0.00000
     0.80180      0.00000     16.24679      0.00000
     0.80380      0.00000     16.28015      0.00000
     0.80581      0.00000     16.31352      0.00000
     0.80781      0.00000     16.34689      0.00000
     0.80981      0.00000     16.38025      0.00000
     0.81181      0.00000     16.41362      0.00000
     0.81381      0.00000     16.44699      0.00000
     0.81582      0.00000     16.48035      0.00000
     0.81782      0.00000     16.51372      0.00000
     0.81982      0.00000     16.54709      0.00000
     0.82182      0.00000     16.58045      0.00000
     0.82382      0.00000     16.61382      0.00000
     0.82583      0.00000     16.64719      0.00000
     0.82783      0.00000     16.68055      0.00000
     0.82983      0.00000     16.71392      0.00000
     0.83183      0.00000     16.74729      0.00000
     0.83383      0.00000     16.78065      0.00000
     0.83584      0.00000     16.81402      0.00000
     0.83784      0.00000     16.84739      0.00000
     0.83984      0.00000     16.88075      0.00000
     0.84184      0.00000     16.91412      0.00000
     0.84384      0.00000     16.94749      0.00000
     0.84585      0.00000     16.98085      0.00000
     0.84785      0.00000     17.01422      0.00000
     0.84985      0.00000     17.04759      0.00000
     0.85185      0.00000     17.08095      0.00000
     0.85385      0.00000     17.11432      0.00000
     0.85586      0.00000     17.14769      0.00000
     0.85786      0.00000     17.18105      0.00000
     0.85986      0.00000     17.21442      0.00000
     0.86186      0.00000     17.24779      0.00000
     0.86386      0.00000     17.28115      0.00000
     0.86587      0.00000     17.30054      0.00000
     0.86787      0.00000     17.30054      0.00000
     0.86987      0.00000     17.30054      0.00000
     0.87187      0.00000     17.30054      0.00000
     0.87387      0.00000     17.30054      0.00000
     0.87588      0.00000     17.30054      0.00000
     0.87788      0.00000     17.30054      0.00000
     0.87988      0.00000     17.30054      0.00000
     0.88188      0.00000     17.30054      0.00000
     0.88388      0.00000     17.30054      0.00000
     0.88589      0.00000     17.30054      0.00000
     0.88789      0.00000     17.30054      0.00000
     0.88989      0.00000     17.30054      0.00000
     0.89189      0.00000     17.30054      0.00000
     0.89389      0.00000     17.30054      0.00000
     0.89590      0.00000     17.30054      0.00000
     0.89790      0.00000     17.30054      0.00000
     0.89990      0.00000     17.30054      0.00000
     0.90190      0.00000     17.30054      0.00000
     0.90390      0.00000     17.30054      0.00000
     0.90591      0.00000     17.30054      0.00000
     0.90791      0.00000     17.30054      0.00000
     0.90991      0.00000     17.30054      0.00000
     0.91191      0.00000     17.30054      0.00000
     0.91391      0.00000     17.30054      0.00000
     0.91592      0.00000     17.30054      0.00000
     0.91792      0.00000     17.30054      0.00000
     0.91992      0.00000     17.30054      0.00000
     0.92192      0.00000     17.30054      0.00000
     0.92392      0.00000     17.30054      0.00000
     0.92593      0.00000     17.30054      0.00000
     0.92793      0.00000     17.30054      0.00000
     0.92993      0.00000     17.30054      0.00000
     0.93193      0.00000     17.30054      0.00000
     0.93393      0.00000     17.30054      0.00000
     0.93594      0.00000     17.30054      0.00000
     0.93794      0.00000     17.30054      0.00000
     0.93994      0.00000     17.30054      0.00000
     0.94194      0.00000     17.30054      0.00000
     0.94394      0.00000     17.30054      0.00000
     0.94595      0.00000     17.30054      0.00000
     0.94795      0.00000     17.30054      0.00000
     0.94995      0.00000     17.30054      0.00000
     0.95195      0.00000     17.30054      0.00000
     0.95395      0.00000     17.30054      0.00000
     0.95596      0.00000     17.30054      0.00000
     0.95796      0.00000     17.30054      0.00000
     0.95996      0.00000     17.30054      0.00000
     0.96196      0.00000     17.30054      0.00000
     0.96396      0.00000     17.30054      0.00000
     0.96597      0.00000     17.30054      0.00000
     0.96797      0.00000     17.30054      0.00000
     0.96997      0.00000     17.30054      0.00000
     0.97197      0.00000     17.30054      0.00000
     0.97397      0.00000     17.30054      0.00000
     0.97598      0.00000     17.30054      0.00000
     0.97798      0.00000     17.30054      0.00000
     0.97998      0.00000     17.30054      0.00000
     0.98198      0.00000     17.30054      0.00000
     0.98398      0.00000     17.30054      0.00000
     0.98599      0.00000     17.30054      0.00000
     0.98799      0.00000     17.30054      0.00000
     0.98999      0.00000     17.30054      0.00000
     0.99199      0.00000     17.30054      0.00000
     0.99399      0.00000     17.30054      0.00000
     0.99600      0.00000     17.30054      0.00000
     0.99800      0.00000     17.30054      0.00000
     1.00000      0.00000     17.30054      0.00000
