t =     0.1750
           x          rho            u            p
    -1.00000      0.12400      0.50000      1.00000
    -0.99800      0.12400      0.50000      1.00000
    -0.99600      0.12400      0.50000      1.00000
    -0.99399      0.12400      0.50000      1.00000
    -0.99199      0.12400      0.50000      1.00000
    -0.98999      0.12400      0.50000      1.00000
    -0.98799      0.12400      0.50000      1.00000
    -0.98599      0.12400      0.50000      1.00000
    -0.98398      0.12400      0.50000      1.00000
    -0.98198      0.12400      0.50000      1.00000
    -0.97998      0.12400      0.50000      1.00000
    -0.97798      0.12400      0.50000      1.00000
    -0.97598      0.12400      0.50000      1.00000
    -0.97397      0.12400      0.50000      1.00000
    -0.97197      0.12400      0.50000      1.00000
    -0.96997      0.12400      0.50000      1.00000
    -0.96797      0.12400      0.50000      1.00000
    -0.96597      0.12400      0.50000      1.00000
    -0.96396      0.12400      0.50000      1.00000
    -0.96196      0.12400      0.50000      1.00000
    -0.95996      0.12400      0.50000      1.00000
    -0.95796      0.12400      0.50000      1.00000
    -0.95596      0.12400      0.50000      1.00000
    -0.95395      0.12400      0.50000      1.00000
    -0.95195      0.12400      0.50000      1.00000
    -0.94995      0.12400      0.50000      1.00000
    -0.94795      0.12400      0.50000      1.00000
    -0.94595      0.12400      0.50000      1.00000
    -0.94394      0.12400      0.50000      1.00000
    -0.94194      0.12400      0.50000      1.00000
    -0.93994      0.12400      0.50000      1.00000
    -0.93794      0.12400      0.50000      1.00000
    -0.93594      0.12400      0.50000      1.00000
    -0.93393      0.12400      0.50000      1.00000
    -0.93193      0.12400      0.50000      1.00000
    -0.92993      0.12400      0.50000      1.00000
    -0.92793      0.12400      0.50000      1.00000
    -0.92593      0.12400      0.50000      1.00000
    -0.92392      0.12400      0.50000      1.00000
    -0.92192      0.12400      0.50000      1.00000
    -0.91992      0.12400      0.50000      1.00000
    -0.91792      0.12400      0.50000      1.00000
    -0.91592      0.12400      0.50000      1.00000
    -0.91391      0.12400      0.50000      1.00000
    -0.91191      0.12400      0.50000      1.00000
    -0.90991      0.12400      0.50000      1.00000
    -0.90791      0.12400      0.50000      1.00000
    -0.90591      0.12400      0.50000      1.00000
    -0.90390      0.12400      0.50000      1.00000
    -0.90190      0.12400      0.50000      1.00000
    -0.89990      0.12400      0.50000      1.00000
    -0.89790      0.12400      0.50000      1.00000
    -0.89590      0.12400      0.50000      1.00000
    -0.89389      0.12400      0.50000      1.00000
    -0.89189      0.12400      0.50000      1.00000
    -0.88989      0.12400      0.50000      1.00000
    -0.88789      0.12400      0.50000      1.00000
    -0.88589      0.12400      0.50000      1.00000
    -0.88388      0.12400      0.50000      1.00000
    -0.88188      0.12400      0.50000      1.00000
    -0.87988      0.12400      0.50000      1.00000
    -0.87788      0.12400      0.50000      1.00000
    -0.87588      0.12400      0.50000      1.00000
    -0.87387      0.12400      0.50000      1.00000
    -0.87187      0.12400      0.50000      1.00000
    -0.86987      0.12400      0.50000      1.00000
    -0.86787      0.12400      0.50000      1.00000
    -0.86587      0.12400      0.50000      1.00000
    -0.86386      0.12400      0.50000      1.00000
    -0.86186      0.12400      0.50000      1.00000
    -0.85986      0.12400      0.50000      1.00000
    -0.85786      0.12400      0.50000      1.00000
    -0.85586      0.12400      0.50000      1.00000
    -0.85385      0.12400      0.50000      1.00000
    -0.85185      0.12400      0.50000      1.00000
    -0.84985      0.12400      0.50000      1.00000
    -0.84785      0.12400      0.50000      1.00000
    -0.84585      0.12400      0.50000      1.00000
    -0.84384      0.12400      0.50000      1.00000
    -0.84184      0.12400      0.50000      1.00000
    -0.83984      0.12400      0.50000      1.00000
    -0.83784      0.12400      0.50000      1.00000
    -0.83584      0.12400      0.50000      1.00000
    -0.83383      0.12400      0.50000      1.00000
    -0.83183      0.12400      0.50000      1.00000
    -0.82983      0.12400      0.50000      1.00000
    -0.82783      0.12400      0.50000      1.00000
    -0.82583      0.12400      0.50000      1.00000
    -0.82382      0.12400      0.50000      1.00000
    -0.82182      0.12400      0.50000      1.00000
    -0.81982      0.12400      0.50000      1.00000
    -0.81782      0.12400      0.50000      1.00000
    -0.81582      0.12400      0.50000      1.00000
    -0.81381      0.12400      0.50000      1.00000
    -0.81181      0.12400      0.50000      1.00000
    -0.80981      0.12400      0.50000      1.00000
    -0.80781      0.12400      0.50000      1.00000
    -0.80581      0.12400      0.50000      1.00000
    -0.80380      0.12400      0.50000      1.00000
    -0.80180      0.12400      0.50000      1.00000
    -0.79980      0.12400      0.50000      1.00000
    -0.79780      0.12400      0.50000      1.00000
    -0.79580      0.12400      0.50000      1.00000
    -0.79379      0.12400      0.50000      1.00000
    -0.79179      0.12400      0.50000      1.00000
    -0.78979      0.12400      0.50000      1.00000
    -0.78779      0.12400      0.50000      1.00000
    -0.78579      0.12400      0.50000      1.00000
    -0.78378      0.12400      0.50000      1.00000
    -0.78178      0.12400      0.50000      1.00000
    -0.77978      0.12400      0.50000      1.00000
    -0.77778      0.12400      0.50000      1.00000
    -0.77578      0.12400      0.50000      1.00000
    -0.77377      0.12400      0.50000      1.00000
    -0.77177      0.12400      0.50000      1.00000
    -0.76977      0.12400      0.50000      1.00000
    -0.76777      0.12400      0.50000      1.00000
    -0.76577      0.12400      0.50000      1.00000
    -0.76376      0.12400      0.50000      1.00000
    -0.76176      0.12400      0.50000      1.00000
    -0.75976      0.12400      0.50000      1.00000
    -0.75776      0.12400      0.50000      1.00000
    -0.75576      0.12400      0.50000      1.00000
    -0.75375      0.12400      0.50000      1.00000
    -0.75175      0.12400      0.50000      1.00000
    -0.74975      0.12400      0.50000      1.00000
    -0.74775      0.12400      0.50000      1.00000
    -0.74575      0.12400      0.50000      1.00000
    -0.74374      0.12400      0.50000      1.00000
    -0.74174      0.12400      0.50000      1.00000
    -0.73974      0.12400      0.50000      1.00000
    -0.73774      0.12400      0.50000      1.00000
    -0.73574      0.12400      0.50000      1.00000
    -0.73373      0.12400      0.50000      1.00000
    -0.73173      0.12400      0.50000      1.00000
    -0.72973      0.12400      0.50000      1.00000
    -0.72773      0.12400      0.50000      1.00000
    -0.72573      0.12400      0.50000      1.00000
    -0.72372      0.12400      0.50000      1.00000
    -0.72172      0.12400      0.50000      1.00000
    -0.71972      0.12400      0.50000      1.00000
    -0.71772      0.12400      0.50000      1.00000
    -0.71572      0.12400      0.50000      1.00000
    -0.71371      0.12400      0.50000      1.00000
    -0.71171      0.12400      0.50000      1.00000
    -0.70971      0.12400      0.50000      1.00000
    -0.70771      0.12400      0.50000      1.00000
    -0.70571      0.12400      0.50000      1.00000
    -0.70370      0.12400      0.50000      1.00000
    -0.70170      0.12400      0.50000      1.00000
    -0.69970      0.12400      0.50000      1.00000
    -0.69770      0.12400      0.50000      1.00000
    -0.69570      0.12400      0.50000      1.00000
    -0.69369      0.12400      0.50000      1.00000
    -0.69169      0.12400      0.50000      1.00000
    -0.68969      0.12400      0.50000      1.00000
    -0.68769      0.12400      0.50000      1.00000
    -0.68569      0.12400      0.50000      1.00000
    -0.68368      0.12400      0.50000      1.00000
    -0.68168      0.12400      0.50000      1.00000
    -0.67968      0.12400      0.50000      1.00000
    -0.67768      0.12400      0.50000      1.00000
    -0.67568      0.12400      0.50000      1.00000
    -0.67367      0.12400      0.50000      1.00000
    -0.67167      0.12400      0.50000      1.00000
    -0.66967      0.12400      0.50000      1.00000
    -0.66767      0.12400      0.50000      1.00000
    -0.66567      0.12400      0.50000      1.00000
    -0.66366      0.12400      0.50000      1.00000
    -0.66166      0.12400      0.50000      1.00000
    -0.65966      0.12400      0.50000      1.00000
    -0.65766      0.12400      0.50000      1.00000
    -0.65566      0.12400      0.50000      1.00000
    -0.65365      0.12400      0.50000      1.00000
    -0.65165      0.12400      0.50000      1.00000
    -0.64965      0.12400      0.50000      1.00000
    -0.64765      0.12400      0.50000      1.00000
    -0.64565      0.12400      0.50000      1.00000
    -0.64364      0.12400      0.50000      1.00000
    -0.64164      0.12400      0.50000      1.00000
    -0.63964      0.12400      0.50000      1.00000
    -0.63764      0.12400      0.50000      1.00000
    -0.63564      0.12400      0.50000      1.00000
    -0.63363      0.12400      0.50000      1.00000
    -0.63163      0.12400      0.50000      1.00000
    -0.62963      0.12400      0.50000      1.00000
    -0.62763      0.12400      0.50000      1.00000
    -0.62563      0.12400      0.50000      1.00000
    -0.62362      0.12400      0.50000      1.00000
    -0.62162      0.12400      0.50000      1.00000
    -0.61962      0.12400      0.50000      1.00000
    -0.61762      0.12400      0.50000      1.00000
    -0.61562      0.12400      0.50000      1.00000
    -0.61361      0.12400      0.50000      1.00000
    -0.61161      0.12400      0.50000      1.00000
    -0.60961      0.12400      0.50000      1.00000
    -0.60761      0.12400      0.50000      1.00000
    -0.60561      0.12400      0.50000      1.00000
    -0.60360      0.12400      0.50000      1.00000
    -0.60160      0.12400      0.50000      1.00000
    -0.59960      0.12400      0.50000      1.00000
    -0.59760      0.12400      0.50000      1.00000
    -0.59560      0.12400      0.50000      1.00000
    -0.59359      0.12400      0.50000      1.00000
    -0.59159      0.12400      0.50000      1.00000
    -0.58959      0.12400      0.50000      1.00000
    -0.58759      0.12400      0.50000      1.00000
    -0.58559      0.12400      0.50000      1.00000
    -0.58358      0.12400      0.50000      1.00000
    -0.58158      0.12400      0.50000      1.00000
    -0.57958      0.12400      0.50000      1.00000
    -0.57758      0.12400      0.50000      1.00000
    -0.57558      0.12400      0.50000      1.00000
    -0.57357      0.12400      0.50000      1.00000
    -0.57157      0.12400      0.50000      1.00000
    -0.56957      0.12400      0.50000      1.00000
    -0.56757      0.12400      0.50000      1.00000
    -0.56557      0.12400      0.50000      1.00000
    -0.56356      0.12400      0.50000      1.00000
    -0.56156      0.12400      0.50000      1.00000
    -0.55956      0.12400      0.50000      1.00000
    -0.55756      0.12400      0.50000      1.00000
    -0.55556      0.12400      0.50000      1.00000
    -0.55355      0.12400      0.50000      1.00000
    -0.55155      0.12400      0.50000      1.00000
    -0.54955      0.12400      0.50000      1.00000
    -0.54755      0.12400      0.50000      1.00000
    -0.54555      0.12400      0.50000      1.00000
    -0.54354      0.12400      0.50000      1.00000
    -0.54154      0.12400      0.50000      1.00000
    -0.53954      0.12400      0.50000      1.00000
    -0.53754      0.12400      0.50000      1.00000
    -0.53554      0.12400      0.50000      1.00000
    -0.53353      0.12400      0.50000      1.00000
    -0.53153      0.12400      0.50000      1.00000
    -0.52953      0.12400      0.50000      1.00000
    -0.52753      0.12400      0.50000      1.00000
    -0.52553      0.12400      0.50000      1.00000
    -0.52352      0.12400      0.50000      1.00000
    -0.52152      0.12400      0.50000      1.00000
    -0.51952      0.12400      0.50000      1.00000
    -0.51752      0.12400      0.50000      1.00000
    -0.51552      0.12400      0.50000      1.00000
    -0.51351      0.12400      0.50000      1.00000
    -0.51151      0.12400      0.50000      1.00000
    -0.50951      0.12400      0.50000      1.00000
    -0.50751      0.12400      0.50000      1.00000
    -0.50551      0.12400      0.50000      1.00000
    -0.50350      0.12400      0.50000      1.00000
    -0.50150      0.12400      0.50000      1.00000
    -0.49950      0.12382      0.50485      0.99798
    -0.49750      0.12347      0.51439      0.99402
    -0.49550      0.12312      0.52392      0.99008
    -0.49349      0.12277      0.53345      0.98614
    -0.49149      0.12242      0.54299      0.98223
    -0.48949      0.12207      0.55252      0.97832
    -0.48749      0.12173      0.56205      0.97443
    -0.48549      0.12138      0.57159      0.97055
    -0.48348      0.12104      0.58112      0.96669
    -0.48148      0.12069      0.59065      0.96283
    -0.47948      0.12035      0.60019      0.95900
    -0.47748      0.12000      0.60972      0.95517
    -0.47548      0.11966      0.61925      0.95136
    -0.47347      0.11932      0.62879      0.94756
    -0.47147      0.11898      0.63832      0.94377
    -0.46947      0.11864      0.64785      0.94000
    -0.46747      0.11830      0.65739      0.93624
    -0.46547      0.11796      0.66692      0.93249
    -0.46346      0.11762      0.67645      0.92876
    -0.46146      0.11729      0.68599      0.92503
    -0.45946      0.11695      0.69552      0.92133
    -0.45746      0.11662      0.70505      0.91763
    -0.45546      0.11628      0.71459      0.91395
    -0.45345      0.11595      0.72412      0.91027
    -0.45145      0.11561      0.73365      0.90662
    -0.44945      0.11528      0.74319      0.90297
    -0.44745      0.11495      0.75272      0.89934
    -0.44545      0.11462      0.76225      0.89572
    -0.44344      0.11429      0.77179      0.89211
    -0.44144      0.11396      0.78132      0.88851
    -0.43944      0.11363      0.79085      0.88493
    -0.43744      0.11330      0.80039      0.88136
    -0.43544      0.11298      0.80992      0.87780
    -0.43343      0.11265      0.81945      0.87425
    -0.43143      0.11233      0.82899      0.87072
    -0.42943      0.11200      0.83852      0.86720
    -0.42743      0.11168      0.84805      0.86369
    -0.42543      0.11135      0.85759      0.86019
    -0.42342      0.11103      0.86712      0.85671
    -0.42142      0.11071      0.87665      0.85324
    -0.41942      0.11039      0.88619      0.84977
    -0.41742      0.11007      0.89572      0.84633
    -0.41542      0.10975      0.90525      0.84289
    -0.41341      0.10943      0.91479      0.83946
    -0.41141      0.10911      0.92432      0.83605
    -0.40941      0.10880      0.93385      0.83265
    -0.40741      0.10848      0.94339      0.82926
    -0.40541      0.10816      0.95292      0.82588
    -0.40340      0.10785      0.96245      0.82252
    -0.40140      0.10753      0.97199      0.81916
    -0.39940      0.10722      0.98152      0.81582
    -0.39740      0.10691      0.99105      0.81249
    -0.39540      0.10660      1.00059      0.80917
    -0.39339      0.10628      1.01012      0.80587
    -0.39139      0.10597      1.01965      0.80257
    -0.38939      0.10566      1.02919      0.79929
    -0.38739      0.10535      1.03872      0.79601
    -0.38539      0.10505      1.04825      0.79275
    -0.38338      0.10474      1.05779      0.78950
    -0.38138      0.10443      1.06732      0.78627
    -0.37938      0.10412      1.07685      0.78304
    -0.37738      0.10382      1.08639      0.77982
    -0.37538      0.10351      1.09592      0.77662
    -0.37337      0.10321      1.10545      0.77343
    -0.37137      0.10291      1.11499      0.77025
    -0.36937      0.10260      1.12452      0.76708
    -0.36737      0.10230      1.13405      0.76392
    -0.36537      0.10200      1.14359      0.76077
    -0.36336      0.10170      1.15312      0.75763
    -0.36136      0.10140      1.16265      0.75451
    -0.35936      0.10110      1.17219      0.75139
    -0.35736      0.10080      1.18172      0.74829
    -0.35536      0.10050      1.19125      0.74520
    -0.35335      0.10021      1.20079      0.74212
    -0.35135      0.09991      1.21032      0.73905
    -0.34935      0.09962      1.21985      0.73599
    -0.34735      0.09932      1.22939      0.73294
    -0.34535      0.09903      1.23892      0.72990
    -0.34334      0.09873      1.24845      0.72687
    -0.34134      0.09844      1.25799      0.72385
    -0.33934      0.09815      1.26752      0.72085
    -0.33734      0.09786      1.27705      0.71785
    -0.33534      0.09757      1.28659      0.71487
    -0.33333      0.09728      1.29612      0.71190
    -0.33133      0.09699      1.30565      0.70893
    -0.32933      0.09670      1.31519      0.70598
    -0.32733      0.09641      1.32472      0.70304
    -0.32533      0.09612      1.33425      0.70011
    -0.32332      0.09584      1.34379      0.69719
    -0.32132      0.09555      1.35332      0.69428
    -0.31932      0.09526      1.36285      0.69138
    -0.31732      0.09498      1.37239      0.68849
    -0.31532      0.09470      1.38192      0.68561
    -0.31331      0.09441      1.39145      0.68274
    -0.31131      0.09413      1.40099      0.67988
    -0.30931      0.09385      1.41052      0.67703
    -0.30731      0.09357      1.42005      0.67419
    -0.30531      0.09329      1.42959      0.67136
    -0.30330      0.09301      1.43912      0.66855
    -0.30130      0.09273      1.44865      0.66574
    -0.29930      0.09245      1.45819      0.66294
    -0.29730      0.09217      1.46772      0.66015
    -0.29530      0.09189      1.47725      0.65738
    -0.29329      0.09162      1.48679      0.65461
    -0.29129      0.09134      1.49632      0.65185
    -0.28929      0.09107      1.50585      0.64910
    -0.28729      0.09079      1.51539      0.64637
    -0.28529      0.09052      1.52492      0.64364
    -0.28328      0.09025      1.53445      0.64092
    -0.28128      0.08997      1.54399      0.63821
    -0.27928      0.08970      1.55352      0.63551
    -0.27728      0.08943      1.56305      0.63283
    -0.27528      0.08916      1.57259      0.63015
    -0.27327      0.08889      1.58212      0.62748
    -0.27127      0.08862      1.59165      0.62482
    -0.26927      0.08835      1.60119      0.62217
    -0.26727      0.08808      1.61072      0.61953
    -0.26527      0.08782      1.62026      0.61690
    -0.26326      0.08755      1.62979      0.61428
    -0.26126      0.08728      1.63932      0.61167
    -0.25926      0.08702      1.64886      0.60907
    -0.25726      0.08675      1.65839      0.60647
    -0.25526      0.08649      1.66792      0.60389
    -0.25325      0.08623      1.67746      0.60132
    -0.25125      0.08596      1.68699      0.59876
    -0.24925      0.08570      1.69652      0.59620
    -0.24725      0.08544      1.70606      0.59366
    -0.24525      0.08518      1.71559      0.59112
    -0.24324      0.08492      1.72512      0.58859
    -0.24124      0.08466      1.73466      0.58608
    -0.23924      0.08440      1.74419      0.58357
    -0.23724      0.08414      1.75372      0.58107
    -0.23524      0.08388      1.76326      0.57858
    -0.23323      0.08363      1.77279      0.57610
    -0.23123      0.08337      1.78232      0.57363
    -0.22923      0.08312      1.79186      0.57117
    -0.22723      0.08286      1.80139      0.56871
    -0.22523      0.08261      1.81092      0.56627
    -0.22322      0.08235      1.82046      0.56383
    -0.22122      0.08210      1.82999      0.56141
    -0.21922      0.08185      1.83952      0.55899
    -0.21722      0.08159      1.84906      0.55658
    -0.21522      0.08134      1.85859      0.55418
    -0.21321      0.08109      1.86812      0.55179
    -0.21121      0.08084      1.87766      0.54941
    -0.20921      0.08059      1.88719      0.54704
    -0.20721      0.08034      1.89672      0.54467
    -0.20521      0.08009      1.90626      0.54232
    -0.20320      0.07985      1.91579      0.53997
    -0.20120      0.07960      1.92532      0.53763
    -0.19920      0.07935      1.93486      0.53530
    -0.19720      0.07911      1.94439      0.53298
    -0.19520      0.07886      1.95392      0.53067
    -0.19319      0.07862      1.96346      0.52837
    -0.19119      0.07837      1.97299      0.52607
    -0.18919      0.07813      1.98252      0.52379
    -0.18719      0.07789      1.99206      0.52151
    -0.18519      0.07765      2.00159      0.51924
    -0.18318      0.07740      2.01112      0.51698
    -0.18118      0.07716      2.02066      0.51473
    -0.17918      0.07692      2.03019      0.51248
    -0.17718      0.07668      2.03972      0.51025
    -0.17518      0.07644      2.04926      0.50802
    -0.17317      0.07620      2.05879      0.50580
    -0.17117      0.07597      2.06832      0.50359
    -0.16917      0.07573      2.07786      0.50139
    -0.16717      0.07549      2.08739      0.49920
    -0.16517      0.07526      2.09692      0.49701
    -0.16316      0.07502      2.10646      0.49483
    -0.16116      0.07479      2.11599      0.49266
    -0.15916      0.07455      2.12552      0.49050
    -0.15716      0.07432      2.13506      0.48835
    -0.15516      0.07408      2.14459      0.48621
    -0.15315      0.07385      2.15412      0.48407
    -0.15115      0.07362      2.16366      0.48194
    -0.14915      0.07339      2.17319      0.47982
    -0.14715      0.07316      2.18272      0.47771
    -0.14515      0.07293      2.19226      0.47560
    -0.14314      0.07270      2.20179      0.47350
    -0.14114      0.07247      2.21132      0.47142
    -0.13914      0.07224      2.22086      0.46934
    -0.13714      0.07201      2.23039      0.46726
    -0.13514      0.07178      2.23992      0.46520
    -0.13313      0.07156      2.24946      0.46314
    -0.13113      0.07133      2.25899      0.46109
    -0.12913      0.07110      2.26852      0.45905
    -0.12713      0.07088      2.27806      0.45701
    -0.12513      0.07065      2.28759      0.45499
    -0.12312      0.07043      2.29712      0.45297
    -0.12112      0.07021      2.30666      0.45096
    -0.11912      0.06998      2.31619      0.44896
    -0.11712      0.06976      2.32572      0.44696
    -0.11512      0.06954      2.33526      0.44497
    -0.11311      0.06932      2.34479      0.44299
    -0.11111      0.06910      2.35432      0.44102
    -0.10911      0.06888      2.36386      0.43905
    -0.10711      0.06866      2.37339      0.43709
    -0.10511      0.06844      2.38292      0.43514
    -0.10310      0.06822      2.39246      0.43320
    -0.10110      0.06800      2.40199      0.43127
    -0.09910      0.06779      2.41152      0.42934
    -0.09710      0.06757      2.42106      0.42742
    -0.09510      0.06735      2.43059      0.42550
    -0.09309      0.06714      2.44012      0.42360
    -0.09109      0.06692      2.44966      0.42170
    -0.08909      0.06671      2.45919      0.41981
    -0.08709      0.06649      2.46872      0.41792
    -0.08509      0.06628      2.47826      0.41605
    -0.08308      0.06607      2.48779      0.41418
    -0.08108      0.06585      2.49732      0.41232
    -0.07908      0.06564      2.50686      0.41046
    -0.07708      0.06543      2.51639      0.40861
    -0.07508      0.06522      2.52592      0.40677
    -0.07307      0.06501      2.53546      0.40494
    -0.07107      0.06480      2.54499      0.40311
    -0.06907      0.06459      2.55452      0.40129
    -0.06707      0.06438      2.56406      0.39948
    -0.06507      0.06418      2.57359      0.39767
    -0.06306      0.06397      2.58312      0.39588
    -0.06106      0.06376      2.59266      0.39408
    -0.05906      0.06355      2.60219      0.39230
    -0.05706      0.06335      2.61172      0.39052
    -0.05506      0.06314      2.62126      0.38875
    -0.05305      0.06294      2.63079      0.38699
    -0.05105      0.06273      2.64032      0.38523
    -0.04905      0.06253      2.64986      0.38348
    -0.04705      0.06233      2.65939      0.38174
    -0.04505      0.06213      2.66892      0.38000
    -0.04304      0.06192      2.67846      0.37827
    -0.04104      0.06172      2.68799      0.37655
    -0.03904      0.06152      2.69752      0.37483
    -0.03704      0.06132      2.70706      0.37312
    -0.03504      0.06112      2.71659      0.37142
    -0.03303      0.06092      2.72612      0.36972
    -0.03103      0.06072      2.73566      0.36803
    -0.02903      0.06052      2.74519      0.36635
    -0.02703      0.06032      2.75472      0.36467
    -0.02503      0.06013      2.76426      0.36300
    -0.02302      0.05993      2.77379      0.36134
    -0.02102      0.05973      2.78332      0.35968
    -0.01902      0.05954      2.79286      0.35803
    -0.01702      0.05934      2.80239      0.35639
    -0.01502      0.05915      2.81192      0.35475
    -0.01301      0.05895      2.82146      0.35312
    -0.01101      0.05876      2.83099      0.35150
    -0.00901      0.05857      2.84052      0.34988
    -0.00701      0.05837      2.85006      0.34827
    -0.00501      0.05818      2.85959      0.34666
    -0.00300      0.05799      2.86912      0.34506
    -0.00100      0.05780      2.87866      0.34347
     0.00100      0.05761      2.88819      0.34189
     0.00300      0.05742      2.89772      0.34031
     0.00501      0.05723      2.90726      0.33873
     0.00701      0.05704      2.91679      0.33716
     0.00901      0.05685      2.92632      0.33560
     0.01101      0.05666      2.93586      0.33405
     0.01301      0.05647      2.94539      0.33250
     0.01502      0.05629      2.95492      0.33096
     0.01702      0.05610      2.96446      0.32942
     0.01902      0.05591      2.97399      0.32789
     0.02102      0.05573      2.98352      0.32637
     0.02302      0.05554      2.99306      0.32485
     0.02503      0.05536      3.00259      0.32334
     0.02703      0.05517      3.01212      0.32183
     0.02903      0.05499      3.02166      0.32033
     0.03103      0.05481      3.03119      0.31884
     0.03303      0.05462      3.04072      0.31735
     0.03504      0.05444      3.05026      0.31587
     0.03704      0.05426      3.05979      0.31439
     0.03904      0.05408      3.06932      0.31292
     0.04104      0.05390      3.07886      0.31145
     0.04304      0.05372      3.08839      0.31000
     0.04505      0.05354      3.09792      0.30854
     0.04705      0.05336      3.10746      0.30710
     0.04905      0.05318      3.11699      0.30566
     0.05105      0.05300      3.12652      0.30422
     0.05305      0.05282      3.13606      0.30279
     0.05506      0.05264      3.14559      0.30137
     0.05706      0.05247      3.15512      0.29995
     0.05906      0.05229      3.16466      0.29854
     0.06106      0.05211      3.17419      0.29713
     0.06306      0.05194      3.18372      0.29573
     0.06507      0.05176      3.19326      0.29433
     0.06707      0.05159      3.20279      0.29294
     0.06907      0.05141      3.21232      0.29156
     0.07107      0.05124      3.22186      0.29018
     0.07307      0.05107      3.23139      0.28881
     0.07508      0.05089      3.24092      0.28744
     0.07708      0.05072      3.25046      0.28608
     0.07908      0.05055      3.25999      0.28473
     0.08108      0.05038      3.26952      0.28337
     0.08308      0.05021      3.27906      0.28203
     0.08509      0.05004      3.28859      0.28069
     0.08709      0.04987      3.29812      0.27936
     0.08909      0.04970      3.30766      0.27803
     0.09109      0.04953      3.31719      0.27670
     0.09309      0.04936      3.32672      0.27539
     0.09510      0.04919      3.33626      0.27407
     0.09710      0.04902      3.34579      0.27277
     0.09910      0.04886      3.35532      0.27147
     0.10110      0.04869      3.36486      0.27017
     0.10310      0.04852      3.37439      0.26888
     0.10511      0.04836      3.38392      0.26759
     0.10711      0.04819      3.39346      0.26631
     0.10911      0.04803      3.40299      0.26504
     0.11111      0.04786      3.41252      0.26377
     0.11311      0.04770      3.42206      0.26250
     0.11512      0.04754      3.43159      0.26124
     0.11712      0.04737      3.44112      0.25999
     0.11912      0.04721      3.45066      0.25874
     0.12112      0.04705      3.46019      0.25749
     0.12312      0.04689      3.46972      0.25625
     0.12513      0.04672      3.47926      0.25502
     0.12713      0.04656      3.48879      0.25379
     0.12913      0.04640      3.49832      0.25257
     0.13113      0.04624      3.50786      0.25135
     0.13313      0.04608      3.51739      0.25014
     0.13514      0.04592      3.52692      0.24893
     0.13714      0.04577      3.53646      0.24772
     0.13914      0.04561      3.54599      0.24653
     0.14114      0.04545      3.55552      0.24533
     0.14314      0.04529      3.56506      0.24414
     0.14515      0.04514      3.57459      0.24296
     0.14715      0.04498      3.58412      0.24178
     0.14915      0.04482      3.59366      0.24061
     0.15115      0.04467      3.60319      0.23944
     0.15315      0.04451      3.61272      0.23827
     0.15516      0.04436      3.62226      0.23711
     0.15716      0.04420      3.63179      0.23596
     0.15916      0.04405      3.64132      0.23481
     0.16116      0.04390      3.65086      0.23367
     0.16316      0.04374      3.66039      0.23253
     0.16517      0.04359      3.66992      0.23139
     0.16717      0.04344      3.67946      0.23026
     0.16917      0.04329      3.68899      0.22913
     0.17117      0.04313      3.69852      0.22801
     0.17317      0.04298      3.70806      0.22690
     0.17518      0.04283      3.71759      0.22579
     0.17718      0.04268      3.72712      0.22468
     0.17918      0.04253      3.73666      0.22358
     0.18118      0.04238      3.74619      0.22248
     0.18318      0.04223      3.75572      0.22139
     0.18519      0.04209      3.76526      0.22030
     0.18719      0.04194      3.77479      0.21921
     0.18919      0.04179      3.78432      0.21813
     0.19119      0.04164      3.79386      0.21706
     0.19319      0.04150      3.80339      0.21599
     0.19520      0.04135      3.81292      0.21492
     0.19720      0.04120      3.82246      0.21386
     0.19920      0.04106      3.83199      0.21281
     0.20120      0.04091      3.84152      0.21175
     0.20320      0.04077      3.85106      0.21071
     0.20521      0.04063      3.86059      0.20966
     0.20721      0.04048      3.87012      0.20862
     0.20921      0.04034      3.87966      0.20759
     0.21121      0.04019      3.88919      0.20656
     0.21321      0.04005      3.89872      0.20553
     0.21522      0.03991      3.90826      0.20451
     0.21722      0.03977      3.91779      0.20350
     0.21922      0.03963      3.92732      0.20248
     0.22122      0.03949      3.93686      0.20147
     0.22322      0.03934      3.94639      0.20047
     0.22523      0.03920      3.95592      0.19947
     0.22723      0.03906      3.96546      0.19848
     0.22923      0.03893      3.97499      0.19748
     0.23123      0.03879      3.98452      0.19650
     0.23323      0.03865      3.99406      0.19552
     0.23524      0.03851      4.00359      0.19454
     0.23724      0.03837      4.01312      0.19356
     0.23924      0.03823      4.02266      0.19259
     0.24124      0.03810      4.03219      0.19163
     0.24324      0.03796      4.04172      0.19066
     0.24525      0.03782      4.05126      0.18971
     0.24725      0.03769      4.06079      0.18875
     0.24925      0.03755      4.07032      0.18780
     0.25125      0.03742      4.07986      0.18686
     0.25325      0.03728      4.08939      0.18592
     0.25526      0.03715      4.09892      0.18498
     0.25726      0.03701      4.10846      0.18405
     0.25926      0.03688      4.11799      0.18312
     0.26126      0.03675      4.12752      0.18219
     0.26326      0.03662      4.13706      0.18127
     0.26527      0.03648      4.14659      0.18036
     0.26727      0.03635      4.15612      0.17944
     0.26927      0.03622      4.16566      0.17853
     0.27127      0.03609      4.17519      0.17763
     0.27327      0.03596      4.18472      0.17673
     0.27528      0.03583      4.19426      0.17583
     0.27728      0.03570      4.20379      0.17494
     0.27928      0.03557      4.21332      0.17405
     0.28128      0.03544      4.22286      0.17316
     0.28328      0.03531      4.23239      0.17228
     0.28529      0.03518      4.24192      0.17140
     0.28729      0.03505      4.25146      0.17053
     0.28929      0.03492      4.26099      0.16966
     0.29129      0.03480      4.27052      0.16879
     0.29329      0.03467      4.28006      0.16793
     0.29530      0.03454      4.28959      0.16707
     0.29730      0.03442      4.29912      0.16622
     0.29930      0.03429      4.30866      0.16536
     0.30130      0.03416      4.31819      0.16452
     0.30330      0.03404      4.32772      0.16367
     0.30531      0.03391      4.33726      0.16283
     0.30731      0.03379      4.34679      0.16200
     0.30931      0.03367      4.35632      0.16116
     0.31131      0.03354      4.36586      0.16033
     0.31331      0.03342      4.37539      0.15951
     0.31532      0.03330      4.38492      0.15869
     0.31732      0.03317      4.39446      0.15787
     0.31932      0.03305      4.40399      0.15705
     0.32132      0.03293      4.41352      0.15624
     0.32332      0.03281      4.42306      0.15544
     0.32533      0.03269      4.43259      0.15463
     0.32733      0.03256      4.44212      0.15383
     0.32933      0.03244      4.45166      0.15304
     0.33133      0.03232      4.46119      0.15224
     0.33333      0.03220      4.47072      0.15145
     0.33534      0.03208      4.48026      0.15067
     0.33734      0.03197      4.48979      0.14989
     0.33934      0.03185      4.49932      0.14911
     0.34134      0.03173      4.50886      0.14833
     0.34334      0.03161      4.51839      0.14756
     0.34535      0.03149      4.52792      0.14679
     0.34735      0.03137      4.53746      0.14602
     0.34935      0.03126      4.54699      0.14526
     0.35135      0.03114      4.55652      0.14450
     0.35335      0.03103      4.56606      0.14375
     0.35536      0.03091      4.57559      0.14300
     0.35736      0.03079      4.58512      0.14225
     0.35936      0.03068      4.59466      0.14150
     0.36136      0.03056      4.60419      0.14076
     0.36336      0.03045      4.61372      0.14002
     0.36537      0.03033      4.62326      0.13929
     0.36737      0.03022      4.63279      0.13856
     0.36937      0.03011      4.64232      0.13783
     0.37137      0.02999      4.65186      0.13711
     0.37337      0.02988      4.66139      0.13638
     0.37538      0.02977      4.67092      0.13567
     0.37738      0.02966      4.68046      0.13495
     0.37938      0.02954      4.68999      0.13424
     0.38138      0.02943      4.69952      0.13353
     0.38338      0.02932      4.70906      0.13282
     0.38539      0.02921      4.71859      0.13212
     0.38739      0.02910      4.72812      0.13142
     0.38939      0.02899      4.73766      0.13073
     0.39139      0.02888      4.74719      0.13003
     0.39339      0.02877      4.75672      0.12934
     0.39540      0.02866      4.76626      0.12866
     0.39740      0.02855      4.77579      0.12797
     0.39940      0.02844      4.78532      0.12729
     0.40140      0.02834      4.79486      0.12662
     0.40340      0.02823      4.80439      0.12594
     0.40541      0.02812      4.81392      0.12527
     0.40741      0.02801      4.82346      0.12460
     0.40941      0.02791      4.83299      0.12394
     0.41141      0.02780      4.84252      0.12328
     0.41341      0.02769      4.85206      0.12262
     0.41542      0.02759      4.86159      0.12196
     0.41742      0.02748      4.87112      0.12131
     0.41942      0.02738      4.88066      0.12066
     0.42142      0.02727      4.89019      0.12001
     0.42342      0.02717      4.89972      0.11937
     0.42543      0.02706      4.90926      0.11873
     0.42743      0.02696      4.91879      0.11809
     0.42943      0.02686      4.92832      0.11745
     0.43143      0.02675      4.93786      0.11682
     0.43343      0.02665      4.94739      0.11619
     0.43544      0.02655      4.95693      0.11557
     0.43744      0.02644      4.96646      0.11494
     0.43944      0.02634      4.97599      0.11432
     0.44144      0.02624      4.98553      0.11371
     0.44344      0.02614      4.99506      0.11309
     0.44545      0.02604      5.00459      0.11248
     0.44745      0.02594      5.01413      0.11187
     0.44945      0.02584      5.02366      0.11126
     0.45145      0.02574      5.03319      0.11066
     0.45345      0.02564      5.04273      0.11006
     0.45546      0.02554      5.05226      0.10946
     0.45746      0.02544      5.06179      0.10887
     0.45946      0.02534      5.07133      0.10827
     0.46146      0.02524      5.08086      0.10769
     0.46346      0.02514      5.09039      0.10710
     0.46547      0.02504      5.09993      0.10651
     0.46747      0.02495      5.10946      0.10593
     0.46947      0.02485      5.11899      0.10535
     0.47147      0.02475      5.12853      0.10478
     0.47347      0.02466      5.13806      0.10421
     0.47548      0.02456      5.14759      0.10364
     0.47748      0.02446      5.15713      0.10307
     0.47948      0.02437      5.16666      0.10250
     0.48148      0.02427      5.17619      0.10194
     0.48348      0.02418      5.18573      0.10138
     0.48549      0.02408      5.19526      0.10082
     0.48749      0.02399      5.20479      0.10027
     0.48949      0.02389      5.21433      0.09972
     0.49149      0.02380      5.22386      0.09917
     0.49349      0.02370      5.23339      0.09862
     0.49550      0.02361      5.24293      0.09808
     0.49750      0.02352      5.25246      0.09754
     0.49950      0.02342      5.26199      0.09700
     0.50150      0.02333      5.27153      0.09646
     0.50350      0.02324      5.28106      0.09593
     0.50551      0.02315      5.29059      0.09539
     0.50751      0.02306      5.30013      0.09487
     0.50951      0.02296      5.30966      0.09434
     0.51151      0.02287      5.31919      0.09382
     0.51351      0.02278      5.32873      0.09329
     0.51552      0.02269      5.33826      0.09278
     0.51752      0.02260      5.34779      0.09226
     0.51952      0.02251      5.35733      0.09175
     0.52152      0.02242      5.36686      0.09123
     0.52352      0.02233      5.37639      0.09073
     0.52553      0.02224      5.38593      0.09022
     0.52753      0.02215      5.39546      0.08971
     0.52953      0.02207      5.40499      0.08921
     0.53153      0.02198      5.41453      0.08871
     0.53353      0.02189      5.42406      0.08822
     0.53554      0.02180      5.43359      0.08772
     0.53754      0.02171      5.44313      0.08723
     0.53954      0.02163      5.45266      0.08674
     0.54154      0.02154      5.46219      0.08625
     0.54354      0.02145      5.47173      0.08577
     0.54555      0.02137      5.48126      0.08529
     0.54755      0.02128      5.49079      0.08481
     0.54955      0.02120      5.50033      0.08433
     0.55155      0.02111      5.50986      0.08385
     0.55355      0.02103      5.51939      0.08338
     0.55556      0.02094      5.52893      0.08291
     0.55756      0.02086      5.53846      0.08244
     0.55956      0.02077      5.54799      0.08197
     0.56156      0.02069      5.55753      0.08151
     0.56356      0.02060      5.56706      0.08104
     0.56557      0.02052      5.57659      0.08059
     0.56757      0.02044      5.58613      0.08013
     0.56957      0.02035      5.59566      0.07967
     0.57157      0.02027      5.60519      0.07922
     0.57357      0.02019      5.61473      0.07877
     0.57558      0.02011      5.62426      0.07832
     0.57758      0.02002      5.63379      0.07787
     0.57958      0.01994      5.64333      0.07743
     0.58158      0.01986      5.65286      0.07699
     0.58358      0.01978      5.66239      0.07655
     0.58559      0.01970      5.67193      0.07611
     0.58759      0.01962      5.68146      0.07567
     0.58959      0.01954      5.69099      0.07524
     0.59159      0.01946      5.70053      0.07481
     0.59359      0.01938      5.71006      0.07438
     0.59560      0.01930      5.71959      0.07395
     0.59760      0.01922      5.72913      0.07353
     0.59960      0.01914      5.73866      0.07310
     0.60160      0.01906      5.74819      0.07268
     0.60360      0.01898      5.75773      0.07226
     0.60561      0.01890      5.76726      0.07185
     0.60761      0.01883      5.77679      0.07143
     0.60961      0.01875      5.78633      0.07102
     0.61161      0.01867      5.79586      0.07061
     0.61361      0.01859      5.80539      0.07020
     0.61562      0.01852      5.81493      0.06979
     0.61762      0.01844      5.82446      0.06939
     0.61962      0.01836      5.83399      0.06899
     0.62162      0.01829      5.84353      0.06859
     0.62362      0.01821      5.85306      0.06819
     0.62563      0.01814      5.86259      0.06779
     0.62763      0.01806      5.87213      0.06740
     0.62963      0.01799      5.88166      0.06700
     0.63163      0.01791      5.89119      0.06661
     0.63363      0.01784      5.90073      0.06622
     0.63564      0.01776      5.91026      0.06584
     0.63764      0.01769      5.91979      0.06545
     0.63964      0.01761      5.92933      0.06507
     0.64164      0.01754      5.93886      0.06469
     0.64364      0.01747      5.94839      0.06431
     0.64565      0.01739      5.95793      0.06393
     0.64765      0.01732      5.96746      0.06356
     0.64965      0.01725      5.97699      0.06319
     0.65165      0.01717      5.98653      0.06281
     0.65365      0.01710      5.99606      0.06244
     0.65566      0.01703      6.00559      0.06208
     0.65766      0.01696      6.01513      0.06171
     0.65966      0.01689      6.02466      0.06135
     0.66166      0.01682      6.03419      0.06098
     0.66366      0.01674      6.04373      0.06062
     0.66567      0.01667      6.05326      0.06027
     0.66767      0.01660      6.06279      0.05991
     0.66967      0.01653      6.07233      0.05955
     0.67167      0.01646      6.08186      0.05920
     0.67367      0.01639      6.09139      0.05885
     0.67568      0.01632      6.10093      0.05850
     0.67768      0.01625      6.11046      0.05815
     0.67968      0.01619      6.11999      0.05781
     0.68168      0.01612      6.12953      0.05746
     0.68368      0.01605      6.13906      0.05712
     0.68569      0.01598      6.14859      0.05678
     0.68769      0.01591      6.15813      0.05644
     0.68969      0.01584      6.16766      0.05610
     0.69169      0.01578      6.17719      0.05577
     0.69369      0.01571      6.18673      0.05543
     0.69570      0.01564      6.19626      0.05510
     0.69770      0.01557      6.20579      0.05477
     0.69970      0.01551      6.21533      0.05444
     0.70170      0.01544      6.22486      0.05412
     0.70370      0.01537      6.23439      0.05379
     0.70571      0.01531      6.24393      0.05347
     0.70771      0.01524      6.25346      0.05315
     0.70971      0.01518      6.26299      0.05283
     0.71171      0.01511      6.27253      0.05251
     0.71371      0.01505      6.28206      0.05219
     0.71572      0.01498      6.29159      0.05187
     0.71772      0.01492      6.30113      0.05156
     0.71972      0.01485      6.31066      0.05125
     0.72172      0.01479      6.32019      0.05094
     0.72372      0.01472      6.32973      0.05063
     0.72573      0.01466      6.33926      0.05032
     0.72773      0.01460      6.34879      0.05002
     0.72973      0.01453      6.35833      0.04971
     0.73173      0.01447      6.36786      0.04941
     0.73373      0.01441      6.37739      0.04911
     0.73574      0.01434      6.38693      0.04881
     0.73774      0.01428      6.39646      0.04851
     0.73974      0.01422      6.40599      0.04822
     0.74174      0.01416      6.41553      0.04792
     0.74374      0.01409      6.42506      0.04763
     0.74575      0.01403      6.43459      0.04734
     0.74775      0.01397      6.44413      0.04705
     0.74975      0.01391      6.45366      0.04676
     0.75175      0.01385      6.46319      0.04647
     0.75375      0.01379      6.47273      0.04619
     0.75576      0.01373      6.48226      0.04590
     0.75776      0.01367      6.49179      0.04562
     0.75976      0.01361      6.50133      0.04534
     0.76176      0.01355      6.51086      0.04506
     0.76376      0.01349      6.52039      0.04478
     0.76577      0.01343      6.52993      0.04451
     0.76777      0.01337      6.53946      0.04423
     0.76977      0.01331      6.54899      0.04396
     0.77177      0.01325      6.55853      0.04369
     0.77377      0.01319      6.56806      0.04341
     0.77578      0.01313      6.57759      0.04315
     0.77778      0.01308      6.58713      0.04288
     0.77978      0.01302      6.59666      0.04261
     0.78178      0.01296      6.60619      0.04235
     0.78378      0.01290      6.61573      0.04208
     0.78579      0.01284      6.62526      0.04182
     0.78779      0.01279      6.63479      0.04156
     0.78979      0.01273      6.64433      0.04130
     0.79179      0.01267      6.65386      0.04104
     0.79379      0.01262      6.66339      0.04079
     0.79580      0.01256      6.67293      0.04053
     0.79780      0.01250      6.68246      0.04028
     0.79980      0.01245      6.69199      0.04002
     0.80180      0.01239      6.70153      0.03977
     0.80380      0.01234      6.71106      0.03952
     0.80581      0.01228      6.72059      0.03928
     0.80781      0.01223      6.73013      0.03903
     0.80981      0.01217      6.73966      0.03878
     0.81181      0.01212      6.74919      0.03854
     0.81381      0.01206      6.75873      0.03830
     0.81582      0.01201      6.76826      0.03805
     0.81782      0.01195      6.77779      0.03781
     0.81982      0.01190      6.78733      0.03757
     0.82182      0.01184      6.79686      0.03734
     0.82382      0.01179      6.80639      0.03710
     0.82583      0.01174      6.81593      0.03686
     0.82783      0.01168      6.82546      0.03663
     0.82983      0.01163      6.83499      0.03640
     0.83183      0.01158      6.84453      0.03617
     0.83383      0.01153      6.85406      0.03594
     0.83584      0.01147      6.86359      0.03571
     0.83784      0.01142      6.87313      0.03548
     0.83984      0.01137      6.88266      0.03525
     0.84184      0.01132      6.89219      0.03503
     0.84384      0.01126      6.90173      0.03480
     0.84585      0.01121      6.91126      0.03458
     0.84785      0.01116      6.92079      0.03436
     0.84985      0.01111      6.93033      0.03414
     0.85185      0.01106      6.93986      0.03392
     0.85385      0.01101      6.94939      0.03370
     0.85586      0.01096      6.95893      0.03349
     0.85786      0.01091      6.96846      0.03327
     0.85986      0.01086      6.97799      0.03306
     0.86186      0.01081      6.98753      0.03284
     0.86386      0.01076      6.99706      0.03263
     0.86587      0.01071      7.00659      0.03242
     0.86787      0.01066      7.01613      0.03221
     0.86987      0.01061      7.02566      0.03200
     0.87187      0.01056      7.03519      0.03179
     0.87387      0.01051      7.04473      0.03159
     0.87588      0.01046      7.05426      0.03138
     0.87788      0.01041      7.06379      0.03118
     0.87988      0.01037      7.07333      0.03098
     0.88188      0.01032      7.08286      0.03078
     0.88388      0.01027      7.09239      0.03057
     0.88589      0.01022      7.10193      0.03038
     0.88789      0.01017      7.11146      0.03018
     0.88989      0.01013      7.12099      0.02998
     0.89189      0.01008      7.13053      0.02978
     0.89389      0.01003      7.14006      0.02959
     0.89590      0.00998      7.14959      0.02940
     0.89790      0.00994      7.15913      0.02920
     0.89990      0.00989      7.16866      0.02901
     0.90190      0.00984      7.17819      0.02882
     0.90390      0.00980      7.18773      0.02863
     0.90591      0.00975      7.19726      0.02844
     0.90791      0.00971      7.20679      0.02826
     0.90991      0.00966      7.21633      0.02807
     0.91191      0.00962      7.22586      0.02788
     0.91391      0.00957      7.23539      0.02770
     0.91592      0.00952      7.24493      0.02752
     0.91792      0.00948      7.25446      0.02733
     0.91992      0.00943      7.26399      0.02715
     0.92192      0.00939      7.27353      0.02697
     0.92392      0.00935      7.28306      0.02679
     0.92593      0.00930      7.29259      0.02662
     0.92793      0.00926      7.30213      0.02644
     0.92993      0.00921      7.31166      0.02626
     0.93193      0.00917      7.32119      0.02609
     0.93393      0.00913      7.33073      0.02591
     0.93594      0.00908      7.34026      0.02574
     0.93794      0.00904      7.34979      0.02557
     0.93994      0.00900      7.35933      0.02540
     0.94194      0.00895      7.36886      0.02523
     0.94394      0.00891      7.37839      0.02506
     0.94595      0.00887      7.38793      0.02489
     0.94795      0.00882      7.39746      0.02472
     0.94995      0.00878      7.40699      0.02456
     0.95195      0.00874      7.41653      0.02439
     0.95395      0.00870      7.42606      0.02423
     0.95596      0.00866      7.43559      0.02407
     0.95796      0.00861      7.44513      0.02390
     0.95996      0.00857      7.45466      0.02374
     0.96196      0.00853      7.46419      0.02358
     0.96396      0.00849      7.47373      0.02342
     0.96597      0.00845      7.48326      0.02326
     0.96797      0.00841      7.49279      0.02311
     0.96997      0.00837      7.50233      0.02295
     0.97197      0.00833      7.51186      0.02279
     0.97397      0.00829      7.52139      0.02264
     0.97598      0.00825      7.53093      0.02248
     0.97798      0.00820      7.54046      0.02233
     0.97998      0.00816      7.54999      0.02218
     0.98198      0.00813      7.55953      0.02203
     0.98398      0.00809      7.56906      0.02188
     0.98599      0.00805      7.57859      0.02173
     0.98799      0.00801      7.58813      0.02158
     0.98999      0.00797      7.59766      0.02143
     0.99199      0.00793      7.60719      0.02128
     0.99399      0.00789      7.61673      0.02114
     0.99600      0.00785      7.62626      0.02099
     0.99800      0.00781      7.63579      0.02085
     1.00000      0.00777      7.64533      0.02070
