t =     0.0250
           x          rho            u            p
    -1.00000      1.00000      0.00000   1000.00000
    -0.99800      1.00000      0.00000   1000.00000
    -0.99600      1.00000      0.00000   1000.00000
    -0.99399      1.00000      0.00000   1000.00000
    -0.99199      1.00000      0.00000   1000.00000
    -0.98999      1.00000      0.00000   1000.00000
    -0.98799      1.00000      0.00000   1000.00000
    -0.98599      1.00000      0.00000   1000.00000
    -0.98398      1.00000      0.00000   1000.00000
    -0.98198      1.00000      0.00000   1000.00000
    -0.97998      1.00000      0.00000   1000.00000
    -0.97798      1.00000      0.00000   1000.00000
    -0.97598      1.00000      0.00000   1000.00000
    -0.97397      1.00000      0.00000   1000.00000
    -0.97197      1.00000      0.00000   1000.00000
    -0.96997      1.00000      0.00000   1000.00000
    -0.96797      1.00000      0.00000   1000.00000
    -0.96597      1.00000      0.00000   1000.00000
    -0.96396      1.00000      0.00000   1000.00000
    -0.96196      1.00000      0.00000   1000.00000
    -0.95996      1.00000      0.00000   1000.00000
    -0.95796      1.00000      0.00000   1000.00000
    -0.95596      1.00000      0.00000   1000.00000
    -0.95395      1.00000      0.00000   1000.00000
    -0.95195      1.00000      0.00000   1000.00000
    -0.94995      1.00000      0.00000   1000.00000
    -0.94795      1.00000      0.00000   1000.00000
    -0.94595      1.00000      0.00000   1000.00000
    -0.94394      1.00000      0.00000   1000.00000
    -0.94194      1.00000      0.00000   1000.00000
    -0.93994      1.00000      0.00000   1000.00000
    -0.93794      1.00000      0.00000   1000.00000
    -0.93594      1.00000      0.00000   1000.00000
    -0.93393      0.99868      0.04935    998.15506
    -0.93193      0.99690      0.11608    995.66474
    -0.92993      0.99512      0.18281    993.17975
    -0.92793      0.99335      0.24955    990.70008
    -0.92593      0.99158      0.31628    988.22571
    -0.92392      0.98981      0.38301    985.75665
    -0.92192      0.98804      0.44975    983.29287
    -0.91992      0.98627      0.51648    980.83437
    -0.91792      0.98451      0.58321    978.38115
    -0.91592      0.98275      0.64995    975.93318
    -0.91391      0.98099      0.71668    973.49047
    -0.91191      0.97924      0.78341    971.05300
    -0.90991      0.97748      0.85015    968.62076
    -0.90791      0.97573      0.91688    966.19375
    -0.90591      0.97399      0.98361    963.77195
    -0.90390      0.97224      1.05035    961.35535
    -0.90190      0.97050      1.11708    958.94395
    -0.89990      0.96876      1.18381    956.53774
    -0.89790      0.96702      1.25055    954.13671
    -0.89590      0.96529      1.31728    951.74084
    -0.89389      0.96355      1.38402    949.35013
    -0.89189      0.96182      1.45075    946.96457
    -0.88989      0.96010      1.51748    944.58415
    -0.88789      0.95837      1.58422    942.20886
    -0.88589      0.95665      1.65095    939.83869
    -0.88388      0.95493      1.71768    937.47364
    -0.88188      0.95321      1.78442    935.11369
    -0.87988      0.95150      1.85115    932.75883
    -0.87788      0.94978      1.91788    930.40906
    -0.87588      0.94807      1.98462    928.06436
    -0.87387      0.94636      2.05135    925.72473
    -0.87187      0.94466      2.11808    923.39015
    -0.86987      0.94296      2.18482    921.06063
    -0.86787      0.94126      2.25155    918.73614
    -0.86587      0.93956      2.31828    916.41669
    -0.86386      0.93786      2.38502    914.10225
    -0.86186      0.93617      2.45175    911.79283
    -0.85986      0.93448      2.51848    909.48841
    -0.85786      0.93279      2.58522    907.18898
    -0.85586      0.93110      2.65195    904.89454
    -0.85385      0.92942      2.71868    902.60507
    -0.85185      0.92774      2.78542    900.32058
    -0.84985      0.92606      2.85215    898.04103
    -0.84785      0.92439      2.91888    895.76644
    -0.84585      0.92271      2.98562    893.49679
    -0.84384      0.92104      3.05235    891.23207
    -0.84184      0.91937      3.11908    888.97227
    -0.83984      0.91771      3.18582    886.71738
    -0.83784      0.91604      3.25255    884.46740
    -0.83584      0.91438      3.31928    882.22232
    -0.83383      0.91272      3.38602    879.98212
    -0.83183      0.91107      3.45275    877.74679
    -0.82983      0.90941      3.51948    875.51634
    -0.82783      0.90776      3.58622    873.29075
    -0.82583      0.90611      3.65295    871.07000
    -0.82382      0.90446      3.71968    868.85410
    -0.82182      0.90282      3.78642    866.64304
    -0.81982      0.90118      3.85315    864.43680
    -0.81782      0.89954      3.91988    862.23537
    -0.81582      0.89790      3.98662    860.03875
    -0.81381      0.89626      4.05335    857.84693
    -0.81181      0.89463      4.12008    855.65990
    -0.80981      0.89300      4.18682    853.47765
    -0.80781      0.89137      4.25355    851.30017
    -0.80581      0.88975      4.32028    849.12746
    -0.80380      0.88812      4.38702    846.95950
    -0.80180      0.88650      4.45375    844.79628
    -0.79980      0.88488      4.52048    842.63781
    -0.79780      0.88327      4.58722    840.48406
    -0.79580      0.88165      4.65395    838.33503
    -0.79379      0.88004      4.72069    836.19072
    -0.79179      0.87843      4.78742    834.05110
    -0.78979      0.87683      4.85415    831.91619
    -0.78779      0.87522      4.92089    829.78595
    -0.78579      0.87362      4.98762    827.66040
    -0.78378      0.87202      5.05435    825.53951
    -0.78178      0.87042      5.12109    823.42329
    -0.77978      0.86883      5.18782    821.31171
    -0.77778      0.86724      5.25455    819.20478
    -0.77578      0.86565      5.32129    817.10248
    -0.77377      0.86406      5.38802    815.00481
    -0.77177      0.86247      5.45475    812.91176
    -0.76977      0.86089      5.52149    810.82331
    -0.76777      0.85931      5.58822    808.73947
    -0.76577      0.85773      5.65495    806.66022
    -0.76376      0.85615      5.72169    804.58555
    -0.76176      0.85458      5.78842    802.51546
    -0.75976      0.85301      5.85515    800.44993
    -0.75776      0.85144      5.92189    798.38896
    -0.75576      0.84987      5.98862    796.33255
    -0.75375      0.84831      6.05535    794.28067
    -0.75175      0.84674      6.12209    792.23333
    -0.74975      0.84518      6.18882    790.19051
    -0.74775      0.84363      6.25555    788.15221
    -0.74575      0.84207      6.32229    786.11842
    -0.74374      0.84052      6.38902    784.08913
    -0.74174      0.83897      6.45575    782.06433
    -0.73974      0.83742      6.52249    780.04401
    -0.73774      0.83587      6.58922    778.02817
    -0.73574      0.83433      6.65595    776.01679
    -0.73373      0.83279      6.72269    774.00988
    -0.73173      0.83125      6.78942    772.00741
    -0.72973      0.82971      6.85615    770.00939
    -0.72773      0.82817      6.92289    768.01580
    -0.72573      0.82664      6.98962    766.02663
    -0.72372      0.82511      7.05635    764.04189
    -0.72172      0.82358      7.12309    762.06155
    -0.71972      0.82206      7.18982    760.08562
    -0.71772      0.82053      7.25655    758.11407
    -0.71572      0.81901      7.32329    756.14692
    -0.71371      0.81749      7.39002    754.18414
    -0.71171      0.81598      7.45675    752.22572
    -0.70971      0.81446      7.52349    750.27167
    -0.70771      0.81295      7.59022    748.32197
    -0.70571      0.81144      7.65695    746.37662
    -0.70370      0.80993      7.72369    744.43560
    -0.70170      0.80843      7.79042    742.49891
    -0.69970      0.80692      7.85715    740.56654
    -0.69770      0.80542      7.92389    738.63848
    -0.69570      0.80392      7.99062    736.71473
    -0.69369      0.80243      8.05736    734.79527
    -0.69169      0.80093      8.12409    732.88010
    -0.68969      0.79944      8.19082    730.96922
    -0.68769      0.79795      8.25756    729.06260
    -0.68569      0.79646      8.32429    727.16025
    -0.68368      0.79498      8.39102    725.26215
    -0.68168      0.79349      8.45776    723.36830
    -0.67968      0.79201      8.52449    721.47870
    -0.67768      0.79053      8.59122    719.59332
    -0.67568      0.78906      8.65796    717.71217
    -0.67367      0.78758      8.72469    715.83524
    -0.67167      0.78611      8.79142    713.96251
    -0.66967      0.78464      8.85816    712.09399
    -0.66767      0.78317      8.92489    710.22966
    -0.66567      0.78170      8.99162    708.36951
    -0.66366      0.78024      9.05836    706.51355
    -0.66166      0.77878      9.12509    704.66175
    -0.65966      0.77732      9.19182    702.81411
    -0.65766      0.77586      9.25856    700.97063
    -0.65566      0.77441      9.32529    699.13129
    -0.65365      0.77296      9.39202    697.29610
    -0.65165      0.77151      9.45876    695.46503
    -0.64965      0.77006      9.52549    693.63809
    -0.64765      0.76861      9.59222    691.81526
    -0.64565      0.76717      9.65896    689.99654
    -0.64364      0.76573      9.72569    688.18192
    -0.64164      0.76429      9.79242    686.37139
    -0.63964      0.76285      9.85916    684.56494
    -0.63764      0.76141      9.92589    682.76257
    -0.63564      0.75998      9.99262    680.96427
    -0.63363      0.75855     10.05936    679.17004
    -0.63163      0.75712     10.12609    677.37985
    -0.62963      0.75570     10.19282    675.59371
    -0.62763      0.75427     10.25956    673.81161
    -0.62563      0.75285     10.32629    672.03354
    -0.62362      0.75143     10.39302    670.25950
    -0.62162      0.75001     10.45976    668.48947
    -0.61962      0.74860     10.52649    666.72345
    -0.61762      0.74718     10.59322    664.96142
    -0.61562      0.74577     10.65996    663.20340
    -0.61361      0.74436     10.72669    661.44935
    -0.61161      0.74295     10.79342    659.69929
    -0.60961      0.74155     10.86016    657.95319
    -0.60761      0.74015     10.92689    656.21106
    -0.60561      0.73874     10.99362    654.47288
    -0.60360      0.73735     11.06036    652.73866
    -0.60160      0.73595     11.12709    651.00837
    -0.59960      0.73455     11.19382    649.28201
    -0.59760      0.73316     11.26056    647.55958
    -0.59560      0.73177     11.32729    645.84107
    -0.59359      0.73038     11.39403    644.12647
    -0.59159      0.72900     11.46076    642.41577
    -0.58959      0.72761     11.52749    640.70897
    -0.58759      0.72623     11.59423    639.00605
    -0.58559      0.72485     11.66096    637.30702
    -0.58358      0.72347     11.72769    635.61186
    -0.58158      0.72210     11.79443    633.92057
    -0.57958      0.72072     11.86116    632.23313
    -0.57758      0.71935     11.92789    630.54955
    -0.57558      0.71798     11.99463    628.86981
    -0.57357      0.71662     12.06136    627.19391
    -0.57157      0.71525     12.12809    625.52184
    -0.56957      0.71389     12.19483    623.85359
    -0.56757      0.71253     12.26156    622.18916
    -0.56557      0.71117     12.32829    620.52853
    -0.56356      0.70981     12.39503    618.87170
    -0.56156      0.70846     12.46176    617.21867
    -0.55956      0.70710     12.52849    615.56942
    -0.55756      0.70575     12.59523    613.92395
    -0.55556      0.70441     12.66196    612.28226
    -0.55355      0.70306     12.72869    610.64432
    -0.55155      0.70171     12.79543    609.01015
    -0.54955      0.70037     12.86216    607.37972
    -0.54755      0.69903     12.92889    605.75304
    -0.54555      0.69769     12.99563    604.13009
    -0.54354      0.69636     13.06236    602.51088
    -0.54154      0.69502     13.12909    600.89538
    -0.53954      0.69369     13.19583    599.28360
    -0.53754      0.69236     13.26256    597.67552
    -0.53554      0.69103     13.32929    596.07115
    -0.53353      0.68971     13.39603    594.47046
    -0.53153      0.68838     13.46276    592.87347
    -0.52953      0.68706     13.52949    591.28015
    -0.52753      0.68574     13.59623    589.69050
    -0.52553      0.68442     13.66296    588.10452
    -0.52352      0.68311     13.72969    586.52219
    -0.52152      0.68179     13.79643    584.94352
    -0.51952      0.68048     13.86316    583.36849
    -0.51752      0.67917     13.92989    581.79710
    -0.51552      0.67786     13.99663    580.22933
    -0.51351      0.67656     14.06336    578.66519
    -0.51151      0.67525     14.13009    577.10466
    -0.50951      0.67395     14.19683    575.54775
    -0.50751      0.67265     14.26356    573.99443
    -0.50551      0.67136     14.33029    572.44471
    -0.50350      0.67006     14.39703    570.89857
    -0.50150      0.66877     14.46376    569.35602
    -0.49950      0.66747     14.53049    567.81704
    -0.49750      0.66618     14.59723    566.28163
    -0.49550      0.66490     14.66396    564.74978
    -0.49349      0.66361     14.73070    563.22148
    -0.49149      0.66233     14.79743    561.69673
    -0.48949      0.66105     14.86416    560.17552
    -0.48749      0.65977     14.93090    558.65784
    -0.48549      0.65849     14.99763    557.14368
    -0.48348      0.65721     15.06436    555.63305
    -0.48148      0.65594     15.13110    554.12592
    -0.47948      0.65467     15.19783    552.62230
    -0.47748      0.65340     15.26456    551.12218
    -0.47548      0.65213     15.33130    549.62556
    -0.47347      0.65086     15.39803    548.13241
    -0.47147      0.64960     15.46476    546.64275
    -0.46947      0.64834     15.53150    545.15656
    -0.46747      0.64708     15.59823    543.67383
    -0.46547      0.64582     15.66496    542.19456
    -0.46346      0.64456     15.73170    540.71874
    -0.46146      0.64331     15.79843    539.24637
    -0.45946      0.64206     15.86516    537.77743
    -0.45746      0.64081     15.93190    536.31192
    -0.45546      0.63956     15.99863    534.84984
    -0.45345      0.63831     16.06536    533.39118
    -0.45145      0.63707     16.13210    531.93593
    -0.44945      0.63582     16.19883    530.48408
    -0.44745      0.63458     16.26556    529.03563
    -0.44545      0.63335     16.33230    527.59057
    -0.44344      0.63211     16.39903    526.14890
    -0.44144      0.63087     16.46576    524.71060
    -0.43944      0.62964     16.53250    523.27568
    -0.43744      0.62841     16.59923    521.84412
    -0.43544      0.62718     16.66596    520.41592
    -0.43343      0.62595     16.73270    518.99107
    -0.43143      0.62473     16.79943    517.56956
    -0.42943      0.62351     16.86616    516.15140
    -0.42743      0.62228     16.93290    514.73656
    -0.42543      0.62107     16.99963    513.32506
    -0.42342      0.61985     17.06636    511.91687
    -0.42142      0.61863     17.13310    510.51199
    -0.41942      0.61742     17.19983    509.11042
    -0.41742      0.61621     17.26656    507.71215
    -0.41542      0.61500     17.33330    506.31717
    -0.41341      0.61379     17.40003    504.92548
    -0.41141      0.61258     17.46676    503.53706
    -0.40941      0.61138     17.53350    502.15193
    -0.40741      0.61018     17.60023    500.77006
    -0.40541      0.60898     17.66696    499.39145
    -0.40340      0.60778     17.73370    498.01609
    -0.40140      0.60658     17.80043    496.64398
    -0.39940      0.60539     17.86716    495.27512
    -0.39740      0.60419     17.93390    493.90948
    -0.39540      0.60300     18.00063    492.54708
    -0.39339      0.60181     18.06737    491.18790
    -0.39139      0.60063     18.13410    489.83194
    -0.38939      0.59944     18.20083    488.47919
    -0.38739      0.59826     18.26757    487.12964
    -0.38539      0.59708     18.33430    485.78328
    -0.38338      0.59590     18.40103    484.44012
    -0.38138      0.59472     18.46777    483.10014
    -0.37938      0.59354     18.53450    481.76334
    -0.37738      0.59237     18.60123    480.42971
    -0.37538      0.59120     18.66797    479.09925
    -0.37337      0.59003     18.73470    477.77195
    -0.37137      0.58886     18.80143    476.44780
    -0.36937      0.58769     18.86817    475.12680
    -0.36737      0.58653     18.93490    473.80893
    -0.36537      0.58536     19.00163    472.49421
    -0.36336      0.58420     19.06837    471.18261
    -0.36136      0.58304     19.13510    469.87413
    -0.35936      0.58189     19.20183    468.56877
    -0.35736      0.58073     19.26857    467.26651
    -0.35536      0.57958     19.33530    465.96737
    -0.35335      0.57842     19.40203    464.67131
    -0.35135      0.57727     19.46877    463.37835
    -0.34935      0.57613     19.53550    462.08848
    -0.34735      0.57506     19.59745    460.89401
    -0.34535      0.57506     19.59745    460.89401
    -0.34334      0.57506     19.59745    460.89401
    -0.34134      0.57506     19.59745    460.89401
    -0.33934      0.57506     19.59745    460.89401
    -0.33734      0.57506     19.59745    460.89401
    -0.33534      0.57506     19.59745    460.89401
    -0.33333      0.57506     19.59745    460.89401
    -0.33133      0.57506     19.59745    460.89401
    -0.32933      0.57506     19.59745    460.89401
    -0.32733      0.57506     19.59745    460.89401
    -0.32533      0.57506     19.59745    460.89401
    -0.32332      0.57506     19.59745    460.89401
    -0.32132      0.57506     19.59745    460.89401
    -0.31932      0.57506     19.59745    460.89401
    -0.31732      0.57506     19.59745    460.89401
    -0.31532      0.57506     19.59745    460.89401
    -0.31331      0.57506     19.59745    460.89401
    -0.31131      0.57506     19.59745    460.89401
    -0.30931      0.57506     19.59745    460.89401
    -0.30731      0.57506     19.59745    460.89401
    -0.30531      0.57506     19.59745    460.89401
    -0.30330      0.57506     19.59745    460.89401
    -0.30130      0.57506     19.59745    460.89401
    -0.29930      0.57506     19.59745    460.89401
    -0.29730      0.57506     19.59745    460.89401
    -0.29530      0.57506     19.59745    460.89401
    -0.29329      0.57506     19.59745    460.89401
    -0.29129      0.57506     19.59745    460.89401
    -0.28929      0.57506     19.59745    460.89401
    -0.28729      0.57506     19.59745    460.89401
    -0.28529      0.57506     19.59745    460.89401
    -0.28328      0.57506     19.59745    460.89401
    -0.28128      0.57506     19.59745    460.89401
    -0.27928      0.57506     19.59745    460.89401
    -0.27728      0.57506     19.59745    460.89401
    -0.27528      0.57506     19.59745    460.89401
    -0.27327      0.57506     19.59745    460.89401
    -0.27127      0.57506     19.59745    460.89401
    -0.26927      0.57506     19.59745    460.89401
    -0.26727      0.57506     19.59745    460.89401
    -0.26527      0.57506     19.59745    460.89401
    -0.26326      0.57506     19.59745    460.89401
    -0.26126      0.57506     19.59745    460.89401
    -0.25926      0.57506     19.59745    460.89401
    -0.25726      0.57506     19.59745    460.89401
    -0.25526      0.57506     19.59745    460.89401
    -0.25325      0.57506     19.59745    460.89401
    -0.25125      0.57506     19.59745    460.89401
    -0.24925      0.57506     19.59745    460.89401
    -0.24725      0.57506     19.59745    460.89401
    -0.24525      0.57506     19.59745    460.89401
    -0.24324      0.57506     19.59745    460.89401
    -0.24124      0.57506     19.59745    460.89401
    -0.23924      0.57506     19.59745    460.89401
    -0.23724      0.57506     19.59745    460.89401
    -0.23524      0.57506     19.59745    460.89401
    -0.23323      0.57506     19.59745    460.89401
    -0.23123      0.57506     19.59745    460.89401
    -0.22923      0.57506     19.59745    460.89401
    -0.22723      0.57506     19.59745    460.89401
    -0.22523      0.57506     19.59745    460.89401
    -0.22322      0.57506     19.59745    460.89401
    -0.22122      0.57506     19.59745    460.89401
    -0.21922      0.57506     19.59745    460.89401
    -0.21722      0.57506     19.59745    460.89401
    -0.21522      0.57506     19.59745    460.89401
    -0.21321      0.57506     19.59745    460.89401
    -0.21121      0.57506     19.59745    460.89401
    -0.20921      0.57506     19.59745    460.89401
    -0.20721      0.57506     19.59745    460.89401
    -0.20521      0.57506     19.59745    460.89401
    -0.20320      0.57506     19.59745    460.89401
    -0.20120      0.57506     19.59745    460.89401
    -0.19920      0.57506     19.59745    460.89401
    -0.19720      0.57506     19.59745    460.89401
    -0.19520      0.57506     19.59745    460.89401
    -0.19319      0.57506     19.59745    460.89401
    -0.19119      0.57506     19.59745    460.89401
    -0.18919      0.57506     19.59745    460.89401
    -0.18719      0.57506     19.59745    460.89401
    -0.18519      0.57506     19.59745    460.89401
    -0.18318      0.57506     19.59745    460.89401
    -0.18118      0.57506     19.59745    460.89401
    -0.17918      0.57506     19.59745    460.89401
    -0.17718      0.57506     19.59745    460.89401
    -0.17518      0.57506     19.59745    460.89401
    -0.17317      0.57506     19.59745    460.89401
    -0.17117      0.57506     19.59745    460.89401
    -0.16917      0.57506     19.59745    460.89401
    -0.16717      0.57506     19.59745    460.89401
    -0.16517      0.57506     19.59745    460.89401
    -0.16316      0.57506     19.59745    460.89401
    -0.16116      0.57506     19.59745    460.89401
    -0.15916      0.57506     19.59745    460.89401
    -0.15716      0.57506     19.59745    460.89401
    -0.15516      0.57506     19.59745    460.89401
    -0.15315      0.57506     19.59745    460.89401
    -0.15115      0.57506     19.59745    460.89401
    -0.14915      0.57506     19.59745    460.89401
    -0.14715      0.57506     19.59745    460.89401
    -0.14515      0.57506     19.59745    460.89401
    -0.14314      0.57506     19.59745    460.89401
    -0.14114      0.57506     19.59745    460.89401
    -0.13914      0.57506     19.59745    460.89401
    -0.13714      0.57506     19.59745    460.89401
    -0.13514      0.57506     19.59745    460.89401
    -0.13313      0.57506     19.59745    460.89401
    -0.13113      0.57506     19.59745    460.89401
    -0.12913      0.57506     19.59745    460.89401
    -0.12713      0.57506     19.59745    460.89401
    -0.12513      0.57506     19.59745    460.89401
    -0.12312      0.57506     19.59745    460.89401
    -0.12112      0.57506     19.59745    460.89401
    -0.11912      0.57506     19.59745    460.89401
    -0.11712      0.57506     19.59745    460.89401
    -0.11512      0.57506     19.59745    460.89401
    -0.11311      0.57506     19.59745    460.89401
    -0.11111      0.57506     19.59745    460.89401
    -0.10911      0.57506     19.59745    460.89401
    -0.10711      0.57506     19.59745    460.89401
    -0.10511      0.57506     19.59745    460.89401
    -0.10310      0.57506     19.59745    460.89401
    -0.10110      0.57506     19.59745    460.89401
    -0.09910      0.57506     19.59745    460.89401
    -0.09710      0.57506     19.59745    460.89401
    -0.09510      0.57506     19.59745    460.89401
    -0.09309      0.57506     19.59745    460.89401
    -0.09109      0.57506     19.59745    460.89401
    -0.08909      0.57506     19.59745    460.89401
    -0.08709      0.57506     19.59745    460.89401
    -0.08509      0.57506     19.59745    460.89401
    -0.08308      0.57506     19.59745    460.89401
    -0.08108      0.57506     19.59745    460.89401
    -0.07908      0.57506     19.59745    460.89401
    -0.07708      0.57506     19.59745    460.89401
    -0.07508      0.57506     19.59745    460.89401
    -0.07307      0.57506     19.59745    460.89401
    -0.07107      0.57506     19.59745    460.89401
    -0.06907      0.57506     19.59745    460.89401
    -0.06707      0.57506     19.59745    460.89401
    -0.06507      0.57506     19.59745    460.89401
    -0.06306      0.57506     19.59745    460.89401
    -0.06106      0.57506     19.59745    460.89401
    -0.05906      0.57506     19.59745    460.89401
    -0.05706      0.57506     19.59745    460.89401
    -0.05506      0.57506     19.59745    460.89401
    -0.05305      0.57506     19.59745    460.89401
    -0.05105      0.57506     19.59745    460.89401
    -0.04905      0.57506     19.59745    460.89401
    -0.04705      0.57506     19.59745    460.89401
    -0.04505      0.57506     19.59745    460.89401
    -0.04304      0.57506     19.59745    460.89401
    -0.04104      0.57506     19.59745    460.89401
    -0.03904      0.57506     19.59745    460.89401
    -0.03704      0.57506     19.59745    460.89401
    -0.03504      0.57506     19.59745    460.89401
    -0.03303      0.57506     19.59745    460.89401
    -0.03103      0.57506     19.59745    460.89401
    -0.02903      0.57506     19.59745    460.89401
    -0.02703      0.57506     19.59745    460.89401
    -0.02503      0.57506     19.59745    460.89401
    -0.02302      0.57506     19.59745    460.89401
    -0.02102      0.57506     19.59745    460.89401
    -0.01902      0.57506     19.59745    460.89401
    -0.01702      0.57506     19.59745    460.89401
    -0.01502      0.57506     19.59745    460.89401
    -0.01301      0.57506     19.59745    460.89401
    -0.01101      0.57506     19.59745    460.89401
    -0.00901      0.57506     19.59745    460.89401
    -0.00701      0.57506     19.59745    460.89401
    -0.00501      0.57506     19.59745    460.89401
    -0.00300      0.57506     19.59745    460.89401
    -0.00100      0.57506     19.59745    460.89401
     0.00100      0.57506     19.59745    460.89401
     0.00300      0.57506     19.59745    460.89401
     0.00501      0.57506     19.59745    460.89401
     0.00701      0.57506     19.59745    460.89401
     0.00901      0.57506     19.59745    460.89401
     0.01101      0.57506     19.59745    460.89401
     0.01301      0.57506     19.59745    460.89401
     0.01502      0.57506     19.59745    460.89401
     0.01702      0.57506     19.59745    460.89401
     0.01902      0.57506     19.59745    460.89401
     0.02102      0.57506     19.59745    460.89401
     0.02302      0.57506     19.59745    460.89401
     0.02503      0.57506     19.59745    460.89401
     0.02703      0.57506     19.59745    460.89401
     0.02903      0.57506     19.59745    460.89401
     0.03103      0.57506     19.59745    460.89401
     0.03303      0.57506     19.59745    460.89401
     0.03504      0.57506     19.59745    460.89401
     0.03704      0.57506     19.59745    460.89401
     0.03904      0.57506     19.59745    460.89401
     0.04104      0.57506     19.59745    460.89401
     0.04304      0.57506     19.59745    460.89401
     0.04505      0.57506     19.59745    460.89401
     0.04705      0.57506     19.59745    460.89401
     0.04905      0.57506     19.59745    460.89401
     0.05105      0.57506     19.59745    460.89401
     0.05305      0.57506     19.59745    460.89401
     0.05506      0.57506     19.59745    460.89401
     0.05706      0.57506     19.59745    460.89401
     0.05906      0.57506     19.59745    460.89401
     0.06106      0.57506     19.59745    460.89401
     0.06306      0.57506     19.59745    460.89401
     0.06507      0.57506     19.59745    460.89401
     0.06707      0.57506     19.59745    460.89401
     0.06907      0.57506     19.59745    460.89401
     0.07107      0.57506     19.59745    460.89401
     0.07307      0.57506     19.59745    460.89401
     0.07508      0.57506     19.59745    460.89401
     0.07708      0.57506     19.59745    460.89401
     0.07908      0.57506     19.59745    460.89401
     0.08108      0.57506     19.59745    460.89401
     0.08308      0.57506     19.59745    460.89401
     0.08509      0.57506     19.59745    460.89401
     0.08709      0.57506     19.59745    460.89401
     0.08909      0.57506     19.59745    460.89401
     0.09109      0.57506     19.59745    460.89401
     0.09309      0.57506     19.59745    460.89401
     0.09510      0.57506     19.59745    460.89401
     0.09710      0.57506     19.59745    460.89401
     0.09910      0.57506     19.59745    460.89401
     0.10110      0.57506     19.59745    460.89401
     0.10310      0.57506     19.59745    460.89401
     0.10511      0.57506     19.59745    460.89401
     0.10711      0.57506     19.59745    460.89401
     0.10911      0.57506     19.59745    460.89401
     0.11111      0.57506     19.59745    460.89401
     0.11311      0.57506     19.59745    460.89401
     0.11512      0.57506     19.59745    460.89401
     0.11712      0.57506     19.59745    460.89401
     0.11912      0.57506     19.59745    460.89401
     0.12112      0.57506     19.59745    460.89401
     0.12312      0.57506     19.59745    460.89401
     0.12513      0.57506     19.59745    460.89401
     0.12713      0.57506     19.59745    460.89401
     0.12913      0.57506     19.59745    460.89401
     0.13113      0.57506     19.59745    460.89401
     0.13313      0.57506     19.59745    460.89401
     0.13514      0.57506     19.59745    460.89401
     0.13714      0.57506     19.59745    460.89401
     0.13914      0.57506     19.59745    460.89401
     0.14114      0.57506     19.59745    460.89401
     0.14314      0.57506     19.59745    460.89401
     0.14515      0.57506     19.59745    460.89401
     0.14715      0.57506     19.59745    460.89401
     0.14915      0.57506     19.59745    460.89401
     0.15115      0.57506     19.59745    460.89401
     0.15315      0.57506     19.59745    460.89401
     0.15516      0.57506     19.59745    460.89401
     0.15716      0.57506     19.59745    460.89401
     0.15916      0.57506     19.59745    460.89401
     0.16116      0.57506     19.59745    460.89401
     0.16316      0.57506     19.59745    460.89401
     0.16517      0.57506     19.59745    460.89401
     0.16717      0.57506     19.59745    460.89401
     0.16917      0.57506     19.59745    460.89401
     0.17117      0.57506     19.59745    460.89401
     0.17317      0.57506     19.59745    460.89401
     0.17518      0.57506     19.59745    460.89401
     0.17718      0.57506     19.59745    460.89401
     0.17918      0.57506     19.59745    460.89401
     0.18118      0.57506     19.59745    460.89401
     0.18318      0.57506     19.59745    460.89401
     0.18519      0.57506     19.59745    460.89401
     0.18719      0.57506     19.59745    460.89401
     0.18919      0.57506     19.59745    460.89401
     0.19119      0.57506     19.59745    460.89401
     0.19319      0.57506     19.59745    460.89401
     0.19520      0.57506     19.59745    460.89401
     0.19720      0.57506     19.59745    460.89401
     0.19920      0.57506     19.59745    460.89401
     0.20120      0.57506     19.59745    460.89401
     0.20320      0.57506     19.59745    460.89401
     0.20521      0.57506     19.59745    460.89401
     0.20721      0.57506     19.59745    460.89401
     0.20921      0.57506     19.59745    460.89401
     0.21121      0.57506     19.59745    460.89401
     0.21321      0.57506     19.59745    460.89401
     0.21522      0.57506     19.59745    460.89401
     0.21722      0.57506     19.59745    460.89401
     0.21922      0.57506     19.59745    460.89401
     0.22122      0.57506     19.59745    460.89401
     0.22322      0.57506     19.59745    460.89401
     0.22523      0.57506     19.59745    460.89401
     0.22723      0.57506     19.59745    460.89401
     0.22923      0.57506     19.59745    460.89401
     0.23123      0.57506     19.59745    460.89401
     0.23323      0.57506     19.59745    460.89401
     0.23524      0.57506     19.59745    460.89401
     0.23724      0.57506     19.59745    460.89401
     0.23924      0.57506     19.59745    460.89401
     0.24124      0.57506     19.59745    460.89401
     0.24324      0.57506     19.59745    460.89401
     0.24525      0.57506     19.59745    460.89401
     0.24725      0.57506     19.59745    460.89401
     0.24925      0.57506     19.59745    460.89401
     0.25125      0.57506     19.59745    460.89401
     0.25325      0.57506     19.59745    460.89401
     0.25526      0.57506     19.59745    460.89401
     0.25726      0.57506     19.59745    460.89401
     0.25926      0.57506     19.59745    460.89401
     0.26126      0.57506     19.59745    460.89401
     0.26326      0.57506     19.59745    460.89401
     0.26527      0.57506     19.59745    460.89401
     0.26727      0.57506     19.59745    460.89401
     0.26927      0.57506     19.59745    460.89401
     0.27127      0.57506     19.59745    460.89401
     0.27327      0.57506     19.59745    460.89401
     0.27528      0.57506     19.59745    460.89401
     0.27728      0.57506     19.59745    460.89401
     0.27928      0.57506     19.59745    460.89401
     0.28128      0.57506     19.59745    460.89401
     0.28328      0.57506     19.59745    460.89401
     0.28529      0.57506     19.59745    460.89401
     0.28729      0.57506     19.59745    460.89401
     0.28929      0.57506     19.59745    460.89401
     0.29129      0.57506     19.59745    460.89401
     0.29329      0.57506     19.59745    460.89401
     0.29530      0.57506     19.59745    460.89401
     0.29730      0.57506     19.59745    460.89401
     0.29930      0.57506     19.59745    460.89401
     0.30130      0.57506     19.59745    460.89401
     0.30330      0.57506     19.59745    460.89401
     0.30531      0.57506     19.59745    460.89401
     0.30731      0.57506     19.59745    460.89401
     0.30931      0.57506     19.59745    460.89401
     0.31131      0.57506     19.59745    460.89401
     0.31331      0.57506     19.59745    460.89401
     0.31532      0.57506     19.59745    460.89401
     0.31732      0.57506     19.59745    460.89401
     0.31932      0.57506     19.59745    460.89401
     0.32132      0.57506     19.59745    460.89401
     0.32332      0.57506     19.59745    460.89401
     0.32533      0.57506     19.59745    460.89401
     0.32733      0.57506     19.59745    460.89401
     0.32933      0.57506     19.59745    460.89401
     0.33133      0.57506     19.59745    460.89401
     0.33333      0.57506     19.59745    460.89401
     0.33534      0.57506     19.59745    460.89401
     0.33734      0.57506     19.59745    460.89401
     0.33934      0.57506     19.59745    460.89401
     0.34134      0.57506     19.59745    460.89401
     0.34334      0.57506     19.59745    460.89401
     0.34535      0.57506     19.59745    460.89401
     0.34735      0.57506     19.59745    460.89401
     0.34935      0.57506     19.59745    460.89401
     0.35135      0.57506     19.59745    460.89401
     0.35335      0.57506     19.59745    460.89401
     0.35536      0.57506     19.59745    460.89401
     0.35736      0.57506     19.59745    460.89401
     0.35936      0.57506     19.59745    460.89401
     0.36136      0.57506     19.59745    460.89401
     0.36336      0.57506     19.59745    460.89401
     0.36537      0.57506     19.59745    460.89401
     0.36737      0.57506     19.59745    460.89401
     0.36937      0.57506     19.59745    460.89401
     0.37137      0.57506     19.59745    460.89401
     0.37337      0.57506     19.59745    460.89401
     0.37538      0.57506     19.59745    460.89401
     0.37738      0.57506     19.59745    460.89401
     0.37938      0.57506     19.59745    460.89401
     0.38138      0.57506     19.59745    460.89401
     0.38338      0.57506     19.59745    460.89401
     0.38539      0.57506     19.59745    460.89401
     0.38739      0.57506     19.59745    460.89401
     0.38939      0.57506     19.59745    460.89401
     0.39139      0.57506     19.59745    460.89401
     0.39339      0.57506     19.59745    460.89401
     0.39540      0.57506     19.59745    460.89401
     0.39740      0.57506     19.59745    460.89401
     0.39940      0.57506     19.59745    460.89401
     0.40140      0.57506     19.59745    460.89401
     0.40340      0.57506     19.59745    460.89401
     0.40541      0.57506     19.59745    460.89401
     0.40741      0.57506     19.59745    460.89401
     0.40941      0.57506     19.59745    460.89401
     0.41141      0.57506     19.59745    460.89401
     0.41341      0.57506     19.59745    460.89401
     0.41542      0.57506     19.59745    460.89401
     0.41742      0.57506     19.59745    460.89401
     0.41942      0.57506     19.59745    460.89401
     0.42142      0.57506     19.59745    460.89401
     0.42342      0.57506     19.59745    460.89401
     0.42543      0.57506     19.59745    460.89401
     0.42743      0.57506     19.59745    460.89401
     0.42943      0.57506     19.59745    460.89401
     0.43143      0.57506     19.59745    460.89401
     0.43343      0.57506     19.59745    460.89401
     0.43544      0.57506     19.59745    460.89401
     0.43744      0.57506     19.59745    460.89401
     0.43944      0.57506     19.59745    460.89401
     0.44144      0.57506     19.59745    460.89401
     0.44344      0.57506     19.59745    460.89401
     0.44545      0.57506     19.59745    460.89401
     0.44745      0.57506     19.59745    460.89401
     0.44945      0.57506     19.59745    460.89401
     0.45145      0.57506     19.59745    460.89401
     0.45345      0.57506     19.59745    460.89401
     0.45546      0.57506     19.59745    460.89401
     0.45746      0.57506     19.59745    460.89401
     0.45946      0.57506     19.59745    460.89401
     0.46146      0.57506     19.59745    460.89401
     0.46346      0.57506     19.59745    460.89401
     0.46547      0.57506     19.59745    460.89401
     0.46747      0.57506     19.59745    460.89401
     0.46947      0.57506     19.59745    460.89401
     0.47147      0.57506     19.59745    460.89401
     0.47347      0.57506     19.59745    460.89401
     0.47548      0.57506     19.59745    460.89401
     0.47748      0.57506     19.59745    460.89401
     0.47948      0.57506     19.59745    460.89401
     0.48148      0.57506     19.59745    460.89401
     0.48348      0.57506     19.59745    460.89401
     0.48549      0.57506     19.59745    460.89401
     0.48749      0.57506     19.59745    460.89401
     0.48949      0.57506     19.59745    460.89401
     0.49149      5.99924     19.59745    460.89401
     0.49349      5.99924     19.59745    460.89401
     0.49550      5.99924     19.59745    460.89401
     0.49750      5.99924     19.59745    460.89401
     0.49950      5.99924     19.59745    460.89401
     0.50150      5.99924     19.59745    460.89401
     0.50350      5.99924     19.59745    460.89401
     0.50551      5.99924     19.59745    460.89401
     0.50751      5.99924     19.59745    460.89401
     0.50951      5.99924     19.59745    460.89401
     0.51151      5.99924     19.59745    460.89401
     0.51351      5.99924     19.59745    460.89401
     0.51552      5.99924     19.59745    460.89401
     0.51752      5.99924     19.59745    460.89401
     0.51952      5.99924     19.59745    460.89401
     0.52152      5.99924     19.59745    460.89401
     0.52352      5.99924     19.59745    460.89401
     0.52553      5.99924     19.59745    460.89401
     0.52753      5.99924     19.59745    460.89401
     0.52953      5.99924     19.59745    460.89401
     0.53153      5.99924     19.59745    460.89401
     0.53353      5.99924     19.59745    460.89401
     0.53554      5.99924     19.59745    460.89401
     0.53754      5.99924     19.59745    460.89401
     0.53954      5.99924     19.59745    460.89401
     0.54154      5.99924     19.59745    460.89401
     0.54354      5.99924     19.59745    460.89401
     0.54555      5.99924     19.59745    460.89401
     0.54755      5.99924     19.59745    460.89401
     0.54955      5.99924     19.59745    460.89401
     0.55155      5.99924     19.59745    460.89401
     0.55355      5.99924     19.59745    460.89401
     0.55556      5.99924     19.59745    460.89401
     0.55756      5.99924     19.59745    460.89401
     0.55956      5.99924     19.59745    460.89401
     0.56156      5.99924     19.59745    460.89401
     0.56356      5.99924     19.59745    460.89401
     0.56557      5.99924     19.59745    460.89401
     0.56757      5.99924     19.59745    460.89401
     0.56957      5.99924     19.59745    460.89401
     0.57157      5.99924     19.59745    460.89401
     0.57357      5.99924     19.59745    460.89401
     0.57558      5.99924     19.59745    460.89401
     0.57758      5.99924     19.59745    460.89401
     0.57958      5.99924     19.59745    460.89401
     0.58158      5.99924     19.59745    460.89401
     0.58358      5.99924     19.59745    460.89401
     0.58559      5.99924     19.59745    460.89401
     0.58759      5.99924     19.59745    460.89401
     0.58959      1.00000      0.00000      0.01000
     0.59159      1.00000      0.00000      0.01000
     0.59359      1.00000      0.00000      0.01000
     0.59560      1.00000      0.00000      0.01000
     0.59760      1.00000      0.00000      0.01000
     0.59960      1.00000      0.00000      0.01000
     0.60160      1.00000      0.00000      0.01000
     0.60360      1.00000      0.00000      0.01000
     0.60561      1.00000      0.00000      0.01000
     0.60761      1.00000      0.00000      0.01000
     0.60961      1.00000      0.00000      0.01000
     0.61161      1.00000      0.00000      0.01000
     0.61361      1.00000      0.00000      0.01000
     0.61562      1.00000      0.00000      0.01000
     0.61762      1.00000      0.00000      0.01000
     0.61962      1.00000      0.00000      0.01000
     0.62162      1.00000      0.00000      0.01000
     0.62362      1.00000      0.00000      0.01000
     0.62563      1.00000      0.00000      0.01000
     0.62763      1.00000      0.00000      0.01000
     0.62963      1.00000      0.00000      0.01000
     0.63163      1.00000      0.00000      0.01000
     0.63363      1.00000      0.00000      0.01000
     0.63564      1.00000      0.00000      0.01000
     0.63764      1.00000      0.00000      0.01000
     0.63964      1.00000      0.00000      0.01000
     0.64164      1.00000      0.00000      0.01000
     0.64364      1.00000      0.00000      0.01000
     0.64565      1.00000      0.00000      0.01000
     0.64765      1.00000      0.00000      0.01000
     0.64965      1.00000      0.00000      0.01000
     0.65165      1.00000      0.00000      0.01000
     0.65365      1.00000      0.00000      0.01000
     0.65566      1.00000      0.00000      0.01000
     0.65766      1.00000      0.00000      0.01000
     0.65966      1.00000      0.00000      0.01000
     0.66166      1.00000      0.00000      0.01000
     0.66366      1.00000      0.00000      0.01000
     0.66567      1.00000      0.00000      0.01000
     0.66767      1.00000      0.00000      0.01000
     0.66967      1.00000      0.00000      0.01000
     0.67167      1.00000      0.00000      0.01000
     0.67367      1.00000      0.00000      0.01000
     0.67568      1.00000      0.00000      0.01000
     0.67768      1.00000      0.00000      0.01000
     0.67968      1.00000      0.00000      0.01000
     0.68168      1.00000      0.00000      0.01000
     0.68368      1.00000      0.00000      0.01000
     0.68569      1.00000      0.00000      0.01000
     0.68769      1.00000      0.00000      0.01000
     0.68969      1.00000      0.00000      0.01000
     0.69169      1.00000      0.00000      0.01000
     0.69369      1.00000      0.00000      0.01000
     0.69570      1.00000      0.00000      0.01000
     0.69770      1.00000      0.00000      0.01000
     0.69970      1.00000      0.00000      0.01000
     0.70170      1.00000      0.00000      0.01000
     0.70370      1.00000      0.00000      0.01000
     0.70571      1.00000      0.00000      0.01000
     0.70771      1.00000      0.00000      0.01000
     0.70971      1.00000      0.00000      0.01000
     0.71171      1.00000      0.00000      0.01000
     0.71371      1.00000      0.00000      0.01000
     0.71572      1.00000      0.00000      0.01000
     0.71772      1.00000      0.00000      0.01000
     0.71972      1.00000      0.00000      0.01000
     0.72172      1.00000      0.00000      0.01000
     0.72372      1.00000      0.00000      0.01000
     0.72573      1.00000      0.00000      0.01000
     0.72773      1.00000      0.00000      0.01000
     0.72973      1.00000      0.00000      0.01000
     0.73173      1.00000      0.00000      0.01000
     0.73373      1.00000      0.00000      0.01000
     0.73574      1.00000      0.00000      0.01000
     0.73774      1.00000      0.00000      0.01000
     0.73974      1.00000      0.00000      0.01000
     0.74174      1.00000      0.00000      0.01000
     0.74374      1.00000      0.00000      0.01000
     0.74575      1.00000      0.00000      0.01000
     0.74775      1.00000      0.00000      0.01000
     0.74975      1.00000      0.00000      0.01000
     0.75175      1.00000      0.00000      0.01000
     0.75375      1.00000      0.00000      0.01000
     0.75576      1.00000      0.00000      0.01000
     0.75776      1.00000      0.00000      0.01000
     0.75976      1.00000      0.00000      0.01000
     0.76176      1.00000      0.00000      0.01000
     0.76376      1.00000      0.00000      0.01000
     0.76577      1.00000      0.00000      0.01000
     0.76777      1.00000      0.00000      0.01000
     0.76977      1.00000      0.00000      0.01000
     0.77177      1.00000      0.00000      0.01000
     0.77377      1.00000      0.00000      0.01000
     0.77578      1.00000      0.00000      0.01000
     0.77778      1.00000      0.00000      0.01000
     0.77978      1.00000      0.00000      0.01000
     0.78178      1.00000      0.00000      0.01000
     0.78378      1.00000      0.00000      0.01000
     0.78579      1.00000      0.00000      0.01000
     0.78779      1.00000      0.00000      0.01000
     0.78979      1.00000      0.00000      0.01000
     0.79179      1.00000      0.00000      0.01000
     0.79379      1.00000      0.00000      0.01000
     0.79580      1.00000      0.00000      0.01000
     0.79780      1.00000      0.00000      0.01000
     0.79980      1.00000      0.00000      0.01000
     0.80180      1.00000      0.00000      0.01000
     0.80380      1.00000      0.00000      0.01000
     0.80581      1.00000      0.00000      0.01000
     0.80781      1.00000      0.00000      0.01000
     0.80981      1.00000      0.00000      0.01000
     0.81181      1.00000      0.00000      0.01000
     0.81381      1.00000      0.00000      0.01000
     0.81582      1.00000      0.00000      0.01000
     0.81782      1.00000      0.00000      0.01000
     0.81982      1.00000      0.00000      0.01000
     0.82182      1.00000      0.00000      0.01000
     0.82382      1.00000      0.00000      0.01000
     0.82583      1.00000      0.00000      0.01000
     0.82783      1.00000      0.00000      0.01000
     0.82983      1.00000      0.00000      0.01000
     0.83183      1.00000      0.00000      0.01000
     0.83383      1.00000      0.00000      0.01000
     0.83584      1.00000      0.00000      0.01000
     0.83784      1.00000      0.00000      0.01000
     0.83984      1.00000      0.00000      0.01000
     0.84184      1.00000      0.00000      0.01000
     0.84384      1.00000      0.00000      0.01000
     0.84585      1.00000      0.00000      0.01000
     0.84785      1.00000      0.00000      0.01000
     0.84985      1.00000      0.00000      0.01000
     0.85185      1.00000      0.00000      0.01000
     0.85385      1.00000      0.00000      0.01000
     0.85586      1.00000      0.00000      0.01000
     0.85786      1.00000      0.00000      0.01000
     0.85986      1.00000      0.00000      0.01000
     0.86186      1.00000      0.00000      0.01000
     0.86386      1.00000      0.00000      0.01000
     0.86587      1.00000      0.00000      0.01000
     0.86787      1.00000      0.00000      0.01000
     0.86987      1.00000      0.00000      0.01000
     0.87187      1.00000      0.00000      0.01000
     0.87387      1.00000      0.00000      0.01000
     0.87588      1.00000      0.00000      0.01000
     0.87788      1.00000      0.00000      0.01000
     0.87988      1.00000      0.00000      0.01000
     0.88188      1.00000      0.00000      0.01000
     0.88388      1.00000      0.00000      0.01000
     0.88589      1.00000      0.00000      0.01000
     0.88789      1.00000      0.00000      0.01000
     0.88989      1.00000      0.00000      0.01000
     0.89189      1.00000      0.00000      0.01000
     0.89389      1.00000      0.00000      0.01000
     0.89590      1.00000      0.00000      0.01000
     0.89790      1.00000      0.00000      0.01000
     0.89990      1.00000      0.00000      0.01000
     0.90190      1.00000      0.00000      0.01000
     0.90390      1.00000      0.00000      0.01000
     0.90591      1.00000      0.00000      0.01000
     0.90791      1.00000      0.00000      0.01000
     0.90991      1.00000      0.00000      0.01000
     0.91191      1.00000      0.00000      0.01000
     0.91391      1.00000      0.00000      0.01000
     0.91592      1.00000      0.00000      0.01000
     0.91792      1.00000      0.00000      0.01000
     0.91992      1.00000      0.00000      0.01000
     0.92192      1.00000      0.00000      0.01000
     0.92392      1.00000      0.00000      0.01000
     0.92593      1.00000      0.00000      0.01000
     0.92793      1.00000      0.00000      0.01000
     0.92993      1.00000      0.00000      0.01000
     0.93193      1.00000      0.00000      0.01000
     0.93393      1.00000      0.00000      0.01000
     0.93594      1.00000      0.00000      0.01000
     0.93794      1.00000      0.00000      0.01000
     0.93994      1.00000      0.00000      0.01000
     0.94194      1.00000      0.00000      0.01000
     0.94394      1.00000      0.00000      0.01000
     0.94595      1.00000      0.00000      0.01000
     0.94795      1.00000      0.00000      0.01000
     0.94995      1.00000      0.00000      0.01000
     0.95195      1.00000      0.00000      0.01000
     0.95395      1.00000      0.00000      0.01000
     0.95596      1.00000      0.00000      0.01000
     0.95796      1.00000      0.00000      0.01000
     0.95996      1.00000      0.00000      0.01000
     0.96196      1.00000      0.00000      0.01000
     0.96396      1.00000      0.00000      0.01000
     0.96597      1.00000      0.00000      0.01000
     0.96797      1.00000      0.00000      0.01000
     0.96997      1.00000      0.00000      0.01000
     0.97197      1.00000      0.00000      0.01000
     0.97397      1.00000      0.00000      0.01000
     0.97598      1.00000      0.00000      0.01000
     0.97798      1.00000      0.00000      0.01000
     0.97998      1.00000      0.00000      0.01000
     0.98198      1.00000      0.00000      0.01000
     0.98398      1.00000      0.00000      0.01000
     0.98599      1.00000      0.00000      0.01000
     0.98799      1.00000      0.00000      0.01000
     0.98999      1.00000      0.00000      0.01000
     0.99199      1.00000      0.00000      0.01000
     0.99399      1.00000      0.00000      0.01000
     0.99600      1.00000      0.00000      0.01000
     0.99800      1.00000      0.00000      0.01000
     1.00000      1.00000      0.00000      0.01000
