t =     0.0219
           x          rho            u            p
    -1.00000      1.00000      0.00000   1000.00000
    -0.99800      1.00000      0.00000   1000.00000
    -0.99600      1.00000      0.00000   1000.00000
    -0.99399      1.00000      0.00000   1000.00000
    -0.99199      1.00000      0.00000   1000.00000
    -0.98999      1.00000      0.00000   1000.00000
    -0.98799      1.00000      0.00000   1000.00000
    -0.98599      1.00000      0.00000   1000.00000
    -0.98398      1.00000      0.00000   1000.00000
    -0.98198      1.00000      0.00000   1000.00000
    -0.97998      1.00000      0.00000   1000.00000
    -0.97798      1.00000      0.00000   1000.00000
    -0.97598      1.00000      0.00000   1000.00000
    -0.97397      1.00000      0.00000   1000.00000
    -0.97197      1.00000      0.00000   1000.00000
    -0.96997      1.00000      0.00000   1000.00000
    -0.96797      1.00000      0.00000   1000.00000
    -0.96597      1.00000      0.00000   1000.00000
    -0.96396      1.00000      0.00000   1000.00000
    -0.96196      1.00000      0.00000   1000.00000
    -0.95996      1.00000      0.00000   1000.00000
    -0.95796      1.00000      0.00000   1000.00000
    -0.95596      1.00000      0.00000   1000.00000
    -0.95395      1.00000      0.00000   1000.00000
    -0.95195      1.00000      0.00000   1000.00000
    -0.94995      1.00000      0.00000   1000.00000
    -0.94795      1.00000      0.00000   1000.00000
    -0.94595      1.00000      0.00000   1000.00000
    -0.94394      1.00000      0.00000   1000.00000
    -0.94194      1.00000      0.00000   1000.00000
    -0.93994      1.00000      0.00000   1000.00000
    -0.93794      1.00000      0.00000   1000.00000
    -0.93594      1.00000      0.00000   1000.00000
    -0.93393      1.00000      0.00000   1000.00000
    -0.93193      1.00000      0.00000   1000.00000
    -0.92993      1.00000      0.00000   1000.00000
    -0.92793      1.00000      0.00000   1000.00000
    -0.92593      1.00000      0.00000   1000.00000
    -0.92392      1.00000      0.00000   1000.00000
    -0.92192      1.00000      0.00000   1000.00000
    -0.91992      1.00000      0.00000   1000.00000
    -0.91792      1.00000      0.00000   1000.00000
    -0.91592      1.00000      0.00000   1000.00000
    -0.91391      1.00000      0.00000   1000.00000
    -0.91191      1.00000      0.00000   1000.00000
    -0.90991      1.00000      0.00000   1000.00000
    -0.90791      1.00000      0.00000   1000.00000
    -0.90591      1.00000      0.00000   1000.00000
    -0.90390      1.00000      0.00000   1000.00000
    -0.90190      1.00000      0.00000   1000.00000
    -0.89990      1.00000      0.00000   1000.00000
    -0.89790      1.00000      0.00000   1000.00000
    -0.89590      1.00000      0.00000   1000.00000
    -0.89389      1.00000      0.00000   1000.00000
    -0.89189      1.00000      0.00000   1000.00000
    -0.88989      1.00000      0.00000   1000.00000
    -0.88789      1.00000      0.00000   1000.00000
    -0.88589      1.00000      0.00000   1000.00000
    -0.88388      1.00000      0.00000   1000.00000
    -0.88188      1.00000      0.00000   1000.00000
    -0.87988      1.00000      0.00000   1000.00000
    -0.87788      1.00000      0.00000   1000.00000
    -0.87588      1.00000      0.00000   1000.00000
    -0.87387      1.00000      0.00000   1000.00000
    -0.87187      1.00000      0.00000   1000.00000
    -0.86987      1.00000      0.00000   1000.00000
    -0.86787      1.00000      0.00000   1000.00000
    -0.86587      1.00000      0.00000   1000.00000
    -0.86386      1.00000      0.00000   1000.00000
    -0.86186      1.00000      0.00000   1000.00000
    -0.85986      1.00000      0.00000   1000.00000
    -0.85786      1.00000      0.00000   1000.00000
    -0.85586      1.00000      0.00000   1000.00000
    -0.85385      1.00000      0.00000   1000.00000
    -0.85185      1.00000      0.00000   1000.00000
    -0.84985      1.00000      0.00000   1000.00000
    -0.84785      1.00000      0.00000   1000.00000
    -0.84585      1.00000      0.00000   1000.00000
    -0.84384      1.00000      0.00000   1000.00000
    -0.84184      1.00000      0.00000   1000.00000
    -0.83984      1.00000      0.00000   1000.00000
    -0.83784      1.00000      0.00000   1000.00000
    -0.83584      1.00000      0.00000   1000.00000
    -0.83383      1.00000      0.00000   1000.00000
    -0.83183      1.00000      0.00000   1000.00000
    -0.82983      1.00000      0.00000   1000.00000
    -0.82783      1.00000      0.00000   1000.00000
    -0.82583      1.00000      0.00000   1000.00000
    -0.82382      1.00000      0.00000   1000.00000
    -0.82182      1.00000      0.00000   1000.00000
    -0.81982      1.00000      0.00000   1000.00000
    -0.81782      0.99932      0.02551    999.04575
    -0.81582      0.99728      0.10178    996.19793
    -0.81381      0.99525      0.17805    993.35707
    -0.81181      0.99322      0.25431    990.52316
    -0.80981      0.99120      0.33058    987.69618
    -0.80781      0.98917      0.40685    984.87612
    -0.80581      0.98715      0.48311    982.06296
    -0.80380      0.98514      0.55938    979.25669
    -0.80180      0.98313      0.63565    976.45730
    -0.79980      0.98112      0.71191    973.66477
    -0.79780      0.97911      0.78818    970.87909
    -0.79580      0.97711      0.86445    968.10025
    -0.79379      0.97511      0.94071    965.32822
    -0.79179      0.97311      1.01698    962.56300
    -0.78979      0.97112      1.09325    959.80457
    -0.78779      0.96913      1.16951    957.05292
    -0.78579      0.96715      1.24578    954.30804
    -0.78378      0.96516      1.32205    951.56990
    -0.78178      0.96318      1.39832    948.83850
    -0.77978      0.96121      1.47458    946.11383
    -0.77778      0.95923      1.55085    943.39586
    -0.77578      0.95726      1.62712    940.68459
    -0.77377      0.95530      1.70338    937.98001
    -0.77177      0.95333      1.77965    935.28209
    -0.76977      0.95137      1.85592    932.59082
    -0.76777      0.94942      1.93218    929.90619
    -0.76577      0.94746      2.00845    927.22819
    -0.76376      0.94551      2.08472    924.55681
    -0.76176      0.94356      2.16098    921.89202
    -0.75976      0.94162      2.23725    919.23382
    -0.75776      0.93968      2.31352    916.58219
    -0.75576      0.93774      2.38978    913.93713
    -0.75375      0.93581      2.46605    911.29860
    -0.75175      0.93388      2.54232    908.66661
    -0.74975      0.93195      2.61858    906.04114
    -0.74775      0.93002      2.69485    903.42217
    -0.74575      0.92810      2.77112    900.80969
    -0.74374      0.92618      2.84738    898.20369
    -0.74174      0.92427      2.92365    895.60416
    -0.73974      0.92235      2.99992    893.01108
    -0.73774      0.92045      3.07618    890.42443
    -0.73574      0.91854      3.15245    887.84421
    -0.73373      0.91664      3.22872    885.27040
    -0.73173      0.91474      3.30498    882.70299
    -0.72973      0.91284      3.38125    880.14197
    -0.72773      0.91095      3.45752    877.58731
    -0.72573      0.90906      3.53378    875.03902
    -0.72372      0.90717      3.61005    872.49707
    -0.72172      0.90529      3.68632    869.96145
    -0.71972      0.90341      3.76258    867.43215
    -0.71772      0.90153      3.83885    864.90916
    -0.71572      0.89965      3.91512    862.39245
    -0.71371      0.89778      3.99138    859.88203
    -0.71171      0.89591      4.06765    857.37788
    -0.70971      0.89405      4.14392    854.87997
    -0.70771      0.89219      4.22018    852.38831
    -0.70571      0.89033      4.29645    849.90288
    -0.70370      0.88847      4.37272    847.42366
    -0.70170      0.88662      4.44898    844.95064
    -0.69970      0.88477      4.52525    842.48381
    -0.69770      0.88292      4.60152    840.02316
    -0.69570      0.88108      4.67779    837.56867
    -0.69369      0.87924      4.75405    835.12032
    -0.69169      0.87740      4.83032    832.67812
    -0.68969      0.87557      4.90659    830.24204
    -0.68769      0.87374      4.98285    827.81207
    -0.68569      0.87191      5.05912    825.38820
    -0.68368      0.87008      5.13539    822.97042
    -0.68168      0.86826      5.21165    820.55870
    -0.67968      0.86644      5.28792    818.15305
    -0.67768      0.86463      5.36419    815.75345
    -0.67568      0.86281      5.44045    813.35988
    -0.67367      0.86100      5.51672    810.97234
    -0.67167      0.85920      5.59299    808.59080
    -0.66967      0.85739      5.66925    806.21526
    -0.66767      0.85559      5.74552    803.84571
    -0.66567      0.85379      5.82179    801.48212
    -0.66366      0.85200      5.89805    799.12450
    -0.66166      0.85021      5.97432    796.77283
    -0.65966      0.84842      6.05059    794.42708
    -0.65766      0.84663      6.12685    792.08726
    -0.65566      0.84485      6.20312    789.75335
    -0.65365      0.84307      6.27939    787.42534
    -0.65165      0.84129      6.35565    785.10321
    -0.64965      0.83952      6.43192    782.78695
    -0.64765      0.83775      6.50819    780.47656
    -0.64565      0.83598      6.58445    778.17201
    -0.64364      0.83422      6.66072    775.87329
    -0.64164      0.83246      6.73699    773.58040
    -0.63964      0.83070      6.81325    771.29332
    -0.63764      0.82894      6.88952    769.01204
    -0.63564      0.82719      6.96579    766.73654
    -0.63363      0.82544      7.04205    764.46682
    -0.63163      0.82369      7.11832    762.20286
    -0.62963      0.82195      7.19459    759.94465
    -0.62763      0.82021      7.27085    757.69217
    -0.62563      0.81847      7.34712    755.44542
    -0.62362      0.81673      7.42339    753.20438
    -0.62162      0.81500      7.49965    750.96905
    -0.61962      0.81327      7.57592    748.73940
    -0.61762      0.81155      7.65219    746.51543
    -0.61562      0.80982      7.72845    744.29712
    -0.61361      0.80810      7.80472    742.08447
    -0.61161      0.80639      7.88099    739.87745
    -0.60961      0.80467      7.95725    737.67607
    -0.60761      0.80296      8.03352    735.48030
    -0.60561      0.80125      8.10979    733.29014
    -0.60360      0.79955      8.18606    731.10557
    -0.60160      0.79784      8.26232    728.92658
    -0.59960      0.79614      8.33859    726.75315
    -0.59760      0.79445      8.41486    724.58529
    -0.59560      0.79275      8.49112    722.42297
    -0.59359      0.79106      8.56739    720.26618
    -0.59159      0.78937      8.64366    718.11492
    -0.58959      0.78769      8.71992    715.96917
    -0.58759      0.78600      8.79619    713.82891
    -0.58559      0.78432      8.87246    711.69414
    -0.58358      0.78265      8.94872    709.56484
    -0.58158      0.78097      9.02499    707.44101
    -0.57958      0.77930      9.10126    705.32263
    -0.57758      0.77763      9.17752    703.20968
    -0.57558      0.77597      9.25379    701.10217
    -0.57357      0.77431      9.33006    699.00007
    -0.57157      0.77265      9.40632    696.90338
    -0.56957      0.77099      9.48259    694.81208
    -0.56757      0.76933      9.55886    692.72616
    -0.56557      0.76768      9.63512    690.64561
    -0.56356      0.76604      9.71139    688.57042
    -0.56156      0.76439      9.78766    686.50057
    -0.55956      0.76275      9.86392    684.43606
    -0.55756      0.76111      9.94019    682.37688
    -0.55556      0.75947     10.01646    680.32301
    -0.55355      0.75784     10.09272    678.27444
    -0.55155      0.75620     10.16899    676.23116
    -0.54955      0.75458     10.24526    674.19315
    -0.54755      0.75295     10.32152    672.16042
    -0.54555      0.75133     10.39779    670.13293
    -0.54354      0.74971     10.47406    668.11070
    -0.54154      0.74809     10.55032    666.09369
    -0.53954      0.74648     10.62659    664.08191
    -0.53754      0.74486     10.70286    662.07534
    -0.53554      0.74325     10.77912    660.07397
    -0.53353      0.74165     10.85539    658.07778
    -0.53153      0.74004     10.93166    656.08677
    -0.52953      0.73844     11.00792    654.10093
    -0.52753      0.73685     11.08419    652.12024
    -0.52553      0.73525     11.16046    650.14470
    -0.52352      0.73366     11.23672    648.17429
    -0.52152      0.73207     11.31299    646.20899
    -0.51952      0.73048     11.38926    644.24881
    -0.51752      0.72890     11.46553    642.29373
    -0.51552      0.72732     11.54179    640.34373
    -0.51351      0.72574     11.61806    638.39881
    -0.51151      0.72416     11.69433    636.45896
    -0.50951      0.72259     11.77059    634.52416
    -0.50751      0.72102     11.84686    632.59440
    -0.50551      0.71945     11.92313    630.66968
    -0.50350      0.71789     11.99939    628.74998
    -0.50150      0.71632     12.07566    626.83529
    -0.49950      0.71476     12.15193    624.92560
    -0.49750      0.71321     12.22819    623.02090
    -0.49550      0.71165     12.30446    621.12117
    -0.49349      0.71010     12.38073    619.22642
    -0.49149      0.70855     12.45699    617.33662
    -0.48949      0.70701     12.53326    615.45176
    -0.48749      0.70546     12.60953    613.57184
    -0.48549      0.70392     12.68579    611.69685
    -0.48348      0.70239     12.76206    609.82677
    -0.48148      0.70085     12.83833    607.96159
    -0.47948      0.69932     12.91459    606.10130
    -0.47748      0.69779     12.99086    604.24590
    -0.47548      0.69626     13.06713    602.39536
    -0.47347      0.69474     13.14339    600.54968
    -0.47147      0.69322     13.21966    598.70886
    -0.46947      0.69170     13.29593    596.87287
    -0.46747      0.69018     13.37219    595.04171
    -0.46547      0.68867     13.44846    593.21537
    -0.46346      0.68716     13.52473    591.39383
    -0.46146      0.68565     13.60099    589.57709
    -0.45946      0.68414     13.67726    587.76514
    -0.45746      0.68264     13.75353    585.95796
    -0.45546      0.68114     13.82979    584.15555
    -0.45345      0.67964     13.90606    582.35789
    -0.45145      0.67814     13.98233    580.56498
    -0.44945      0.67665     14.05859    578.77679
    -0.44745      0.67516     14.13486    576.99334
    -0.44545      0.67367     14.21113    575.21459
    -0.44344      0.67219     14.28739    573.44055
    -0.44144      0.67071     14.36366    571.67119
    -0.43944      0.66923     14.43993    569.90652
    -0.43744      0.66775     14.51619    568.14652
    -0.43544      0.66628     14.59246    566.39119
    -0.43343      0.66481     14.66873    564.64050
    -0.43143      0.66334     14.74500    562.89445
    -0.42943      0.66187     14.82126    561.15303
    -0.42743      0.66041     14.89753    559.41623
    -0.42543      0.65894     14.97380    557.68405
    -0.42342      0.65749     15.05006    555.95646
    -0.42142      0.65603     15.12633    554.23346
    -0.41942      0.65458     15.20260    552.51504
    -0.41742      0.65313     15.27886    550.80119
    -0.41542      0.65168     15.35513    549.09189
    -0.41341      0.65023     15.43140    547.38715
    -0.41141      0.64879     15.50766    545.68694
    -0.40941      0.64735     15.58393    543.99127
    -0.40741      0.64591     15.66020    542.30011
    -0.40541      0.64447     15.73646    540.61346
    -0.40340      0.64304     15.81273    538.93130
    -0.40140      0.64161     15.88900    537.25364
    -0.39940      0.64018     15.96526    535.58046
    -0.39740      0.63876     16.04153    533.91174
    -0.39540      0.63733     16.11780    532.24748
    -0.39339      0.63591     16.19406    530.58767
    -0.39139      0.63450     16.27033    528.93230
    -0.38939      0.63308     16.34660    527.28136
    -0.38739      0.63167     16.42286    525.63483
    -0.38539      0.63026     16.49913    523.99272
    -0.38338      0.62885     16.57540    522.35500
    -0.38138      0.62744     16.65166    520.72168
    -0.37938      0.62604     16.72793    519.09273
    -0.37738      0.62464     16.80420    517.46816
    -0.37538      0.62324     16.88046    515.84794
    -0.37337      0.62185     16.95673    514.23207
    -0.37137      0.62046     17.03300    512.62055
    -0.36937      0.61907     17.10926    511.01335
    -0.36737      0.61768     17.18553    509.41048
    -0.36537      0.61629     17.26180    507.81191
    -0.36336      0.61491     17.33806    506.21765
    -0.36136      0.61353     17.41433    504.62768
    -0.35936      0.61215     17.49060    503.04200
    -0.35736      0.61078     17.56686    501.46058
    -0.35536      0.60941     17.64313    499.88343
    -0.35335      0.60804     17.71940    498.31054
    -0.35135      0.60667     17.79566    496.74188
    -0.34935      0.60530     17.87193    495.17746
    -0.34735      0.60394     17.94820    493.61727
    -0.34535      0.60258     18.02447    492.06129
    -0.34334      0.60122     18.10073    490.50952
    -0.34134      0.59987     18.17700    488.96194
    -0.33934      0.59851     18.25327    487.41856
    -0.33734      0.59716     18.32953    485.87934
    -0.33534      0.59581     18.40580    484.34430
    -0.33333      0.59447     18.48207    482.81342
    -0.33133      0.59312     18.55833    481.28668
    -0.32933      0.59178     18.63460    479.76409
    -0.32733      0.59044     18.71087    478.24562
    -0.32533      0.58911     18.78713    476.73128
    -0.32332      0.58778     18.86340    475.22105
    -0.32132      0.58644     18.93967    473.71492
    -0.31932      0.58512     19.01593    472.21289
    -0.31732      0.58379     19.09220    470.71493
    -0.31532      0.58246     19.16847    469.22106
    -0.31331      0.58114     19.24473    467.73125
    -0.31131      0.57982     19.32100    466.24549
    -0.30931      0.57851     19.39727    464.76379
    -0.30731      0.57719     19.47353    463.28612
    -0.30531      0.57588     19.54980    461.81248
    -0.30330      0.57506     19.59745    460.89401
    -0.30130      0.57506     19.59745    460.89401
    -0.29930      0.57506     19.59745    460.89401
    -0.29730      0.57506     19.59745    460.89401
    -0.29530      0.57506     19.59745    460.89401
    -0.29329      0.57506     19.59745    460.89401
    -0.29129      0.57506     19.59745    460.89401
    -0.28929      0.57506     19.59745    460.89401
    -0.28729      0.57506     19.59745    460.89401
    -0.28529      0.57506     19.59745    460.89401
    -0.28328      0.57506     19.59745    460.89401
    -0.28128      0.57506     19.59745    460.89401
    -0.27928      0.57506     19.59745    460.89401
    -0.27728      0.57506     19.59745    460.89401
    -0.27528      0.57506     19.59745    460.89401
    -0.27327      0.57506     19.59745    460.89401
    -0.27127      0.57506     19.59745    460.89401
    -0.26927      0.57506     19.59745    460.89401
    -0.26727      0.57506     19.59745    460.89401
    -0.26527      0.57506     19.59745    460.89401
    -0.26326      0.57506     19.59745    460.89401
    -0.26126      0.57506     19.59745    460.89401
    -0.25926      0.57506     19.59745    460.89401
    -0.25726      0.57506     19.59745    460.89401
    -0.25526      0.57506     19.59745    460.89401
    -0.25325      0.57506     19.59745    460.89401
    -0.25125      0.57506     19.59745    460.89401
    -0.24925      0.57506     19.59745    460.89401
    -0.24725      0.57506     19.59745    460.89401
    -0.24525      0.57506     19.59745    460.89401
    -0.24324      0.57506     19.59745    460.89401
    -0.24124      0.57506     19.59745    460.89401
    -0.23924      0.57506     19.59745    460.89401
    -0.23724      0.57506     19.59745    460.89401
    -0.23524      0.57506     19.59745    460.89401
    -0.23323      0.57506     19.59745    460.89401
    -0.23123      0.57506     19.59745    460.89401
    -0.22923      0.57506     19.59745    460.89401
    -0.22723      0.57506     19.59745    460.89401
    -0.22523      0.57506     19.59745    460.89401
    -0.22322      0.57506     19.59745    460.89401
    -0.22122      0.57506     19.59745    460.89401
    -0.21922      0.57506     19.59745    460.89401
    -0.21722      0.57506     19.59745    460.89401
    -0.21522      0.57506     19.59745    460.89401
    -0.21321      0.57506     19.59745    460.89401
    -0.21121      0.57506     19.59745    460.89401
    -0.20921      0.57506     19.59745    460.89401
    -0.20721      0.57506     19.59745    460.89401
    -0.20521      0.57506     19.59745    460.89401
    -0.20320      0.57506     19.59745    460.89401
    -0.20120      0.57506     19.59745    460.89401
    -0.19920      0.57506     19.59745    460.89401
    -0.19720      0.57506     19.59745    460.89401
    -0.19520      0.57506     19.59745    460.89401
    -0.19319      0.57506     19.59745    460.89401
    -0.19119      0.57506     19.59745    460.89401
    -0.18919      0.57506     19.59745    460.89401
    -0.18719      0.57506     19.59745    460.89401
    -0.18519      0.57506     19.59745    460.89401
    -0.18318      0.57506     19.59745    460.89401
    -0.18118      0.57506     19.59745    460.89401
    -0.17918      0.57506     19.59745    460.89401
    -0.17718      0.57506     19.59745    460.89401
    -0.17518      0.57506     19.59745    460.89401
    -0.17317      0.57506     19.59745    460.89401
    -0.17117      0.57506     19.59745    460.89401
    -0.16917      0.57506     19.59745    460.89401
    -0.16717      0.57506     19.59745    460.89401
    -0.16517      0.57506     19.59745    460.89401
    -0.16316      0.57506     19.59745    460.89401
    -0.16116      0.57506     19.59745    460.89401
    -0.15916      0.57506     19.59745    460.89401
    -0.15716      0.57506     19.59745    460.89401
    -0.15516      0.57506     19.59745    460.89401
    -0.15315      0.57506     19.59745    460.89401
    -0.15115      0.57506     19.59745    460.89401
    -0.14915      0.57506     19.59745    460.89401
    -0.14715      0.57506     19.59745    460.89401
    -0.14515      0.57506     19.59745    460.89401
    -0.14314      0.57506     19.59745    460.89401
    -0.14114      0.57506     19.59745    460.89401
    -0.13914      0.57506     19.59745    460.89401
    -0.13714      0.57506     19.59745    460.89401
    -0.13514      0.57506     19.59745    460.89401
    -0.13313      0.57506     19.59745    460.89401
    -0.13113      0.57506     19.59745    460.89401
    -0.12913      0.57506     19.59745    460.89401
    -0.12713      0.57506     19.59745    460.89401
    -0.12513      0.57506     19.59745    460.89401
    -0.12312      0.57506     19.59745    460.89401
    -0.12112      0.57506     19.59745    460.89401
    -0.11912      0.57506     19.59745    460.89401
    -0.11712      0.57506     19.59745    460.89401
    -0.11512      0.57506     19.59745    460.89401
    -0.11311      0.57506     19.59745    460.89401
    -0.11111      0.57506     19.59745    460.89401
    -0.10911      0.57506     19.59745    460.89401
    -0.10711      0.57506     19.59745    460.89401
    -0.10511      0.57506     19.59745    460.89401
    -0.10310      0.57506     19.59745    460.89401
    -0.10110      0.57506     19.59745    460.89401
    -0.09910      0.57506     19.59745    460.89401
    -0.09710      0.57506     19.59745    460.89401
    -0.09510      0.57506     19.59745    460.89401
    -0.09309      0.57506     19.59745    460.89401
    -0.09109      0.57506     19.59745    460.89401
    -0.08909      0.57506     19.59745    460.89401
    -0.08709      0.57506     19.59745    460.89401
    -0.08509      0.57506     19.59745    460.89401
    -0.08308      0.57506     19.59745    460.89401
    -0.08108      0.57506     19.59745    460.89401
    -0.07908      0.57506     19.59745    460.89401
    -0.07708      0.57506     19.59745    460.89401
    -0.07508      0.57506     19.59745    460.89401
    -0.07307      0.57506     19.59745    460.89401
    -0.07107      0.57506     19.59745    460.89401
    -0.06907      0.57506     19.59745    460.89401
    -0.06707      0.57506     19.59745    460.89401
    -0.06507      0.57506     19.59745    460.89401
    -0.06306      0.57506     19.59745    460.89401
    -0.06106      0.57506     19.59745    460.89401
    -0.05906      0.57506     19.59745    460.89401
    -0.05706      0.57506     19.59745    460.89401
    -0.05506      0.57506     19.59745    460.89401
    -0.05305      0.57506     19.59745    460.89401
    -0.05105      0.57506     19.59745    460.89401
    -0.04905      0.57506     19.59745    460.89401
    -0.04705      0.57506     19.59745    460.89401
    -0.04505      0.57506     19.59745    460.89401
    -0.04304      0.57506     19.59745    460.89401
    -0.04104      0.57506     19.59745    460.89401
    -0.03904      0.57506     19.59745    460.89401
    -0.03704      0.57506     19.59745    460.89401
    -0.03504      0.57506     19.59745    460.89401
    -0.03303      0.57506     19.59745    460.89401
    -0.03103      0.57506     19.59745    460.89401
    -0.02903      0.57506     19.59745    460.89401
    -0.02703      0.57506     19.59745    460.89401
    -0.02503      0.57506     19.59745    460.89401
    -0.02302      0.57506     19.59745    460.89401
    -0.02102      0.57506     19.59745    460.89401
    -0.01902      0.57506     19.59745    460.89401
    -0.01702      0.57506     19.59745    460.89401
    -0.01502      0.57506     19.59745    460.89401
    -0.01301      0.57506     19.59745    460.89401
    -0.01101      0.57506     19.59745    460.89401
    -0.00901      0.57506     19.59745    460.89401
    -0.00701      0.57506     19.59745    460.89401
    -0.00501      0.57506     19.59745    460.89401
    -0.00300      0.57506     19.59745    460.89401
    -0.00100      0.57506     19.59745    460.89401
     0.00100      0.57506     19.59745    460.89401
     0.00300      0.57506     19.59745    460.89401
     0.00501      0.57506     19.59745    460.89401
     0.00701      0.57506     19.59745    460.89401
     0.00901      0.57506     19.59745    460.89401
     0.01101      0.57506     19.59745    460.89401
     0.01301      0.57506     19.59745    460.89401
     0.01502      0.57506     19.59745    460.89401
     0.01702      0.57506     19.59745    460.89401
     0.01902      0.57506     19.59745    460.89401
     0.02102      0.57506     19.59745    460.89401
     0.02302      0.57506     19.59745    460.89401
     0.02503      0.57506     19.59745    460.89401
     0.02703      0.57506     19.59745    460.89401
     0.02903      0.57506     19.59745    460.89401
     0.03103      0.57506     19.59745    460.89401
     0.03303      0.57506     19.59745    460.89401
     0.03504      0.57506     19.59745    460.89401
     0.03704      0.57506     19.59745    460.89401
     0.03904      0.57506     19.59745    460.89401
     0.04104      0.57506     19.59745    460.89401
     0.04304      0.57506     19.59745    460.89401
     0.04505      0.57506     19.59745    460.89401
     0.04705      0.57506     19.59745    460.89401
     0.04905      0.57506     19.59745    460.89401
     0.05105      0.57506     19.59745    460.89401
     0.05305      0.57506     19.59745    460.89401
     0.05506      0.57506     19.59745    460.89401
     0.05706      0.57506     19.59745    460.89401
     0.05906      0.57506     19.59745    460.89401
     0.06106      0.57506     19.59745    460.89401
     0.06306      0.57506     19.59745    460.89401
     0.06507      0.57506     19.59745    460.89401
     0.06707      0.57506     19.59745    460.89401
     0.06907      0.57506     19.59745    460.89401
     0.07107      0.57506     19.59745    460.89401
     0.07307      0.57506     19.59745    460.89401
     0.07508      0.57506     19.59745    460.89401
     0.07708      0.57506     19.59745    460.89401
     0.07908      0.57506     19.59745    460.89401
     0.08108      0.57506     19.59745    460.89401
     0.08308      0.57506     19.59745    460.89401
     0.08509      0.57506     19.59745    460.89401
     0.08709      0.57506     19.59745    460.89401
     0.08909      0.57506     19.59745    460.89401
     0.09109      0.57506     19.59745    460.89401
     0.09309      0.57506     19.59745    460.89401
     0.09510      0.57506     19.59745    460.89401
     0.09710      0.57506     19.59745    460.89401
     0.09910      0.57506     19.59745    460.89401
     0.10110      0.57506     19.59745    460.89401
     0.10310      0.57506     19.59745    460.89401
     0.10511      0.57506     19.59745    460.89401
     0.10711      0.57506     19.59745    460.89401
     0.10911      0.57506     19.59745    460.89401
     0.11111      0.57506     19.59745    460.89401
     0.11311      0.57506     19.59745    460.89401
     0.11512      0.57506     19.59745    460.89401
     0.11712      0.57506     19.59745    460.89401
     0.11912      0.57506     19.59745    460.89401
     0.12112      0.57506     19.59745    460.89401
     0.12312      0.57506     19.59745    460.89401
     0.12513      0.57506     19.59745    460.89401
     0.12713      0.57506     19.59745    460.89401
     0.12913      0.57506     19.59745    460.89401
     0.13113      0.57506     19.59745    460.89401
     0.13313      0.57506     19.59745    460.89401
     0.13514      0.57506     19.59745    460.89401
     0.13714      0.57506     19.59745    460.89401
     0.13914      0.57506     19.59745    460.89401
     0.14114      0.57506     19.59745    460.89401
     0.14314      0.57506     19.59745    460.89401
     0.14515      0.57506     19.59745    460.89401
     0.14715      0.57506     19.59745    460.89401
     0.14915      0.57506     19.59745    460.89401
     0.15115      0.57506     19.59745    460.89401
     0.15315      0.57506     19.59745    460.89401
     0.15516      0.57506     19.59745    460.89401
     0.15716      0.57506     19.59745    460.89401
     0.15916      0.57506     19.59745    460.89401
     0.16116      0.57506     19.59745    460.89401
     0.16316      0.57506     19.59745    460.89401
     0.16517      0.57506     19.59745    460.89401
     0.16717      0.57506     19.59745    460.89401
     0.16917      0.57506     19.59745    460.89401
     0.17117      0.57506     19.59745    460.89401
     0.17317      0.57506     19.59745    460.89401
     0.17518      0.57506     19.59745    460.89401
     0.17718      0.57506     19.59745    460.89401
     0.17918      0.57506     19.59745    460.89401
     0.18118      0.57506     19.59745    460.89401
     0.18318      0.57506     19.59745    460.89401
     0.18519      0.57506     19.59745    460.89401
     0.18719      0.57506     19.59745    460.89401
     0.18919      0.57506     19.59745    460.89401
     0.19119      0.57506     19.59745    460.89401
     0.19319      0.57506     19.59745    460.89401
     0.19520      0.57506     19.59745    460.89401
     0.19720      0.57506     19.59745    460.89401
     0.19920      0.57506     19.59745    460.89401
     0.20120      0.57506     19.59745    460.89401
     0.20320      0.57506     19.59745    460.89401
     0.20521      0.57506     19.59745    460.89401
     0.20721      0.57506     19.59745    460.89401
     0.20921      0.57506     19.59745    460.89401
     0.21121      0.57506     19.59745    460.89401
     0.21321      0.57506     19.59745    460.89401
     0.21522      0.57506     19.59745    460.89401
     0.21722      0.57506     19.59745    460.89401
     0.21922      0.57506     19.59745    460.89401
     0.22122      0.57506     19.59745    460.89401
     0.22322      0.57506     19.59745    460.89401
     0.22523      0.57506     19.59745    460.89401
     0.22723      0.57506     19.59745    460.89401
     0.22923      0.57506     19.59745    460.89401
     0.23123      0.57506     19.59745    460.89401
     0.23323      0.57506     19.59745    460.89401
     0.23524      0.57506     19.59745    460.89401
     0.23724      0.57506     19.59745    460.89401
     0.23924      0.57506     19.59745    460.89401
     0.24124      0.57506     19.59745    460.89401
     0.24324      0.57506     19.59745    460.89401
     0.24525      0.57506     19.59745    460.89401
     0.24725      0.57506     19.59745    460.89401
     0.24925      0.57506     19.59745    460.89401
     0.25125      0.57506     19.59745    460.89401
     0.25325      0.57506     19.59745    460.89401
     0.25526      0.57506     19.59745    460.89401
     0.25726      0.57506     19.59745    460.89401
     0.25926      0.57506     19.59745    460.89401
     0.26126      0.57506     19.59745    460.89401
     0.26326      0.57506     19.59745    460.89401
     0.26527      0.57506     19.59745    460.89401
     0.26727      0.57506     19.59745    460.89401
     0.26927      0.57506     19.59745    460.89401
     0.27127      0.57506     19.59745    460.89401
     0.27327      0.57506     19.59745    460.89401
     0.27528      0.57506     19.59745    460.89401
     0.27728      0.57506     19.59745    460.89401
     0.27928      0.57506     19.59745    460.89401
     0.28128      0.57506     19.59745    460.89401
     0.28328      0.57506     19.59745    460.89401
     0.28529      0.57506     19.59745    460.89401
     0.28729      0.57506     19.59745    460.89401
     0.28929      0.57506     19.59745    460.89401
     0.29129      0.57506     19.59745    460.89401
     0.29329      0.57506     19.59745    460.89401
     0.29530      0.57506     19.59745    460.89401
     0.29730      0.57506     19.59745    460.89401
     0.29930      0.57506     19.59745    460.89401
     0.30130      0.57506     19.59745    460.89401
     0.30330      0.57506     19.59745    460.89401
     0.30531      0.57506     19.59745    460.89401
     0.30731      0.57506     19.59745    460.89401
     0.30931      0.57506     19.59745    460.89401
     0.31131      0.57506     19.59745    460.89401
     0.31331      0.57506     19.59745    460.89401
     0.31532      0.57506     19.59745    460.89401
     0.31732      0.57506     19.59745    460.89401
     0.31932      0.57506     19.59745    460.89401
     0.32132      0.57506     19.59745    460.89401
     0.32332      0.57506     19.59745    460.89401
     0.32533      0.57506     19.59745    460.89401
     0.32733      0.57506     19.59745    460.89401
     0.32933      0.57506     19.59745    460.89401
     0.33133      0.57506     19.59745    460.89401
     0.33333      0.57506     19.59745    460.89401
     0.33534      0.57506     19.59745    460.89401
     0.33734      0.57506     19.59745    460.89401
     0.33934      0.57506     19.59745    460.89401
     0.34134      0.57506     19.59745    460.89401
     0.34334      0.57506     19.59745    460.89401
     0.34535      0.57506     19.59745    460.89401
     0.34735      0.57506     19.59745    460.89401
     0.34935      0.57506     19.59745    460.89401
     0.35135      0.57506     19.59745    460.89401
     0.35335      0.57506     19.59745    460.89401
     0.35536      0.57506     19.59745    460.89401
     0.35736      0.57506     19.59745    460.89401
     0.35936      0.57506     19.59745    460.89401
     0.36136      0.57506     19.59745    460.89401
     0.36336      0.57506     19.59745    460.89401
     0.36537      0.57506     19.59745    460.89401
     0.36737      0.57506     19.59745    460.89401
     0.36937      0.57506     19.59745    460.89401
     0.37137      0.57506     19.59745    460.89401
     0.37337      0.57506     19.59745    460.89401
     0.37538      0.57506     19.59745    460.89401
     0.37738      0.57506     19.59745    460.89401
     0.37938      0.57506     19.59745    460.89401
     0.38138      0.57506     19.59745    460.89401
     0.38338      0.57506     19.59745    460.89401
     0.38539      0.57506     19.59745    460.89401
     0.38739      0.57506     19.59745    460.89401
     0.38939      0.57506     19.59745    460.89401
     0.39139      0.57506     19.59745    460.89401
     0.39339      0.57506     19.59745    460.89401
     0.39540      0.57506     19.59745    460.89401
     0.39740      0.57506     19.59745    460.89401
     0.39940      0.57506     19.59745    460.89401
     0.40140      0.57506     19.59745    460.89401
     0.40340      0.57506     19.59745    460.89401
     0.40541      0.57506     19.59745    460.89401
     0.40741      0.57506     19.59745    460.89401
     0.40941      0.57506     19.59745    460.89401
     0.41141      0.57506     19.59745    460.89401
     0.41341      0.57506     19.59745    460.89401
     0.41542      0.57506     19.59745    460.89401
     0.41742      0.57506     19.59745    460.89401
     0.41942      0.57506     19.59745    460.89401
     0.42142      0.57506     19.59745    460.89401
     0.42342      0.57506     19.59745    460.89401
     0.42543      0.57506     19.59745    460.89401
     0.42743      0.57506     19.59745    460.89401
     0.42943      5.99924     19.59745    460.89401
     0.43143      5.99924     19.59745    460.89401
     0.43343      5.99924     19.59745    460.89401
     0.43544      5.99924     19.59745    460.89401
     0.43744      5.99924     19.59745    460.89401
     0.43944      5.99924     19.59745    460.89401
     0.44144      5.99924     19.59745    460.89401
     0.44344      5.99924     19.59745    460.89401
     0.44545      5.99924     19.59745    460.89401
     0.44745      5.99924     19.59745    460.89401
     0.44945      5.99924     19.59745    460.89401
     0.45145      5.99924     19.59745    460.89401
     0.45345      5.99924     19.59745    460.89401
     0.45546      5.99924     19.59745    460.89401
     0.45746      5.99924     19.59745    460.89401
     0.45946      5.99924     19.59745    460.89401
     0.46146      5.99924     19.59745    460.89401
     0.46346      5.99924     19.59745    460.89401
     0.46547      5.99924     19.59745    460.89401
     0.46747      5.99924     19.59745    460.89401
     0.46947      5.99924     19.59745    460.89401
     0.47147      5.99924     19.59745    460.89401
     0.47347      5.99924     19.59745    460.89401
     0.47548      5.99924     19.59745    460.89401
     0.47748      5.99924     19.59745    460.89401
     0.47948      5.99924     19.59745    460.89401
     0.48148      5.99924     19.59745    460.89401
     0.48348      5.99924     19.59745    460.89401
     0.48549      5.99924     19.59745    460.89401
     0.48749      5.99924     19.59745    460.89401
     0.48949      5.99924     19.59745    460.89401
     0.49149      5.99924     19.59745    460.89401
     0.49349      5.99924     19.59745    460.89401
     0.49550      5.99924     19.59745    460.89401
     0.49750      5.99924     19.59745    460.89401
     0.49950      5.99924     19.59745    460.89401
     0.50150      5.99924     19.59745    460.89401
     0.50350      5.99924     19.59745    460.89401
     0.50551      5.99924     19.59745    460.89401
     0.50751      5.99924     19.59745    460.89401
     0.50951      5.99924     19.59745    460.89401
     0.51151      5.99924     19.59745    460.89401
     0.51351      5.99924     19.59745    460.89401
     0.51552      1.00000      0.00000      0.01000
     0.51752      1.00000      0.00000      0.01000
     0.51952      1.00000      0.00000      0.01000
     0.52152      1.00000      0.00000      0.01000
     0.52352      1.00000      0.00000      0.01000
     0.52553      1.00000      0.00000      0.01000
     0.52753      1.00000      0.00000      0.01000
     0.52953      1.00000      0.00000      0.01000
     0.53153      1.00000      0.00000      0.01000
     0.53353      1.00000      0.00000      0.01000
     0.53554      1.00000      0.00000      0.01000
     0.53754      1.00000      0.00000      0.01000
     0.53954      1.00000      0.00000      0.01000
     0.54154      1.00000      0.00000      0.01000
     0.54354      1.00000      0.00000      0.01000
     0.54555      1.00000      0.00000      0.01000
     0.54755      1.00000      0.00000      0.01000
     0.54955      1.00000      0.00000      0.01000
     0.55155      1.00000      0.00000      0.01000
     0.55355      1.00000      0.00000      0.01000
     0.55556      1.00000      0.00000      0.01000
     0.55756      1.00000      0.00000      0.01000
     0.55956      1.00000      0.00000      0.01000
     0.56156      1.00000      0.00000      0.01000
     0.56356      1.00000      0.00000      0.01000
     0.56557      1.00000      0.00000      0.01000
     0.56757      1.00000      0.00000      0.01000
     0.56957      1.00000      0.00000      0.01000
     0.57157      1.00000      0.00000      0.01000
     0.57357      1.00000      0.00000      0.01000
     0.57558      1.00000      0.00000      0.01000
     0.57758      1.00000      0.00000      0.01000
     0.57958      1.00000      0.00000      0.01000
     0.58158      1.00000      0.00000      0.01000
     0.58358      1.00000      0.00000      0.01000
     0.58559      1.00000      0.00000      0.01000
     0.58759      1.00000      0.00000      0.01000
     0.58959      1.00000      0.00000      0.01000
     0.59159      1.00000      0.00000      0.01000
     0.59359      1.00000      0.00000      0.01000
     0.59560      1.00000      0.00000      0.01000
     0.59760      1.00000      0.00000      0.01000
     0.59960      1.00000      0.00000      0.01000
     0.60160      1.00000      0.00000      0.01000
     0.60360      1.00000      0.00000      0.01000
     0.60561      1.00000      0.00000      0.01000
     0.60761      1.00000      0.00000      0.01000
     0.60961      1.00000      0.00000      0.01000
     0.61161      1.00000      0.00000      0.01000
     0.61361      1.00000      0.00000      0.01000
     0.61562      1.00000      0.00000      0.01000
     0.61762      1.00000      0.00000      0.01000
     0.61962      1.00000      0.00000      0.01000
     0.62162      1.00000      0.00000      0.01000
     0.62362      1.00000      0.00000      0.01000
     0.62563      1.00000      0.00000      0.01000
     0.62763      1.00000      0.00000      0.01000
     0.62963      1.00000      0.00000      0.01000
     0.63163      1.00000      0.00000      0.01000
     0.63363      1.00000      0.00000      0.01000
     0.63564      1.00000      0.00000      0.01000
     0.63764      1.00000      0.00000      0.01000
     0.63964      1.00000      0.00000      0.01000
     0.64164      1.00000      0.00000      0.01000
     0.64364      1.00000      0.00000      0.01000
     0.64565      1.00000      0.00000      0.01000
     0.64765      1.00000      0.00000      0.01000
     0.64965      1.00000      0.00000      0.01000
     0.65165      1.00000      0.00000      0.01000
     0.65365      1.00000      0.00000      0.01000
     0.65566      1.00000      0.00000      0.01000
     0.65766      1.00000      0.00000      0.01000
     0.65966      1.00000      0.00000      0.01000
     0.66166      1.00000      0.00000      0.01000
     0.66366      1.00000      0.00000      0.01000
     0.66567      1.00000      0.00000      0.01000
     0.66767      1.00000      0.00000      0.01000
     0.66967      1.00000      0.00000      0.01000
     0.67167      1.00000      0.00000      0.01000
     0.67367      1.00000      0.00000      0.01000
     0.67568      1.00000      0.00000      0.01000
     0.67768      1.00000      0.00000      0.01000
     0.67968      1.00000      0.00000      0.01000
     0.68168      1.00000      0.00000      0.01000
     0.68368      1.00000      0.00000      0.01000
     0.68569      1.00000      0.00000      0.01000
     0.68769      1.00000      0.00000      0.01000
     0.68969      1.00000      0.00000      0.01000
     0.69169      1.00000      0.00000      0.01000
     0.69369      1.00000      0.00000      0.01000
     0.69570      1.00000      0.00000      0.01000
     0.69770      1.00000      0.00000      0.01000
     0.69970      1.00000      0.00000      0.01000
     0.70170      1.00000      0.00000      0.01000
     0.70370      1.00000      0.00000      0.01000
     0.70571      1.00000      0.00000      0.01000
     0.70771      1.00000      0.00000      0.01000
     0.70971      1.00000      0.00000      0.01000
     0.71171      1.00000      0.00000      0.01000
     0.71371      1.00000      0.00000      0.01000
     0.71572      1.00000      0.00000      0.01000
     0.71772      1.00000      0.00000      0.01000
     0.71972      1.00000      0.00000      0.01000
     0.72172      1.00000      0.00000      0.01000
     0.72372      1.00000      0.00000      0.01000
     0.72573      1.00000      0.00000      0.01000
     0.72773      1.00000      0.00000      0.01000
     0.72973      1.00000      0.00000      0.01000
     0.73173      1.00000      0.00000      0.01000
     0.73373      1.00000      0.00000      0.01000
     0.73574      1.00000      0.00000      0.01000
     0.73774      1.00000      0.00000      0.01000
     0.73974      1.00000      0.00000      0.01000
     0.74174      1.00000      0.00000      0.01000
     0.74374      1.00000      0.00000      0.01000
     0.74575      1.00000      0.00000      0.01000
     0.74775      1.00000      0.00000      0.01000
     0.74975      1.00000      0.00000      0.01000
     0.75175      1.00000      0.00000      0.01000
     0.75375      1.00000      0.00000      0.01000
     0.75576      1.00000      0.00000      0.01000
     0.75776      1.00000      0.00000      0.01000
     0.75976      1.00000      0.00000      0.01000
     0.76176      1.00000      0.00000      0.01000
     0.76376      1.00000      0.00000      0.01000
     0.76577      1.00000      0.00000      0.01000
     0.76777      1.00000      0.00000      0.01000
     0.76977      1.00000      0.00000      0.01000
     0.77177      1.00000      0.00000      0.01000
     0.77377      1.00000      0.00000      0.01000
     0.77578      1.00000      0.00000      0.01000
     0.77778      1.00000      0.00000      0.01000
     0.77978      1.00000      0.00000      0.01000
     0.78178      1.00000      0.00000      0.01000
     0.78378      1.00000      0.00000      0.01000
     0.78579      1.00000      0.00000      0.01000
     0.78779      1.00000      0.00000      0.01000
     0.78979      1.00000      0.00000      0.01000
     0.79179      1.00000      0.00000      0.01000
     0.79379      1.00000      0.00000      0.01000
     0.79580      1.00000      0.00000      0.01000
     0.79780      1.00000      0.00000      0.01000
     0.79980      1.00000      0.00000      0.01000
     0.80180      1.00000      0.00000      0.01000
     0.80380      1.00000      0.00000      0.01000
     0.80581      1.00000      0.00000      0.01000
     0.80781      1.00000      0.00000      0.01000
     0.80981      1.00000      0.00000      0.01000
     0.81181      1.00000      0.00000      0.01000
     0.81381      1.00000      0.00000      0.01000
     0.81582      1.00000      0.00000      0.01000
     0.81782      1.00000      0.00000      0.01000
     0.81982      1.00000      0.00000      0.01000
     0.82182      1.00000      0.00000      0.01000
     0.82382      1.00000      0.00000      0.01000
     0.82583      1.00000      0.00000      0.01000
     0.82783      1.00000      0.00000      0.01000
     0.82983      1.00000      0.00000      0.01000
     0.83183      1.00000      0.00000      0.01000
     0.83383      1.00000      0.00000      0.01000
     0.83584      1.00000      0.00000      0.01000
     0.83784      1.00000      0.00000      0.01000
     0.83984      1.00000      0.00000      0.01000
     0.84184      1.00000      0.00000      0.01000
     0.84384      1.00000      0.00000      0.01000
     0.84585      1.00000      0.00000      0.01000
     0.84785      1.00000      0.00000      0.01000
     0.84985      1.00000      0.00000      0.01000
     0.85185      1.00000      0.00000      0.01000
     0.85385      1.00000      0.00000      0.01000
     0.85586      1.00000      0.00000      0.01000
     0.85786      1.00000      0.00000      0.01000
     0.85986      1.00000      0.00000      0.01000
     0.86186      1.00000      0.00000      0.01000
     0.86386      1.00000      0.00000      0.01000
     0.86587      1.00000      0.00000      0.01000
     0.86787      1.00000      0.00000      0.01000
     0.86987      1.00000      0.00000      0.01000
     0.87187      1.00000      0.00000      0.01000
     0.87387      1.00000      0.00000      0.01000
     0.87588      1.00000      0.00000      0.01000
     0.87788      1.00000      0.00000      0.01000
     0.87988      1.00000      0.00000      0.01000
     0.88188      1.00000      0.00000      0.01000
     0.88388      1.00000      0.00000      0.01000
     0.88589      1.00000      0.00000      0.01000
     0.88789      1.00000      0.00000      0.01000
     0.88989      1.00000      0.00000      0.01000
     0.89189      1.00000      0.00000      0.01000
     0.89389      1.00000      0.00000      0.01000
     0.89590      1.00000      0.00000      0.01000
     0.89790      1.00000      0.00000      0.01000
     0.89990      1.00000      0.00000      0.01000
     0.90190      1.00000      0.00000      0.01000
     0.90390      1.00000      0.00000      0.01000
     0.90591      1.00000      0.00000      0.01000
     0.90791      1.00000      0.00000      0.01000
     0.90991      1.00000      0.00000      0.01000
     0.91191      1.00000      0.00000      0.01000
     0.91391      1.00000      0.00000      0.01000
     0.91592      1.00000      0.00000      0.01000
     0.91792      1.00000      0.00000      0.01000
     0.91992      1.00000      0.00000      0.01000
     0.92192      1.00000      0.00000      0.01000
     0.92392      1.00000      0.00000      0.01000
     0.92593      1.00000      0.00000      0.01000
     0.92793      1.00000      0.00000      0.01000
     0.92993      1.00000      0.00000      0.01000
     0.93193      1.00000      0.00000      0.01000
     0.93393      1.00000      0.00000      0.01000
     0.93594      1.00000      0.00000      0.01000
     0.93794      1.00000      0.00000      0.01000
     0.93994      1.00000      0.00000      0.01000
     0.94194      1.00000      0.00000      0.01000
     0.94394      1.00000      0.00000      0.01000
     0.94595      1.00000      0.00000      0.01000
     0.94795      1.00000      0.00000      0.01000
     0.94995      1.00000      0.00000      0.01000
     0.95195      1.00000      0.00000      0.01000
     0.95395      1.00000      0.00000      0.01000
     0.95596      1.00000      0.00000      0.01000
     0.95796      1.00000      0.00000      0.01000
     0.95996      1.00000      0.00000      0.01000
     0.96196      1.00000      0.00000      0.01000
     0.96396      1.00000      0.00000      0.01000
     0.96597      1.00000      0.00000      0.01000
     0.96797      1.00000      0.00000      0.01000
     0.96997      1.00000      0.00000      0.01000
     0.97197      1.00000      0.00000      0.01000
     0.97397      1.00000      0.00000      0.01000
     0.97598      1.00000      0.00000      0.01000
     0.97798      1.00000      0.00000      0.01000
     0.97998      1.00000      0.00000      0.01000
     0.98198      1.00000      0.00000      0.01000
     0.98398      1.00000      0.00000      0.01000
     0.98599      1.00000      0.00000      0.01000
     0.98799      1.00000      0.00000      0.01000
     0.98999      1.00000      0.00000      0.01000
     0.99199      1.00000      0.00000      0.01000
     0.99399      1.00000      0.00000      0.01000
     0.99600      1.00000      0.00000      0.01000
     0.99800      1.00000      0.00000      0.01000
     1.00000      1.00000      0.00000      0.01000
