t =     0.1250
           x          rho            u            p
    -1.00000      0.12400      0.50000      1.00000
    -0.99800      0.12400      0.50000      1.00000
    -0.99600      0.12400      0.50000      1.00000
    -0.99399      0.12400      0.50000      1.00000
    -0.99199      0.12400      0.50000      1.00000
    -0.98999      0.12400      0.50000      1.00000
    -0.98799      0.12400      0.50000      1.00000
    -0.98599      0.12400      0.50000      1.00000
    -0.98398      0.12400      0.50000      1.00000
    -0.98198      0.12400      0.50000      1.00000
    -0.97998      0.12400      0.50000      1.00000
    -0.97798      0.12400      0.50000      1.00000
    -0.97598      0.12400      0.50000      1.00000
    -0.97397      0.12400      0.50000      1.00000
    -0.97197      0.12400      0.50000      1.00000
    -0.96997      0.12400      0.50000      1.00000
    -0.96797      0.12400      0.50000      1.00000
    -0.96597      0.12400      0.50000      1.00000
    -0.96396      0.12400      0.50000      1.00000
    -0.96196      0.12400      0.50000      1.00000
    -0.95996      0.12400      0.50000      1.00000
    -0.95796      0.12400      0.50000      1.00000
    -0.95596      0.12400      0.50000      1.00000
    -0.95395      0.12400      0.50000      1.00000
    -0.95195      0.12400      0.50000      1.00000
    -0.94995      0.12400      0.50000      1.00000
    -0.94795      0.12400      0.50000      1.00000
    -0.94595      0.12400      0.50000      1.00000
    -0.94394      0.12400      0.50000      1.00000
    -0.94194      0.12400      0.50000      1.00000
    -0.93994      0.12400      0.50000      1.00000
    -0.93794      0.12400      0.50000      1.00000
    -0.93594      0.12400      0.50000      1.00000
    -0.93393      0.12400      0.50000      1.00000
    -0.93193      0.12400      0.50000      1.00000
    -0.92993      0.12400      0.50000      1.00000
    -0.92793      0.12400      0.50000      1.00000
    -0.92593      0.12400      0.50000      1.00000
    -0.92392      0.12400      0.50000      1.00000
    -0.92192      0.12400      0.50000      1.00000
    -0.91992      0.12400      0.50000      1.00000
    -0.91792      0.12400      0.50000      1.00000
    -0.91592      0.12400      0.50000      1.00000
    -0.91391      0.12400      0.50000      1.00000
    -0.91191      0.12400      0.50000      1.00000
    -0.90991      0.12400      0.50000      1.00000
    -0.90791      0.12400      0.50000      1.00000
    -0.90591      0.12400      0.50000      1.00000
    -0.90390      0.12400      0.50000      1.00000
    -0.90190      0.12400      0.50000      1.00000
    -0.89990      0.12400      0.50000      1.00000
    -0.89790      0.12400      0.50000      1.00000
    -0.89590      0.12400      0.50000      1.00000
    -0.89389      0.12400      0.50000      1.00000
    -0.89189      0.12400      0.50000      1.00000
    -0.88989      0.12400      0.50000      1.00000
    -0.88789      0.12400      0.50000      1.00000
    -0.88589      0.12400      0.50000      1.00000
    -0.88388      0.12400      0.50000      1.00000
    -0.88188      0.12400      0.50000      1.00000
    -0.87988      0.12400      0.50000      1.00000
    -0.87788      0.12400      0.50000      1.00000
    -0.87588      0.12400      0.50000      1.00000
    -0.87387      0.12400      0.50000      1.00000
    -0.87187      0.12400      0.50000      1.00000
    -0.86987      0.12400      0.50000      1.00000
    -0.86787      0.12400      0.50000      1.00000
    -0.86587      0.12400      0.50000      1.00000
    -0.86386      0.12400      0.50000      1.00000
    -0.86186      0.12400      0.50000      1.00000
    -0.85986      0.12400      0.50000      1.00000
    -0.85786      0.12400      0.50000      1.00000
    -0.85586      0.12400      0.50000      1.00000
    -0.85385      0.12400      0.50000      1.00000
    -0.85185      0.12400      0.50000      1.00000
    -0.84985      0.12400      0.50000      1.00000
    -0.84785      0.12400      0.50000      1.00000
    -0.84585      0.12400      0.50000      1.00000
    -0.84384      0.12400      0.50000      1.00000
    -0.84184      0.12400      0.50000      1.00000
    -0.83984      0.12400      0.50000      1.00000
    -0.83784      0.12400      0.50000      1.00000
    -0.83584      0.12400      0.50000      1.00000
    -0.83383      0.12400      0.50000      1.00000
    -0.83183      0.12400      0.50000      1.00000
    -0.82983      0.12400      0.50000      1.00000
    -0.82783      0.12400      0.50000      1.00000
    -0.82583      0.12400      0.50000      1.00000
    -0.82382      0.12400      0.50000      1.00000
    -0.82182      0.12400      0.50000      1.00000
    -0.81982      0.12400      0.50000      1.00000
    -0.81782      0.12400      0.50000      1.00000
    -0.81582      0.12400      0.50000      1.00000
    -0.81381      0.12400      0.50000      1.00000
    -0.81181      0.12400      0.50000      1.00000
    -0.80981      0.12400      0.50000      1.00000
    -0.80781      0.12400      0.50000      1.00000
    -0.80581      0.12400      0.50000      1.00000
    -0.80380      0.12400      0.50000      1.00000
    -0.80180      0.12400      0.50000      1.00000
    -0.79980      0.12400      0.50000      1.00000
    -0.79780      0.12400      0.50000      1.00000
    -0.79580      0.12400      0.50000      1.00000
    -0.79379      0.12400      0.50000      1.00000
    -0.79179      0.12400      0.50000      1.00000
    -0.78979      0.12400      0.50000      1.00000
    -0.78779      0.12400      0.50000      1.00000
    -0.78579      0.12400      0.50000      1.00000
    -0.78378      0.12400      0.50000      1.00000
    -0.78178      0.12400      0.50000      1.00000
    -0.77978      0.12400      0.50000      1.00000
    -0.77778      0.12400      0.50000      1.00000
    -0.77578      0.12400      0.50000      1.00000
    -0.77377      0.12400      0.50000      1.00000
    -0.77177      0.12400      0.50000      1.00000
    -0.76977      0.12400      0.50000      1.00000
    -0.76777      0.12400      0.50000      1.00000
    -0.76577      0.12400      0.50000      1.00000
    -0.76376      0.12400      0.50000      1.00000
    -0.76176      0.12400      0.50000      1.00000
    -0.75976      0.12400      0.50000      1.00000
    -0.75776      0.12400      0.50000      1.00000
    -0.75576      0.12400      0.50000      1.00000
    -0.75375      0.12400      0.50000      1.00000
    -0.75175      0.12400      0.50000      1.00000
    -0.74975      0.12400      0.50000      1.00000
    -0.74775      0.12400      0.50000      1.00000
    -0.74575      0.12400      0.50000      1.00000
    -0.74374      0.12400      0.50000      1.00000
    -0.74174      0.12400      0.50000      1.00000
    -0.73974      0.12400      0.50000      1.00000
    -0.73774      0.12400      0.50000      1.00000
    -0.73574      0.12400      0.50000      1.00000
    -0.73373      0.12400      0.50000      1.00000
    -0.73173      0.12400      0.50000      1.00000
    -0.72973      0.12400      0.50000      1.00000
    -0.72773      0.12400      0.50000      1.00000
    -0.72573      0.12400      0.50000      1.00000
    -0.72372      0.12400      0.50000      1.00000
    -0.72172      0.12400      0.50000      1.00000
    -0.71972      0.12400      0.50000      1.00000
    -0.71772      0.12400      0.50000      1.00000
    -0.71572      0.12400      0.50000      1.00000
    -0.71371      0.12400      0.50000      1.00000
    -0.71171      0.12400      0.50000      1.00000
    -0.70971      0.12400      0.50000      1.00000
    -0.70771      0.12400      0.50000      1.00000
    -0.70571      0.12400      0.50000      1.00000
    -0.70370      0.12400      0.50000      1.00000
    -0.70170      0.12400      0.50000      1.00000
    -0.69970      0.12400      0.50000      1.00000
    -0.69770      0.12400      0.50000      1.00000
    -0.69570      0.12400      0.50000      1.00000
    -0.69369      0.12400      0.50000      1.00000
    -0.69169      0.12400      0.50000      1.00000
    -0.68969      0.12400      0.50000      1.00000
    -0.68769      0.12400      0.50000      1.00000
    -0.68569      0.12400      0.50000      1.00000
    -0.68368      0.12400      0.50000      1.00000
    -0.68168      0.12400      0.50000      1.00000
    -0.67968      0.12400      0.50000      1.00000
    -0.67768      0.12400      0.50000      1.00000
    -0.67568      0.12400      0.50000      1.00000
    -0.67367      0.12400      0.50000      1.00000
    -0.67167      0.12400      0.50000      1.00000
    -0.66967      0.12400      0.50000      1.00000
    -0.66767      0.12400      0.50000      1.00000
    -0.66567      0.12400      0.50000      1.00000
    -0.66366      0.12400      0.50000      1.00000
    -0.66166      0.12400      0.50000      1.00000
    -0.65966      0.12400      0.50000      1.00000
    -0.65766      0.12400      0.50000      1.00000
    -0.65566      0.12400      0.50000      1.00000
    -0.65365      0.12400      0.50000      1.00000
    -0.65165      0.12400      0.50000      1.00000
    -0.64965      0.12400      0.50000      1.00000
    -0.64765      0.12400      0.50000      1.00000
    -0.64565      0.12400      0.50000      1.00000
    -0.64364      0.12400      0.50000      1.00000
    -0.64164      0.12400      0.50000      1.00000
    -0.63964      0.12400      0.50000      1.00000
    -0.63764      0.12400      0.50000      1.00000
    -0.63564      0.12400      0.50000      1.00000
    -0.63363      0.12400      0.50000      1.00000
    -0.63163      0.12400      0.50000      1.00000
    -0.62963      0.12400      0.50000      1.00000
    -0.62763      0.12400      0.50000      1.00000
    -0.62563      0.12400      0.50000      1.00000
    -0.62362      0.12400      0.50000      1.00000
    -0.62162      0.12400      0.50000      1.00000
    -0.61962      0.12400      0.50000      1.00000
    -0.61762      0.12400      0.50000      1.00000
    -0.61562      0.12400      0.50000      1.00000
    -0.61361      0.12400      0.50000      1.00000
    -0.61161      0.12400      0.50000      1.00000
    -0.60961      0.12400      0.50000      1.00000
    -0.60761      0.12400      0.50000      1.00000
    -0.60561      0.12400      0.50000      1.00000
    -0.60360      0.12400      0.50000      1.00000
    -0.60160      0.12400      0.50000      1.00000
    -0.59960      0.12400      0.50000      1.00000
    -0.59760      0.12400      0.50000      1.00000
    -0.59560      0.12400      0.50000      1.00000
    -0.59359      0.12400      0.50000      1.00000
    -0.59159      0.12400      0.50000      1.00000
    -0.58959      0.12400      0.50000      1.00000
    -0.58759      0.12400      0.50000      1.00000
    -0.58559      0.12400      0.50000      1.00000
    -0.58358      0.12400      0.50000      1.00000
    -0.58158      0.12400      0.50000      1.00000
    -0.57958      0.12400      0.50000      1.00000
    -0.57758      0.12400      0.50000      1.00000
    -0.57558      0.12400      0.50000      1.00000
    -0.57357      0.12400      0.50000      1.00000
    -0.57157      0.12400      0.50000      1.00000
    -0.56957      0.12400      0.50000      1.00000
    -0.56757      0.12400      0.50000      1.00000
    -0.56557      0.12400      0.50000      1.00000
    -0.56356      0.12400      0.50000      1.00000
    -0.56156      0.12400      0.50000      1.00000
    -0.55956      0.12400      0.50000      1.00000
    -0.55756      0.12400      0.50000      1.00000
    -0.55556      0.12400      0.50000      1.00000
    -0.55355      0.12400      0.50000      1.00000
    -0.55155      0.12400      0.50000      1.00000
    -0.54955      0.12400      0.50000      1.00000
    -0.54755      0.12400      0.50000      1.00000
    -0.54555      0.12400      0.50000      1.00000
    -0.54354      0.12400      0.50000      1.00000
    -0.54154      0.12400      0.50000      1.00000
    -0.53954      0.12400      0.50000      1.00000
    -0.53754      0.12400      0.50000      1.00000
    -0.53554      0.12400      0.50000      1.00000
    -0.53353      0.12400      0.50000      1.00000
    -0.53153      0.12400      0.50000      1.00000
    -0.52953      0.12400      0.50000      1.00000
    -0.52753      0.12400      0.50000      1.00000
    -0.52553      0.12400      0.50000      1.00000
    -0.52352      0.12400      0.50000      1.00000
    -0.52152      0.12400      0.50000      1.00000
    -0.51952      0.12400      0.50000      1.00000
    -0.51752      0.12400      0.50000      1.00000
    -0.51552      0.12400      0.50000      1.00000
    -0.51351      0.12400      0.50000      1.00000
    -0.51151      0.12400      0.50000      1.00000
    -0.50951      0.12400      0.50000      1.00000
    -0.50751      0.12400      0.50000      1.00000
    -0.50551      0.12400      0.50000      1.00000
    -0.50350      0.12400      0.50000      1.00000
    -0.50150      0.12400      0.50000      1.00000
    -0.49950      0.12400      0.50000      1.00000
    -0.49750      0.12400      0.50000      1.00000
    -0.49550      0.12400      0.50000      1.00000
    -0.49349      0.12400      0.50000      1.00000
    -0.49149      0.12400      0.50000      1.00000
    -0.48949      0.12400      0.50000      1.00000
    -0.48749      0.12400      0.50000      1.00000
    -0.48549      0.12400      0.50000      1.00000
    -0.48348      0.12400      0.50000      1.00000
    -0.48148      0.12400      0.50000      1.00000
    -0.47948      0.12400      0.50000      1.00000
    -0.47748      0.12400      0.50000      1.00000
    -0.47548      0.12400      0.50000      1.00000
    -0.47347      0.12400      0.50000      1.00000
    -0.47147      0.12400      0.50000      1.00000
    -0.46947      0.12400      0.50000      1.00000
    -0.46747      0.12400      0.50000      1.00000
    -0.46547      0.12400      0.50000      1.00000
    -0.46346      0.12400      0.50000      1.00000
    -0.46146      0.12400      0.50000      1.00000
    -0.45946      0.12400      0.50000      1.00000
    -0.45746      0.12400      0.50000      1.00000
    -0.45546      0.12400      0.50000      1.00000
    -0.45345      0.12400      0.50000      1.00000
    -0.45145      0.12400      0.50000      1.00000
    -0.44945      0.12400      0.50000      1.00000
    -0.44745      0.12400      0.50000      1.00000
    -0.44545      0.12400      0.50000      1.00000
    -0.44344      0.12400      0.50000      1.00000
    -0.44144      0.12400      0.50000      1.00000
    -0.43944      0.12400      0.50000      1.00000
    -0.43744      0.12400      0.50000      1.00000
    -0.43544      0.12400      0.50000      1.00000
    -0.43343      0.12400      0.50000      1.00000
    -0.43143      0.12400      0.50000      1.00000
    -0.42943      0.12400      0.50000      1.00000
    -0.42743      0.12400      0.50000      1.00000
    -0.42543      0.12400      0.50000      1.00000
    -0.42342      0.12400      0.50000      1.00000
    -0.42142      0.12400      0.50000      1.00000
    -0.41942      0.12400      0.50000      1.00000
    -0.41742      0.12400      0.50000      1.00000
    -0.41542      0.12400      0.50000      1.00000
    -0.41341      0.12400      0.50000      1.00000
    -0.41141      0.12400      0.50000      1.00000
    -0.40941      0.12400      0.50000      1.00000
    -0.40741      0.12400      0.50000      1.00000
    -0.40541      0.12400      0.50000      1.00000
    -0.40340      0.12400      0.50000      1.00000
    -0.40140      0.12400      0.50000      1.00000
    -0.39940      0.12400      0.50000      1.00000
    -0.39740      0.12400      0.50000      1.00000
    -0.39540      0.12400      0.50000      1.00000
    -0.39339      0.12400      0.50000      1.00000
    -0.39139      0.12400      0.50000      1.00000
    -0.38939      0.12400      0.50000      1.00000
    -0.38739      0.12400      0.50000      1.00000
    -0.38539      0.12400      0.50000      1.00000
    -0.38338      0.12400      0.50000      1.00000
    -0.38138      0.12400      0.50000      1.00000
    -0.37938      0.12400      0.50000      1.00000
    -0.37738      0.12400      0.50000      1.00000
    -0.37538      0.12400      0.50000      1.00000
    -0.37337      0.12400      0.50000      1.00000
    -0.37137      0.12400      0.50000      1.00000
    -0.36937      0.12400      0.50000      1.00000
    -0.36737      0.12400      0.50000      1.00000
    -0.36537      0.12400      0.50000      1.00000
    -0.36336      0.12400      0.50000      1.00000
    -0.36136      0.12400      0.50000      1.00000
    -0.35936      0.12400      0.50000      1.00000
    -0.35736      0.12396      0.50104      0.99957
    -0.35536      0.12347      0.51439      0.99402
    -0.35335      0.12298      0.52773      0.98850
    -0.35135      0.12249      0.54108      0.98301
    -0.34935      0.12200      0.55443      0.97754
    -0.34735      0.12152      0.56777      0.97210
    -0.34535      0.12104      0.58112      0.96669
    -0.34334      0.12055      0.59447      0.96130
    -0.34134      0.12007      0.60781      0.95593
    -0.33934      0.11959      0.62116      0.95060
    -0.33734      0.11912      0.63451      0.94529
    -0.33534      0.11864      0.64785      0.94000
    -0.33333      0.11816      0.66120      0.93474
    -0.33133      0.11769      0.67455      0.92950
    -0.32933      0.11722      0.68789      0.92429
    -0.32733      0.11675      0.70124      0.91911
    -0.32533      0.11628      0.71459      0.91395
    -0.32332      0.11581      0.72793      0.90881
    -0.32132      0.11535      0.74128      0.90370
    -0.31932      0.11488      0.75463      0.89861
    -0.31732      0.11442      0.76797      0.89355
    -0.31532      0.11396      0.78132      0.88851
    -0.31331      0.11350      0.79467      0.88350
    -0.31131      0.11304      0.80801      0.87851
    -0.30931      0.11259      0.82136      0.87355
    -0.30731      0.11213      0.83471      0.86861
    -0.30531      0.11168      0.84805      0.86369
    -0.30330      0.11122      0.86140      0.85880
    -0.30130      0.11077      0.87475      0.85393
    -0.29930      0.11032      0.88809      0.84908
    -0.29730      0.10988      0.90144      0.84426
    -0.29530      0.10943      0.91479      0.83946
    -0.29329      0.10899      0.92813      0.83469
    -0.29129      0.10854      0.94148      0.82994
    -0.28929      0.10810      0.95483      0.82521
    -0.28729      0.10766      0.96817      0.82050
    -0.28529      0.10722      0.98152      0.81582
    -0.28328      0.10678      0.99487      0.81116
    -0.28128      0.10635      1.00821      0.80653
    -0.27928      0.10591      1.02156      0.80191
    -0.27728      0.10548      1.03491      0.79732
    -0.27528      0.10505      1.04825      0.79275
    -0.27327      0.10461      1.06160      0.78821
    -0.27127      0.10419      1.07495      0.78368
    -0.26927      0.10376      1.08829      0.77918
    -0.26727      0.10333      1.10164      0.77470
    -0.26527      0.10291      1.11499      0.77025
    -0.26326      0.10248      1.12833      0.76581
    -0.26126      0.10206      1.14168      0.76140
    -0.25926      0.10164      1.15503      0.75701
    -0.25726      0.10122      1.16837      0.75264
    -0.25526      0.10080      1.18172      0.74829
    -0.25325      0.10039      1.19507      0.74396
    -0.25125      0.09997      1.20841      0.73966
    -0.24925      0.09956      1.22176      0.73537
    -0.24725      0.09914      1.23511      0.73111
    -0.24525      0.09873      1.24845      0.72687
    -0.24324      0.09832      1.26180      0.72265
    -0.24124      0.09791      1.27515      0.71845
    -0.23924      0.09751      1.28849      0.71427
    -0.23724      0.09710      1.30184      0.71012
    -0.23524      0.09670      1.31519      0.70598
    -0.23323      0.09629      1.32853      0.70186
    -0.23123      0.09589      1.34188      0.69777
    -0.22923      0.09549      1.35523      0.69369
    -0.22723      0.09509      1.36857      0.68964
    -0.22523      0.09470      1.38192      0.68561
    -0.22322      0.09430      1.39527      0.68159
    -0.22122      0.09390      1.40861      0.67760
    -0.21922      0.09351      1.42196      0.67363
    -0.21722      0.09312      1.43531      0.66967
    -0.21522      0.09273      1.44865      0.66574
    -0.21321      0.09234      1.46200      0.66182
    -0.21121      0.09195      1.47535      0.65793
    -0.20921      0.09156      1.48869      0.65406
    -0.20721      0.09118      1.50204      0.65020
    -0.20521      0.09079      1.51539      0.64637
    -0.20320      0.09041      1.52873      0.64255
    -0.20120      0.09003      1.54208      0.63875
    -0.19920      0.08965      1.55543      0.63498
    -0.19720      0.08927      1.56877      0.63122
    -0.19520      0.08889      1.58212      0.62748
    -0.19319      0.08851      1.59547      0.62376
    -0.19119      0.08814      1.60881      0.62006
    -0.18919      0.08776      1.62216      0.61638
    -0.18719      0.08739      1.63551      0.61271
    -0.18519      0.08702      1.64886      0.60907
    -0.18318      0.08665      1.66220      0.60544
    -0.18118      0.08628      1.67555      0.60183
    -0.17918      0.08591      1.68890      0.59824
    -0.17718      0.08554      1.70224      0.59467
    -0.17518      0.08518      1.71559      0.59112
    -0.17317      0.08481      1.72894      0.58759
    -0.17117      0.08445      1.74228      0.58407
    -0.16917      0.08409      1.75563      0.58057
    -0.16717      0.08373      1.76898      0.57709
    -0.16517      0.08337      1.78232      0.57363
    -0.16316      0.08301      1.79567      0.57018
    -0.16116      0.08266      1.80902      0.56676
    -0.15916      0.08230      1.82236      0.56335
    -0.15716      0.08195      1.83571      0.55996
    -0.15516      0.08159      1.84906      0.55658
    -0.15315      0.08124      1.86240      0.55322
    -0.15115      0.08089      1.87575      0.54989
    -0.14915      0.08054      1.88910      0.54656
    -0.14715      0.08019      1.90244      0.54326
    -0.14515      0.07985      1.91579      0.53997
    -0.14314      0.07950      1.92914      0.53670
    -0.14114      0.07916      1.94248      0.53345
    -0.13914      0.07881      1.95583      0.53021
    -0.13714      0.07847      1.96918      0.52699
    -0.13514      0.07813      1.98252      0.52379
    -0.13313      0.07779      1.99587      0.52060
    -0.13113      0.07745      2.00922      0.51743
    -0.12913      0.07711      2.02256      0.51428
    -0.12713      0.07678      2.03591      0.51114
    -0.12513      0.07644      2.04926      0.50802
    -0.12312      0.07611      2.06260      0.50492
    -0.12112      0.07578      2.07595      0.50183
    -0.11912      0.07544      2.08930      0.49876
    -0.11712      0.07511      2.10264      0.49570
    -0.11512      0.07479      2.11599      0.49266
    -0.11311      0.07446      2.12934      0.48964
    -0.11111      0.07413      2.14268      0.48663
    -0.10911      0.07380      2.15603      0.48364
    -0.10711      0.07348      2.16938      0.48067
    -0.10511      0.07316      2.18272      0.47771
    -0.10310      0.07283      2.19607      0.47476
    -0.10110      0.07251      2.20942      0.47183
    -0.09910      0.07219      2.22276      0.46892
    -0.09710      0.07187      2.23611      0.46602
    -0.09510      0.07156      2.24946      0.46314
    -0.09309      0.07124      2.26280      0.46027
    -0.09109      0.07092      2.27615      0.45742
    -0.08909      0.07061      2.28950      0.45458
    -0.08709      0.07030      2.30284      0.45176
    -0.08509      0.06998      2.31619      0.44896
    -0.08308      0.06967      2.32954      0.44616
    -0.08108      0.06936      2.34288      0.44339
    -0.07908      0.06905      2.35623      0.44062
    -0.07708      0.06875      2.36958      0.43788
    -0.07508      0.06844      2.38292      0.43514
    -0.07307      0.06813      2.39627      0.43243
    -0.07107      0.06783      2.40962      0.42972
    -0.06907      0.06753      2.42296      0.42703
    -0.06707      0.06722      2.43631      0.42436
    -0.06507      0.06692      2.44966      0.42170
    -0.06306      0.06662      2.46300      0.41905
    -0.06106      0.06632      2.47635      0.41642
    -0.05906      0.06602      2.48970      0.41381
    -0.05706      0.06573      2.50304      0.41120
    -0.05506      0.06543      2.51639      0.40861
    -0.05305      0.06514      2.52974      0.40604
    -0.05105      0.06484      2.54308      0.40348
    -0.04905      0.06455      2.55643      0.40093
    -0.04705      0.06426      2.56978      0.39840
    -0.04505      0.06397      2.58312      0.39588
    -0.04304      0.06368      2.59647      0.39337
    -0.04104      0.06339      2.60982      0.39088
    -0.03904      0.06310      2.62316      0.38840
    -0.03704      0.06282      2.63651      0.38593
    -0.03504      0.06253      2.64986      0.38348
    -0.03303      0.06225      2.66320      0.38104
    -0.03103      0.06196      2.67655      0.37862
    -0.02903      0.06168      2.68990      0.37620
    -0.02703      0.06140      2.70324      0.37380
    -0.02503      0.06112      2.71659      0.37142
    -0.02302      0.06084      2.72994      0.36905
    -0.02102      0.06056      2.74328      0.36669
    -0.01902      0.06029      2.75663      0.36434
    -0.01702      0.06001      2.76998      0.36200
    -0.01502      0.05973      2.78332      0.35968
    -0.01301      0.05946      2.79667      0.35738
    -0.01101      0.05919      2.81002      0.35508
    -0.00901      0.05891      2.82336      0.35280
    -0.00701      0.05864      2.83671      0.35053
    -0.00501      0.05837      2.85006      0.34827
    -0.00300      0.05810      2.86340      0.34602
    -0.00100      0.05784      2.87675      0.34379
     0.00100      0.05757      2.89010      0.34157
     0.00300      0.05730      2.90344      0.33936
     0.00501      0.05704      2.91679      0.33716
     0.00701      0.05677      2.93014      0.33498
     0.00901      0.05651      2.94348      0.33281
     0.01101      0.05625      2.95683      0.33065
     0.01301      0.05599      2.97018      0.32850
     0.01502      0.05573      2.98352      0.32637
     0.01702      0.05547      2.99687      0.32424
     0.01902      0.05521      3.01022      0.32213
     0.02102      0.05495      3.02356      0.32003
     0.02302      0.05470      3.03691      0.31794
     0.02503      0.05444      3.05026      0.31587
     0.02703      0.05419      3.06360      0.31380
     0.02903      0.05393      3.07695      0.31175
     0.03103      0.05368      3.09030      0.30970
     0.03303      0.05343      3.10364      0.30767
     0.03504      0.05318      3.11699      0.30566
     0.03704      0.05293      3.13034      0.30365
     0.03904      0.05268      3.14368      0.30165
     0.04104      0.05243      3.15703      0.29967
     0.04304      0.05218      3.17038      0.29769
     0.04505      0.05194      3.18372      0.29573
     0.04705      0.05169      3.19707      0.29378
     0.04905      0.05145      3.21042      0.29184
     0.05105      0.05121      3.22376      0.28991
     0.05305      0.05096      3.23711      0.28799
     0.05506      0.05072      3.25046      0.28608
     0.05706      0.05048      3.26380      0.28418
     0.05906      0.05024      3.27715      0.28230
     0.06106      0.05000      3.29050      0.28042
     0.06306      0.04977      3.30384      0.27856
     0.06507      0.04953      3.31719      0.27670
     0.06707      0.04929      3.33054      0.27486
     0.06907      0.04906      3.34388      0.27303
     0.07107      0.04882      3.35723      0.27121
     0.07307      0.04859      3.37058      0.26939
     0.07508      0.04836      3.38392      0.26759
     0.07708      0.04813      3.39727      0.26580
     0.07908      0.04790      3.41062      0.26402
     0.08108      0.04767      3.42396      0.26225
     0.08308      0.04744      3.43731      0.26049
     0.08509      0.04721      3.45066      0.25874
     0.08709      0.04698      3.46400      0.25700
     0.08909      0.04676      3.47735      0.25527
     0.09109      0.04653      3.49070      0.25355
     0.09309      0.04631      3.50404      0.25184
     0.09510      0.04608      3.51739      0.25014
     0.09710      0.04586      3.53074      0.24845
     0.09910      0.04564      3.54408      0.24676
     0.10110      0.04542      3.55743      0.24509
     0.10310      0.04520      3.57078      0.24343
     0.10511      0.04498      3.58412      0.24178
     0.10711      0.04476      3.59747      0.24014
     0.10911      0.04454      3.61082      0.23851
     0.11111      0.04433      3.62416      0.23688
     0.11311      0.04411      3.63751      0.23527
     0.11512      0.04390      3.65086      0.23367
     0.11712      0.04368      3.66420      0.23207
     0.11912      0.04347      3.67755      0.23049
     0.12112      0.04326      3.69090      0.22891
     0.12312      0.04304      3.70424      0.22734
     0.12513      0.04283      3.71759      0.22579
     0.12713      0.04262      3.73094      0.22424
     0.12913      0.04241      3.74428      0.22270
     0.13113      0.04221      3.75763      0.22117
     0.13313      0.04200      3.77098      0.21965
     0.13514      0.04179      3.78432      0.21813
     0.13714      0.04158      3.79767      0.21663
     0.13914      0.04138      3.81102      0.21514
     0.14114      0.04118      3.82436      0.21365
     0.14314      0.04097      3.83771      0.21217
     0.14515      0.04077      3.85106      0.21071
     0.14715      0.04057      3.86440      0.20925
     0.14915      0.04037      3.87775      0.20780
     0.15115      0.04017      3.89110      0.20635
     0.15315      0.03997      3.90444      0.20492
     0.15516      0.03977      3.91779      0.20350
     0.15716      0.03957      3.93114      0.20208
     0.15916      0.03937      3.94448      0.20067
     0.16116      0.03918      3.95783      0.19927
     0.16316      0.03898      3.97118      0.19788
     0.16517      0.03879      3.98452      0.19650
     0.16717      0.03859      3.99787      0.19512
     0.16917      0.03840      4.01122      0.19376
     0.17117      0.03821      4.02456      0.19240
     0.17317      0.03801      4.03791      0.19105
     0.17518      0.03782      4.05126      0.18971
     0.17718      0.03763      4.06460      0.18837
     0.17918      0.03744      4.07795      0.18705
     0.18118      0.03726      4.09130      0.18573
     0.18318      0.03707      4.10464      0.18442
     0.18519      0.03688      4.11799      0.18312
     0.18719      0.03669      4.13134      0.18182
     0.18919      0.03651      4.14468      0.18054
     0.19119      0.03632      4.15803      0.17926
     0.19319      0.03614      4.17138      0.17799
     0.19520      0.03596      4.18472      0.17673
     0.19720      0.03577      4.19807      0.17547
     0.19920      0.03559      4.21142      0.17423
     0.20120      0.03541      4.22476      0.17299
     0.20320      0.03523      4.23811      0.17175
     0.20521      0.03505      4.25146      0.17053
     0.20721      0.03487      4.26480      0.16931
     0.20921      0.03469      4.27815      0.16810
     0.21121      0.03452      4.29150      0.16690
     0.21321      0.03434      4.30484      0.16570
     0.21522      0.03416      4.31819      0.16452
     0.21722      0.03399      4.33154      0.16334
     0.21922      0.03381      4.34488      0.16216
     0.22122      0.03364      4.35823      0.16100
     0.22322      0.03347      4.37158      0.15984
     0.22523      0.03330      4.38492      0.15869
     0.22723      0.03312      4.39827      0.15754
     0.22923      0.03295      4.41162      0.15641
     0.23123      0.03278      4.42496      0.15528
     0.23323      0.03261      4.43831      0.15415
     0.23524      0.03244      4.45166      0.15304
     0.23724      0.03228      4.46500      0.15193
     0.23924      0.03211      4.47835      0.15082
     0.24124      0.03194      4.49170      0.14973
     0.24324      0.03178      4.50504      0.14864
     0.24525      0.03161      4.51839      0.14756
     0.24725      0.03145      4.53174      0.14648
     0.24925      0.03128      4.54508      0.14541
     0.25125      0.03112      4.55843      0.14435
     0.25325      0.03096      4.57178      0.14330
     0.25526      0.03079      4.58512      0.14225
     0.25726      0.03063      4.59847      0.14121
     0.25926      0.03047      4.61182      0.14017
     0.26126      0.03031      4.62516      0.13914
     0.26326      0.03015      4.63851      0.13812
     0.26527      0.02999      4.65186      0.13711
     0.26727      0.02984      4.66520      0.13610
     0.26927      0.02968      4.67855      0.13509
     0.27127      0.02952      4.69190      0.13410
     0.27327      0.02937      4.70524      0.13311
     0.27528      0.02921      4.71859      0.13212
     0.27728      0.02906      4.73194      0.13114
     0.27928      0.02890      4.74528      0.13017
     0.28128      0.02875      4.75863      0.12921
     0.28328      0.02860      4.77198      0.12825
     0.28529      0.02844      4.78532      0.12729
     0.28729      0.02829      4.79867      0.12635
     0.28929      0.02814      4.81202      0.12540
     0.29129      0.02799      4.82536      0.12447
     0.29329      0.02784      4.83871      0.12354
     0.29530      0.02769      4.85206      0.12262
     0.29730      0.02755      4.86540      0.12170
     0.29930      0.02740      4.87875      0.12079
     0.30130      0.02725      4.89210      0.11988
     0.30330      0.02711      4.90544      0.11898
     0.30531      0.02696      4.91879      0.11809
     0.30731      0.02681      4.93214      0.11720
     0.30931      0.02667      4.94548      0.11632
     0.31131      0.02653      4.95883      0.11544
     0.31331      0.02638      4.97218      0.11457
     0.31532      0.02624      4.98553      0.11371
     0.31732      0.02610      4.99887      0.11285
     0.31932      0.02596      5.01222      0.11199
     0.32132      0.02582      5.02557      0.11114
     0.32332      0.02568      5.03891      0.11030
     0.32533      0.02554      5.05226      0.10946
     0.32733      0.02540      5.06561      0.10863
     0.32933      0.02526      5.07895      0.10780
     0.33133      0.02512      5.09230      0.10698
     0.33333      0.02499      5.10565      0.10617
     0.33534      0.02485      5.11899      0.10535
     0.33734      0.02471      5.13234      0.10455
     0.33934      0.02458      5.14569      0.10375
     0.34134      0.02444      5.15903      0.10295
     0.34334      0.02431      5.17238      0.10216
     0.34535      0.02418      5.18573      0.10138
     0.34735      0.02404      5.19907      0.10060
     0.34935      0.02391      5.21242      0.09983
     0.35135      0.02378      5.22577      0.09906
     0.35335      0.02365      5.23911      0.09829
     0.35536      0.02352      5.25246      0.09754
     0.35736      0.02339      5.26581      0.09678
     0.35936      0.02326      5.27915      0.09603
     0.36136      0.02313      5.29250      0.09529
     0.36336      0.02300      5.30585      0.09455
     0.36537      0.02287      5.31919      0.09382
     0.36737      0.02275      5.33254      0.09309
     0.36937      0.02262      5.34589      0.09236
     0.37137      0.02249      5.35923      0.09164
     0.37337      0.02237      5.37258      0.09093
     0.37538      0.02224      5.38593      0.09022
     0.37738      0.02212      5.39927      0.08951
     0.37938      0.02200      5.41262      0.08881
     0.38138      0.02187      5.42597      0.08812
     0.38338      0.02175      5.43931      0.08743
     0.38539      0.02163      5.45266      0.08674
     0.38739      0.02151      5.46601      0.08606
     0.38939      0.02139      5.47935      0.08538
     0.39139      0.02126      5.49270      0.08471
     0.39339      0.02114      5.50605      0.08404
     0.39540      0.02103      5.51939      0.08338
     0.39740      0.02091      5.53274      0.08272
     0.39940      0.02079      5.54609      0.08206
     0.40140      0.02067      5.55943      0.08141
     0.40340      0.02055      5.57278      0.08077
     0.40541      0.02044      5.58613      0.08013
     0.40741      0.02032      5.59947      0.07949
     0.40941      0.02020      5.61282      0.07886
     0.41141      0.02009      5.62617      0.07823
     0.41341      0.01998      5.63951      0.07761
     0.41542      0.01986      5.65286      0.07699
     0.41742      0.01975      5.66621      0.07637
     0.41942      0.01963      5.67955      0.07576
     0.42142      0.01952      5.69290      0.07515
     0.42342      0.01941      5.70625      0.07455
     0.42543      0.01930      5.71959      0.07395
     0.42743      0.01919      5.73294      0.07336
     0.42943      0.01908      5.74629      0.07277
     0.43143      0.01897      5.75963      0.07218
     0.43343      0.01886      5.77298      0.07160
     0.43544      0.01875      5.78633      0.07102
     0.43744      0.01864      5.79967      0.07045
     0.43944      0.01853      5.81302      0.06987
     0.44144      0.01843      5.82637      0.06931
     0.44344      0.01832      5.83971      0.06875
     0.44545      0.01821      5.85306      0.06819
     0.44745      0.01811      5.86641      0.06763
     0.44945      0.01800      5.87975      0.06708
     0.45145      0.01790      5.89310      0.06654
     0.45345      0.01779      5.90645      0.06599
     0.45546      0.01769      5.91979      0.06545
     0.45746      0.01758      5.93314      0.06492
     0.45946      0.01748      5.94649      0.06439
     0.46146      0.01738      5.95983      0.06386
     0.46346      0.01728      5.97318      0.06333
     0.46547      0.01717      5.98653      0.06281
     0.46747      0.01707      5.99987      0.06230
     0.46947      0.01697      6.01322      0.06178
     0.47147      0.01687      6.02657      0.06127
     0.47347      0.01677      6.03991      0.06077
     0.47548      0.01667      6.05326      0.06027
     0.47748      0.01658      6.06661      0.05977
     0.47948      0.01648      6.07995      0.05927
     0.48148      0.01638      6.09330      0.05878
     0.48348      0.01628      6.10665      0.05829
     0.48549      0.01619      6.11999      0.05781
     0.48749      0.01609      6.13334      0.05733
     0.48949      0.01599      6.14669      0.05685
     0.49149      0.01590      6.16003      0.05637
     0.49349      0.01580      6.17338      0.05590
     0.49550      0.01571      6.18673      0.05543
     0.49750      0.01561      6.20007      0.05497
     0.49950      0.01552      6.21342      0.05451
     0.50150      0.01543      6.22677      0.05405
     0.50350      0.01533      6.24011      0.05360
     0.50551      0.01524      6.25346      0.05315
     0.50751      0.01515      6.26681      0.05270
     0.50951      0.01506      6.28015      0.05225
     0.51151      0.01497      6.29350      0.05181
     0.51351      0.01488      6.30685      0.05137
     0.51552      0.01479      6.32019      0.05094
     0.51752      0.01470      6.33354      0.05051
     0.51952      0.01461      6.34689      0.05008
     0.52152      0.01452      6.36023      0.04965
     0.52352      0.01443      6.37358      0.04923
     0.52553      0.01434      6.38693      0.04881
     0.52753      0.01426      6.40027      0.04839
     0.52953      0.01417      6.41362      0.04798
     0.53153      0.01408      6.42697      0.04757
     0.53353      0.01400      6.44031      0.04716
     0.53554      0.01391      6.45366      0.04676
     0.53754      0.01382      6.46701      0.04636
     0.53954      0.01374      6.48035      0.04596
     0.54154      0.01366      6.49370      0.04556
     0.54354      0.01357      6.50705      0.04517
     0.54555      0.01349      6.52039      0.04478
     0.54755      0.01340      6.53374      0.04440
     0.54955      0.01332      6.54709      0.04401
     0.55155      0.01324      6.56043      0.04363
     0.55355      0.01316      6.57378      0.04325
     0.55556      0.01308      6.58713      0.04288
     0.55756      0.01299      6.60047      0.04251
     0.55956      0.01291      6.61382      0.04214
     0.56156      0.01283      6.62717      0.04177
     0.56356      0.01275      6.64051      0.04140
     0.56557      0.01267      6.65386      0.04104
     0.56757      0.01259      6.66721      0.04068
     0.56957      0.01251      6.68055      0.04033
     0.57157      0.01244      6.69390      0.03997
     0.57357      0.01236      6.70725      0.03962
     0.57558      0.01228      6.72059      0.03928
     0.57758      0.01220      6.73394      0.03893
     0.57958      0.01213      6.74729      0.03859
     0.58158      0.01205      6.76063      0.03825
     0.58358      0.01197      6.77398      0.03791
     0.58559      0.01190      6.78733      0.03757
     0.58759      0.01182      6.80067      0.03724
     0.58959      0.01175      6.81402      0.03691
     0.59159      0.01167      6.82737      0.03658
     0.59359      0.01160      6.84071      0.03626
     0.59560      0.01153      6.85406      0.03594
     0.59760      0.01145      6.86741      0.03562
     0.59960      0.01138      6.88075      0.03530
     0.60160      0.01131      6.89410      0.03498
     0.60360      0.01123      6.90745      0.03467
     0.60561      0.01116      6.92079      0.03436
     0.60761      0.01109      6.93414      0.03405
     0.60961      0.01102      6.94749      0.03375
     0.61161      0.01095      6.96083      0.03344
     0.61361      0.01088      6.97418      0.03314
     0.61562      0.01081      6.98753      0.03284
     0.61762      0.01074      7.00087      0.03255
     0.61962      0.01067      7.01422      0.03225
     0.62162      0.01060      7.02757      0.03196
     0.62362      0.01053      7.04091      0.03167
     0.62563      0.01046      7.05426      0.03138
     0.62763      0.01039      7.06761      0.03110
     0.62963      0.01033      7.08095      0.03082
     0.63163      0.01026      7.09430      0.03053
     0.63363      0.01019      7.10765      0.03026
     0.63564      0.01013      7.12099      0.02998
     0.63764      0.01006      7.13434      0.02971
     0.63964      0.00999      7.14769      0.02943
     0.64164      0.00993      7.16103      0.02916
     0.64364      0.00986      7.17438      0.02890
     0.64565      0.00980      7.18773      0.02863
     0.64765      0.00973      7.20107      0.02837
     0.64965      0.00967      7.21442      0.02811
     0.65165      0.00961      7.22777      0.02785
     0.65365      0.00954      7.24111      0.02759
     0.65566      0.00948      7.25446      0.02733
     0.65766      0.00942      7.26781      0.02708
     0.65966      0.00935      7.28115      0.02683
     0.66166      0.00929      7.29450      0.02658
     0.66366      0.00923      7.30785      0.02633
     0.66567      0.00917      7.32119      0.02609
     0.66767      0.00911      7.33454      0.02585
     0.66967      0.00905      7.34789      0.02560
     0.67167      0.00899      7.36123      0.02536
     0.67367      0.00893      7.37458      0.02513
     0.67568      0.00887      7.38793      0.02489
     0.67768      0.00881      7.40127      0.02466
     0.67968      0.00875      7.41462      0.02443
     0.68168      0.00869      7.42797      0.02420
     0.68368      0.00863      7.44131      0.02397
     0.68569      0.00857      7.45466      0.02374
     0.68769      0.00851      7.46801      0.02352
     0.68969      0.00846      7.48135      0.02330
     0.69169      0.00840      7.49470      0.02307
     0.69369      0.00834      7.50805      0.02286
     0.69570      0.00829      7.52139      0.02264
     0.69770      0.00823      7.53474      0.02242
     0.69970      0.00817      7.54809      0.02221
     0.70170      0.00812      7.56143      0.02200
     0.70370      0.00806      7.57478      0.02179
     0.70571      0.00801      7.58813      0.02158
     0.70771      0.00795      7.60147      0.02137
     0.70971      0.00790      7.61482      0.02117
     0.71171      0.00784      7.62817      0.02096
     0.71371      0.00779      7.64151      0.02076
     0.71572      0.00774      7.65486      0.02056
     0.71772      0.00768      7.66821      0.02036
     0.71972      0.00763      7.68155      0.02017
     0.72172      0.00758      7.69490      0.01997
     0.72372      0.00752      7.70825      0.01978
     0.72573      0.00747      7.72159      0.01959
     0.72773      0.00742      7.73494      0.01940
     0.72973      0.00737      7.74829      0.01921
     0.73173      0.00732      7.76163      0.01902
     0.73373      0.00727      7.77498      0.01884
     0.73574      0.00721      7.78833      0.01865
     0.73774      0.00716      7.80167      0.01847
     0.73974      0.00711      7.81502      0.01829
     0.74174      0.00706      7.82837      0.01811
     0.74374      0.00701      7.84171      0.01793
     0.74575      0.00697      7.85506      0.01775
     0.74775      0.00692      7.86841      0.01758
     0.74975      0.00687      7.88175      0.01741
     0.75175      0.00682      7.89510      0.01723
     0.75375      0.00677      7.90845      0.01706
     0.75576      0.00672      7.92179      0.01689
     0.75776      0.00667      7.93514      0.01673
     0.75976      0.00663      7.94849      0.01656
     0.76176      0.00658      7.96183      0.01640
     0.76376      0.00653      7.97518      0.01623
     0.76577      0.00649      7.98853      0.01607
     0.76777      0.00644      8.00187      0.01591
     0.76977      0.00639      8.01522      0.01575
     0.77177      0.00635      8.02857      0.01559
     0.77377      0.00630      8.04191      0.01544
     0.77578      0.00626      8.05526      0.01528
     0.77778      0.00621      8.06861      0.01513
     0.77978      0.00617      8.08195      0.01498
     0.78178      0.00612      8.09530      0.01482
     0.78378      0.00608      8.10865      0.01467
     0.78579      0.00603      8.12199      0.01453
     0.78779      0.00599      8.13534      0.01438
     0.78979      0.00595      8.14869      0.01423
     0.79179      0.00590      8.16203      0.01409
     0.79379      0.00586      8.17538      0.01395
     0.79580      0.00582      8.18873      0.01380
     0.79780      0.00578      8.20207      0.01366
     0.79980      0.00573      8.21542      0.01352
     0.80180      0.00569      8.22877      0.01338
     0.80380      0.00565      8.24211      0.01325
     0.80581      0.00561      8.25546      0.01311
     0.80781      0.00557      8.26881      0.01298
     0.80981      0.00553      8.28216      0.01284
     0.81181      0.00549      8.29550      0.01271
     0.81381      0.00545      8.30885      0.01258
     0.81582      0.00540      8.32220      0.01245
     0.81782      0.00536      8.33554      0.01232
     0.81982      0.00533      8.34889      0.01219
     0.82182      0.00529      8.36224      0.01206
     0.82382      0.00525      8.37558      0.01194
     0.82583      0.00521      8.38893      0.01181
     0.82783      0.00517      8.40228      0.01169
     0.82983      0.00513      8.41562      0.01157
     0.83183      0.00509      8.42897      0.01145
     0.83383      0.00505      8.44232      0.01133
     0.83584      0.00501      8.45566      0.01121
     0.83784      0.00498      8.46901      0.01109
     0.83984      0.00494      8.48236      0.01097
     0.84184      0.00490      8.49570      0.01086
     0.84384      0.00487      8.50905      0.01074
     0.84585      0.00483      8.52240      0.01063
     0.84785      0.00479      8.53574      0.01052
     0.84985      0.00476      8.54909      0.01041
     0.85185      0.00472      8.56244      0.01030
     0.85385      0.00468      8.57578      0.01019
     0.85586      0.00465      8.58913      0.01008
     0.85786      0.00461      8.60248      0.00997
     0.85986      0.00458      8.61582      0.00986
     0.86186      0.00454      8.62917      0.00976
     0.86386      0.00451      8.64252      0.00965
     0.86587      0.00447      8.65586      0.00955
     0.86787      0.00444      8.66921      0.00945
     0.86987      0.00440      8.68256      0.00934
     0.87187      0.00437      8.69590      0.00924
     0.87387      0.00434      8.70925      0.00914
     0.87588      0.00430      8.72260      0.00905
     0.87788      0.00427      8.73594      0.00895
     0.87988      0.00424      8.74929      0.00885
     0.88188      0.00420      8.76264      0.00875
     0.88388      0.00417      8.77598      0.00866
     0.88589      0.00414      8.78933      0.00856
     0.88789      0.00411      8.80268      0.00847
     0.88989      0.00407      8.81602      0.00838
     0.89189      0.00404      8.82937      0.00829
     0.89389      0.00401      8.84272      0.00819
     0.89590      0.00398      8.85606      0.00810
     0.89790      0.00395      8.86941      0.00802
     0.89990      0.00392      8.88276      0.00793
     0.90190      0.00388      8.89610      0.00784
     0.90390      0.00385      8.90945      0.00775
     0.90591      0.00382      8.92280      0.00767
     0.90791      0.00379      8.93614      0.00758
     0.90991      0.00376      8.94949      0.00750
     0.91191      0.00373      8.96284      0.00741
     0.91391      0.00370      8.97618      0.00733
     0.91592      0.00367      8.98953      0.00725
     0.91792      0.00364      9.00288      0.00717
     0.91992      0.00361      9.01622      0.00709
     0.92192      0.00359      9.02957      0.00701
     0.92392      0.00356      9.04292      0.00693
     0.92593      0.00353      9.05626      0.00685
     0.92793      0.00350      9.06961      0.00677
     0.92993      0.00347      9.08296      0.00670
     0.93193      0.00344      9.09630      0.00662
     0.93393      0.00342      9.10965      0.00655
     0.93594      0.00339      9.12300      0.00647
     0.93794      0.00336      9.13634      0.00640
     0.93994      0.00333      9.14969      0.00633
     0.94194      0.00331      9.16304      0.00625
     0.94394      0.00328      9.17638      0.00618
     0.94595      0.00325      9.18973      0.00611
     0.94795      0.00323      9.20308      0.00604
     0.94995      0.00320      9.21642      0.00597
     0.95195      0.00317      9.22977      0.00590
     0.95395      0.00315      9.24312      0.00584
     0.95596      0.00312      9.25646      0.00577
     0.95796      0.00309      9.26981      0.00570
     0.95996      0.00307      9.28316      0.00564
     0.96196      0.00304      9.29650      0.00557
     0.96396      0.00302      9.30985      0.00551
     0.96597      0.00299      9.32320      0.00544
     0.96797      0.00297      9.33654      0.00538
     0.96997      0.00294      9.34989      0.00532
     0.97197      0.00292      9.36324      0.00525
     0.97397      0.00289      9.37658      0.00519
     0.97598      0.00287      9.38993      0.00513
     0.97798      0.00285      9.40328      0.00507
     0.97998      0.00282      9.41662      0.00501
     0.98198      0.00280      9.42997      0.00495
     0.98398      0.00277      9.44332      0.00489
     0.98599      0.00275      9.45666      0.00484
     0.98799      0.00273      9.47001      0.00478
     0.98999      0.00270      9.48336      0.00472
     0.99199      0.00268      9.49670      0.00467
     0.99399      0.00266      9.51005      0.00461
     0.99600      0.00264      9.52340      0.00455
     0.99800      0.00261      9.53674      0.00450
     1.00000      0.00259      9.55009      0.00445
